[14:21:24] 开始加速：A:\Test
[14:21:24] 使用目录连接点，无需管理员权限
[14:21:24] 开始缓存加速初始化...
[14:21:24] 复制数据到缓存：A:\Test -> S:\Cache\Test
[14:21:24] 开始监控：S:\Cache\Test (模式：Batch，延迟：3秒)
[14:21:24] 开始性能监控: A:\Test -> S:\Cache\Test
[14:21:24] 缓存加速已启用：A:\Test
[14:21:24] 记录加速状态：A:\Test -> 激活
[14:21:24] 备份原始目录：A:\Test -> A:\Test.original
[14:21:24] 目录重命名成功：A:\Test -> A:\Test.original
[14:21:24] 创建Junction：A:\Test -> S:\Cache\Test
[14:21:24] 创建Junction：A:\Test -> S:\Cache\Test
[14:21:24] Junction创建成功
[14:21:24] 启动文件同步监控...
[14:21:24] 开始监控：S:\Cache\Test -> A:\Test.original
[14:21:24] 文件监控启动成功
[14:21:24] 启动性能监控...
[14:21:24] 缓存加速初始化完成！
[14:21:24] 加速完成！A:\Test 现在已加速
[14:21:45] 热点文件: 主机位
[14:21:47] 智能同步处理：1 个操作
[14:21:47] 正在复制: C1713.MP4
[14:21:49] 智能同步处理：1 个操作
[14:21:49] 正在复制: C1712.MP4
[14:21:50] 复制完成: C1713.MP4
[14:21:52] 复制完成: C1712.MP4
[14:21:53] 智能同步处理：1 个操作
[14:21:53] 正在复制: C1714.MP4
[14:21:57] 复制完成: C1714.MP4
[14:21:59] 智能同步处理：1 个操作
[14:21:59] 正在复制: C1716.MP4
[14:22:01] 智能同步处理：1 个操作
[14:22:01] 正在复制: C1715.MP4
[14:22:05] 复制完成: C1716.MP4
[14:22:05] 智能同步处理：1 个操作
[14:22:05] 正在复制: C1718.MP4
[14:22:05] 复制完成: C1715.MP4
[14:22:07] 智能同步处理：1 个操作
[14:22:07] 智能同步处理：1 个操作
[14:22:07] 正在复制: C1717.MP4
[14:22:07] 正在复制: C1719.MP4
[14:22:09] 复制完成: C1718.MP4
[14:22:11] 复制完成: C1719.MP4
[14:22:11] 智能同步处理：1 个操作
[14:22:11] 正在复制: C1721.MP4
[14:22:13] 复制完成: C1717.MP4
[14:22:13] 智能同步处理：2 个操作
[14:22:13] 智能同步处理：1 个操作
[14:22:13] 正在复制: C1726.MP4
[14:22:13] 正在复制: C1720.MP4
[14:22:14] 复制完成: C1721.MP4
[14:22:14] 正在复制: C1725.MP4
[14:22:15] 热点文件: 主机位
[14:22:15] 智能同步处理：1 个操作
[14:22:17] 智能同步处理：1 个操作
[14:22:17] 智能同步处理：1 个操作
[14:22:17] 正在复制: C1728.MP4
[14:22:18] 复制完成: C1720.MP4
[14:22:18] 正在复制: C1724.MP4
[14:22:18] 复制完成: C1726.MP4
[14:22:18] 正在复制: C1727.MP4
[14:22:18] 复制完成: C1725.MP4
[14:22:19] 智能同步处理：1 个操作
[14:22:19] 正在复制: C1729.MP4
[14:22:22] 复制完成: C1728.MP4
[14:22:22] 复制完成: C1727.MP4
[14:22:22] 复制完成: C1724.MP4
[14:22:23] 复制完成: C1729.MP4
[14:22:25] 智能同步处理：1 个操作
[14:22:25] 正在复制: C1731.MP4
[14:22:27] 智能同步处理：1 个操作
[14:22:27] 正在复制: C1730.MP4
[14:22:28] 复制完成: C1731.MP4
[14:22:30] 复制完成: C1730.MP4
[14:22:31] 智能同步处理：1 个操作
[14:22:31] 智能同步处理：1 个操作
[14:22:31] 正在复制: C1733.MP4
[14:22:31] 正在复制: C1732.MP4
[14:22:33] 智能同步处理：2 个操作
[14:22:33] 正在复制: C0009.MP4
[14:22:35] 复制完成: C1733.MP4
[14:22:35] 正在复制: C0010.MP4
[14:22:35] 智能同步处理：1 个操作
[14:22:35] 复制完成: C1732.MP4
[14:22:35] 正在复制: C0011.MP4
[14:22:36] 复制完成: C0009.MP4
[14:22:37] 智能同步处理：1 个操作
[14:22:37] 智能同步处理：1 个操作
[14:22:37] 正在复制: C0014.MP4
[14:22:37] 正在复制: C0013.MP4
[14:22:38] 复制完成: C0010.MP4
[14:22:39] 复制完成: C0011.MP4
[14:22:41] 复制完成: C0013.MP4
[14:22:42] 复制完成: C0014.MP4
[14:22:45] 热点文件: 主机位, 右边机位
[14:22:45] 智能同步处理：1 个操作
[14:22:45] 正在复制: C0015.MP4
[14:22:47] 智能同步处理：1 个操作
[14:22:47] 智能同步处理：1 个操作
[14:22:47] 正在复制: C0017.MP4
[14:22:47] 正在复制: C0016.MP4
[14:22:50] 复制完成: C0015.MP4
[14:22:51] 复制完成: C0016.MP4
[14:22:51] 复制完成: C0017.MP4
[14:22:53] 智能同步处理：1 个操作
[14:22:53] 智能同步处理：1 个操作
[14:22:53] 正在复制: C0018.MP4
[14:22:53] 正在复制: C4539.MP4
[14:22:57] 智能同步处理：1 个操作
[14:22:57] 智能同步处理：1 个操作
[14:22:57] 正在复制: C4541.MP4
[14:22:58] 复制完成: C4539.MP4
[14:22:58] 正在复制: C4540.MP4
[14:22:59] 复制完成: C0018.MP4
[14:22:59] 智能同步处理：1 个操作
[14:22:59] 正在复制: C4542.MP4
[14:23:00] 复制完成: C4541.MP4
[14:23:01] 复制完成: C4540.MP4
[14:23:02] 复制完成: C4542.MP4
[14:23:07] 智能同步处理：1 个操作
[14:23:07] 智能同步处理：1 个操作
[14:23:07] 正在复制: C4545.MP4
[14:23:07] 正在复制: C4543.MP4
[14:23:11] 复制完成: C4545.MP4
[14:23:11] 智能同步处理：1 个操作
[14:23:11] 正在复制: C4548.MP4
[14:23:12] 复制完成: C4543.MP4
[14:23:15] 复制完成: C4548.MP4
[14:23:15] 热点文件: 主机位, 左边机位, 右边机位
[14:23:15] 智能同步处理：1 个操作
[14:23:15] 正在复制: C4549.MP4
[14:23:17] 智能同步处理：2 个操作
[14:23:17] 正在复制: C4547.MP4
[14:23:17] 正在复制: C4546.MP4
[14:23:19] 复制完成: C4547.MP4
[14:23:19] 复制完成: C4549.MP4
[14:23:21] 复制完成: C4546.MP4
[14:23:21] 智能同步处理：1 个操作
[14:23:21] 智能同步处理：1 个操作
[14:23:21] 正在复制: C4551.MP4
[14:23:21] 正在复制: C4550.MP4
[14:23:24] 复制完成: C4551.MP4
[14:23:25] 复制完成: C4550.MP4
[14:23:45] 热点文件: 主机位, 左边机位, 右边机位
[14:24:15] 热点文件: 主机位, 左边机位, 右边机位
[14:24:45] 热点文件: 主机位, 左边机位, 右边机位
[14:25:15] 热点文件: 主机位, 左边机位, 右边机位
[14:25:45] 热点文件: 主机位, 左边机位, 右边机位
[14:26:15] 热点文件: 主机位, 左边机位, 右边机位
