[2025-09-21 23:45:44.026] [INFO ] [T001] [FastCopyService] FastCopy服务初始化: C:\Program Files\FastCopy64\fcp.exe
[2025-09-21 23:45:44.029] [INFO ] [T001] [FileSyncService] FastCopy最大并发数设置为: 3
[2025-09-21 23:45:44.029] [INFO ] [T001] [FileSyncService] FileSyncService 初始化完成
[2025-09-21 23:45:44.120] [INFO ] [T001] [MainWindow] 记录加速状态：A:\Test -> 激活
[2025-09-21 23:45:44.120] [INFO ] [T001] [MainWindow] 恢复加速状态记录：A:\Test - 活跃
[2025-09-21 23:47:45.556] [INFO ] [T001] [MainWindow] 正在停止加速：A:\Test
[2025-09-21 23:47:45.633] [INFO ] [T001] [MainWindow] 缓存加速已停止：A:\Test
[2025-09-21 23:47:45.633] [INFO ] [T001] [MainWindow] ✅ 加速停止成功：A:\Test
[2025-09-21 23:47:45.652] [INFO ] [T001] [MainWindow] 已删除路径记录：A:\Test
[2025-09-21 23:47:45.652] [INFO ] [T001] [MainWindow] 开始停止缓存加速...
[2025-09-21 23:47:45.653] [INFO ] [T001] [MainWindow] 停止文件同步监控...
[2025-09-21 23:47:45.653] [INFO ] [T001] [MainWindow] 没有找到对应的监控器：
[2025-09-21 23:47:45.653] [INFO ] [T001] [MainWindow] 停止性能监控...
[2025-09-21 23:47:45.653] [INFO ] [T001] [MainWindow] 执行最后一次同步...
[2025-09-21 23:47:45.653] [INFO ] [T001] [MainWindow] 未找到同步配置：
[2025-09-21 23:47:45.653] [INFO ] [T001] [MainWindow] 删除Junction：A:\Test
[2025-09-21 23:47:45.653] [INFO ] [T001] [MainWindow] 删除Junction：A:\Test
[2025-09-21 23:47:45.653] [INFO ] [T001] [MainWindow] Junction删除成功
[2025-09-21 23:47:45.653] [INFO ] [T001] [MainWindow] 找到备份目录：A:\Test.original
[2025-09-21 23:47:45.653] [INFO ] [T001] [MainWindow] 恢复原始目录：A:\Test.original -> A:\Test
[2025-09-21 23:47:45.654] [INFO ] [T001] [MainWindow] 目录重命名成功：A:\Test.original -> A:\Test
[2025-09-21 23:47:45.654] [INFO ] [T001] [MainWindow] 缓存加速停止完成！
[2025-09-21 23:47:54.879] [INFO ] [T001] [MainWindow] 已添加路径：A:\Test
[2025-09-21 23:47:57.864] [INFO ] [T001] [MainWindow] 开始加速：A:\Test
[2025-09-21 23:47:57.885] [INFO ] [T001] [MainWindow] 使用目录连接点，无需管理员权限
[2025-09-21 23:47:57.886] [INFO ] [T001] [MainWindow] 开始缓存加速初始化...
[2025-09-21 23:47:57.887] [INFO ] [T001] [MainWindow] 检测到缓存目录已存在：S:\Cache\A\Test
[2025-09-21 23:47:57.888] [INFO ] [T001] [MainWindow] 缓存目录已存在，可选择：
[2025-09-21 23:47:57.888] [INFO ] [T001] [MainWindow] 1. 同步模式：保留现有缓存，仅同步差异文件（推荐）
[2025-09-21 23:47:57.889] [INFO ] [T001] [MainWindow] 2. 取消操作
[2025-09-21 23:47:57.889] [INFO ] [T001] [MainWindow] 当前默认使用同步模式
[2025-09-21 23:47:57.889] [INFO ] [T001] [MainWindow] 用户选择同步模式：与现有缓存同步
[2025-09-21 23:47:57.889] [INFO ] [T001] [MainWindow] 开始创建缓存目录和备份路径...
[2025-09-21 23:47:57.889] [INFO ] [T001] [MainWindow] 复制数据到缓存：A:\Test -> S:\Cache\A\Test
[2025-09-21 23:47:57.889] [INFO ] [T001] [MainWindow] 使用Robocopy同步模式：智能同步差异文件
[2025-09-21 23:47:57.889] [INFO ] [T001] [MainWindow] 执行Robocopy同步: robocopy "A:\Test" "S:\Cache\A\Test" /E /COPYALL /MT:64 /R:3600 /W:1 /IM /J /BYTES /FP /ETA /NFL /NDL
[2025-09-21 23:47:57.929] [INFO ] [T001] [MainWindow] Robocopy同步完成，退出码: 0
[2025-09-21 23:47:58.004] [INFO ] [T012] [MainWindow] 开始监控：S:\Cache\A\Test (模式：Immediate，延迟：3秒)
[2025-09-21 23:47:58.005] [INFO ] [T001] [MainWindow] 开始性能监控: A:\Test -> S:\Cache\A\Test
[2025-09-21 23:47:58.005] [INFO ] [T001] [MainWindow] 缓存加速已启用：A:\Test
[2025-09-21 23:47:58.005] [INFO ] [T001] [MainWindow] 记录加速状态：A:\Test -> 激活
[2025-09-21 23:47:58.005] [INFO ] [T001] [MainWindow] 备份原始目录：A:\Test -> A:\Test.original
[2025-09-21 23:47:58.005] [INFO ] [T001] [MainWindow] 目录重命名成功：A:\Test -> A:\Test.original
[2025-09-21 23:47:58.005] [INFO ] [T001] [MainWindow] 创建Junction：A:\Test -> S:\Cache\A\Test
[2025-09-21 23:47:58.005] [INFO ] [T001] [MainWindow] 创建Junction：A:\Test -> S:\Cache\A\Test
[2025-09-21 23:47:58.005] [INFO ] [T001] [MainWindow] Junction创建成功
[2025-09-21 23:47:58.005] [INFO ] [T001] [MainWindow] 启动文件同步监控...
[2025-09-21 23:47:58.005] [INFO ] [T001] [MainWindow] 开始监控：S:\Cache\A\Test -> A:\Test.original
[2025-09-21 23:47:58.005] [INFO ] [T001] [MainWindow] 文件监控启动成功
[2025-09-21 23:47:58.005] [INFO ] [T001] [MainWindow] 启动性能监控...
[2025-09-21 23:47:58.005] [INFO ] [T001] [MainWindow] 缓存加速初始化完成！
[2025-09-21 23:47:58.006] [INFO ] [T001] [MainWindow] ✅ 加速完成：A:\Test
[2025-09-21 23:48:08.003] [INFO ] [T016] [FileSyncService] 检测到文件变化，等待写入完成: 新建文件夹
[2025-09-21 23:48:08.003] [INFO ] [T016] [FileSyncService] 文件已被删除，跳过同步: 新建文件夹
[2025-09-21 23:48:31.596] [INFO ] [T012] [FileSyncService] 检测到文件变化，等待写入完成: 新建文本文档.txt
[2025-09-21 23:48:48.105] [WARN ] [T013] [FileSyncService] 文件写入未完成，跳过同步: 新建文本文档.txt
[2025-09-21 23:49:25.926] [INFO ] [T025] [FileSyncService] 检测到文件变化，等待写入完成: FcHash.exe
[2025-09-21 23:49:25.926] [INFO ] [T013] [FileSyncService] 文件已在处理队列中，跳过重复事件: FcHash.exe
[2025-09-21 23:49:25.927] [INFO ] [T024] [FileSyncService] 文件已在处理队列中，跳过重复事件: FcHash.exe
[2025-09-21 23:49:25.936] [INFO ] [T025] [FileSyncService] 检测到文件变化，等待写入完成: fcp.exe
[2025-09-21 23:49:25.936] [INFO ] [T013] [FileSyncService] 文件已在处理队列中，跳过重复事件: fcp.exe
[2025-09-21 23:49:25.937] [INFO ] [T027] [FileSyncService] 文件已在处理队列中，跳过重复事件: fcp.exe
[2025-09-21 23:49:25.946] [INFO ] [T015] [FileSyncService] 检测到文件变化，等待写入完成: setup.exe
[2025-09-21 23:49:25.946] [INFO ] [T027] [FileSyncService] 文件已在处理队列中，跳过重复事件: setup.exe
[2025-09-21 23:49:25.948] [INFO ] [T015] [FileSyncService] 文件已在处理队列中，跳过重复事件: setup.exe
[2025-09-21 23:49:26.927] [INFO ] [T015] [FileSyncService] 文件写入已完成，准备同步: FcHash.exe
[2025-09-21 23:49:26.927] [INFO ] [T027] [MainWindow] 开始同步文件：FcHash.exe
[2025-09-21 23:49:26.929] [INFO ] [T027] [MainWindow] 成功获取文件锁定 (尝试 1/8): FcHash.exe
[2025-09-21 23:49:26.930] [INFO ] [T027] [MainWindow] 已获取文件锁定，开始同步: FcHash.exe
[2025-09-21 23:49:26.931] [INFO ] [T025] [FileSyncService] 获取FastCopy并发许可，开始复制: FcHash.exe
[2025-09-21 23:49:26.935] [INFO ] [T025] [FastCopyService] 开始FastCopy复制: S:\Cache\A\Test\FcHash.exe -> A:\Test.original\FcHash.exe
[2025-09-21 23:49:26.936] [INFO ] [T024] [MainWindow] 正在复制: FcHash.exe
[2025-09-21 23:49:26.937] [INFO ] [T024] [FileSyncService] 文件写入已完成，准备同步: fcp.exe
[2025-09-21 23:49:26.937] [INFO ] [T015] [MainWindow] 开始同步文件：fcp.exe
[2025-09-21 23:49:26.937] [INFO ] [T027] [FileSyncService] 获取FastCopy并发许可，开始复制: fcp.exe
[2025-09-21 23:49:26.937] [INFO ] [T015] [MainWindow] 已获取文件锁定，开始同步: fcp.exe
[2025-09-21 23:49:26.937] [INFO ] [T013] [MainWindow] 成功获取文件锁定 (尝试 1/8): fcp.exe
[2025-09-21 23:49:26.938] [INFO ] [T027] [FastCopyService] 开始FastCopy复制: S:\Cache\A\Test\fcp.exe -> A:\Test.original\fcp.exe
[2025-09-21 23:49:26.938] [INFO ] [T028] [MainWindow] 正在复制: fcp.exe
[2025-09-21 23:49:26.946] [INFO ] [T013] [FileSyncService] 文件写入已完成，准备同步: setup.exe
[2025-09-21 23:49:26.946] [INFO ] [T015] [MainWindow] 开始同步文件：setup.exe
[2025-09-21 23:49:26.946] [INFO ] [T024] [MainWindow] 成功获取文件锁定 (尝试 1/8): setup.exe
[2025-09-21 23:49:26.946] [INFO ] [T013] [MainWindow] 已获取文件锁定，开始同步: setup.exe
[2025-09-21 23:49:26.946] [INFO ] [T028] [FileSyncService] 获取FastCopy并发许可，开始复制: setup.exe
[2025-09-21 23:49:26.946] [INFO ] [T025] [FastCopyService] 启动FastCopy进程 (PID: 87856): FcHash.exe
[2025-09-21 23:49:26.947] [INFO ] [T028] [FastCopyService] 开始FastCopy复制: S:\Cache\A\Test\setup.exe -> A:\Test.original\setup.exe
[2025-09-21 23:49:26.947] [INFO ] [T026] [MainWindow] 正在复制: setup.exe
[2025-09-21 23:49:26.957] [INFO ] [T027] [FastCopyService] 启动FastCopy进程 (PID: 89700): fcp.exe
[2025-09-21 23:49:26.966] [INFO ] [T028] [FastCopyService] 启动FastCopy进程 (PID: 24192): setup.exe
[2025-09-21 23:49:29.805] [INFO ] [T015] [FastCopyService] FastCopy复制成功: S:\Cache\A\Test\FcHash.exe -> A:\Test.original\FcHash.exe
[2025-09-21 23:49:29.805] [INFO ] [T032] [MainWindow] 复制完成: FcHash.exe
[2025-09-21 23:49:29.806] [INFO ] [T015] [FileSyncService] 释放FastCopy并发许可: FcHash.exe
[2025-09-21 23:49:29.806] [INFO ] [T013] [MainWindow] 同步完成，释放文件锁定: FcHash.exe
[2025-09-21 23:49:29.806] [INFO ] [T015] [FileSyncService] 文件处理完成，清理锁: FcHash.exe
[2025-09-21 23:49:30.110] [INFO ] [T027] [FastCopyService] FastCopy复制成功: S:\Cache\A\Test\setup.exe -> A:\Test.original\setup.exe
[2025-09-21 23:49:30.110] [INFO ] [T024] [MainWindow] 复制完成: setup.exe
[2025-09-21 23:49:30.110] [INFO ] [T027] [FileSyncService] 释放FastCopy并发许可: setup.exe
[2025-09-21 23:49:30.110] [INFO ] [T032] [MainWindow] 同步完成，释放文件锁定: setup.exe
[2025-09-21 23:49:30.110] [INFO ] [T027] [FileSyncService] 文件处理完成，清理锁: setup.exe
[2025-09-21 23:49:30.475] [INFO ] [T025] [FastCopyService] FastCopy复制成功: S:\Cache\A\Test\fcp.exe -> A:\Test.original\fcp.exe
[2025-09-21 23:49:30.475] [INFO ] [T024] [MainWindow] 复制完成: fcp.exe
[2025-09-21 23:49:30.475] [INFO ] [T025] [FileSyncService] 释放FastCopy并发许可: fcp.exe
[2025-09-21 23:49:30.475] [INFO ] [T024] [MainWindow] 同步完成，释放文件锁定: fcp.exe
[2025-09-21 23:49:30.475] [INFO ] [T025] [FileSyncService] 文件处理完成，清理锁: fcp.exe
[2025-09-21 23:50:09.711] [INFO ] [T034] [FileSyncService] 文件已在处理队列中，跳过重复事件: 新建文件夹
[2025-09-21 23:50:12.400] [INFO ] [T034] [FileSyncService] 检测到文件变化，等待写入完成: AA
[2025-09-21 23:50:12.400] [INFO ] [T034] [FileSyncService] 文件已被删除，跳过同步: AA
[2025-09-21 23:50:37.486] [INFO ] [T025] [FileSyncService] 文件已在处理队列中，跳过重复事件: 新建文件夹
[2025-09-21 23:51:16.585] [INFO ] [T024] [FileSyncService] 检测到文件变化，等待写入完成: 新建 AutoHotkey Script.ahk
[2025-09-21 23:51:16.586] [INFO ] [T032] [FileSyncService] 文件已在处理队列中，跳过重复事件: 新建文件夹
[2025-09-21 23:51:17.072] [INFO ] [T024] [FileSyncService] 文件已在处理队列中，跳过重复事件: 新建文件夹
[2025-09-21 23:51:17.586] [WARN ] [T025] [FileSyncService] 文件写入未完成，跳过同步: 新建 AutoHotkey Script.ahk
[2025-09-21 23:51:20.138] [INFO ] [T034] [FileSyncService] 文件已在处理队列中，跳过重复事件: 新建文件夹\新建 AutoHotkey Script.ahk
[2025-09-21 23:51:20.138] [INFO ] [T024] [FileSyncService] 文件已在处理队列中，跳过重复事件: 新建文件夹\新建 AutoHotkey Script.ahk
[2025-09-21 23:51:20.180] [INFO ] [T034] [FileSyncService] 文件已在处理队列中，跳过重复事件: 新建文件夹
[2025-09-21 23:52:34.857] [INFO ] [T032] [FileSyncService] 检测到文件变化，等待写入完成: FastCopy64
[2025-09-21 23:52:34.857] [INFO ] [T032] [FileSyncService] 文件已被删除，跳过同步: FastCopy64
[2025-09-21 23:52:34.857] [INFO ] [T003] [FileSyncService] 文件已在处理队列中，跳过重复事件: FastCopy64
[2025-09-21 23:52:34.865] [INFO ] [T003] [FileSyncService] 检测到文件变化，等待写入完成: FastCopy.exe
[2025-09-21 23:52:34.866] [INFO ] [T032] [FileSyncService] 文件已在处理队列中，跳过重复事件: FastCopy64\FastCopy.exe
[2025-09-21 23:52:34.866] [INFO ] [T032] [FileSyncService] 文件已在处理队列中，跳过重复事件: FastCopy64\FastCopy.exe
[2025-09-21 23:52:34.872] [INFO ] [T029] [FileSyncService] 文件已在处理队列中，跳过重复事件: FastCopy64
[2025-09-21 23:52:34.875] [INFO ] [T029] [FileSyncService] 检测到文件变化，等待写入完成: FastCopy2.ini
[2025-09-21 23:52:34.875] [INFO ] [T030] [FileSyncService] 文件已在处理队列中，跳过重复事件: FastCopy64\FastCopy2.ini
[2025-09-21 23:52:34.876] [INFO ] [T029] [FileSyncService] 文件已在处理队列中，跳过重复事件: FastCopy64\FastCopy2.ini
[2025-09-21 23:52:34.881] [INFO ] [T033] [FileSyncService] 文件已在处理队列中，跳过重复事件: FastCopy64
[2025-09-21 23:52:34.884] [INFO ] [T030] [FileSyncService] 检测到文件变化，等待写入完成: FastEx11.dll
[2025-09-21 23:52:34.884] [INFO ] [T003] [FileSyncService] 文件已在处理队列中，跳过重复事件: FastCopy64\FastEx11.dll
[2025-09-21 23:52:34.885] [INFO ] [T029] [FileSyncService] 文件已在处理队列中，跳过重复事件: FastCopy64\FastEx11.dll
[2025-09-21 23:52:34.890] [INFO ] [T030] [FileSyncService] 文件已在处理队列中，跳过重复事件: FastCopy64
[2025-09-21 23:52:34.894] [INFO ] [T029] [FileSyncService] 检测到文件变化，等待写入完成: FastEx64.dll
[2025-09-21 23:52:34.894] [INFO ] [T030] [FileSyncService] 文件已在处理队列中，跳过重复事件: FastCopy64\FastEx64.dll
[2025-09-21 23:52:34.894] [INFO ] [T029] [FileSyncService] 文件已在处理队列中，跳过重复事件: FastCopy64\FastEx64.dll
[2025-09-21 23:52:34.900] [INFO ] [T033] [FileSyncService] 文件已在处理队列中，跳过重复事件: FastCopy64
[2025-09-21 23:52:34.903] [INFO ] [T029] [FileSyncService] 检测到文件变化，等待写入完成: FastExt1.dll
[2025-09-21 23:52:34.903] [INFO ] [T030] [FileSyncService] 文件已在处理队列中，跳过重复事件: FastCopy64\FastExt1.dll
[2025-09-21 23:52:34.904] [INFO ] [T029] [FileSyncService] 文件已在处理队列中，跳过重复事件: FastCopy64\FastExt1.dll
[2025-09-21 23:52:34.909] [INFO ] [T033] [FileSyncService] 文件已在处理队列中，跳过重复事件: FastCopy64
[2025-09-21 23:52:34.912] [INFO ] [T033] [FileSyncService] 检测到文件变化，等待写入完成: FcHash.exe
[2025-09-21 23:52:34.912] [INFO ] [T003] [FileSyncService] 文件已在处理队列中，跳过重复事件: FastCopy64\FcHash.exe
[2025-09-21 23:52:34.912] [INFO ] [T030] [FileSyncService] 文件已在处理队列中，跳过重复事件: FastCopy64\FcHash.exe
[2025-09-21 23:52:34.917] [INFO ] [T030] [FileSyncService] 文件已在处理队列中，跳过重复事件: FastCopy64
[2025-09-21 23:52:34.920] [INFO ] [T029] [FileSyncService] 检测到文件变化，等待写入完成: fcp.exe
[2025-09-21 23:52:34.920] [INFO ] [T003] [FileSyncService] 文件已在处理队列中，跳过重复事件: FastCopy64\fcp.exe
[2025-09-21 23:52:34.921] [INFO ] [T030] [FileSyncService] 文件已在处理队列中，跳过重复事件: FastCopy64\fcp.exe
[2025-09-21 23:52:34.927] [INFO ] [T029] [FileSyncService] 文件已在处理队列中，跳过重复事件: FastCopy64
[2025-09-21 23:52:34.930] [INFO ] [T030] [FileSyncService] 检测到文件变化，等待写入完成: setup.exe
[2025-09-21 23:52:34.930] [INFO ] [T033] [FileSyncService] 文件已在处理队列中，跳过重复事件: FastCopy64\setup.exe
[2025-09-21 23:52:34.930] [INFO ] [T033] [FileSyncService] 文件已在处理队列中，跳过重复事件: FastCopy64\setup.exe
[2025-09-21 23:52:34.936] [INFO ] [T030] [FileSyncService] 文件已在处理队列中，跳过重复事件: FastCopy64
[2025-09-21 23:52:34.938] [INFO ] [T033] [FileSyncService] 检测到文件变化，等待写入完成: doc
[2025-09-21 23:52:34.938] [INFO ] [T033] [FileSyncService] 文件已被删除，跳过同步: doc
[2025-09-21 23:52:34.938] [INFO ] [T033] [FileSyncService] 文件已在处理队列中，跳过重复事件: FastCopy64\doc
[2025-09-21 23:52:34.948] [INFO ] [T003] [FileSyncService] 检测到文件变化，等待写入完成: FastCopy.chm
[2025-09-21 23:52:34.948] [INFO ] [T030] [FileSyncService] 文件已在处理队列中，跳过重复事件: FastCopy64\doc\FastCopy.chm
[2025-09-21 23:52:34.948] [INFO ] [T033] [FileSyncService] 文件已在处理队列中，跳过重复事件: FastCopy64\doc\FastCopy.chm
[2025-09-21 23:52:34.955] [INFO ] [T024] [FileSyncService] 文件已在处理队列中，跳过重复事件: FastCopy64\doc
[2025-09-21 23:52:34.958] [INFO ] [T024] [FileSyncService] 检测到文件变化，等待写入完成: FastCopy_cn.chm
[2025-09-21 23:52:34.958] [INFO ] [T003] [FileSyncService] 文件已在处理队列中，跳过重复事件: FastCopy64\doc\FastCopy_cn.chm
[2025-09-21 23:52:34.959] [INFO ] [T024] [FileSyncService] 文件已在处理队列中，跳过重复事件: FastCopy64\doc\FastCopy_cn.chm
[2025-09-21 23:52:34.965] [INFO ] [T033] [FileSyncService] 文件已在处理队列中，跳过重复事件: FastCopy64\doc
[2025-09-21 23:52:34.968] [INFO ] [T033] [FileSyncService] 检测到文件变化，等待写入完成: readme.txt
[2025-09-21 23:52:34.968] [INFO ] [T024] [FileSyncService] 文件已在处理队列中，跳过重复事件: FastCopy64\doc\readme.txt
[2025-09-21 23:52:34.968] [INFO ] [T030] [FileSyncService] 文件已在处理队列中，跳过重复事件: FastCopy64\doc\readme.txt
[2025-09-21 23:52:34.974] [INFO ] [T030] [FileSyncService] 文件已在处理队列中，跳过重复事件: FastCopy64\doc
[2025-09-21 23:52:34.977] [INFO ] [T003] [FileSyncService] 检测到文件变化，等待写入完成: readme_cn.txt
[2025-09-21 23:52:34.977] [INFO ] [T024] [FileSyncService] 文件已在处理队列中，跳过重复事件: FastCopy64\doc\readme_cn.txt
[2025-09-21 23:52:34.978] [INFO ] [T024] [FileSyncService] 文件已在处理队列中，跳过重复事件: FastCopy64\doc\readme_cn.txt
[2025-09-21 23:52:34.983] [INFO ] [T003] [FileSyncService] 文件已在处理队列中，跳过重复事件: FastCopy64\doc
[2025-09-21 23:52:34.986] [INFO ] [T003] [FileSyncService] 检测到文件变化，等待写入完成: readme_eng.txt
[2025-09-21 23:52:34.986] [INFO ] [T029] [FileSyncService] 文件已在处理队列中，跳过重复事件: FastCopy64\doc\readme_eng.txt
[2025-09-21 23:52:34.986] [INFO ] [T033] [FileSyncService] 文件已在处理队列中，跳过重复事件: FastCopy64\doc\readme_eng.txt
[2025-09-21 23:52:34.991] [INFO ] [T030] [FileSyncService] 文件已在处理队列中，跳过重复事件: FastCopy64\doc
[2025-09-21 23:52:34.994] [INFO ] [T033] [FileSyncService] 检测到文件变化，等待写入完成: xxhash-LICENSE.txt
[2025-09-21 23:52:34.995] [INFO ] [T030] [FileSyncService] 文件已在处理队列中，跳过重复事件: FastCopy64\doc\xxhash-LICENSE.txt
[2025-09-21 23:52:34.995] [INFO ] [T033] [FileSyncService] 文件已在处理队列中，跳过重复事件: FastCopy64\doc\xxhash-LICENSE.txt
[2025-09-21 23:52:35.001] [INFO ] [T003] [FileSyncService] 文件已在处理队列中，跳过重复事件: FastCopy64
[2025-09-21 23:52:35.003] [INFO ] [T003] [FileSyncService] 检测到文件变化，等待写入完成: msix
[2025-09-21 23:52:35.003] [INFO ] [T003] [FileSyncService] 文件已被删除，跳过同步: msix
[2025-09-21 23:52:35.003] [INFO ] [T033] [FileSyncService] 文件已在处理队列中，跳过重复事件: FastCopy64\msix
[2025-09-21 23:52:35.013] [INFO ] [T033] [FileSyncService] 检测到文件变化，等待写入完成: fastcopy0.msix
[2025-09-21 23:52:35.013] [INFO ] [T003] [FileSyncService] 文件已在处理队列中，跳过重复事件: FastCopy64\msix\fastcopy0.msix
[2025-09-21 23:52:35.013] [INFO ] [T033] [FileSyncService] 文件已在处理队列中，跳过重复事件: FastCopy64\msix\fastcopy0.msix
[2025-09-21 23:52:35.019] [INFO ] [T033] [FileSyncService] 文件已在处理队列中，跳过重复事件: FastCopy64\msix
[2025-09-21 23:52:35.023] [INFO ] [T030] [FileSyncService] 检测到文件变化，等待写入完成: fastcopy1.msix
[2025-09-21 23:52:35.023] [INFO ] [T003] [FileSyncService] 文件已在处理队列中，跳过重复事件: FastCopy64\msix\fastcopy1.msix
[2025-09-21 23:52:35.023] [INFO ] [T033] [FileSyncService] 文件已在处理队列中，跳过重复事件: FastCopy64\msix\fastcopy1.msix
[2025-09-21 23:52:35.028] [INFO ] [T030] [FileSyncService] 文件已在处理队列中，跳过重复事件: FastCopy64\msix
[2025-09-21 23:52:35.032] [INFO ] [T029] [FileSyncService] 检测到文件变化，等待写入完成: fastcopy2.msix
[2025-09-21 23:52:35.032] [INFO ] [T033] [FileSyncService] 文件已在处理队列中，跳过重复事件: FastCopy64\msix\fastcopy2.msix
[2025-09-21 23:52:35.032] [INFO ] [T029] [FileSyncService] 文件已在处理队列中，跳过重复事件: FastCopy64\msix\fastcopy2.msix
[2025-09-21 23:52:35.038] [INFO ] [T032] [FileSyncService] 文件已在处理队列中，跳过重复事件: FastCopy64\msix
[2025-09-21 23:52:35.041] [INFO ] [T033] [FileSyncService] 检测到文件变化，等待写入完成: fastcopy3.msix
[2025-09-21 23:52:35.041] [INFO ] [T003] [FileSyncService] 文件已在处理队列中，跳过重复事件: FastCopy64\msix\fastcopy3.msix
[2025-09-21 23:52:35.042] [INFO ] [T032] [FileSyncService] 文件已在处理队列中，跳过重复事件: FastCopy64\msix\fastcopy3.msix
[2025-09-21 23:52:35.076] [INFO ] [T033] [FileSyncService] 文件已在处理队列中，跳过重复事件: FastCopy64
[2025-09-21 23:52:35.865] [INFO ] [T032] [FileSyncService] 文件写入已完成，准备同步: FastCopy.exe
[2025-09-21 23:52:35.865] [INFO ] [T003] [MainWindow] 开始同步文件：FastCopy.exe
[2025-09-21 23:52:35.865] [INFO ] [T033] [MainWindow] 已获取文件锁定，开始同步: FastCopy.exe
[2025-09-21 23:52:35.865] [INFO ] [T029] [MainWindow] 成功获取文件锁定 (尝试 1/8): FastCopy.exe
[2025-09-21 23:52:35.865] [INFO ] [T032] [FileSyncService] 获取FastCopy并发许可，开始复制: FastCopy.exe
[2025-09-21 23:52:35.868] [INFO ] [T032] [FastCopyService] 开始FastCopy复制: S:\Cache\A\Test\FastCopy64\FastCopy.exe -> A:\Test.original\FastCopy64\FastCopy.exe
[2025-09-21 23:52:35.868] [INFO ] [T024] [MainWindow] 正在复制: FastCopy.exe
[2025-09-21 23:52:35.876] [INFO ] [T024] [FileSyncService] 文件写入已完成，准备同步: FastCopy2.ini
[2025-09-21 23:52:35.876] [INFO ] [T003] [MainWindow] 开始同步文件：FastCopy2.ini
[2025-09-21 23:52:35.876] [INFO ] [T003] [MainWindow] 成功获取文件锁定 (尝试 1/8): FastCopy2.ini
[2025-09-21 23:52:35.876] [INFO ] [T028] [FileSyncService] 获取FastCopy并发许可，开始复制: FastCopy2.ini
[2025-09-21 23:52:35.876] [INFO ] [T024] [MainWindow] 已获取文件锁定，开始同步: FastCopy2.ini
[2025-09-21 23:52:35.877] [INFO ] [T028] [FastCopyService] 开始FastCopy复制: S:\Cache\A\Test\FastCopy64\FastCopy2.ini -> A:\Test.original\FastCopy64\FastCopy2.ini
[2025-09-21 23:52:35.877] [INFO ] [T003] [MainWindow] 正在复制: FastCopy2.ini
[2025-09-21 23:52:35.877] [INFO ] [T032] [FastCopyService] 启动FastCopy进程 (PID: 65672): FastCopy.exe
[2025-09-21 23:52:35.884] [INFO ] [T032] [FileSyncService] 文件写入已完成，准备同步: FastEx11.dll
[2025-09-21 23:52:35.884] [INFO ] [T029] [MainWindow] 开始同步文件：FastEx11.dll
[2025-09-21 23:52:35.885] [INFO ] [T030] [FileSyncService] 获取FastCopy并发许可，开始复制: FastEx11.dll
[2025-09-21 23:52:35.885] [INFO ] [T026] [MainWindow] 已获取文件锁定，开始同步: FastEx11.dll
[2025-09-21 23:52:35.885] [INFO ] [T029] [MainWindow] 成功获取文件锁定 (尝试 1/8): FastEx11.dll
[2025-09-21 23:52:35.885] [INFO ] [T030] [FastCopyService] 开始FastCopy复制: S:\Cache\A\Test\FastCopy64\FastEx11.dll -> A:\Test.original\FastCopy64\FastEx11.dll
[2025-09-21 23:52:35.885] [INFO ] [T033] [MainWindow] 正在复制: FastEx11.dll
[2025-09-21 23:52:35.887] [INFO ] [T028] [FastCopyService] 启动FastCopy进程 (PID: 74788): FastCopy2.ini
[2025-09-21 23:52:35.894] [INFO ] [T028] [FileSyncService] 文件写入已完成，准备同步: FastEx64.dll
[2025-09-21 23:52:35.894] [INFO ] [T029] [MainWindow] 开始同步文件：FastEx64.dll
[2025-09-21 23:52:35.894] [INFO ] [T033] [MainWindow] 成功获取文件锁定 (尝试 1/8): FastEx64.dll
[2025-09-21 23:52:35.895] [INFO ] [T017] [MainWindow] 已获取文件锁定，开始同步: FastEx64.dll
[2025-09-21 23:52:35.896] [INFO ] [T030] [FastCopyService] 启动FastCopy进程 (PID: 19508): FastEx11.dll
[2025-09-21 23:52:35.904] [INFO ] [T030] [FileSyncService] 文件写入已完成，准备同步: FastExt1.dll
[2025-09-21 23:52:35.904] [INFO ] [T016] [MainWindow] 开始同步文件：FastExt1.dll
[2025-09-21 23:52:35.904] [INFO ] [T016] [MainWindow] 已获取文件锁定，开始同步: FastExt1.dll
[2025-09-21 23:52:35.904] [INFO ] [T016] [MainWindow] 成功获取文件锁定 (尝试 1/8): FastExt1.dll
[2025-09-21 23:52:35.912] [INFO ] [T030] [FileSyncService] 文件写入已完成，准备同步: FcHash.exe
[2025-09-21 23:52:35.912] [INFO ] [T016] [MainWindow] 开始同步文件：FcHash.exe
[2025-09-21 23:52:35.912] [INFO ] [T032] [MainWindow] 成功获取文件锁定 (尝试 1/8): FcHash.exe
[2025-09-21 23:52:35.912] [INFO ] [T033] [MainWindow] 已获取文件锁定，开始同步: FcHash.exe
[2025-09-21 23:52:35.921] [INFO ] [T013] [FileSyncService] 文件写入已完成，准备同步: fcp.exe
[2025-09-21 23:52:35.921] [INFO ] [T032] [MainWindow] 开始同步文件：fcp.exe
[2025-09-21 23:52:35.921] [INFO ] [T033] [MainWindow] 成功获取文件锁定 (尝试 1/8): fcp.exe
[2025-09-21 23:52:35.921] [INFO ] [T016] [MainWindow] 已获取文件锁定，开始同步: fcp.exe
[2025-09-21 23:52:35.930] [INFO ] [T016] [FileSyncService] 文件写入已完成，准备同步: setup.exe
[2025-09-21 23:52:35.930] [INFO ] [T033] [MainWindow] 开始同步文件：setup.exe
[2025-09-21 23:52:35.930] [INFO ] [T033] [MainWindow] 已获取文件锁定，开始同步: setup.exe
[2025-09-21 23:52:35.930] [INFO ] [T017] [MainWindow] 成功获取文件锁定 (尝试 1/8): setup.exe
[2025-09-21 23:52:35.949] [INFO ] [T032] [FileSyncService] 文件写入已完成，准备同步: FastCopy.chm
[2025-09-21 23:52:35.949] [INFO ] [T017] [MainWindow] 开始同步文件：FastCopy.chm
[2025-09-21 23:52:35.949] [INFO ] [T013] [MainWindow] 成功获取文件锁定 (尝试 1/8): FastCopy.chm
[2025-09-21 23:52:35.949] [INFO ] [T033] [MainWindow] 已获取文件锁定，开始同步: FastCopy.chm
[2025-09-21 23:52:35.958] [INFO ] [T013] [FileSyncService] 文件写入已完成，准备同步: FastCopy_cn.chm
[2025-09-21 23:52:35.958] [INFO ] [T033] [MainWindow] 开始同步文件：FastCopy_cn.chm
[2025-09-21 23:52:35.958] [INFO ] [T013] [MainWindow] 已获取文件锁定，开始同步: FastCopy_cn.chm
[2025-09-21 23:52:35.958] [INFO ] [T017] [MainWindow] 成功获取文件锁定 (尝试 1/8): FastCopy_cn.chm
[2025-09-21 23:52:35.968] [INFO ] [T017] [FileSyncService] 文件写入已完成，准备同步: readme.txt
[2025-09-21 23:52:35.968] [INFO ] [T030] [MainWindow] 开始同步文件：readme.txt
[2025-09-21 23:52:35.968] [INFO ] [T033] [MainWindow] 成功获取文件锁定 (尝试 1/8): readme.txt
[2025-09-21 23:52:35.968] [INFO ] [T032] [MainWindow] 已获取文件锁定，开始同步: readme.txt
[2025-09-21 23:52:35.977] [INFO ] [T032] [FileSyncService] 文件写入已完成，准备同步: readme_cn.txt
[2025-09-21 23:52:35.977] [INFO ] [T033] [MainWindow] 开始同步文件：readme_cn.txt
[2025-09-21 23:52:35.977] [INFO ] [T016] [MainWindow] 成功获取文件锁定 (尝试 1/8): readme_cn.txt
[2025-09-21 23:52:35.977] [INFO ] [T032] [MainWindow] 已获取文件锁定，开始同步: readme_cn.txt
[2025-09-21 23:52:35.987] [INFO ] [T032] [FileSyncService] 文件写入已完成，准备同步: readme_eng.txt
[2025-09-21 23:52:35.987] [INFO ] [T016] [MainWindow] 开始同步文件：readme_eng.txt
[2025-09-21 23:52:35.987] [INFO ] [T012] [MainWindow] 已获取文件锁定，开始同步: readme_eng.txt
[2025-09-21 23:52:35.987] [INFO ] [T030] [MainWindow] 成功获取文件锁定 (尝试 1/8): readme_eng.txt
[2025-09-21 23:52:35.994] [INFO ] [T030] [FileSyncService] 文件写入已完成，准备同步: xxhash-LICENSE.txt
[2025-09-21 23:52:35.994] [INFO ] [T012] [MainWindow] 开始同步文件：xxhash-LICENSE.txt
[2025-09-21 23:52:35.994] [INFO ] [T013] [MainWindow] 成功获取文件锁定 (尝试 1/8): xxhash-LICENSE.txt
[2025-09-21 23:52:35.994] [INFO ] [T032] [MainWindow] 已获取文件锁定，开始同步: xxhash-LICENSE.txt
[2025-09-21 23:52:36.014] [INFO ] [T013] [FileSyncService] 文件写入已完成，准备同步: fastcopy0.msix
[2025-09-21 23:52:36.014] [INFO ] [T030] [MainWindow] 开始同步文件：fastcopy0.msix
[2025-09-21 23:52:36.014] [INFO ] [T032] [MainWindow] 成功获取文件锁定 (尝试 1/8): fastcopy0.msix
[2025-09-21 23:52:36.014] [INFO ] [T013] [MainWindow] 已获取文件锁定，开始同步: fastcopy0.msix
[2025-09-21 23:52:36.024] [INFO ] [T013] [FileSyncService] 文件写入已完成，准备同步: fastcopy1.msix
[2025-09-21 23:52:36.024] [INFO ] [T032] [MainWindow] 开始同步文件：fastcopy1.msix
[2025-09-21 23:52:36.024] [INFO ] [T030] [MainWindow] 已获取文件锁定，开始同步: fastcopy1.msix
[2025-09-21 23:52:36.024] [INFO ] [T016] [MainWindow] 成功获取文件锁定 (尝试 1/8): fastcopy1.msix
[2025-09-21 23:52:36.032] [INFO ] [T016] [FileSyncService] 文件写入已完成，准备同步: fastcopy2.msix
[2025-09-21 23:52:36.032] [INFO ] [T030] [MainWindow] 开始同步文件：fastcopy2.msix
[2025-09-21 23:52:36.032] [INFO ] [T032] [MainWindow] 已获取文件锁定，开始同步: fastcopy2.msix
[2025-09-21 23:52:36.032] [INFO ] [T017] [MainWindow] 成功获取文件锁定 (尝试 1/8): fastcopy2.msix
[2025-09-21 23:52:36.042] [INFO ] [T017] [FileSyncService] 文件写入已完成，准备同步: fastcopy3.msix
[2025-09-21 23:52:36.042] [INFO ] [T032] [MainWindow] 开始同步文件：fastcopy3.msix
[2025-09-21 23:52:36.042] [INFO ] [T016] [MainWindow] 成功获取文件锁定 (尝试 1/8): fastcopy3.msix
[2025-09-21 23:52:36.042] [INFO ] [T013] [MainWindow] 已获取文件锁定，开始同步: fastcopy3.msix
[2025-09-21 23:52:38.887] [INFO ] [T018] [FastCopyService] FastCopy复制成功: S:\Cache\A\Test\FastCopy64\FastCopy2.ini -> A:\Test.original\FastCopy64\FastCopy2.ini
[2025-09-21 23:52:38.887] [INFO ] [T013] [MainWindow] 复制完成: FastCopy2.ini
[2025-09-21 23:52:38.887] [INFO ] [T018] [FileSyncService] 释放FastCopy并发许可: FastCopy2.ini
[2025-09-21 23:52:38.887] [INFO ] [T030] [MainWindow] 同步完成，释放文件锁定: FastCopy2.ini
[2025-09-21 23:52:38.887] [INFO ] [T018] [FileSyncService] 文件处理完成，清理锁: FastCopy2.ini
[2025-09-21 23:52:38.887] [INFO ] [T026] [FileSyncService] 获取FastCopy并发许可，开始复制: FastEx64.dll
[2025-09-21 23:52:38.888] [INFO ] [T026] [FastCopyService] 开始FastCopy复制: S:\Cache\A\Test\FastCopy64\FastEx64.dll -> A:\Test.original\FastCopy64\FastEx64.dll
[2025-09-21 23:52:38.888] [INFO ] [T018] [MainWindow] 正在复制: FastEx64.dll
[2025-09-21 23:52:38.898] [INFO ] [T026] [FastCopyService] 启动FastCopy进程 (PID: 82256): FastEx64.dll
[2025-09-21 23:52:39.520] [INFO ] [T015] [FastCopyService] FastCopy复制成功: S:\Cache\A\Test\FastCopy64\FastEx11.dll -> A:\Test.original\FastCopy64\FastEx11.dll
[2025-09-21 23:52:39.520] [INFO ] [T028] [MainWindow] 复制完成: FastEx11.dll
[2025-09-21 23:52:39.520] [INFO ] [T015] [FileSyncService] 释放FastCopy并发许可: FastEx11.dll
[2025-09-21 23:52:39.520] [INFO ] [T013] [MainWindow] 同步完成，释放文件锁定: FastEx11.dll
[2025-09-21 23:52:39.520] [INFO ] [T026] [FileSyncService] 获取FastCopy并发许可，开始复制: FastExt1.dll
[2025-09-21 23:52:39.520] [INFO ] [T015] [FileSyncService] 文件处理完成，清理锁: FastEx11.dll
[2025-09-21 23:52:39.520] [INFO ] [T026] [FastCopyService] 开始FastCopy复制: S:\Cache\A\Test\FastCopy64\FastExt1.dll -> A:\Test.original\FastCopy64\FastExt1.dll
[2025-09-21 23:52:39.520] [INFO ] [T011] [MainWindow] 正在复制: FastExt1.dll
[2025-09-21 23:52:39.529] [INFO ] [T026] [FastCopyService] 启动FastCopy进程 (PID: 92100): FastExt1.dll
[2025-09-21 23:52:40.220] [INFO ] [T003] [FastCopyService] FastCopy复制成功: S:\Cache\A\Test\FastCopy64\FastCopy.exe -> A:\Test.original\FastCopy64\FastCopy.exe
[2025-09-21 23:52:40.220] [INFO ] [T024] [MainWindow] 复制完成: FastCopy.exe
[2025-09-21 23:52:40.220] [INFO ] [T003] [FileSyncService] 释放FastCopy并发许可: FastCopy.exe
[2025-09-21 23:52:40.220] [INFO ] [T013] [FileSyncService] 获取FastCopy并发许可，开始复制: FcHash.exe
[2025-09-21 23:52:40.220] [INFO ] [T029] [MainWindow] 同步完成，释放文件锁定: FastCopy.exe
[2025-09-21 23:52:40.220] [INFO ] [T003] [FileSyncService] 文件处理完成，清理锁: FastCopy.exe
[2025-09-21 23:52:40.221] [INFO ] [T013] [FastCopyService] 开始FastCopy复制: S:\Cache\A\Test\FastCopy64\FcHash.exe -> A:\Test.original\FastCopy64\FcHash.exe
[2025-09-21 23:52:40.221] [INFO ] [T026] [MainWindow] 正在复制: FcHash.exe
[2025-09-21 23:52:40.230] [INFO ] [T013] [FastCopyService] 启动FastCopy进程 (PID: 86364): FcHash.exe
[2025-09-21 23:52:41.883] [INFO ] [T030] [FastCopyService] FastCopy复制成功: S:\Cache\A\Test\FastCopy64\FastEx64.dll -> A:\Test.original\FastCopy64\FastEx64.dll
[2025-09-21 23:52:41.883] [INFO ] [T016] [MainWindow] 复制完成: FastEx64.dll
[2025-09-21 23:52:41.883] [INFO ] [T030] [FileSyncService] 释放FastCopy并发许可: FastEx64.dll
[2025-09-21 23:52:41.883] [INFO ] [T028] [MainWindow] 同步完成，释放文件锁定: FastEx64.dll
[2025-09-21 23:52:41.883] [INFO ] [T032] [FileSyncService] 获取FastCopy并发许可，开始复制: fcp.exe
[2025-09-21 23:52:41.883] [INFO ] [T030] [FileSyncService] 文件处理完成，清理锁: FastEx64.dll
[2025-09-21 23:52:41.884] [INFO ] [T032] [FastCopyService] 开始FastCopy复制: S:\Cache\A\Test\FastCopy64\fcp.exe -> A:\Test.original\FastCopy64\fcp.exe
[2025-09-21 23:52:41.884] [INFO ] [T015] [MainWindow] 正在复制: fcp.exe
[2025-09-21 23:52:41.893] [INFO ] [T032] [FastCopyService] 启动FastCopy进程 (PID: 20700): fcp.exe
[2025-09-21 23:52:43.610] [INFO ] [T018] [FastCopyService] FastCopy复制成功: S:\Cache\A\Test\FastCopy64\FastExt1.dll -> A:\Test.original\FastCopy64\FastExt1.dll
[2025-09-21 23:52:43.610] [INFO ] [T018] [FileSyncService] 释放FastCopy并发许可: FastExt1.dll
[2025-09-21 23:52:43.610] [INFO ] [T011] [MainWindow] 复制完成: FastExt1.dll
[2025-09-21 23:52:43.610] [INFO ] [T026] [MainWindow] 同步完成，释放文件锁定: FastExt1.dll
[2025-09-21 23:52:43.610] [INFO ] [T015] [FileSyncService] 获取FastCopy并发许可，开始复制: setup.exe
[2025-09-21 23:52:43.610] [INFO ] [T018] [FileSyncService] 文件处理完成，清理锁: FastExt1.dll
[2025-09-21 23:52:43.611] [INFO ] [T015] [FastCopyService] 开始FastCopy复制: S:\Cache\A\Test\FastCopy64\setup.exe -> A:\Test.original\FastCopy64\setup.exe
[2025-09-21 23:52:43.611] [INFO ] [T032] [MainWindow] 正在复制: setup.exe
[2025-09-21 23:52:43.621] [INFO ] [T015] [FastCopyService] 启动FastCopy进程 (PID: 58856): setup.exe
[2025-09-21 23:52:43.692] [INFO ] [T029] [FastCopyService] FastCopy复制成功: S:\Cache\A\Test\FastCopy64\FcHash.exe -> A:\Test.original\FastCopy64\FcHash.exe
[2025-09-21 23:52:43.692] [INFO ] [T015] [MainWindow] 复制完成: FcHash.exe
[2025-09-21 23:52:43.692] [INFO ] [T029] [FileSyncService] 释放FastCopy并发许可: FcHash.exe
[2025-09-21 23:52:43.692] [INFO ] [T011] [MainWindow] 同步完成，释放文件锁定: FcHash.exe
[2025-09-21 23:52:43.692] [INFO ] [T024] [FileSyncService] 获取FastCopy并发许可，开始复制: FastCopy.chm
[2025-09-21 23:52:43.692] [INFO ] [T029] [FileSyncService] 文件处理完成，清理锁: FcHash.exe
[2025-09-21 23:52:43.694] [INFO ] [T024] [FastCopyService] 开始FastCopy复制: S:\Cache\A\Test\FastCopy64\doc\FastCopy.chm -> A:\Test.original\FastCopy64\doc\FastCopy.chm
[2025-09-21 23:52:43.694] [INFO ] [T018] [MainWindow] 正在复制: FastCopy.chm
[2025-09-21 23:52:43.703] [INFO ] [T024] [FastCopyService] 启动FastCopy进程 (PID: 86128): FastCopy.chm
[2025-09-21 23:52:44.051] [DEBUG] [T016] [FastCopyService] FastCopy进程监控 (PID: 58856): 运行时间 0.0分钟, 内存: 12MB
[2025-09-21 23:52:44.064] [DEBUG] [T016] [FastCopyService] FastCopy进程监控 (PID: 86128): 运行时间 0.0分钟, 内存: 12MB
[2025-09-21 23:52:44.077] [DEBUG] [T016] [FastCopyService] FastCopy进程监控 (PID: 20700): 运行时间 0.0分钟, 内存: 18MB
[2025-09-21 23:52:45.477] [INFO ] [T013] [FastCopyService] FastCopy复制成功: S:\Cache\A\Test\FastCopy64\fcp.exe -> A:\Test.original\FastCopy64\fcp.exe
[2025-09-21 23:52:45.477] [INFO ] [T013] [FileSyncService] 释放FastCopy并发许可: fcp.exe
[2025-09-21 23:52:45.477] [INFO ] [T028] [MainWindow] 复制完成: fcp.exe
[2025-09-21 23:52:45.477] [INFO ] [T011] [MainWindow] 同步完成，释放文件锁定: fcp.exe
[2025-09-21 23:52:45.477] [INFO ] [T024] [FileSyncService] 获取FastCopy并发许可，开始复制: FastCopy_cn.chm
[2025-09-21 23:52:45.477] [INFO ] [T013] [FileSyncService] 文件处理完成，清理锁: fcp.exe
[2025-09-21 23:52:45.477] [INFO ] [T024] [FastCopyService] 开始FastCopy复制: S:\Cache\A\Test\FastCopy64\doc\FastCopy_cn.chm -> A:\Test.original\FastCopy64\doc\FastCopy_cn.chm
[2025-09-21 23:52:45.477] [INFO ] [T016] [MainWindow] 正在复制: FastCopy_cn.chm
[2025-09-21 23:52:45.486] [INFO ] [T024] [FastCopyService] 启动FastCopy进程 (PID: 69676): FastCopy_cn.chm
[2025-09-21 23:52:46.635] [INFO ] [T029] [FileSyncService] 文件已在处理队列中，跳过重复事件: FastCopy64\doc
[2025-09-21 23:52:47.232] [INFO ] [T003] [FastCopyService] FastCopy复制成功: S:\Cache\A\Test\FastCopy64\doc\FastCopy.chm -> A:\Test.original\FastCopy64\doc\FastCopy.chm
[2025-09-21 23:52:47.232] [INFO ] [T018] [MainWindow] 复制完成: FastCopy.chm
[2025-09-21 23:52:47.232] [INFO ] [T003] [FileSyncService] 释放FastCopy并发许可: FastCopy.chm
[2025-09-21 23:52:47.232] [INFO ] [T015] [MainWindow] 同步完成，释放文件锁定: FastCopy.chm
[2025-09-21 23:52:47.232] [INFO ] [T003] [FileSyncService] 文件处理完成，清理锁: FastCopy.chm
[2025-09-21 23:52:47.232] [INFO ] [T024] [FileSyncService] 获取FastCopy并发许可，开始复制: readme.txt
[2025-09-21 23:52:47.233] [INFO ] [T024] [FastCopyService] 开始FastCopy复制: S:\Cache\A\Test\FastCopy64\doc\readme.txt -> A:\Test.original\FastCopy64\doc\readme.txt
[2025-09-21 23:52:47.233] [INFO ] [T013] [MainWindow] 正在复制: readme.txt
[2025-09-21 23:52:47.243] [INFO ] [T024] [FastCopyService] 启动FastCopy进程 (PID: 77288): readme.txt
[2025-09-21 23:52:48.374] [INFO ] [T016] [FastCopyService] FastCopy复制成功: S:\Cache\A\Test\FastCopy64\doc\FastCopy_cn.chm -> A:\Test.original\FastCopy64\doc\FastCopy_cn.chm
[2025-09-21 23:52:48.374] [INFO ] [T011] [MainWindow] 复制完成: FastCopy_cn.chm
[2025-09-21 23:52:48.374] [INFO ] [T016] [FileSyncService] 释放FastCopy并发许可: FastCopy_cn.chm
[2025-09-21 23:52:48.374] [INFO ] [T018] [MainWindow] 同步完成，释放文件锁定: FastCopy_cn.chm
[2025-09-21 23:52:48.374] [INFO ] [T030] [FileSyncService] 获取FastCopy并发许可，开始复制: readme_cn.txt
[2025-09-21 23:52:48.374] [INFO ] [T016] [FileSyncService] 文件处理完成，清理锁: FastCopy_cn.chm
[2025-09-21 23:52:48.375] [INFO ] [T030] [FastCopyService] 开始FastCopy复制: S:\Cache\A\Test\FastCopy64\doc\readme_cn.txt -> A:\Test.original\FastCopy64\doc\readme_cn.txt
[2025-09-21 23:52:48.375] [INFO ] [T028] [MainWindow] 正在复制: readme_cn.txt
[2025-09-21 23:52:48.384] [INFO ] [T030] [FastCopyService] 启动FastCopy进程 (PID: 82892): readme_cn.txt
[2025-09-21 23:52:48.478] [INFO ] [T026] [FastCopyService] FastCopy复制成功: S:\Cache\A\Test\FastCopy64\setup.exe -> A:\Test.original\FastCopy64\setup.exe
[2025-09-21 23:52:48.478] [INFO ] [T032] [MainWindow] 复制完成: setup.exe
[2025-09-21 23:52:48.478] [INFO ] [T026] [FileSyncService] 释放FastCopy并发许可: setup.exe
[2025-09-21 23:52:48.478] [INFO ] [T030] [MainWindow] 同步完成，释放文件锁定: setup.exe
[2025-09-21 23:52:48.478] [INFO ] [T026] [FileSyncService] 文件处理完成，清理锁: setup.exe
[2025-09-21 23:52:48.478] [INFO ] [T018] [FileSyncService] 获取FastCopy并发许可，开始复制: readme_eng.txt
[2025-09-21 23:52:48.479] [INFO ] [T018] [FastCopyService] 开始FastCopy复制: S:\Cache\A\Test\FastCopy64\doc\readme_eng.txt -> A:\Test.original\FastCopy64\doc\readme_eng.txt
[2025-09-21 23:52:48.479] [INFO ] [T015] [MainWindow] 正在复制: readme_eng.txt
[2025-09-21 23:52:48.488] [INFO ] [T018] [FastCopyService] 启动FastCopy进程 (PID: 59132): readme_eng.txt
[2025-09-21 23:52:50.040] [INFO ] [T029] [FastCopyService] FastCopy复制成功: S:\Cache\A\Test\FastCopy64\doc\readme.txt -> A:\Test.original\FastCopy64\doc\readme.txt
[2025-09-21 23:52:50.040] [INFO ] [T029] [FileSyncService] 释放FastCopy并发许可: readme.txt
[2025-09-21 23:52:50.040] [INFO ] [T011] [MainWindow] 同步完成，释放文件锁定: readme.txt
[2025-09-21 23:52:50.040] [INFO ] [T029] [FileSyncService] 文件处理完成，清理锁: readme.txt
[2025-09-21 23:52:50.040] [INFO ] [T030] [MainWindow] 复制完成: readme.txt
[2025-09-21 23:52:50.040] [INFO ] [T018] [FileSyncService] 获取FastCopy并发许可，开始复制: xxhash-LICENSE.txt
[2025-09-21 23:52:50.041] [INFO ] [T018] [FastCopyService] 开始FastCopy复制: S:\Cache\A\Test\FastCopy64\doc\xxhash-LICENSE.txt -> A:\Test.original\FastCopy64\doc\xxhash-LICENSE.txt
[2025-09-21 23:52:50.041] [INFO ] [T030] [MainWindow] 正在复制: xxhash-LICENSE.txt
[2025-09-21 23:52:50.050] [INFO ] [T018] [FastCopyService] 启动FastCopy进程 (PID: 89448): xxhash-LICENSE.txt
[2025-09-21 23:52:51.019] [INFO ] [T016] [FastCopyService] FastCopy复制成功: S:\Cache\A\Test\FastCopy64\doc\readme_eng.txt -> A:\Test.original\FastCopy64\doc\readme_eng.txt
[2025-09-21 23:52:51.019] [INFO ] [T015] [MainWindow] 复制完成: readme_eng.txt
[2025-09-21 23:52:51.019] [INFO ] [T016] [FileSyncService] 释放FastCopy并发许可: readme_eng.txt
[2025-09-21 23:52:51.019] [INFO ] [T013] [MainWindow] 同步完成，释放文件锁定: readme_eng.txt
[2025-09-21 23:52:51.019] [INFO ] [T018] [FileSyncService] 获取FastCopy并发许可，开始复制: fastcopy0.msix
[2025-09-21 23:52:51.019] [INFO ] [T016] [FileSyncService] 文件处理完成，清理锁: readme_eng.txt
[2025-09-21 23:52:51.021] [INFO ] [T018] [FastCopyService] 开始FastCopy复制: S:\Cache\A\Test\FastCopy64\msix\fastcopy0.msix -> A:\Test.original\FastCopy64\msix\fastcopy0.msix
[2025-09-21 23:52:51.021] [INFO ] [T026] [MainWindow] 正在复制: fastcopy0.msix
[2025-09-21 23:52:51.030] [INFO ] [T018] [FastCopyService] 启动FastCopy进程 (PID: 33696): fastcopy0.msix
[2025-09-21 23:52:51.202] [INFO ] [T028] [FastCopyService] FastCopy复制成功: S:\Cache\A\Test\FastCopy64\doc\readme_cn.txt -> A:\Test.original\FastCopy64\doc\readme_cn.txt
[2025-09-21 23:52:51.202] [INFO ] [T003] [MainWindow] 复制完成: readme_cn.txt
[2025-09-21 23:52:51.202] [INFO ] [T028] [FileSyncService] 释放FastCopy并发许可: readme_cn.txt
[2025-09-21 23:52:51.202] [INFO ] [T028] [FileSyncService] 文件处理完成，清理锁: readme_cn.txt
[2025-09-21 23:52:51.202] [INFO ] [T018] [MainWindow] 同步完成，释放文件锁定: readme_cn.txt
[2025-09-21 23:52:51.202] [INFO ] [T032] [FileSyncService] 获取FastCopy并发许可，开始复制: fastcopy1.msix
[2025-09-21 23:52:51.203] [INFO ] [T032] [FastCopyService] 开始FastCopy复制: S:\Cache\A\Test\FastCopy64\msix\fastcopy1.msix -> A:\Test.original\FastCopy64\msix\fastcopy1.msix
[2025-09-21 23:52:51.203] [INFO ] [T018] [MainWindow] 正在复制: fastcopy1.msix
[2025-09-21 23:52:51.212] [INFO ] [T032] [FastCopyService] 启动FastCopy进程 (PID: 89280): fastcopy1.msix
[2025-09-21 23:52:52.132] [INFO ] [T011] [FastCopyService] FastCopy复制成功: S:\Cache\A\Test\FastCopy64\doc\xxhash-LICENSE.txt -> A:\Test.original\FastCopy64\doc\xxhash-LICENSE.txt
[2025-09-21 23:52:52.132] [INFO ] [T032] [MainWindow] 复制完成: xxhash-LICENSE.txt
[2025-09-21 23:52:52.132] [INFO ] [T011] [FileSyncService] 释放FastCopy并发许可: xxhash-LICENSE.txt
[2025-09-21 23:52:52.132] [INFO ] [T028] [MainWindow] 同步完成，释放文件锁定: xxhash-LICENSE.txt
[2025-09-21 23:52:52.132] [INFO ] [T030] [FileSyncService] 获取FastCopy并发许可，开始复制: fastcopy2.msix
[2025-09-21 23:52:52.132] [INFO ] [T011] [FileSyncService] 文件处理完成，清理锁: xxhash-LICENSE.txt
[2025-09-21 23:52:52.132] [INFO ] [T030] [FastCopyService] 开始FastCopy复制: S:\Cache\A\Test\FastCopy64\msix\fastcopy2.msix -> A:\Test.original\FastCopy64\msix\fastcopy2.msix
[2025-09-21 23:52:52.132] [INFO ] [T018] [MainWindow] 正在复制: fastcopy2.msix
[2025-09-21 23:52:52.141] [INFO ] [T030] [FastCopyService] 启动FastCopy进程 (PID: 84644): fastcopy2.msix
[2025-09-21 23:52:52.826] [INFO ] [T017] [FileSyncService] 文件已在处理队列中，跳过重复事件: FastCopy64\msix
[2025-09-21 23:52:53.224] [INFO ] [T003] [FastCopyService] FastCopy复制成功: S:\Cache\A\Test\FastCopy64\msix\fastcopy1.msix -> A:\Test.original\FastCopy64\msix\fastcopy1.msix
[2025-09-21 23:52:53.224] [INFO ] [T028] [MainWindow] 复制完成: fastcopy1.msix
[2025-09-21 23:52:53.224] [INFO ] [T003] [FileSyncService] 释放FastCopy并发许可: fastcopy1.msix
[2025-09-21 23:52:53.225] [INFO ] [T032] [MainWindow] 同步完成，释放文件锁定: fastcopy1.msix
[2025-09-21 23:52:53.225] [INFO ] [T030] [FileSyncService] 获取FastCopy并发许可，开始复制: fastcopy3.msix
[2025-09-21 23:52:53.225] [INFO ] [T003] [FileSyncService] 文件处理完成，清理锁: fastcopy1.msix
[2025-09-21 23:52:53.225] [INFO ] [T030] [FastCopyService] 开始FastCopy复制: S:\Cache\A\Test\FastCopy64\msix\fastcopy3.msix -> A:\Test.original\FastCopy64\msix\fastcopy3.msix
[2025-09-21 23:52:53.225] [INFO ] [T015] [MainWindow] 正在复制: fastcopy3.msix
[2025-09-21 23:52:53.234] [INFO ] [T030] [FastCopyService] 启动FastCopy进程 (PID: 86572): fastcopy3.msix
[2025-09-21 23:52:53.292] [INFO ] [T026] [FastCopyService] FastCopy复制成功: S:\Cache\A\Test\FastCopy64\msix\fastcopy0.msix -> A:\Test.original\FastCopy64\msix\fastcopy0.msix
[2025-09-21 23:52:53.292] [INFO ] [T032] [MainWindow] 复制完成: fastcopy0.msix
[2025-09-21 23:52:53.292] [INFO ] [T026] [FileSyncService] 释放FastCopy并发许可: fastcopy0.msix
[2025-09-21 23:52:53.292] [INFO ] [T013] [MainWindow] 同步完成，释放文件锁定: fastcopy0.msix
[2025-09-21 23:52:53.292] [INFO ] [T026] [FileSyncService] 文件处理完成，清理锁: fastcopy0.msix
[2025-09-21 23:52:53.742] [INFO ] [T016] [FastCopyService] FastCopy复制成功: S:\Cache\A\Test\FastCopy64\msix\fastcopy2.msix -> A:\Test.original\FastCopy64\msix\fastcopy2.msix
[2025-09-21 23:52:53.742] [INFO ] [T013] [MainWindow] 复制完成: fastcopy2.msix
[2025-09-21 23:52:53.742] [INFO ] [T016] [FileSyncService] 释放FastCopy并发许可: fastcopy2.msix
[2025-09-21 23:52:53.742] [INFO ] [T018] [MainWindow] 同步完成，释放文件锁定: fastcopy2.msix
[2025-09-21 23:52:53.742] [INFO ] [T016] [FileSyncService] 文件处理完成，清理锁: fastcopy2.msix
[2025-09-21 23:52:54.184] [INFO ] [T017] [FastCopyService] FastCopy复制成功: S:\Cache\A\Test\FastCopy64\msix\fastcopy3.msix -> A:\Test.original\FastCopy64\msix\fastcopy3.msix
[2025-09-21 23:52:54.184] [INFO ] [T015] [MainWindow] 复制完成: fastcopy3.msix
[2025-09-21 23:52:54.184] [INFO ] [T017] [FileSyncService] 释放FastCopy并发许可: fastcopy3.msix
[2025-09-21 23:52:54.184] [INFO ] [T015] [MainWindow] 同步完成，释放文件锁定: fastcopy3.msix
[2025-09-21 23:52:54.184] [INFO ] [T017] [FileSyncService] 文件处理完成，清理锁: fastcopy3.msix
[2025-09-21 23:53:12.644] [INFO ] [T001] [MainWindow] 正在停止加速：A:\Test
[2025-09-21 23:53:12.645] [INFO ] [T001] [MainWindow] 停止性能监控: A:\Test
[2025-09-21 23:53:12.718] [INFO ] [T001] [MainWindow] 缓存加速已停止：A:\Test
[2025-09-21 23:53:12.718] [INFO ] [T001] [MainWindow] ✅ 加速停止成功：A:\Test
[2025-09-21 23:53:12.720] [INFO ] [T001] [MainWindow] 已删除路径记录：A:\Test
[2025-09-21 23:53:12.721] [INFO ] [T001] [MainWindow] 开始停止缓存加速...
[2025-09-21 23:53:12.723] [INFO ] [T001] [MainWindow] 停止文件同步监控...
[2025-09-21 23:53:12.724] [INFO ] [T001] [MainWindow] 没有找到对应的监控器：
[2025-09-21 23:53:12.724] [INFO ] [T001] [MainWindow] 停止性能监控...
[2025-09-21 23:53:12.724] [INFO ] [T001] [MainWindow] 执行最后一次同步...
[2025-09-21 23:53:12.724] [INFO ] [T001] [MainWindow] 未找到同步配置：
[2025-09-21 23:53:12.724] [INFO ] [T001] [MainWindow] 删除Junction：A:\Test
[2025-09-21 23:53:12.724] [INFO ] [T001] [MainWindow] 删除Junction：A:\Test
[2025-09-21 23:53:12.724] [INFO ] [T001] [MainWindow] Junction删除成功
[2025-09-21 23:53:12.724] [INFO ] [T001] [MainWindow] 找到备份目录：A:\Test.original
[2025-09-21 23:53:12.724] [INFO ] [T001] [MainWindow] 恢复原始目录：A:\Test.original -> A:\Test
[2025-09-21 23:53:12.724] [INFO ] [T001] [MainWindow] 目录重命名成功：A:\Test.original -> A:\Test
[2025-09-21 23:53:12.724] [INFO ] [T001] [MainWindow] 缓存加速停止完成！
