[2025-09-21 20:18:50.493] [INFO ] [T001] [FastCopyService] FastCopy服务初始化: C:\Program Files\FastCopy64\fcp.exe
[2025-09-21 20:18:50.521] [INFO ] [T001] [FastCopyService] 系统中没有发现FastCopy进程
[2025-09-21 20:18:50.524] [INFO ] [T001] [FastCopyService] FastCopy服务初始化: C:\Program Files\FastCopy64\fcp.exe
[2025-09-21 20:18:50.539] [INFO ] [T001] [FastCopyService] 系统中没有发现FastCopy进程
[2025-09-21 20:18:50.539] [INFO ] [T001] [FileSyncService] FastCopy最大并发数设置为: 3
[2025-09-21 20:18:50.539] [INFO ] [T001] [FileSyncService] FileSyncService 初始化完成
[2025-09-21 20:18:50.540] [INFO ] [T001] [FastCopyService] FastCopy服务初始化: C:\Program Files\FastCopy64\fcp.exe
[2025-09-21 20:18:50.554] [INFO ] [T001] [FastCopyService] 系统中没有发现FastCopy进程
[2025-09-21 20:18:50.643] [INFO ] [T001] [MainWindow] 记录加速状态：A:\Test -> 停用
[2025-09-21 20:18:50.643] [INFO ] [T001] [MainWindow] 恢复加速状态记录：A:\Test - 非活跃
[2025-09-21 20:18:54.524] [INFO ] [T001] [MainWindow] 开始加速：A:\Test
[2025-09-21 20:18:54.543] [INFO ] [T001] [MainWindow] 使用目录连接点，无需管理员权限
[2025-09-21 20:18:54.544] [INFO ] [T001] [MainWindow] 开始缓存加速初始化...
[2025-09-21 20:18:54.544] [INFO ] [T001] [MainWindow] 缓存目录不存在，将创建新的缓存
[2025-09-21 20:18:54.544] [INFO ] [T001] [MainWindow] 开始创建缓存目录和备份路径...
[2025-09-21 20:18:54.544] [INFO ] [T001] [MainWindow] 复制数据到缓存：A:\Test -> S:\Cache\A\Test
[2025-09-21 20:18:54.544] [INFO ] [T001] [MainWindow] 使用Robocopy高速多线程复制 + FastCopy完整性校验
[2025-09-21 20:18:54.544] [INFO ] [T001] [MainWindow] 阶段1/2：Robocopy多线程复制中...
[2025-09-21 20:18:54.545] [INFO ] [T001] [MainWindow] 执行Robocopy: robocopy "A:\Test" "S:\Cache\A\Test" /E /COPYALL /MT:64 /R:3600 /W:1 /J /BYTES /FP /ETA /NFL /NDL
[2025-09-21 20:18:54.587] [INFO ] [T001] [MainWindow] Robocopy失败，退出码: 16
[2025-09-21 20:18:54.587] [INFO ] [T001] [MainWindow] Robocopy复制失败
[2025-09-21 20:18:54.589] [INFO ] [T001] [MainWindow] 记录错误：A:\Test - CopyFailure: 复制到缓存失败 (严重程度：High)
[2025-09-21 20:18:54.590] [INFO ] [T001] [MainWindow] 复制到缓存失败
[2025-09-21 20:18:54.590] [INFO ] [T001] [MainWindow] ❌ 加速失败：A:\Test
