[2025-09-22 09:50:33.053] [INFO ] [T001] [FastCopyService] FastCopy服务初始化: C:\Program Files\FastCopy64\fcp.exe
[2025-09-22 09:50:33.057] [INFO ] [T001] [FileSyncService] FastCopy最大并发数设置为: 3
[2025-09-22 09:50:33.057] [INFO ] [T001] [FileSyncService] FileSyncService 初始化完成
[2025-09-22 09:50:44.165] [INFO ] [T001] [MainWindow] 已添加路径：A:\Test
[2025-09-22 09:50:47.265] [INFO ] [T001] [MainWindow] 开始加速：A:\Test
[2025-09-22 09:50:47.288] [INFO ] [T001] [MainWindow] 使用目录连接点，无需管理员权限
[2025-09-22 09:50:47.288] [INFO ] [T001] [MainWindow] 开始缓存加速初始化...
[2025-09-22 09:50:47.288] [INFO ] [T001] [MainWindow] 检测到缓存目录已存在：S:\Cache\A\Test
[2025-09-22 09:50:47.289] [INFO ] [T001] [MainWindow] 缓存目录已存在，可选择：
[2025-09-22 09:50:47.289] [INFO ] [T001] [MainWindow] 1. 同步模式：保留现有缓存，仅同步差异文件（推荐）
[2025-09-22 09:50:47.289] [INFO ] [T001] [MainWindow] 2. 取消操作
[2025-09-22 09:50:47.289] [INFO ] [T001] [MainWindow] 当前默认使用同步模式
[2025-09-22 09:50:47.289] [INFO ] [T001] [MainWindow] 用户选择同步模式：与现有缓存同步
[2025-09-22 09:50:47.289] [INFO ] [T001] [MainWindow] 开始创建缓存目录和备份路径...
[2025-09-22 09:50:47.289] [INFO ] [T001] [MainWindow] 复制数据到缓存：A:\Test -> S:\Cache\A\Test
[2025-09-22 09:50:47.290] [INFO ] [T001] [MainWindow] 使用Robocopy同步模式：智能同步差异文件
[2025-09-22 09:50:47.290] [INFO ] [T001] [MainWindow] 执行Robocopy同步: robocopy "A:\Test" "S:\Cache\A\Test" /E /COPYALL /MT:64 /R:3600 /W:1 /IM /J /BYTES /FP /ETA /NFL /NDL
[2025-09-22 09:50:47.334] [INFO ] [T001] [MainWindow] Robocopy同步完成，退出码: 0
[2025-09-22 09:50:47.411] [INFO ] [T009] [MainWindow] 开始监控：S:\Cache\A\Test (模式：Immediate，延迟：3秒)
[2025-09-22 09:50:47.412] [INFO ] [T001] [MainWindow] 开始性能监控: A:\Test -> S:\Cache\A\Test
[2025-09-22 09:50:47.412] [INFO ] [T001] [MainWindow] 缓存加速已启用：A:\Test
[2025-09-22 09:50:47.412] [INFO ] [T001] [MainWindow] 记录加速状态：A:\Test -> 激活
[2025-09-22 09:50:47.412] [INFO ] [T001] [MainWindow] 备份原始目录：A:\Test -> A:\Test.original
[2025-09-22 09:50:47.414] [INFO ] [T001] [MainWindow] 目录重命名成功：A:\Test -> A:\Test.original
[2025-09-22 09:50:47.414] [INFO ] [T001] [MainWindow] 创建Junction：A:\Test -> S:\Cache\A\Test
[2025-09-22 09:50:47.415] [INFO ] [T001] [MainWindow] 创建Junction：A:\Test -> S:\Cache\A\Test
[2025-09-22 09:50:47.415] [INFO ] [T001] [MainWindow] Junction创建成功
[2025-09-22 09:50:47.415] [INFO ] [T001] [MainWindow] 启动文件同步监控...
[2025-09-22 09:50:47.415] [INFO ] [T001] [MainWindow] 开始监控：S:\Cache\A\Test -> A:\Test.original
[2025-09-22 09:50:47.415] [INFO ] [T001] [MainWindow] 文件监控启动成功
[2025-09-22 09:50:47.415] [INFO ] [T001] [MainWindow] 启动性能监控...
[2025-09-22 09:50:47.415] [INFO ] [T001] [MainWindow] 缓存加速初始化完成！
[2025-09-22 09:50:47.416] [INFO ] [T001] [MainWindow] ✅ 加速完成：A:\Test
[2025-09-22 09:50:55.339] [INFO ] [T009] [FileSyncService] 检测到文件变化，等待写入完成: A
[2025-09-22 09:50:55.339] [INFO ] [T009] [FileSyncService] 检测到目录变化: A
[2025-09-22 09:50:55.339] [INFO ] [T009] [FileSyncService] 目录准备就绪，开始同步: A
[2025-09-22 09:50:55.341] [INFO ] [T006] [MainWindow] 开始同步文件：A
[2025-09-22 09:50:55.344] [INFO ] [T011] [MainWindow] 文件被占用，等待 1 秒后重试 (尝试 1/8): A
[2025-09-22 09:50:56.345] [INFO ] [T008] [MainWindow] 文件被占用，等待 2 秒后重试 (尝试 2/8): A
[2025-09-22 09:50:58.347] [INFO ] [T011] [MainWindow] 文件被占用，等待 4 秒后重试 (尝试 3/8): A
[2025-09-22 09:51:02.349] [INFO ] [T004] [MainWindow] 文件被占用，等待 8 秒后重试 (尝试 4/8): A
[2025-09-22 09:51:10.350] [INFO ] [T006] [MainWindow] 文件被占用，等待 16 秒后重试 (尝试 5/8): A
[2025-09-22 09:51:26.350] [INFO ] [T011] [MainWindow] 文件被占用，等待 32 秒后重试 (尝试 6/8): A
[2025-09-22 09:51:58.352] [INFO ] [T011] [MainWindow] 文件被占用，等待 64 秒后重试 (尝试 7/8): A
[2025-09-22 09:52:10.371] [INFO ] [T001] [MainWindow] 正在停止加速：A:\Test
[2025-09-22 09:52:10.373] [INFO ] [T001] [MainWindow] 停止性能监控: A:\Test
[2025-09-22 09:52:10.452] [INFO ] [T001] [MainWindow] 缓存加速已停止：A:\Test
[2025-09-22 09:52:10.452] [INFO ] [T001] [MainWindow] ✅ 加速停止成功：A:\Test
[2025-09-22 09:52:10.455] [INFO ] [T001] [MainWindow] 已删除路径记录：A:\Test
[2025-09-22 09:52:10.456] [INFO ] [T001] [MainWindow] 开始停止缓存加速...
[2025-09-22 09:52:10.457] [INFO ] [T001] [MainWindow] 停止文件同步监控...
[2025-09-22 09:52:10.457] [INFO ] [T001] [MainWindow] 没有找到对应的监控器：
[2025-09-22 09:52:10.457] [INFO ] [T001] [MainWindow] 停止性能监控...
[2025-09-22 09:52:10.457] [INFO ] [T001] [MainWindow] 执行最后一次同步...
[2025-09-22 09:52:10.457] [INFO ] [T001] [MainWindow] 未找到同步配置：
[2025-09-22 09:52:10.457] [INFO ] [T001] [MainWindow] 删除Junction：A:\Test
[2025-09-22 09:52:10.457] [INFO ] [T001] [MainWindow] 删除Junction：A:\Test
[2025-09-22 09:52:10.457] [INFO ] [T001] [MainWindow] Junction删除成功
[2025-09-22 09:52:10.457] [INFO ] [T001] [MainWindow] 找到备份目录：A:\Test.original
[2025-09-22 09:52:10.457] [INFO ] [T001] [MainWindow] 恢复原始目录：A:\Test.original -> A:\Test
[2025-09-22 09:52:10.458] [INFO ] [T001] [MainWindow] 目录重命名成功：A:\Test.original -> A:\Test
[2025-09-22 09:52:10.458] [INFO ] [T001] [MainWindow] 缓存加速停止完成！
