[2025-09-22 09:59:06.565] [INFO ] [T001] [FastCopyService] FastCopy服务初始化: C:\Program Files\FastCopy64\fcp.exe
[2025-09-22 09:59:06.569] [INFO ] [T001] [FileSyncService] FastCopy最大并发数设置为: 3
[2025-09-22 09:59:06.569] [INFO ] [T001] [FileSyncService] FileSyncService 初始化完成
[2025-09-22 09:59:22.392] [INFO ] [T001] [MainWindow] 已添加路径：A:\Test
[2025-09-22 09:59:25.323] [INFO ] [T001] [MainWindow] 开始加速：A:\Test
[2025-09-22 09:59:25.347] [INFO ] [T001] [MainWindow] 使用目录连接点，无需管理员权限
[2025-09-22 09:59:25.349] [INFO ] [T001] [MainWindow] 开始缓存加速初始化...
[2025-09-22 09:59:25.349] [INFO ] [T001] [MainWindow] 检测到缓存目录已存在：S:\Cache\A\Test
[2025-09-22 09:59:25.349] [INFO ] [T001] [MainWindow] 缓存目录已存在，可选择：
[2025-09-22 09:59:25.349] [INFO ] [T001] [MainWindow] 1. 同步模式：保留现有缓存，仅同步差异文件（推荐）
[2025-09-22 09:59:25.349] [INFO ] [T001] [MainWindow] 2. 取消操作
[2025-09-22 09:59:25.350] [INFO ] [T001] [MainWindow] 当前默认使用同步模式
[2025-09-22 09:59:25.350] [INFO ] [T001] [MainWindow] 用户选择同步模式：与现有缓存同步
[2025-09-22 09:59:25.350] [INFO ] [T001] [MainWindow] 开始创建缓存目录和备份路径...
[2025-09-22 09:59:25.350] [INFO ] [T001] [MainWindow] 复制数据到缓存：A:\Test -> S:\Cache\A\Test
[2025-09-22 09:59:25.350] [INFO ] [T001] [MainWindow] 使用Robocopy同步模式：智能同步差异文件
[2025-09-22 09:59:25.350] [INFO ] [T001] [MainWindow] 执行Robocopy同步: robocopy "A:\Test" "S:\Cache\A\Test" /E /COPYALL /MT:64 /R:3600 /W:1 /IM /J /BYTES /FP /ETA /NFL /NDL
[2025-09-22 09:59:25.395] [INFO ] [T001] [MainWindow] Robocopy同步完成，退出码: 0
[2025-09-22 09:59:25.472] [INFO ] [T009] [MainWindow] 开始监控：S:\Cache\A\Test (模式：Immediate，延迟：3秒)
[2025-09-22 09:59:25.472] [INFO ] [T001] [MainWindow] 开始性能监控: A:\Test -> S:\Cache\A\Test
[2025-09-22 09:59:25.472] [INFO ] [T001] [MainWindow] 缓存加速已启用：A:\Test
[2025-09-22 09:59:25.472] [INFO ] [T001] [MainWindow] 记录加速状态：A:\Test -> 激活
[2025-09-22 09:59:25.473] [INFO ] [T001] [MainWindow] 备份原始目录：A:\Test -> A:\Test.original
[2025-09-22 09:59:25.473] [INFO ] [T001] [MainWindow] 目录重命名成功：A:\Test -> A:\Test.original
[2025-09-22 09:59:25.473] [INFO ] [T001] [MainWindow] 创建Junction：A:\Test -> S:\Cache\A\Test
[2025-09-22 09:59:25.473] [INFO ] [T001] [MainWindow] 创建Junction：A:\Test -> S:\Cache\A\Test
[2025-09-22 09:59:25.473] [INFO ] [T001] [MainWindow] Junction创建成功
[2025-09-22 09:59:25.473] [INFO ] [T001] [MainWindow] 启动文件同步监控...
[2025-09-22 09:59:25.473] [INFO ] [T001] [MainWindow] 开始监控：S:\Cache\A\Test -> A:\Test.original
[2025-09-22 09:59:25.473] [INFO ] [T001] [MainWindow] 文件监控启动成功
[2025-09-22 09:59:25.473] [INFO ] [T001] [MainWindow] 启动性能监控...
[2025-09-22 09:59:25.473] [INFO ] [T001] [MainWindow] 缓存加速初始化完成！
[2025-09-22 09:59:25.475] [INFO ] [T001] [MainWindow] ✅ 加速完成：A:\Test
[2025-09-22 09:59:31.085] [INFO ] [T008] [FileSyncService] 检测到文件变化，等待写入完成: A
[2025-09-22 09:59:31.085] [INFO ] [T008] [FileSyncService] 检测到目录变化: A
[2025-09-22 09:59:31.085] [INFO ] [T008] [FileSyncService] 目录准备就绪，开始同步: A
[2025-09-22 09:59:31.086] [INFO ] [T009] [MainWindow] 开始同步文件：A
[2025-09-22 09:59:31.088] [INFO ] [T004] [MainWindow] 开始同步目录: A
[2025-09-22 09:59:31.091] [INFO ] [T004] [MainWindow] 目录同步完成: A
[2025-09-22 09:59:31.091] [INFO ] [T011] [FileSyncService] 文件处理完成，清理锁: A
[2025-09-22 09:59:45.967] [INFO ] [T004] [FileSyncService] 检测到Deleted事件: A
[2025-09-22 09:59:45.968] [INFO ] [T018] [FileSyncService] 开始处理Deleted事件: A, 缓存根目录: S:\Cache\A\Test
[2025-09-22 09:59:45.968] [INFO ] [T018] [FileSyncService] 创建删除队列项: A
[2025-09-22 09:59:45.968] [INFO ] [T004] [MainWindow] 正在删除: A
[2025-09-22 09:59:45.969] [INFO ] [T008] [MainWindow] 开始同步文件：A
[2025-09-22 09:59:45.970] [INFO ] [T019] [MainWindow] 删除完成: A
[2025-09-22 09:59:52.743] [INFO ] [T006] [FileSyncService] 检测到文件变化，等待写入完成: A
[2025-09-22 09:59:52.743] [INFO ] [T006] [FileSyncService] 检测到目录变化: A
[2025-09-22 09:59:52.743] [INFO ] [T006] [FileSyncService] 目录准备就绪，开始同步: A
[2025-09-22 09:59:52.743] [INFO ] [T008] [MainWindow] 开始同步文件：A
[2025-09-22 09:59:52.744] [INFO ] [T011] [MainWindow] 开始同步目录: A
[2025-09-22 09:59:52.745] [INFO ] [T006] [FileSyncService] 文件处理完成，清理锁: A
[2025-09-22 09:59:52.745] [INFO ] [T011] [MainWindow] 目录同步完成: A
[2025-09-22 09:59:59.391] [INFO ] [T011] [FileSyncService] 检测到Deleted事件: A
[2025-09-22 09:59:59.391] [INFO ] [T008] [FileSyncService] 开始处理Deleted事件: A, 缓存根目录: S:\Cache\A\Test
[2025-09-22 09:59:59.391] [INFO ] [T008] [FileSyncService] 创建删除队列项: A
[2025-09-22 09:59:59.391] [INFO ] [T008] [MainWindow] 正在删除: A
[2025-09-22 09:59:59.391] [INFO ] [T020] [MainWindow] 开始同步文件：A
[2025-09-22 09:59:59.392] [INFO ] [T020] [MainWindow] 删除完成: A
[2025-09-22 10:00:05.029] [INFO ] [T018] [FileSyncService] 检测到文件变化，等待写入完成: A
[2025-09-22 10:00:05.029] [INFO ] [T018] [FileSyncService] 检测到目录变化: A
[2025-09-22 10:00:05.029] [INFO ] [T018] [FileSyncService] 目录准备就绪，开始同步: A
[2025-09-22 10:00:05.029] [INFO ] [T006] [MainWindow] 开始同步文件：A
[2025-09-22 10:00:05.029] [INFO ] [T009] [MainWindow] 开始同步目录: A
[2025-09-22 10:00:05.031] [INFO ] [T009] [MainWindow] 目录同步完成: A
[2025-09-22 10:00:05.031] [INFO ] [T018] [FileSyncService] 文件处理完成，清理锁: A
[2025-09-22 10:00:09.178] [INFO ] [T006] [FileSyncService] 检测到Deleted事件: A
[2025-09-22 10:00:09.178] [INFO ] [T008] [FileSyncService] 开始处理Deleted事件: A, 缓存根目录: S:\Cache\A\Test
[2025-09-22 10:00:09.178] [INFO ] [T008] [FileSyncService] 创建删除队列项: A
[2025-09-22 10:00:09.178] [INFO ] [T009] [MainWindow] 正在删除: A
[2025-09-22 10:00:09.178] [INFO ] [T011] [MainWindow] 开始同步文件：A
[2025-09-22 10:00:09.179] [INFO ] [T011] [MainWindow] 删除完成: A
[2025-09-22 10:00:22.004] [INFO ] [T006] [FileSyncService] 检测到文件变化，等待写入完成: A
[2025-09-22 10:00:22.004] [INFO ] [T006] [FileSyncService] 检测到目录变化: A
[2025-09-22 10:00:22.004] [INFO ] [T006] [FileSyncService] 目录准备就绪，开始同步: A
[2025-09-22 10:00:22.004] [INFO ] [T019] [MainWindow] 开始同步文件：A
[2025-09-22 10:00:22.004] [INFO ] [T011] [MainWindow] 开始同步目录: A
[2025-09-22 10:00:22.006] [INFO ] [T006] [FileSyncService] 文件处理完成，清理锁: A
[2025-09-22 10:00:22.006] [INFO ] [T020] [MainWindow] 目录同步完成: A
[2025-09-22 10:00:25.554] [INFO ] [T020] [FileSyncService] 检测到Deleted事件: A
[2025-09-22 10:00:25.554] [INFO ] [T006] [FileSyncService] 开始处理Deleted事件: A, 缓存根目录: S:\Cache\A\Test
[2025-09-22 10:00:25.554] [INFO ] [T006] [FileSyncService] 创建删除队列项: A
[2025-09-22 10:00:25.554] [INFO ] [T019] [MainWindow] 正在删除: A
[2025-09-22 10:00:25.554] [INFO ] [T011] [MainWindow] 开始同步文件：A
[2025-09-22 10:00:25.555] [INFO ] [T009] [MainWindow] 删除完成: A
