[2025-09-21 17:06:15.021] [INFO ] [T001] [FastCopyService] FastCopy服务初始化: C:\Program Files\FastCopy64\fcp.exe
[2025-09-21 17:06:15.045] [INFO ] [T001] [FastCopyService] 系统中没有发现FastCopy进程
[2025-09-21 17:06:15.048] [INFO ] [T001] [FastCopyService] FastCopy服务初始化: C:\Program Files\FastCopy64\fcp.exe
[2025-09-21 17:06:15.062] [INFO ] [T001] [FastCopyService] 系统中没有发现FastCopy进程
[2025-09-21 17:06:15.063] [INFO ] [T001] [FileSyncService] FastCopy最大并发数设置为: 3
[2025-09-21 17:06:15.063] [INFO ] [T001] [FileSyncService] FileSyncService 初始化完成
[2025-09-21 17:06:15.064] [INFO ] [T001] [FastCopyService] FastCopy服务初始化: C:\Program Files\FastCopy64\fcp.exe
[2025-09-21 17:06:15.074] [INFO ] [T001] [FastCopyService] 系统中没有发现FastCopy进程
[2025-09-21 17:06:15.162] [INFO ] [T001] [MainWindow] 记录加速状态：A:\Test -> 激活
[2025-09-21 17:06:15.167] [INFO ] [T001] [MainWindow] 恢复文件同步监控：S:\Cache\Test -> A:\Test.original
[2025-09-21 17:06:15.168] [INFO ] [T006] [MainWindow] 开始监控：S:\Cache\Test (模式：Immediate，延迟：3秒)
[2025-09-21 17:06:15.168] [INFO ] [T001] [MainWindow] 开始性能监控: A:\Test -> S:\Cache\Test
[2025-09-21 17:06:15.168] [INFO ] [T001] [MainWindow] 恢复性能监控：A:\Test
[2025-09-21 17:06:15.168] [INFO ] [T001] [MainWindow] 恢复加速状态记录：A:\Test - 活跃
[2025-09-21 17:06:25.051] [INFO ] [T010] [FileSyncService] 检测到文件变化，等待写入完成: Ibanez A
[2025-09-21 17:06:25.051] [INFO ] [T004] [FileSyncService] 检测到文件变化，等待写入完成: Ibanez A
[2025-09-21 17:06:25.052] [INFO ] [T004] [FileSyncService] 文件已被删除，跳过同步: Ibanez A
[2025-09-21 17:06:25.052] [INFO ] [T010] [FileSyncService] 文件已被删除，跳过同步: Ibanez A
[2025-09-21 17:06:25.054] [INFO ] [T006] [FileSyncService] 检测到文件变化，等待写入完成: 主机位
[2025-09-21 17:06:25.054] [INFO ] [T006] [FileSyncService] 文件已被删除，跳过同步: 主机位
[2025-09-21 17:06:25.055] [INFO ] [T008] [FileSyncService] 检测到文件变化，等待写入完成: 主机位
[2025-09-21 17:06:25.055] [INFO ] [T008] [FileSyncService] 文件已被删除，跳过同步: 主机位
[2025-09-21 17:06:25.062] [INFO ] [T007] [FileSyncService] 检测到文件变化，等待写入完成: C1712.MP4
[2025-09-21 17:06:25.062] [INFO ] [T017] [FileSyncService] 检测到文件变化，等待写入完成: C1712.MP4
[2025-09-21 17:06:26.416] [INFO ] [T017] [FileSyncService] 文件已在处理队列中，跳过重复事件: C1712.MP4
[2025-09-21 17:06:26.423] [INFO ] [T017] [FileSyncService] 检测到文件变化，等待写入完成: 主机位
[2025-09-21 17:06:26.423] [INFO ] [T017] [FileSyncService] 文件已被删除，跳过同步: 主机位
[2025-09-21 17:06:26.426] [INFO ] [T006] [FileSyncService] 检测到文件变化，等待写入完成: C1713.MP4
[2025-09-21 17:06:26.426] [INFO ] [T007] [FileSyncService] 文件已在处理队列中，跳过重复事件: C1713.MP4
[2025-09-21 17:06:27.065] [INFO ] [T006] [FileSyncService] 文件写入已完成，准备同步: C1712.MP4
[2025-09-21 17:06:27.065] [INFO ] [T008] [FileSyncService] 文件写入已完成，准备同步: C1712.MP4
[2025-09-21 17:06:27.067] [INFO ] [T017] [MainWindow] 开始同步文件：C1712.MP4
[2025-09-21 17:06:27.068] [INFO ] [T004] [MainWindow] 开始同步文件：C1712.MP4
[2025-09-21 17:06:27.070] [INFO ] [T018] [MainWindow] 已获取文件锁定，开始同步: C1712.MP4
[2025-09-21 17:06:27.070] [INFO ] [T004] [MainWindow] 已获取文件锁定，开始同步: C1712.MP4
[2025-09-21 17:06:27.072] [INFO ] [T010] [FileSyncService] 获取FastCopy并发许可，开始复制: C1712.MP4
[2025-09-21 17:06:27.072] [INFO ] [T007] [FileSyncService] 获取FastCopy并发许可，开始复制: C1712.MP4
[2025-09-21 17:06:27.077] [INFO ] [T007] [FastCopyService] FastCopy服务初始化: C:\Program Files\FastCopy64\fcp.exe
[2025-09-21 17:06:27.077] [INFO ] [T010] [FastCopyService] FastCopy服务初始化: C:\Program Files\FastCopy64\fcp.exe
[2025-09-21 17:06:27.095] [INFO ] [T007] [FastCopyService] 系统中没有发现FastCopy进程
[2025-09-21 17:06:27.095] [INFO ] [T010] [FastCopyService] 系统中没有发现FastCopy进程
[2025-09-21 17:06:27.096] [INFO ] [T007] [FastCopyService] 开始FastCopy复制: S:\Cache\Test\Ibanez A\主机位\C1712.MP4 -> A:\Test.original\Ibanez A\主机位\C1712.MP4
[2025-09-21 17:06:27.096] [INFO ] [T010] [FastCopyService] 开始FastCopy复制: S:\Cache\Test\Ibanez A\主机位\C1712.MP4 -> A:\Test.original\Ibanez A\主机位\C1712.MP4
[2025-09-21 17:06:27.097] [INFO ] [T018] [MainWindow] 正在复制: C1712.MP4
[2025-09-21 17:06:27.097] [INFO ] [T004] [MainWindow] 正在复制: C1712.MP4
[2025-09-21 17:06:27.119] [INFO ] [T007] [FastCopyService] 启动FastCopy进程 (PID: 78560): C1712.MP4
[2025-09-21 17:06:27.128] [INFO ] [T010] [FastCopyService] 启动FastCopy进程 (PID: 86360): C1712.MP4
[2025-09-21 17:06:27.591] [INFO ] [T006] [FileSyncService] 文件已在处理队列中，跳过重复事件: C1713.MP4
[2025-09-21 17:06:27.601] [INFO ] [T006] [FileSyncService] 检测到文件变化，等待写入完成: 主机位
[2025-09-21 17:06:27.601] [INFO ] [T006] [FileSyncService] 文件已被删除，跳过同步: 主机位
[2025-09-21 17:06:27.604] [INFO ] [T008] [FileSyncService] 检测到文件变化，等待写入完成: C1714.MP4
[2025-09-21 17:06:27.604] [INFO ] [T006] [FileSyncService] 检测到文件变化，等待写入完成: C1714.MP4
[2025-09-21 17:06:28.428] [INFO ] [T021] [FileSyncService] 文件写入已完成，准备同步: C1713.MP4
[2025-09-21 17:06:28.428] [INFO ] [T021] [FileSyncService] 获取FastCopy并发许可，开始复制: C1713.MP4
[2025-09-21 17:06:28.428] [INFO ] [T006] [MainWindow] 已获取文件锁定，开始同步: C1713.MP4
[2025-09-21 17:06:28.429] [INFO ] [T021] [FastCopyService] FastCopy服务初始化: C:\Program Files\FastCopy64\fcp.exe
[2025-09-21 17:06:28.429] [INFO ] [T023] [MainWindow] 开始同步文件：C1713.MP4
[2025-09-21 17:06:28.443] [INFO ] [T021] [FastCopyService] 检测到系统中有 2 个FastCopy进程正在运行
[2025-09-21 17:06:28.443] [DEBUG] [T021] [FastCopyService] FastCopy进程: PID=78560, 启动时间=2025-09-21 17:06:27
[2025-09-21 17:06:28.443] [DEBUG] [T021] [FastCopyService] FastCopy进程: PID=86360, 启动时间=2025-09-21 17:06:27
[2025-09-21 17:06:28.443] [INFO ] [T021] [FastCopyService] 开始FastCopy复制: S:\Cache\Test\Ibanez A\主机位\C1713.MP4 -> A:\Test.original\Ibanez A\主机位\C1713.MP4
[2025-09-21 17:06:28.444] [INFO ] [T006] [MainWindow] 正在复制: C1713.MP4
[2025-09-21 17:06:28.452] [INFO ] [T021] [FastCopyService] 启动FastCopy进程 (PID: 86904): C1713.MP4
[2025-09-21 17:06:28.903] [INFO ] [T017] [FileSyncService] 文件已在处理队列中，跳过重复事件: C1714.MP4
[2025-09-21 17:06:28.944] [INFO ] [T010] [FileSyncService] 检测到文件变化，等待写入完成: 主机位
[2025-09-21 17:06:28.944] [INFO ] [T010] [FileSyncService] 文件已被删除，跳过同步: 主机位
[2025-09-21 17:06:28.947] [INFO ] [T021] [FileSyncService] 检测到文件变化，等待写入完成: C1715.MP4
[2025-09-21 17:06:28.947] [INFO ] [T008] [FileSyncService] 文件已在处理队列中，跳过重复事件: C1715.MP4
[2025-09-21 17:06:29.379] [INFO ] [T010] [FileSyncService] 检测到文件变化，等待写入完成: 主机位
[2025-09-21 17:06:29.379] [INFO ] [T010] [FileSyncService] 文件已被删除，跳过同步: 主机位
[2025-09-21 17:06:29.606] [INFO ] [T010] [FileSyncService] 文件写入已完成，准备同步: C1714.MP4
[2025-09-21 17:06:29.606] [INFO ] [T021] [FileSyncService] 文件写入已完成，准备同步: C1714.MP4
[2025-09-21 17:06:29.607] [INFO ] [T008] [MainWindow] 开始同步文件：C1714.MP4
[2025-09-21 17:06:29.607] [INFO ] [T024] [MainWindow] 已获取文件锁定，开始同步: C1714.MP4
[2025-09-21 17:06:29.607] [INFO ] [T008] [MainWindow] 已获取文件锁定，开始同步: C1714.MP4
[2025-09-21 17:06:29.607] [INFO ] [T008] [MainWindow] 开始同步文件：C1714.MP4
[2025-09-21 17:06:30.694] [INFO ] [T010] [FileSyncService] 文件已在处理队列中，跳过重复事件: C1715.MP4
[2025-09-21 17:06:30.703] [INFO ] [T025] [FileSyncService] 检测到文件变化，等待写入完成: C1716.MP4
[2025-09-21 17:06:30.704] [INFO ] [T024] [FileSyncService] 文件已在处理队列中，跳过重复事件: C1716.MP4
[2025-09-21 17:06:30.947] [INFO ] [T021] [FileSyncService] 文件写入已完成，准备同步: C1715.MP4
[2025-09-21 17:06:30.947] [INFO ] [T025] [MainWindow] 开始同步文件：C1715.MP4
[2025-09-21 17:06:30.948] [INFO ] [T017] [MainWindow] 已获取文件锁定，开始同步: C1715.MP4
[2025-09-21 17:06:32.476] [INFO ] [T023] [FastCopyService] FastCopy复制成功: S:\Cache\Test\Ibanez A\主机位\C1713.MP4 -> A:\Test.original\Ibanez A\主机位\C1713.MP4
[2025-09-21 17:06:32.476] [INFO ] [T006] [MainWindow] 复制完成: C1713.MP4
[2025-09-21 17:06:32.477] [INFO ] [T023] [FileSyncService] 释放FastCopy并发许可: C1713.MP4
[2025-09-21 17:06:32.477] [INFO ] [T008] [FileSyncService] 获取FastCopy并发许可，开始复制: C1714.MP4
[2025-09-21 17:06:32.477] [INFO ] [T022] [MainWindow] 同步完成，释放文件锁定: C1713.MP4
[2025-09-21 17:06:32.478] [INFO ] [T008] [FastCopyService] FastCopy服务初始化: C:\Program Files\FastCopy64\fcp.exe
[2025-09-21 17:06:32.478] [INFO ] [T023] [FileSyncService] 文件处理完成，清理锁: C1713.MP4
[2025-09-21 17:06:32.492] [INFO ] [T008] [FastCopyService] 检测到系统中有 2 个FastCopy进程正在运行
[2025-09-21 17:06:32.492] [DEBUG] [T008] [FastCopyService] FastCopy进程: PID=78560, 启动时间=2025-09-21 17:06:27
[2025-09-21 17:06:32.492] [DEBUG] [T008] [FastCopyService] FastCopy进程: PID=86360, 启动时间=2025-09-21 17:06:27
[2025-09-21 17:06:32.492] [INFO ] [T008] [FastCopyService] 开始FastCopy复制: S:\Cache\Test\Ibanez A\主机位\C1714.MP4 -> A:\Test.original\Ibanez A\主机位\C1714.MP4
[2025-09-21 17:06:32.493] [INFO ] [T022] [MainWindow] 正在复制: C1714.MP4
[2025-09-21 17:06:32.501] [INFO ] [T008] [FastCopyService] 启动FastCopy进程 (PID: 64884): C1714.MP4
[2025-09-21 17:06:32.916] [INFO ] [T008] [FileSyncService] 文件已在处理队列中，跳过重复事件: C1716.MP4
[2025-09-21 17:06:33.163] [INFO ] [T017] [FileSyncService] 检测到文件变化，等待写入完成: 主机位
[2025-09-21 17:06:33.163] [INFO ] [T017] [FileSyncService] 文件已被删除，跳过同步: 主机位
[2025-09-21 17:06:33.165] [INFO ] [T023] [FileSyncService] 检测到文件变化，等待写入完成: C1717.MP4
[2025-09-21 17:06:33.165] [INFO ] [T008] [FileSyncService] 文件已在处理队列中，跳过重复事件: C1717.MP4
[2025-09-21 17:06:33.466] [INFO ] [T007] [FastCopyService] FastCopy复制成功: S:\Cache\Test\Ibanez A\主机位\C1712.MP4 -> A:\Test.original\Ibanez A\主机位\C1712.MP4
[2025-09-21 17:06:33.466] [INFO ] [T007] [FileSyncService] 释放FastCopy并发许可: C1712.MP4
[2025-09-21 17:06:33.466] [INFO ] [T023] [MainWindow] 复制完成: C1712.MP4
[2025-09-21 17:06:33.466] [INFO ] [T019] [FileSyncService] 获取FastCopy并发许可，开始复制: C1714.MP4
[2025-09-21 17:06:33.467] [INFO ] [T026] [MainWindow] 同步完成，释放文件锁定: C1712.MP4
[2025-09-21 17:06:33.467] [INFO ] [T019] [FastCopyService] FastCopy服务初始化: C:\Program Files\FastCopy64\fcp.exe
[2025-09-21 17:06:33.467] [INFO ] [T007] [FileSyncService] 文件处理完成，清理锁: C1712.MP4
[2025-09-21 17:06:33.481] [INFO ] [T019] [FastCopyService] 检测到系统中有 2 个FastCopy进程正在运行
[2025-09-21 17:06:33.481] [DEBUG] [T019] [FastCopyService] FastCopy进程: PID=78560, 启动时间=2025-09-21 17:06:27
[2025-09-21 17:06:33.481] [DEBUG] [T019] [FastCopyService] FastCopy进程: PID=64884, 启动时间=2025-09-21 17:06:32
[2025-09-21 17:06:33.481] [INFO ] [T019] [FastCopyService] 开始FastCopy复制: S:\Cache\Test\Ibanez A\主机位\C1714.MP4 -> A:\Test.original\Ibanez A\主机位\C1714.MP4
[2025-09-21 17:06:33.482] [INFO ] [T026] [MainWindow] 正在复制: C1714.MP4
[2025-09-21 17:06:33.491] [INFO ] [T019] [FastCopyService] 启动FastCopy进程 (PID: 83188): C1714.MP4
[2025-09-21 17:06:33.519] [INFO ] [T018] [FastCopyService] FastCopy复制成功: S:\Cache\Test\Ibanez A\主机位\C1712.MP4 -> A:\Test.original\Ibanez A\主机位\C1712.MP4
[2025-09-21 17:06:33.519] [INFO ] [T018] [FileSyncService] 释放FastCopy并发许可: C1712.MP4
[2025-09-21 17:06:33.519] [INFO ] [T019] [FileSyncService] 获取FastCopy并发许可，开始复制: C1715.MP4
[2025-09-21 17:06:33.519] [INFO ] [T017] [MainWindow] 同步完成，释放文件锁定: C1712.MP4
[2025-09-21 17:06:33.519] [INFO ] [T007] [MainWindow] 复制完成: C1712.MP4
[2025-09-21 17:06:33.520] [INFO ] [T019] [FastCopyService] FastCopy服务初始化: C:\Program Files\FastCopy64\fcp.exe
[2025-09-21 17:06:33.533] [INFO ] [T019] [FastCopyService] 检测到系统中有 2 个FastCopy进程正在运行
[2025-09-21 17:06:33.533] [DEBUG] [T019] [FastCopyService] FastCopy进程: PID=64884, 启动时间=2025-09-21 17:06:32
[2025-09-21 17:06:33.533] [DEBUG] [T019] [FastCopyService] FastCopy进程: PID=83188, 启动时间=2025-09-21 17:06:33
[2025-09-21 17:06:33.533] [INFO ] [T019] [FastCopyService] 开始FastCopy复制: S:\Cache\Test\Ibanez A\主机位\C1715.MP4 -> A:\Test.original\Ibanez A\主机位\C1715.MP4
[2025-09-21 17:06:33.533] [INFO ] [T007] [MainWindow] 正在复制: C1715.MP4
[2025-09-21 17:06:33.542] [INFO ] [T019] [FastCopyService] 启动FastCopy进程 (PID: 81460): C1715.MP4
[2025-09-21 17:06:33.704] [INFO ] [T019] [FileSyncService] 文件写入已完成，准备同步: C1716.MP4
[2025-09-21 17:06:33.704] [INFO ] [T018] [MainWindow] 开始同步文件：C1716.MP4
[2025-09-21 17:06:33.705] [INFO ] [T025] [MainWindow] 已获取文件锁定，开始同步: C1716.MP4
[2025-09-21 17:06:34.248] [INFO ] [T024] [FileSyncService] 检测到文件变化，等待写入完成: 主机位
[2025-09-21 17:06:34.248] [INFO ] [T024] [FileSyncService] 文件已被删除，跳过同步: 主机位
[2025-09-21 17:06:35.600] [INFO ] [T025] [FileSyncService] 文件已在处理队列中，跳过重复事件: C1717.MP4
[2025-09-21 17:06:35.774] [INFO ] [T008] [FileSyncService] 检测到文件变化，等待写入完成: C1718.MP4
[2025-09-21 17:06:35.774] [INFO ] [T025] [FileSyncService] 检测到文件变化，等待写入完成: C1718.MP4
[2025-09-21 17:06:36.167] [INFO ] [T008] [FileSyncService] 文件写入已完成，准备同步: C1717.MP4
[2025-09-21 17:06:36.167] [INFO ] [T024] [MainWindow] 开始同步文件：C1717.MP4
[2025-09-21 17:06:36.167] [INFO ] [T004] [MainWindow] 已获取文件锁定，开始同步: C1717.MP4
[2025-09-21 17:06:37.144] [INFO ] [T018] [FileSyncService] 文件已在处理队列中，跳过重复事件: C1718.MP4
[2025-09-21 17:06:37.150] [INFO ] [T018] [FileSyncService] 检测到文件变化，等待写入完成: 主机位
[2025-09-21 17:06:37.150] [INFO ] [T018] [FileSyncService] 文件已被删除，跳过同步: 主机位
[2025-09-21 17:06:37.153] [INFO ] [T025] [FileSyncService] 检测到文件变化，等待写入完成: C1719.MP4
[2025-09-21 17:06:37.153] [INFO ] [T004] [FileSyncService] 文件已在处理队列中，跳过重复事件: C1719.MP4
[2025-09-21 17:06:37.775] [INFO ] [T024] [FileSyncService] 文件写入已完成，准备同步: C1718.MP4
[2025-09-21 17:06:37.776] [INFO ] [T025] [FileSyncService] 文件写入已完成，准备同步: C1718.MP4
[2025-09-21 17:06:37.776] [INFO ] [T008] [MainWindow] 开始同步文件：C1718.MP4
[2025-09-21 17:06:37.776] [INFO ] [T019] [MainWindow] 已获取文件锁定，开始同步: C1718.MP4
[2025-09-21 17:06:37.776] [INFO ] [T027] [MainWindow] 已获取文件锁定，开始同步: C1718.MP4
[2025-09-21 17:06:37.777] [INFO ] [T028] [MainWindow] 开始同步文件：C1718.MP4
[2025-09-21 17:06:37.888] [INFO ] [T022] [FastCopyService] FastCopy复制成功: S:\Cache\Test\Ibanez A\主机位\C1714.MP4 -> A:\Test.original\Ibanez A\主机位\C1714.MP4
[2025-09-21 17:06:37.889] [INFO ] [T027] [MainWindow] 复制完成: C1714.MP4
[2025-09-21 17:06:37.889] [INFO ] [T028] [FileSyncService] 获取FastCopy并发许可，开始复制: C1716.MP4
[2025-09-21 17:06:37.889] [INFO ] [T022] [FileSyncService] 释放FastCopy并发许可: C1714.MP4
[2025-09-21 17:06:37.889] [INFO ] [T006] [MainWindow] 同步完成，释放文件锁定: C1714.MP4
[2025-09-21 17:06:37.889] [INFO ] [T028] [FastCopyService] FastCopy服务初始化: C:\Program Files\FastCopy64\fcp.exe
[2025-09-21 17:06:37.889] [INFO ] [T022] [FileSyncService] 文件处理完成，清理锁: C1714.MP4
[2025-09-21 17:06:37.906] [INFO ] [T028] [FastCopyService] 检测到系统中有 2 个FastCopy进程正在运行
[2025-09-21 17:06:37.906] [DEBUG] [T028] [FastCopyService] FastCopy进程: PID=83188, 启动时间=2025-09-21 17:06:33
[2025-09-21 17:06:37.906] [DEBUG] [T028] [FastCopyService] FastCopy进程: PID=81460, 启动时间=2025-09-21 17:06:33
[2025-09-21 17:06:37.907] [INFO ] [T028] [FastCopyService] 开始FastCopy复制: S:\Cache\Test\Ibanez A\主机位\C1716.MP4 -> A:\Test.original\Ibanez A\主机位\C1716.MP4
[2025-09-21 17:06:37.907] [INFO ] [T022] [MainWindow] 正在复制: C1716.MP4
[2025-09-21 17:06:37.916] [INFO ] [T028] [FastCopyService] 启动FastCopy进程 (PID: 80992): C1716.MP4
[2025-09-21 17:06:37.937] [INFO ] [T026] [FastCopyService] FastCopy复制成功: S:\Cache\Test\Ibanez A\主机位\C1714.MP4 -> A:\Test.original\Ibanez A\主机位\C1714.MP4
[2025-09-21 17:06:37.937] [INFO ] [T026] [FileSyncService] 释放FastCopy并发许可: C1714.MP4
[2025-09-21 17:06:37.937] [INFO ] [T028] [FileSyncService] 获取FastCopy并发许可，开始复制: C1717.MP4
[2025-09-21 17:06:37.937] [INFO ] [T019] [MainWindow] 同步完成，释放文件锁定: C1714.MP4
[2025-09-21 17:06:37.937] [INFO ] [T027] [MainWindow] 复制完成: C1714.MP4
[2025-09-21 17:06:37.937] [INFO ] [T028] [FastCopyService] FastCopy服务初始化: C:\Program Files\FastCopy64\fcp.exe
[2025-09-21 17:06:37.953] [INFO ] [T028] [FastCopyService] 检测到系统中有 2 个FastCopy进程正在运行
[2025-09-21 17:06:37.953] [DEBUG] [T028] [FastCopyService] FastCopy进程: PID=81460, 启动时间=2025-09-21 17:06:33
[2025-09-21 17:06:37.953] [DEBUG] [T028] [FastCopyService] FastCopy进程: PID=80992, 启动时间=2025-09-21 17:06:37
[2025-09-21 17:06:37.953] [INFO ] [T028] [FastCopyService] 开始FastCopy复制: S:\Cache\Test\Ibanez A\主机位\C1717.MP4 -> A:\Test.original\Ibanez A\主机位\C1717.MP4
[2025-09-21 17:06:37.953] [INFO ] [T023] [MainWindow] 正在复制: C1717.MP4
[2025-09-21 17:06:37.962] [INFO ] [T028] [FastCopyService] 启动FastCopy进程 (PID: 77532): C1717.MP4
[2025-09-21 17:06:38.335] [INFO ] [T023] [FileSyncService] 文件已在处理队列中，跳过重复事件: C1719.MP4
[2025-09-21 17:06:38.495] [INFO ] [T028] [FileSyncService] 检测到文件变化，等待写入完成: 主机位
[2025-09-21 17:06:38.495] [INFO ] [T028] [FileSyncService] 文件已被删除，跳过同步: 主机位
[2025-09-21 17:06:38.498] [INFO ] [T023] [FileSyncService] 检测到文件变化，等待写入完成: C1720.MP4
[2025-09-21 17:06:38.498] [INFO ] [T028] [FileSyncService] 文件已在处理队列中，跳过重复事件: C1720.MP4
[2025-09-21 17:06:38.921] [INFO ] [T007] [FastCopyService] FastCopy复制成功: S:\Cache\Test\Ibanez A\主机位\C1715.MP4 -> A:\Test.original\Ibanez A\主机位\C1715.MP4
[2025-09-21 17:06:38.921] [INFO ] [T007] [FileSyncService] 释放FastCopy并发许可: C1715.MP4
[2025-09-21 17:06:38.921] [INFO ] [T017] [FileSyncService] 获取FastCopy并发许可，开始复制: C1718.MP4
[2025-09-21 17:06:38.921] [INFO ] [T028] [MainWindow] 复制完成: C1715.MP4
[2025-09-21 17:06:38.921] [INFO ] [T023] [MainWindow] 同步完成，释放文件锁定: C1715.MP4
[2025-09-21 17:06:38.922] [INFO ] [T017] [FastCopyService] FastCopy服务初始化: C:\Program Files\FastCopy64\fcp.exe
[2025-09-21 17:06:38.923] [INFO ] [T007] [FileSyncService] 文件处理完成，清理锁: C1715.MP4
[2025-09-21 17:06:38.934] [INFO ] [T017] [FastCopyService] 检测到系统中有 2 个FastCopy进程正在运行
[2025-09-21 17:06:38.934] [DEBUG] [T017] [FastCopyService] FastCopy进程: PID=80992, 启动时间=2025-09-21 17:06:37
[2025-09-21 17:06:38.934] [DEBUG] [T017] [FastCopyService] FastCopy进程: PID=77532, 启动时间=2025-09-21 17:06:37
[2025-09-21 17:06:38.935] [INFO ] [T017] [FastCopyService] 开始FastCopy复制: S:\Cache\Test\Ibanez A\主机位\C1718.MP4 -> A:\Test.original\Ibanez A\主机位\C1718.MP4
[2025-09-21 17:06:38.935] [INFO ] [T023] [MainWindow] 正在复制: C1718.MP4
[2025-09-21 17:06:38.944] [INFO ] [T017] [FastCopyService] 启动FastCopy进程 (PID: 84064): C1718.MP4
[2025-09-21 17:06:39.153] [INFO ] [T017] [FileSyncService] 文件写入已完成，准备同步: C1719.MP4
[2025-09-21 17:06:39.153] [INFO ] [T023] [MainWindow] 开始同步文件：C1719.MP4
[2025-09-21 17:06:39.154] [INFO ] [T028] [MainWindow] 已获取文件锁定，开始同步: C1719.MP4
[2025-09-21 17:06:39.404] [INFO ] [T028] [FileSyncService] 文件已在处理队列中，跳过重复事件: C1720.MP4
[2025-09-21 17:06:39.413] [INFO ] [T028] [FileSyncService] 检测到文件变化，等待写入完成: 主机位
[2025-09-21 17:06:39.413] [INFO ] [T028] [FileSyncService] 文件已被删除，跳过同步: 主机位
[2025-09-21 17:06:39.416] [INFO ] [T023] [FileSyncService] 检测到文件变化，等待写入完成: C1721.MP4
[2025-09-21 17:06:39.416] [INFO ] [T025] [FileSyncService] 文件已在处理队列中，跳过重复事件: C1721.MP4
[2025-09-21 17:06:39.498] [INFO ] [T025] [FileSyncService] 文件写入已完成，准备同步: C1720.MP4
[2025-09-21 17:06:39.498] [INFO ] [T019] [MainWindow] 开始同步文件：C1720.MP4
[2025-09-21 17:06:39.498] [INFO ] [T030] [MainWindow] 已获取文件锁定，开始同步: C1720.MP4
[2025-09-21 17:06:40.329] [INFO ] [T030] [FileSyncService] 文件已在处理队列中，跳过重复事件: C1721.MP4
[2025-09-21 17:06:40.331] [INFO ] [T023] [FileSyncService] 检测到文件变化，等待写入完成: 主机位
[2025-09-21 17:06:40.331] [INFO ] [T023] [FileSyncService] 文件已被删除，跳过同步: 主机位
[2025-09-21 17:06:40.340] [INFO ] [T017] [FileSyncService] 检测到文件变化，等待写入完成: C1724.MP4
[2025-09-21 17:06:40.340] [INFO ] [T023] [FileSyncService] 检测到文件变化，等待写入完成: C1724.MP4
[2025-09-21 17:06:40.416] [INFO ] [T019] [FileSyncService] 文件写入已完成，准备同步: C1721.MP4
[2025-09-21 17:06:40.416] [INFO ] [T023] [MainWindow] 开始同步文件：C1721.MP4
[2025-09-21 17:06:40.416] [INFO ] [T028] [MainWindow] 已获取文件锁定，开始同步: C1721.MP4
[2025-09-21 17:06:40.682] [INFO ] [T028] [FileSyncService] 检测到文件变化，等待写入完成: 主机位
[2025-09-21 17:06:40.682] [INFO ] [T028] [FileSyncService] 文件已被删除，跳过同步: 主机位
[2025-09-21 17:06:41.257] [INFO ] [T030] [FileSyncService] 文件已在处理队列中，跳过重复事件: C1724.MP4
[2025-09-21 17:06:41.268] [INFO ] [T028] [FileSyncService] 检测到文件变化，等待写入完成: C1725.MP4
[2025-09-21 17:06:41.268] [INFO ] [T031] [FileSyncService] 检测到文件变化，等待写入完成: C1725.MP4
[2025-09-21 17:06:41.340] [INFO ] [T019] [FileSyncService] 文件写入已完成，准备同步: C1724.MP4
[2025-09-21 17:06:41.340] [INFO ] [T031] [FileSyncService] 文件写入已完成，准备同步: C1724.MP4
[2025-09-21 17:06:41.341] [INFO ] [T028] [MainWindow] 开始同步文件：C1724.MP4
[2025-09-21 17:06:41.341] [INFO ] [T019] [MainWindow] 开始同步文件：C1724.MP4
[2025-09-21 17:06:41.341] [INFO ] [T021] [MainWindow] 已获取文件锁定，开始同步: C1724.MP4
[2025-09-21 17:06:41.341] [INFO ] [T010] [MainWindow] 已获取文件锁定，开始同步: C1724.MP4
[2025-09-21 17:06:42.209] [INFO ] [T023] [FileSyncService] 文件已在处理队列中，跳过重复事件: C1725.MP4
[2025-09-21 17:06:42.217] [INFO ] [T023] [FileSyncService] 检测到文件变化，等待写入完成: 主机位
[2025-09-21 17:06:42.217] [INFO ] [T023] [FileSyncService] 文件已被删除，跳过同步: 主机位
[2025-09-21 17:06:42.221] [INFO ] [T010] [FileSyncService] 检测到文件变化，等待写入完成: C1726.MP4
[2025-09-21 17:06:42.221] [INFO ] [T023] [FileSyncService] 文件已在处理队列中，跳过重复事件: C1726.MP4
[2025-09-21 17:06:42.723] [INFO ] [T010] [FileSyncService] 文件写入已完成，准备同步: C1725.MP4
[2025-09-21 17:06:42.723] [INFO ] [T023] [FileSyncService] 文件写入已完成，准备同步: C1725.MP4
[2025-09-21 17:06:42.724] [INFO ] [T021] [MainWindow] 开始同步文件：C1725.MP4
[2025-09-21 17:06:42.724] [INFO ] [T025] [MainWindow] 已获取文件锁定，开始同步: C1725.MP4
[2025-09-21 17:06:42.724] [INFO ] [T017] [MainWindow] 已获取文件锁定，开始同步: C1725.MP4
[2025-09-21 17:06:42.724] [INFO ] [T028] [MainWindow] 开始同步文件：C1725.MP4
[2025-09-21 17:06:43.347] [INFO ] [T026] [FastCopyService] FastCopy复制成功: S:\Cache\Test\Ibanez A\主机位\C1718.MP4 -> A:\Test.original\Ibanez A\主机位\C1718.MP4
[2025-09-21 17:06:43.347] [INFO ] [T026] [FileSyncService] 释放FastCopy并发许可: C1718.MP4
[2025-09-21 17:06:43.347] [INFO ] [T007] [MainWindow] 复制完成: C1718.MP4
[2025-09-21 17:06:43.347] [INFO ] [T028] [FileSyncService] 获取FastCopy并发许可，开始复制: C1718.MP4
[2025-09-21 17:06:43.347] [INFO ] [T017] [MainWindow] 同步完成，释放文件锁定: C1718.MP4
[2025-09-21 17:06:43.348] [INFO ] [T026] [FileSyncService] 文件处理完成，清理锁: C1718.MP4
[2025-09-21 17:06:43.348] [INFO ] [T028] [FastCopyService] FastCopy服务初始化: C:\Program Files\FastCopy64\fcp.exe
[2025-09-21 17:06:43.364] [INFO ] [T028] [FastCopyService] 检测到系统中有 2 个FastCopy进程正在运行
[2025-09-21 17:06:43.364] [DEBUG] [T028] [FastCopyService] FastCopy进程: PID=80992, 启动时间=2025-09-21 17:06:37
[2025-09-21 17:06:43.364] [DEBUG] [T028] [FastCopyService] FastCopy进程: PID=77532, 启动时间=2025-09-21 17:06:37
[2025-09-21 17:06:43.365] [INFO ] [T028] [FastCopyService] 开始FastCopy复制: S:\Cache\Test\Ibanez A\主机位\C1718.MP4 -> A:\Test.original\Ibanez A\主机位\C1718.MP4
[2025-09-21 17:06:43.365] [INFO ] [T007] [MainWindow] 正在复制: C1718.MP4
[2025-09-21 17:06:43.375] [INFO ] [T028] [FastCopyService] 启动FastCopy进程 (PID: 86860): C1718.MP4
[2025-09-21 17:06:43.402] [INFO ] [T028] [FileSyncService] 文件已在处理队列中，跳过重复事件: C1726.MP4
[2025-09-21 17:06:43.410] [INFO ] [T028] [FileSyncService] 检测到文件变化，等待写入完成: 主机位
[2025-09-21 17:06:43.410] [INFO ] [T028] [FileSyncService] 文件已被删除，跳过同步: 主机位
[2025-09-21 17:06:43.413] [INFO ] [T028] [FileSyncService] 检测到文件变化，等待写入完成: C1727.MP4
[2025-09-21 17:06:43.413] [INFO ] [T017] [FileSyncService] 文件已在处理队列中，跳过重复事件: C1727.MP4
[2025-09-21 17:06:44.222] [INFO ] [T028] [FileSyncService] 文件写入已完成，准备同步: C1726.MP4
[2025-09-21 17:06:44.222] [INFO ] [T004] [MainWindow] 开始同步文件：C1726.MP4
[2025-09-21 17:06:44.222] [INFO ] [T010] [MainWindow] 已获取文件锁定，开始同步: C1726.MP4
[2025-09-21 17:06:44.415] [INFO ] [T025] [FileSyncService] 检测到文件变化，等待写入完成: 主机位
[2025-09-21 17:06:44.415] [INFO ] [T025] [FileSyncService] 文件已被删除，跳过同步: 主机位
[2025-09-21 17:06:44.443] [INFO ] [T010] [FileSyncService] 文件已在处理队列中，跳过重复事件: C1727.MP4
[2025-09-21 17:06:44.454] [INFO ] [T030] [FileSyncService] 检测到文件变化，等待写入完成: C1728.MP4
[2025-09-21 17:06:44.454] [INFO ] [T004] [FileSyncService] 文件已在处理队列中，跳过重复事件: C1728.MP4
[2025-09-21 17:06:44.840] [INFO ] [T022] [FastCopyService] FastCopy复制成功: S:\Cache\Test\Ibanez A\主机位\C1716.MP4 -> A:\Test.original\Ibanez A\主机位\C1716.MP4
[2025-09-21 17:06:44.840] [INFO ] [T022] [FileSyncService] 释放FastCopy并发许可: C1716.MP4
[2025-09-21 17:06:44.841] [INFO ] [T025] [MainWindow] 同步完成，释放文件锁定: C1716.MP4
[2025-09-21 17:06:44.841] [INFO ] [T004] [MainWindow] 复制完成: C1716.MP4
[2025-09-21 17:06:44.841] [INFO ] [T030] [FileSyncService] 获取FastCopy并发许可，开始复制: C1719.MP4
[2025-09-21 17:06:44.841] [INFO ] [T022] [FileSyncService] 文件处理完成，清理锁: C1716.MP4
[2025-09-21 17:06:44.841] [INFO ] [T030] [FastCopyService] FastCopy服务初始化: C:\Program Files\FastCopy64\fcp.exe
[2025-09-21 17:06:44.856] [INFO ] [T030] [FastCopyService] 检测到系统中有 2 个FastCopy进程正在运行
[2025-09-21 17:06:44.856] [DEBUG] [T030] [FastCopyService] FastCopy进程: PID=77532, 启动时间=2025-09-21 17:06:37
[2025-09-21 17:06:44.856] [DEBUG] [T030] [FastCopyService] FastCopy进程: PID=86860, 启动时间=2025-09-21 17:06:43
[2025-09-21 17:06:44.857] [INFO ] [T030] [FastCopyService] 开始FastCopy复制: S:\Cache\Test\Ibanez A\主机位\C1719.MP4 -> A:\Test.original\Ibanez A\主机位\C1719.MP4
[2025-09-21 17:06:44.857] [INFO ] [T028] [MainWindow] 正在复制: C1719.MP4
[2025-09-21 17:06:44.866] [INFO ] [T030] [FastCopyService] 启动FastCopy进程 (PID: 83304): C1719.MP4
[2025-09-21 17:06:45.366] [INFO ] [T030] [FileSyncService] 文件已在处理队列中，跳过重复事件: C1728.MP4
[2025-09-21 17:06:45.372] [INFO ] [T004] [FileSyncService] 检测到文件变化，等待写入完成: 主机位
[2025-09-21 17:06:45.372] [INFO ] [T004] [FileSyncService] 文件已被删除，跳过同步: 主机位
[2025-09-21 17:06:45.375] [INFO ] [T030] [FileSyncService] 检测到文件变化，等待写入完成: C1729.MP4
[2025-09-21 17:06:45.375] [INFO ] [T028] [FileSyncService] 文件已在处理队列中，跳过重复事件: C1729.MP4
[2025-09-21 17:06:45.414] [INFO ] [T030] [FileSyncService] 文件写入已完成，准备同步: C1727.MP4
[2025-09-21 17:06:45.414] [INFO ] [T028] [MainWindow] 开始同步文件：C1727.MP4
[2025-09-21 17:06:45.414] [INFO ] [T017] [MainWindow] 已获取文件锁定，开始同步: C1727.MP4
[2025-09-21 17:06:45.454] [INFO ] [T017] [FileSyncService] 文件写入已完成，准备同步: C1728.MP4
[2025-09-21 17:06:45.454] [INFO ] [T006] [MainWindow] 开始同步文件：C1728.MP4
[2025-09-21 17:06:45.454] [INFO ] [T017] [MainWindow] 已获取文件锁定，开始同步: C1728.MP4
[2025-09-21 17:06:46.134] [INFO ] [T027] [FastCopyService] FastCopy复制成功: S:\Cache\Test\Ibanez A\主机位\C1717.MP4 -> A:\Test.original\Ibanez A\主机位\C1717.MP4
[2025-09-21 17:06:46.134] [INFO ] [T027] [FileSyncService] 释放FastCopy并发许可: C1717.MP4
[2025-09-21 17:06:46.134] [INFO ] [T010] [FileSyncService] 获取FastCopy并发许可，开始复制: C1720.MP4
[2025-09-21 17:06:46.134] [INFO ] [T024] [MainWindow] 同步完成，释放文件锁定: C1717.MP4
[2025-09-21 17:06:46.134] [INFO ] [T006] [MainWindow] 复制完成: C1717.MP4
[2025-09-21 17:06:46.134] [INFO ] [T027] [FileSyncService] 文件处理完成，清理锁: C1717.MP4
[2025-09-21 17:06:46.135] [INFO ] [T010] [FastCopyService] FastCopy服务初始化: C:\Program Files\FastCopy64\fcp.exe
[2025-09-21 17:06:46.152] [INFO ] [T010] [FastCopyService] 检测到系统中有 2 个FastCopy进程正在运行
[2025-09-21 17:06:46.152] [DEBUG] [T010] [FastCopyService] FastCopy进程: PID=86860, 启动时间=2025-09-21 17:06:43
[2025-09-21 17:06:46.152] [DEBUG] [T010] [FastCopyService] FastCopy进程: PID=83304, 启动时间=2025-09-21 17:06:44
[2025-09-21 17:06:46.152] [INFO ] [T010] [FastCopyService] 开始FastCopy复制: S:\Cache\Test\Ibanez A\主机位\C1720.MP4 -> A:\Test.original\Ibanez A\主机位\C1720.MP4
[2025-09-21 17:06:46.152] [INFO ] [T027] [MainWindow] 正在复制: C1720.MP4
[2025-09-21 17:06:46.162] [INFO ] [T010] [FastCopyService] 启动FastCopy进程 (PID: 70684): C1720.MP4
[2025-09-21 17:06:46.221] [INFO ] [T010] [FileSyncService] 检测到文件变化，等待写入完成: 主机位
[2025-09-21 17:06:46.221] [INFO ] [T010] [FileSyncService] 文件已被删除，跳过同步: 主机位
[2025-09-21 17:06:46.684] [INFO ] [T010] [FileSyncService] 文件已在处理队列中，跳过重复事件: C1729.MP4
[2025-09-21 17:06:46.876] [INFO ] [T028] [FileSyncService] 检测到文件变化，等待写入完成: C1730.MP4
[2025-09-21 17:06:46.876] [INFO ] [T017] [FileSyncService] 文件已在处理队列中，跳过重复事件: C1730.MP4
[2025-09-21 17:06:47.130] [INFO ] [T007] [FastCopyService] FastCopy复制成功: S:\Cache\Test\Ibanez A\主机位\C1718.MP4 -> A:\Test.original\Ibanez A\主机位\C1718.MP4
[2025-09-21 17:06:47.130] [INFO ] [T026] [MainWindow] 复制完成: C1718.MP4
[2025-09-21 17:06:47.130] [INFO ] [T007] [FileSyncService] 释放FastCopy并发许可: C1718.MP4
[2025-09-21 17:06:47.130] [INFO ] [T028] [FileSyncService] 获取FastCopy并发许可，开始复制: C1721.MP4
[2025-09-21 17:06:47.130] [INFO ] [T017] [MainWindow] 同步完成，释放文件锁定: C1718.MP4
[2025-09-21 17:06:47.131] [INFO ] [T028] [FastCopyService] FastCopy服务初始化: C:\Program Files\FastCopy64\fcp.exe
[2025-09-21 17:06:47.148] [INFO ] [T028] [FastCopyService] 检测到系统中有 2 个FastCopy进程正在运行
[2025-09-21 17:06:47.148] [DEBUG] [T028] [FastCopyService] FastCopy进程: PID=83304, 启动时间=2025-09-21 17:06:44
[2025-09-21 17:06:47.148] [DEBUG] [T028] [FastCopyService] FastCopy进程: PID=70684, 启动时间=2025-09-21 17:06:46
[2025-09-21 17:06:47.148] [INFO ] [T028] [FastCopyService] 开始FastCopy复制: S:\Cache\Test\Ibanez A\主机位\C1721.MP4 -> A:\Test.original\Ibanez A\主机位\C1721.MP4
[2025-09-21 17:06:47.148] [INFO ] [T017] [MainWindow] 正在复制: C1721.MP4
[2025-09-21 17:06:47.158] [INFO ] [T028] [FastCopyService] 启动FastCopy进程 (PID: 82932): C1721.MP4
[2025-09-21 17:06:47.377] [INFO ] [T028] [FileSyncService] 文件写入已完成，准备同步: C1729.MP4
[2025-09-21 17:06:47.377] [INFO ] [T007] [MainWindow] 开始同步文件：C1729.MP4
[2025-09-21 17:06:47.377] [INFO ] [T019] [MainWindow] 已获取文件锁定，开始同步: C1729.MP4
[2025-09-21 17:06:47.927] [INFO ] [T019] [FileSyncService] 文件已在处理队列中，跳过重复事件: C1730.MP4
[2025-09-21 17:06:47.934] [INFO ] [T010] [FileSyncService] 检测到文件变化，等待写入完成: 主机位
[2025-09-21 17:06:47.934] [INFO ] [T010] [FileSyncService] 文件已被删除，跳过同步: 主机位
[2025-09-21 17:06:47.937] [INFO ] [T010] [FileSyncService] 检测到文件变化，等待写入完成: C1731.MP4
[2025-09-21 17:06:47.937] [INFO ] [T010] [FileSyncService] 文件已在处理队列中，跳过重复事件: C1731.MP4
[2025-09-21 17:06:48.699] [INFO ] [T010] [FileSyncService] 检测到文件变化，等待写入完成: 主机位
[2025-09-21 17:06:48.699] [INFO ] [T010] [FileSyncService] 文件已被删除，跳过同步: 主机位
[2025-09-21 17:06:48.795] [INFO ] [T025] [FastCopyService] FastCopy复制成功: S:\Cache\Test\Ibanez A\主机位\C1719.MP4 -> A:\Test.original\Ibanez A\主机位\C1719.MP4
[2025-09-21 17:06:48.795] [INFO ] [T030] [MainWindow] 复制完成: C1719.MP4
[2025-09-21 17:06:48.795] [INFO ] [T025] [FileSyncService] 释放FastCopy并发许可: C1719.MP4
[2025-09-21 17:06:48.795] [INFO ] [T010] [FileSyncService] 获取FastCopy并发许可，开始复制: C1724.MP4
[2025-09-21 17:06:48.795] [INFO ] [T022] [MainWindow] 同步完成，释放文件锁定: C1719.MP4
[2025-09-21 17:06:48.795] [INFO ] [T010] [FastCopyService] FastCopy服务初始化: C:\Program Files\FastCopy64\fcp.exe
[2025-09-21 17:06:48.795] [INFO ] [T025] [FileSyncService] 文件处理完成，清理锁: C1719.MP4
[2025-09-21 17:06:48.809] [INFO ] [T010] [FastCopyService] 检测到系统中有 2 个FastCopy进程正在运行
[2025-09-21 17:06:48.809] [DEBUG] [T010] [FastCopyService] FastCopy进程: PID=70684, 启动时间=2025-09-21 17:06:46
[2025-09-21 17:06:48.809] [DEBUG] [T010] [FastCopyService] FastCopy进程: PID=82932, 启动时间=2025-09-21 17:06:47
[2025-09-21 17:06:48.810] [INFO ] [T010] [FastCopyService] 开始FastCopy复制: S:\Cache\Test\Ibanez A\主机位\C1724.MP4 -> A:\Test.original\Ibanez A\主机位\C1724.MP4
[2025-09-21 17:06:48.810] [INFO ] [T025] [MainWindow] 正在复制: C1724.MP4
[2025-09-21 17:06:48.818] [INFO ] [T010] [FastCopyService] 启动FastCopy进程 (PID: 80968): C1724.MP4
[2025-09-21 17:06:48.876] [INFO ] [T010] [FileSyncService] 文件写入已完成，准备同步: C1730.MP4
[2025-09-21 17:06:48.876] [INFO ] [T025] [MainWindow] 开始同步文件：C1730.MP4
[2025-09-21 17:06:48.877] [INFO ] [T028] [MainWindow] 已获取文件锁定，开始同步: C1730.MP4
[2025-09-21 17:06:48.973] [INFO ] [T007] [FileSyncService] 文件已在处理队列中，跳过重复事件: C1731.MP4
[2025-09-21 17:06:48.983] [INFO ] [T007] [FileSyncService] 检测到文件变化，等待写入完成: C1732.MP4
[2025-09-21 17:06:48.983] [INFO ] [T019] [FileSyncService] 文件已在处理队列中，跳过重复事件: C1732.MP4
[2025-09-21 17:06:49.199] [INFO ] [T026] [FileSyncService] 检测到文件变化，等待写入完成: 主机位
[2025-09-21 17:06:49.199] [INFO ] [T026] [FileSyncService] 文件已被删除，跳过同步: 主机位
[2025-09-21 17:06:49.938] [INFO ] [T004] [FileSyncService] 文件写入已完成，准备同步: C1731.MP4
[2025-09-21 17:06:49.938] [INFO ] [T007] [MainWindow] 开始同步文件：C1731.MP4
[2025-09-21 17:06:49.939] [INFO ] [T025] [MainWindow] 已获取文件锁定，开始同步: C1731.MP4
[2025-09-21 17:06:49.939] [INFO ] [T019] [FileSyncService] 文件已在处理队列中，跳过重复事件: C1732.MP4
[2025-09-21 17:06:49.949] [INFO ] [T028] [FileSyncService] 检测到文件变化，等待写入完成: C1733.MP4
[2025-09-21 17:06:49.949] [INFO ] [T010] [FileSyncService] 文件已在处理队列中，跳过重复事件: C1733.MP4
[2025-09-21 17:06:49.983] [INFO ] [T028] [FileSyncService] 文件写入已完成，准备同步: C1732.MP4
[2025-09-21 17:06:49.983] [INFO ] [T007] [MainWindow] 开始同步文件：C1732.MP4
[2025-09-21 17:06:49.984] [INFO ] [T019] [MainWindow] 已获取文件锁定，开始同步: C1732.MP4
[2025-09-21 17:06:50.145] [INFO ] [T004] [FileSyncService] 检测到文件变化，等待写入完成: 主机位
[2025-09-21 17:06:50.145] [INFO ] [T004] [FileSyncService] 文件已被删除，跳过同步: 主机位
[2025-09-21 17:06:50.968] [INFO ] [T004] [FileSyncService] 文件已在处理队列中，跳过重复事件: C1733.MP4
[2025-09-21 17:06:50.976] [INFO ] [T026] [FileSyncService] 检测到文件变化，等待写入完成: Ibanez A
[2025-09-21 17:06:50.976] [INFO ] [T026] [FileSyncService] 文件已被删除，跳过同步: Ibanez A
[2025-09-21 17:06:50.978] [INFO ] [T019] [FileSyncService] 检测到文件变化，等待写入完成: 右边机位
[2025-09-21 17:06:50.978] [INFO ] [T004] [FileSyncService] 文件已在处理队列中，跳过重复事件: 右边机位
[2025-09-21 17:06:50.978] [INFO ] [T019] [FileSyncService] 文件已被删除，跳过同步: 右边机位
[2025-09-21 17:06:50.988] [INFO ] [T026] [FileSyncService] 检测到文件变化，等待写入完成: C0009.MP4
[2025-09-21 17:06:50.988] [INFO ] [T004] [FileSyncService] 文件已在处理队列中，跳过重复事件: C0009.MP4
[2025-09-21 17:06:51.145] [INFO ] [T006] [FastCopyService] FastCopy复制成功: S:\Cache\Test\Ibanez A\主机位\C1720.MP4 -> A:\Test.original\Ibanez A\主机位\C1720.MP4
[2025-09-21 17:06:51.145] [INFO ] [T027] [MainWindow] 复制完成: C1720.MP4
[2025-09-21 17:06:51.145] [INFO ] [T006] [FileSyncService] 释放FastCopy并发许可: C1720.MP4
[2025-09-21 17:06:51.145] [INFO ] [T007] [FileSyncService] 获取FastCopy并发许可，开始复制: C1724.MP4
[2025-09-21 17:06:51.145] [INFO ] [T004] [MainWindow] 同步完成，释放文件锁定: C1720.MP4
[2025-09-21 17:06:51.146] [INFO ] [T007] [FastCopyService] FastCopy服务初始化: C:\Program Files\FastCopy64\fcp.exe
[2025-09-21 17:06:51.148] [INFO ] [T006] [FileSyncService] 文件处理完成，清理锁: C1720.MP4
[2025-09-21 17:06:51.162] [INFO ] [T007] [FastCopyService] 检测到系统中有 2 个FastCopy进程正在运行
[2025-09-21 17:06:51.162] [DEBUG] [T007] [FastCopyService] FastCopy进程: PID=82932, 启动时间=2025-09-21 17:06:47
[2025-09-21 17:06:51.162] [DEBUG] [T007] [FastCopyService] FastCopy进程: PID=80968, 启动时间=2025-09-21 17:06:48
[2025-09-21 17:06:51.162] [INFO ] [T007] [FastCopyService] 开始FastCopy复制: S:\Cache\Test\Ibanez A\主机位\C1724.MP4 -> A:\Test.original\Ibanez A\主机位\C1724.MP4
[2025-09-21 17:06:51.163] [INFO ] [T006] [MainWindow] 正在复制: C1724.MP4
[2025-09-21 17:06:51.172] [INFO ] [T007] [FastCopyService] 启动FastCopy进程 (PID: 86264): C1724.MP4
[2025-09-21 17:06:51.360] [INFO ] [T024] [FastCopyService] FastCopy复制成功: S:\Cache\Test\Ibanez A\主机位\C1721.MP4 -> A:\Test.original\Ibanez A\主机位\C1721.MP4
[2025-09-21 17:06:51.361] [INFO ] [T024] [FileSyncService] 释放FastCopy并发许可: C1721.MP4
[2025-09-21 17:06:51.361] [INFO ] [T017] [MainWindow] 复制完成: C1721.MP4
[2025-09-21 17:06:51.361] [INFO ] [T025] [FileSyncService] 获取FastCopy并发许可，开始复制: C1725.MP4
[2025-09-21 17:06:51.361] [INFO ] [T006] [MainWindow] 同步完成，释放文件锁定: C1721.MP4
[2025-09-21 17:06:51.361] [INFO ] [T025] [FastCopyService] FastCopy服务初始化: C:\Program Files\FastCopy64\fcp.exe
[2025-09-21 17:06:51.362] [INFO ] [T024] [FileSyncService] 文件处理完成，清理锁: C1721.MP4
[2025-09-21 17:06:51.379] [INFO ] [T025] [FastCopyService] 检测到系统中有 2 个FastCopy进程正在运行
[2025-09-21 17:06:51.379] [DEBUG] [T025] [FastCopyService] FastCopy进程: PID=80968, 启动时间=2025-09-21 17:06:48
[2025-09-21 17:06:51.379] [DEBUG] [T025] [FastCopyService] FastCopy进程: PID=86264, 启动时间=2025-09-21 17:06:51
[2025-09-21 17:06:51.379] [INFO ] [T025] [FastCopyService] 开始FastCopy复制: S:\Cache\Test\Ibanez A\主机位\C1725.MP4 -> A:\Test.original\Ibanez A\主机位\C1725.MP4
[2025-09-21 17:06:51.379] [INFO ] [T006] [MainWindow] 正在复制: C1725.MP4
[2025-09-21 17:06:51.389] [INFO ] [T025] [FastCopyService] 启动FastCopy进程 (PID: 81340): C1725.MP4
[2025-09-21 17:06:52.090] [INFO ] [T025] [FileSyncService] 文件已在处理队列中，跳过重复事件: C0009.MP4
[2025-09-21 17:06:52.186] [INFO ] [T019] [FileSyncService] 检测到文件变化，等待写入完成: 右边机位
[2025-09-21 17:06:52.187] [INFO ] [T019] [FileSyncService] 文件已被删除，跳过同步: 右边机位
[2025-09-21 17:06:52.189] [INFO ] [T019] [FileSyncService] 检测到文件变化，等待写入完成: C0010.MP4
[2025-09-21 17:06:52.189] [INFO ] [T026] [FileSyncService] 文件已在处理队列中，跳过重复事件: C0010.MP4
[2025-09-21 17:06:52.225] [INFO ] [T017] [FileSyncService] 文件写入已完成，准备同步: C1733.MP4
[2025-09-21 17:06:52.225] [INFO ] [T026] [MainWindow] 开始同步文件：C1733.MP4
[2025-09-21 17:06:52.225] [INFO ] [T019] [MainWindow] 已获取文件锁定，开始同步: C1733.MP4
[2025-09-21 17:06:52.324] [INFO ] [T030] [FastCopyService] FastCopy复制成功: S:\Cache\Test\Ibanez A\主机位\C1724.MP4 -> A:\Test.original\Ibanez A\主机位\C1724.MP4
[2025-09-21 17:06:52.324] [INFO ] [T019] [MainWindow] 复制完成: C1724.MP4
[2025-09-21 17:06:52.324] [INFO ] [T030] [FileSyncService] 释放FastCopy并发许可: C1724.MP4
[2025-09-21 17:06:52.324] [INFO ] [T022] [MainWindow] 同步完成，释放文件锁定: C1724.MP4
[2025-09-21 17:06:52.324] [INFO ] [T024] [FileSyncService] 获取FastCopy并发许可，开始复制: C1725.MP4
[2025-09-21 17:06:52.324] [INFO ] [T030] [FileSyncService] 文件处理完成，清理锁: C1724.MP4
[2025-09-21 17:06:52.324] [INFO ] [T024] [FastCopyService] FastCopy服务初始化: C:\Program Files\FastCopy64\fcp.exe
[2025-09-21 17:06:52.340] [INFO ] [T024] [FastCopyService] 检测到系统中有 2 个FastCopy进程正在运行
[2025-09-21 17:06:52.340] [DEBUG] [T024] [FastCopyService] FastCopy进程: PID=86264, 启动时间=2025-09-21 17:06:51
[2025-09-21 17:06:52.340] [DEBUG] [T024] [FastCopyService] FastCopy进程: PID=81340, 启动时间=2025-09-21 17:06:51
[2025-09-21 17:06:52.340] [INFO ] [T024] [FastCopyService] 开始FastCopy复制: S:\Cache\Test\Ibanez A\主机位\C1725.MP4 -> A:\Test.original\Ibanez A\主机位\C1725.MP4
[2025-09-21 17:06:52.340] [INFO ] [T030] [MainWindow] 正在复制: C1725.MP4
[2025-09-21 17:06:52.349] [INFO ] [T024] [FastCopyService] 启动FastCopy进程 (PID: 69248): C1725.MP4
[2025-09-21 17:06:52.846] [INFO ] [T024] [FileSyncService] 文件已在处理队列中，跳过重复事件: C0010.MP4
[2025-09-21 17:06:52.852] [INFO ] [T024] [FileSyncService] 检测到文件变化，等待写入完成: 右边机位
[2025-09-21 17:06:52.852] [INFO ] [T024] [FileSyncService] 文件已被删除，跳过同步: 右边机位
[2025-09-21 17:06:52.855] [INFO ] [T024] [FileSyncService] 检测到文件变化，等待写入完成: C0011.MP4
[2025-09-21 17:06:52.855] [INFO ] [T022] [FileSyncService] 文件已在处理队列中，跳过重复事件: C0011.MP4
[2025-09-21 17:06:52.988] [INFO ] [T028] [FileSyncService] 文件写入已完成，准备同步: C0009.MP4
[2025-09-21 17:06:52.988] [INFO ] [T022] [MainWindow] 开始同步文件：C0009.MP4
[2025-09-21 17:06:52.989] [INFO ] [T023] [MainWindow] 已获取文件锁定，开始同步: C0009.MP4
[2025-09-21 17:06:53.382] [INFO ] [T025] [FileSyncService] 文件写入已完成，准备同步: C0010.MP4
[2025-09-21 17:06:53.382] [INFO ] [T023] [MainWindow] 开始同步文件：C0010.MP4
[2025-09-21 17:06:53.382] [INFO ] [T010] [MainWindow] 已获取文件锁定，开始同步: C0010.MP4
[2025-09-21 17:06:53.538] [INFO ] [T010] [FileSyncService] 文件已在处理队列中，跳过重复事件: C0011.MP4
[2025-09-21 17:06:53.544] [INFO ] [T022] [FileSyncService] 检测到文件变化，等待写入完成: 右边机位
[2025-09-21 17:06:53.544] [INFO ] [T022] [FileSyncService] 文件已被删除，跳过同步: 右边机位
[2025-09-21 17:06:53.547] [INFO ] [T017] [FileSyncService] 检测到文件变化，等待写入完成: C0013.MP4
[2025-09-21 17:06:53.547] [INFO ] [T022] [FileSyncService] 文件已在处理队列中，跳过重复事件: C0013.MP4
[2025-09-21 17:06:53.855] [INFO ] [T017] [FileSyncService] 文件写入已完成，准备同步: C0011.MP4
[2025-09-21 17:06:53.855] [INFO ] [T022] [MainWindow] 开始同步文件：C0011.MP4
[2025-09-21 17:06:53.855] [INFO ] [T024] [MainWindow] 已获取文件锁定，开始同步: C0011.MP4
[2025-09-21 17:06:54.742] [INFO ] [T024] [FileSyncService] 文件已在处理队列中，跳过重复事件: C0013.MP4
[2025-09-21 17:06:54.867] [INFO ] [T023] [FileSyncService] 检测到文件变化，等待写入完成: 右边机位
[2025-09-21 17:06:54.867] [INFO ] [T023] [FileSyncService] 文件已被删除，跳过同步: 右边机位
[2025-09-21 17:06:54.871] [INFO ] [T017] [FileSyncService] 检测到文件变化，等待写入完成: C0014.MP4
[2025-09-21 17:06:54.871] [INFO ] [T023] [FileSyncService] 文件已在处理队列中，跳过重复事件: C0014.MP4
[2025-09-21 17:06:55.547] [INFO ] [T024] [FileSyncService] 文件写入已完成，准备同步: C0013.MP4
[2025-09-21 17:06:55.547] [INFO ] [T025] [MainWindow] 开始同步文件：C0013.MP4
[2025-09-21 17:06:55.548] [INFO ] [T025] [MainWindow] 已获取文件锁定，开始同步: C0013.MP4
[2025-09-21 17:06:56.095] [INFO ] [T027] [FastCopyService] FastCopy复制成功: S:\Cache\Test\Ibanez A\主机位\C1724.MP4 -> A:\Test.original\Ibanez A\主机位\C1724.MP4
[2025-09-21 17:06:56.095] [INFO ] [T027] [FileSyncService] 释放FastCopy并发许可: C1724.MP4
[2025-09-21 17:06:56.095] [INFO ] [T004] [MainWindow] 复制完成: C1724.MP4
[2025-09-21 17:06:56.095] [INFO ] [T022] [MainWindow] 同步完成，释放文件锁定: C1724.MP4
[2025-09-21 17:06:56.095] [INFO ] [T024] [FileSyncService] 获取FastCopy并发许可，开始复制: C1726.MP4
[2025-09-21 17:06:56.096] [INFO ] [T024] [FastCopyService] FastCopy服务初始化: C:\Program Files\FastCopy64\fcp.exe
[2025-09-21 17:06:56.110] [INFO ] [T024] [FastCopyService] 检测到系统中有 2 个FastCopy进程正在运行
[2025-09-21 17:06:56.110] [DEBUG] [T024] [FastCopyService] FastCopy进程: PID=81340, 启动时间=2025-09-21 17:06:51
[2025-09-21 17:06:56.110] [DEBUG] [T024] [FastCopyService] FastCopy进程: PID=69248, 启动时间=2025-09-21 17:06:52
[2025-09-21 17:06:56.111] [INFO ] [T024] [FastCopyService] 开始FastCopy复制: S:\Cache\Test\Ibanez A\主机位\C1726.MP4 -> A:\Test.original\Ibanez A\主机位\C1726.MP4
[2025-09-21 17:06:56.111] [INFO ] [T004] [MainWindow] 正在复制: C1726.MP4
[2025-09-21 17:06:56.121] [INFO ] [T024] [FastCopyService] 启动FastCopy进程 (PID: 83048): C1726.MP4
[2025-09-21 17:06:56.197] [INFO ] [T030] [FastCopyService] FastCopy复制成功: S:\Cache\Test\Ibanez A\主机位\C1725.MP4 -> A:\Test.original\Ibanez A\主机位\C1725.MP4
[2025-09-21 17:06:56.197] [INFO ] [T024] [MainWindow] 复制完成: C1725.MP4
[2025-09-21 17:06:56.197] [INFO ] [T030] [FileSyncService] 释放FastCopy并发许可: C1725.MP4
[2025-09-21 17:06:56.197] [INFO ] [T019] [FileSyncService] 获取FastCopy并发许可，开始复制: C1727.MP4
[2025-09-21 17:06:56.197] [INFO ] [T010] [MainWindow] 同步完成，释放文件锁定: C1725.MP4
[2025-09-21 17:06:56.197] [INFO ] [T030] [FileSyncService] 文件处理完成，清理锁: C1725.MP4
[2025-09-21 17:06:56.198] [INFO ] [T019] [FastCopyService] FastCopy服务初始化: C:\Program Files\FastCopy64\fcp.exe
[2025-09-21 17:06:56.215] [INFO ] [T019] [FastCopyService] 检测到系统中有 2 个FastCopy进程正在运行
[2025-09-21 17:06:56.215] [DEBUG] [T019] [FastCopyService] FastCopy进程: PID=81340, 启动时间=2025-09-21 17:06:51
[2025-09-21 17:06:56.215] [DEBUG] [T019] [FastCopyService] FastCopy进程: PID=83048, 启动时间=2025-09-21 17:06:56
[2025-09-21 17:06:56.215] [INFO ] [T019] [FastCopyService] 开始FastCopy复制: S:\Cache\Test\Ibanez A\主机位\C1727.MP4 -> A:\Test.original\Ibanez A\主机位\C1727.MP4
[2025-09-21 17:06:56.215] [INFO ] [T027] [MainWindow] 正在复制: C1727.MP4
[2025-09-21 17:06:56.225] [INFO ] [T019] [FastCopyService] 启动FastCopy进程 (PID: 72784): C1727.MP4
[2025-09-21 17:06:56.329] [INFO ] [T006] [FastCopyService] FastCopy复制成功: S:\Cache\Test\Ibanez A\主机位\C1725.MP4 -> A:\Test.original\Ibanez A\主机位\C1725.MP4
[2025-09-21 17:06:56.329] [INFO ] [T006] [FileSyncService] 释放FastCopy并发许可: C1725.MP4
[2025-09-21 17:06:56.329] [INFO ] [T024] [MainWindow] 复制完成: C1725.MP4
[2025-09-21 17:06:56.329] [INFO ] [T007] [FileSyncService] 获取FastCopy并发许可，开始复制: C1728.MP4
[2025-09-21 17:06:56.329] [INFO ] [T030] [MainWindow] 同步完成，释放文件锁定: C1725.MP4
[2025-09-21 17:06:56.329] [INFO ] [T007] [FastCopyService] FastCopy服务初始化: C:\Program Files\FastCopy64\fcp.exe
[2025-09-21 17:06:56.345] [INFO ] [T007] [FastCopyService] 检测到系统中有 2 个FastCopy进程正在运行
[2025-09-21 17:06:56.345] [DEBUG] [T007] [FastCopyService] FastCopy进程: PID=83048, 启动时间=2025-09-21 17:06:56
[2025-09-21 17:06:56.345] [DEBUG] [T007] [FastCopyService] FastCopy进程: PID=72784, 启动时间=2025-09-21 17:06:56
[2025-09-21 17:06:56.345] [INFO ] [T007] [FastCopyService] 开始FastCopy复制: S:\Cache\Test\Ibanez A\主机位\C1728.MP4 -> A:\Test.original\Ibanez A\主机位\C1728.MP4
[2025-09-21 17:06:56.345] [INFO ] [T024] [MainWindow] 正在复制: C1728.MP4
[2025-09-21 17:06:56.354] [INFO ] [T007] [FastCopyService] 启动FastCopy进程 (PID: 69616): C1728.MP4
[2025-09-21 17:06:56.464] [INFO ] [T024] [FileSyncService] 文件已在处理队列中，跳过重复事件: C0014.MP4
[2025-09-21 17:06:56.471] [INFO ] [T024] [FileSyncService] 检测到文件变化，等待写入完成: 右边机位
[2025-09-21 17:06:56.471] [INFO ] [T024] [FileSyncService] 文件已被删除，跳过同步: 右边机位
[2025-09-21 17:06:56.474] [INFO ] [T024] [FileSyncService] 检测到文件变化，等待写入完成: C0015.MP4
[2025-09-21 17:06:56.474] [INFO ] [T030] [FileSyncService] 文件已在处理队列中，跳过重复事件: C0015.MP4
[2025-09-21 17:06:56.871] [INFO ] [T030] [FileSyncService] 文件写入已完成，准备同步: C0014.MP4
[2025-09-21 17:06:56.871] [INFO ] [T024] [MainWindow] 开始同步文件：C0014.MP4
[2025-09-21 17:06:56.871] [INFO ] [T023] [MainWindow] 已获取文件锁定，开始同步: C0014.MP4
[2025-09-21 17:06:58.400] [INFO ] [T026] [FileSyncService] 文件已在处理队列中，跳过重复事件: C0015.MP4
[2025-09-21 17:06:58.406] [INFO ] [T025] [FileSyncService] 检测到文件变化，等待写入完成: 右边机位
[2025-09-21 17:06:58.406] [INFO ] [T025] [FileSyncService] 文件已被删除，跳过同步: 右边机位
[2025-09-21 17:06:58.409] [INFO ] [T026] [FileSyncService] 检测到文件变化，等待写入完成: C0016.MP4
[2025-09-21 17:06:58.409] [INFO ] [T023] [FileSyncService] 文件已在处理队列中，跳过重复事件: C0016.MP4
[2025-09-21 17:06:58.474] [INFO ] [T026] [FileSyncService] 文件写入已完成，准备同步: C0015.MP4
[2025-09-21 17:06:58.475] [INFO ] [T023] [MainWindow] 开始同步文件：C0015.MP4
[2025-09-21 17:06:58.475] [INFO ] [T022] [MainWindow] 已获取文件锁定，开始同步: C0015.MP4
[2025-09-21 17:06:59.454] [INFO ] [T026] [FileSyncService] 文件已在处理队列中，跳过重复事件: C0016.MP4
[2025-09-21 17:06:59.460] [INFO ] [T026] [FileSyncService] 检测到文件变化，等待写入完成: 右边机位
[2025-09-21 17:06:59.460] [INFO ] [T026] [FileSyncService] 文件已被删除，跳过同步: 右边机位
[2025-09-21 17:06:59.463] [INFO ] [T022] [FileSyncService] 检测到文件变化，等待写入完成: C0017.MP4
[2025-09-21 17:06:59.463] [INFO ] [T024] [FileSyncService] 文件已在处理队列中，跳过重复事件: C0017.MP4
[2025-09-21 17:07:00.409] [INFO ] [T024] [FileSyncService] 文件写入已完成，准备同步: C0016.MP4
[2025-09-21 17:07:00.410] [INFO ] [T026] [MainWindow] 开始同步文件：C0016.MP4
[2025-09-21 17:07:00.410] [INFO ] [T025] [MainWindow] 已获取文件锁定，开始同步: C0016.MP4
[2025-09-21 17:07:00.870] [INFO ] [T017] [FastCopyService] FastCopy复制成功: S:\Cache\Test\Ibanez A\主机位\C1726.MP4 -> A:\Test.original\Ibanez A\主机位\C1726.MP4
[2025-09-21 17:07:00.870] [INFO ] [T017] [FileSyncService] 释放FastCopy并发许可: C1726.MP4
[2025-09-21 17:07:00.870] [INFO ] [T007] [FileSyncService] 获取FastCopy并发许可，开始复制: C1729.MP4
[2025-09-21 17:07:00.870] [INFO ] [T025] [MainWindow] 复制完成: C1726.MP4
[2025-09-21 17:07:00.870] [INFO ] [T030] [MainWindow] 同步完成，释放文件锁定: C1726.MP4
[2025-09-21 17:07:00.871] [INFO ] [T007] [FastCopyService] FastCopy服务初始化: C:\Program Files\FastCopy64\fcp.exe
[2025-09-21 17:07:00.872] [INFO ] [T017] [FileSyncService] 文件处理完成，清理锁: C1726.MP4
[2025-09-21 17:07:00.885] [INFO ] [T007] [FastCopyService] 检测到系统中有 2 个FastCopy进程正在运行
[2025-09-21 17:07:00.885] [DEBUG] [T007] [FastCopyService] FastCopy进程: PID=72784, 启动时间=2025-09-21 17:06:56
[2025-09-21 17:07:00.885] [DEBUG] [T007] [FastCopyService] FastCopy进程: PID=69616, 启动时间=2025-09-21 17:06:56
[2025-09-21 17:07:00.885] [INFO ] [T007] [FastCopyService] 开始FastCopy复制: S:\Cache\Test\Ibanez A\主机位\C1729.MP4 -> A:\Test.original\Ibanez A\主机位\C1729.MP4
[2025-09-21 17:07:00.885] [INFO ] [T017] [MainWindow] 正在复制: C1729.MP4
[2025-09-21 17:07:00.894] [INFO ] [T007] [FastCopyService] 启动FastCopy进程 (PID: 81332): C1729.MP4
[2025-09-21 17:07:00.933] [INFO ] [T027] [FastCopyService] FastCopy复制成功: S:\Cache\Test\Ibanez A\主机位\C1727.MP4 -> A:\Test.original\Ibanez A\主机位\C1727.MP4
[2025-09-21 17:07:00.933] [INFO ] [T027] [FileSyncService] 释放FastCopy并发许可: C1727.MP4
[2025-09-21 17:07:00.933] [INFO ] [T026] [MainWindow] 复制完成: C1727.MP4
[2025-09-21 17:07:00.933] [INFO ] [T007] [FileSyncService] 获取FastCopy并发许可，开始复制: C1730.MP4
[2025-09-21 17:07:00.933] [INFO ] [T030] [MainWindow] 同步完成，释放文件锁定: C1727.MP4
[2025-09-21 17:07:00.933] [INFO ] [T027] [FileSyncService] 文件处理完成，清理锁: C1727.MP4
[2025-09-21 17:07:00.934] [INFO ] [T007] [FastCopyService] FastCopy服务初始化: C:\Program Files\FastCopy64\fcp.exe
[2025-09-21 17:07:00.945] [INFO ] [T030] [FileSyncService] 文件已在处理队列中，跳过重复事件: C0017.MP4
[2025-09-21 17:07:00.947] [INFO ] [T007] [FastCopyService] 检测到系统中有 2 个FastCopy进程正在运行
[2025-09-21 17:07:00.947] [DEBUG] [T007] [FastCopyService] FastCopy进程: PID=69616, 启动时间=2025-09-21 17:06:56
[2025-09-21 17:07:00.947] [DEBUG] [T007] [FastCopyService] FastCopy进程: PID=81332, 启动时间=2025-09-21 17:07:00
[2025-09-21 17:07:00.947] [INFO ] [T007] [FastCopyService] 开始FastCopy复制: S:\Cache\Test\Ibanez A\主机位\C1730.MP4 -> A:\Test.original\Ibanez A\主机位\C1730.MP4
[2025-09-21 17:07:00.948] [INFO ] [T027] [MainWindow] 正在复制: C1730.MP4
[2025-09-21 17:07:00.952] [INFO ] [T010] [FileSyncService] 检测到文件变化，等待写入完成: 右边机位
[2025-09-21 17:07:00.952] [INFO ] [T010] [FileSyncService] 文件已被删除，跳过同步: 右边机位
[2025-09-21 17:07:00.954] [INFO ] [T010] [FileSyncService] 检测到文件变化，等待写入完成: C0018.MP4
[2025-09-21 17:07:00.954] [INFO ] [T030] [FileSyncService] 文件已在处理队列中，跳过重复事件: C0018.MP4
[2025-09-21 17:07:00.956] [INFO ] [T007] [FastCopyService] 启动FastCopy进程 (PID: 59936): C1730.MP4
[2025-09-21 17:07:01.056] [INFO ] [T006] [FastCopyService] FastCopy复制成功: S:\Cache\Test\Ibanez A\主机位\C1728.MP4 -> A:\Test.original\Ibanez A\主机位\C1728.MP4
[2025-09-21 17:07:01.056] [INFO ] [T019] [MainWindow] 复制完成: C1728.MP4
[2025-09-21 17:07:01.056] [INFO ] [T006] [FileSyncService] 释放FastCopy并发许可: C1728.MP4
[2025-09-21 17:07:01.056] [INFO ] [T007] [FileSyncService] 获取FastCopy并发许可，开始复制: C1731.MP4
[2025-09-21 17:07:01.056] [INFO ] [T030] [MainWindow] 同步完成，释放文件锁定: C1728.MP4
[2025-09-21 17:07:01.057] [INFO ] [T006] [FileSyncService] 文件处理完成，清理锁: C1728.MP4
[2025-09-21 17:07:01.057] [INFO ] [T007] [FastCopyService] FastCopy服务初始化: C:\Program Files\FastCopy64\fcp.exe
[2025-09-21 17:07:01.072] [INFO ] [T007] [FastCopyService] 检测到系统中有 2 个FastCopy进程正在运行
[2025-09-21 17:07:01.072] [DEBUG] [T007] [FastCopyService] FastCopy进程: PID=81332, 启动时间=2025-09-21 17:07:00
[2025-09-21 17:07:01.072] [DEBUG] [T007] [FastCopyService] FastCopy进程: PID=59936, 启动时间=2025-09-21 17:07:00
[2025-09-21 17:07:01.073] [INFO ] [T007] [FastCopyService] 开始FastCopy复制: S:\Cache\Test\Ibanez A\主机位\C1731.MP4 -> A:\Test.original\Ibanez A\主机位\C1731.MP4
[2025-09-21 17:07:01.073] [INFO ] [T006] [MainWindow] 正在复制: C1731.MP4
[2025-09-21 17:07:01.082] [INFO ] [T007] [FastCopyService] 启动FastCopy进程 (PID: 66716): C1731.MP4
[2025-09-21 17:07:01.714] [INFO ] [T004] [FileSyncService] 文件写入已完成，准备同步: C0017.MP4
[2025-09-21 17:07:01.714] [INFO ] [T006] [MainWindow] 开始同步文件：C0017.MP4
[2025-09-21 17:07:01.714] [INFO ] [T022] [MainWindow] 已获取文件锁定，开始同步: C0017.MP4
[2025-09-21 17:07:02.576] [INFO ] [T004] [FileSyncService] 文件已在处理队列中，跳过重复事件: C0018.MP4
[2025-09-21 17:07:02.592] [INFO ] [T030] [FileSyncService] 检测到文件变化，等待写入完成: Ibanez A
[2025-09-21 17:07:02.592] [INFO ] [T030] [FileSyncService] 文件已被删除，跳过同步: Ibanez A
[2025-09-21 17:07:02.594] [INFO ] [T022] [FileSyncService] 检测到文件变化，等待写入完成: 左边机位
[2025-09-21 17:07:02.594] [INFO ] [T022] [FileSyncService] 文件已被删除，跳过同步: 左边机位
[2025-09-21 17:07:02.594] [INFO ] [T030] [FileSyncService] 检测到文件变化，等待写入完成: 左边机位
[2025-09-21 17:07:02.594] [INFO ] [T030] [FileSyncService] 文件已被删除，跳过同步: 左边机位
[2025-09-21 17:07:02.604] [INFO ] [T030] [FileSyncService] 检测到文件变化，等待写入完成: C4539.MP4
[2025-09-21 17:07:02.604] [INFO ] [T022] [FileSyncService] 文件已在处理队列中，跳过重复事件: C4539.MP4
[2025-09-21 17:07:03.125] [INFO ] [T007] [FileSyncService] 文件写入已完成，准备同步: C0018.MP4
[2025-09-21 17:07:03.125] [INFO ] [T004] [MainWindow] 开始同步文件：C0018.MP4
[2025-09-21 17:07:03.126] [INFO ] [T006] [MainWindow] 已获取文件锁定，开始同步: C0018.MP4
[2025-09-21 17:07:04.345] [INFO ] [T007] [FileSyncService] 文件已在处理队列中，跳过重复事件: C4539.MP4
[2025-09-21 17:07:04.415] [INFO ] [T022] [FileSyncService] 检测到文件变化，等待写入完成: 左边机位
[2025-09-21 17:07:04.415] [INFO ] [T022] [FileSyncService] 文件已被删除，跳过同步: 左边机位
[2025-09-21 17:07:04.418] [INFO ] [T007] [FileSyncService] 检测到文件变化，等待写入完成: C4540.MP4
[2025-09-21 17:07:04.418] [INFO ] [T006] [FileSyncService] 文件已在处理队列中，跳过重复事件: C4540.MP4
[2025-09-21 17:07:04.604] [INFO ] [T022] [FileSyncService] 文件写入已完成，准备同步: C4539.MP4
[2025-09-21 17:07:04.604] [INFO ] [T007] [MainWindow] 开始同步文件：C4539.MP4
[2025-09-21 17:07:04.605] [INFO ] [T006] [MainWindow] 已获取文件锁定，开始同步: C4539.MP4
[2025-09-21 17:07:05.368] [INFO ] [T023] [FastCopyService] FastCopy复制成功: S:\Cache\Test\Ibanez A\主机位\C1730.MP4 -> A:\Test.original\Ibanez A\主机位\C1730.MP4
[2025-09-21 17:07:05.368] [INFO ] [T027] [MainWindow] 复制完成: C1730.MP4
[2025-09-21 17:07:05.368] [INFO ] [T023] [FileSyncService] 释放FastCopy并发许可: C1730.MP4
[2025-09-21 17:07:05.368] [INFO ] [T007] [FileSyncService] 获取FastCopy并发许可，开始复制: C1732.MP4
[2025-09-21 17:07:05.368] [INFO ] [T030] [MainWindow] 同步完成，释放文件锁定: C1730.MP4
[2025-09-21 17:07:05.368] [INFO ] [T023] [FileSyncService] 文件处理完成，清理锁: C1730.MP4
[2025-09-21 17:07:05.368] [INFO ] [T007] [FastCopyService] FastCopy服务初始化: C:\Program Files\FastCopy64\fcp.exe
[2025-09-21 17:07:05.383] [INFO ] [T007] [FastCopyService] 检测到系统中有 2 个FastCopy进程正在运行
[2025-09-21 17:07:05.383] [DEBUG] [T007] [FastCopyService] FastCopy进程: PID=81332, 启动时间=2025-09-21 17:07:00
[2025-09-21 17:07:05.383] [DEBUG] [T007] [FastCopyService] FastCopy进程: PID=66716, 启动时间=2025-09-21 17:07:01
[2025-09-21 17:07:05.384] [INFO ] [T007] [FastCopyService] 开始FastCopy复制: S:\Cache\Test\Ibanez A\主机位\C1732.MP4 -> A:\Test.original\Ibanez A\主机位\C1732.MP4
[2025-09-21 17:07:05.384] [INFO ] [T030] [MainWindow] 正在复制: C1732.MP4
[2025-09-21 17:07:05.392] [INFO ] [T007] [FastCopyService] 启动FastCopy进程 (PID: 76920): C1732.MP4
[2025-09-21 17:07:05.633] [INFO ] [T017] [FastCopyService] FastCopy复制成功: S:\Cache\Test\Ibanez A\主机位\C1729.MP4 -> A:\Test.original\Ibanez A\主机位\C1729.MP4
[2025-09-21 17:07:05.633] [INFO ] [T017] [FileSyncService] 释放FastCopy并发许可: C1729.MP4
[2025-09-21 17:07:05.633] [INFO ] [T007] [MainWindow] 复制完成: C1729.MP4
[2025-09-21 17:07:05.633] [INFO ] [T023] [MainWindow] 同步完成，释放文件锁定: C1729.MP4
[2025-09-21 17:07:05.633] [INFO ] [T027] [FileSyncService] 获取FastCopy并发许可，开始复制: C1733.MP4
[2025-09-21 17:07:05.633] [INFO ] [T017] [FileSyncService] 文件处理完成，清理锁: C1729.MP4
[2025-09-21 17:07:05.633] [INFO ] [T027] [FastCopyService] FastCopy服务初始化: C:\Program Files\FastCopy64\fcp.exe
[2025-09-21 17:07:05.649] [INFO ] [T027] [FastCopyService] 检测到系统中有 2 个FastCopy进程正在运行
[2025-09-21 17:07:05.649] [DEBUG] [T027] [FastCopyService] FastCopy进程: PID=66716, 启动时间=2025-09-21 17:07:01
[2025-09-21 17:07:05.649] [DEBUG] [T027] [FastCopyService] FastCopy进程: PID=76920, 启动时间=2025-09-21 17:07:05
[2025-09-21 17:07:05.649] [INFO ] [T027] [FastCopyService] 开始FastCopy复制: S:\Cache\Test\Ibanez A\主机位\C1733.MP4 -> A:\Test.original\Ibanez A\主机位\C1733.MP4
[2025-09-21 17:07:05.650] [INFO ] [T007] [MainWindow] 正在复制: C1733.MP4
[2025-09-21 17:07:05.658] [INFO ] [T027] [FastCopyService] 启动FastCopy进程 (PID: 38092): C1733.MP4
[2025-09-21 17:07:05.731] [INFO ] [T027] [FileSyncService] 文件已在处理队列中，跳过重复事件: C4540.MP4
[2025-09-21 17:07:05.738] [INFO ] [T027] [FileSyncService] 检测到文件变化，等待写入完成: 左边机位
[2025-09-21 17:07:05.738] [INFO ] [T027] [FileSyncService] 文件已被删除，跳过同步: 左边机位
[2025-09-21 17:07:05.741] [INFO ] [T025] [FileSyncService] 检测到文件变化，等待写入完成: C4541.MP4
[2025-09-21 17:07:05.741] [INFO ] [T023] [FileSyncService] 文件已在处理队列中，跳过重复事件: C4541.MP4
[2025-09-21 17:07:06.166] [INFO ] [T026] [FastCopyService] FastCopy复制成功: S:\Cache\Test\Ibanez A\主机位\C1731.MP4 -> A:\Test.original\Ibanez A\主机位\C1731.MP4
[2025-09-21 17:07:06.166] [INFO ] [T026] [FileSyncService] 释放FastCopy并发许可: C1731.MP4
[2025-09-21 17:07:06.166] [INFO ] [T019] [MainWindow] 复制完成: C1731.MP4
[2025-09-21 17:07:06.166] [INFO ] [T006] [MainWindow] 同步完成，释放文件锁定: C1731.MP4
[2025-09-21 17:07:06.166] [INFO ] [T027] [FileSyncService] 获取FastCopy并发许可，开始复制: C0009.MP4
[2025-09-21 17:07:06.166] [INFO ] [T026] [FileSyncService] 文件处理完成，清理锁: C1731.MP4
[2025-09-21 17:07:06.167] [INFO ] [T027] [FastCopyService] FastCopy服务初始化: C:\Program Files\FastCopy64\fcp.exe
[2025-09-21 17:07:06.180] [INFO ] [T027] [FastCopyService] 检测到系统中有 2 个FastCopy进程正在运行
[2025-09-21 17:07:06.180] [DEBUG] [T027] [FastCopyService] FastCopy进程: PID=76920, 启动时间=2025-09-21 17:07:05
[2025-09-21 17:07:06.180] [DEBUG] [T027] [FastCopyService] FastCopy进程: PID=38092, 启动时间=2025-09-21 17:07:05
[2025-09-21 17:07:06.180] [INFO ] [T027] [FastCopyService] 开始FastCopy复制: S:\Cache\Test\Ibanez A\右边机位\C0009.MP4 -> A:\Test.original\Ibanez A\右边机位\C0009.MP4
[2025-09-21 17:07:06.180] [INFO ] [T026] [MainWindow] 正在复制: C0009.MP4
[2025-09-21 17:07:06.189] [INFO ] [T027] [FastCopyService] 启动FastCopy进程 (PID: 83732): C0009.MP4
[2025-09-21 17:07:06.417] [INFO ] [T027] [FileSyncService] 文件写入已完成，准备同步: C4540.MP4
[2025-09-21 17:07:06.417] [INFO ] [T019] [MainWindow] 开始同步文件：C4540.MP4
[2025-09-21 17:07:06.417] [INFO ] [T010] [MainWindow] 已获取文件锁定，开始同步: C4540.MP4
[2025-09-21 17:07:06.749] [INFO ] [T027] [FileSyncService] 文件已在处理队列中，跳过重复事件: C4541.MP4
[2025-09-21 17:07:06.756] [INFO ] [T027] [FileSyncService] 检测到文件变化，等待写入完成: 左边机位
[2025-09-21 17:07:06.756] [INFO ] [T027] [FileSyncService] 文件已被删除，跳过同步: 左边机位
[2025-09-21 17:07:06.758] [INFO ] [T004] [FileSyncService] 检测到文件变化，等待写入完成: C4542.MP4
[2025-09-21 17:07:06.758] [INFO ] [T004] [FileSyncService] 文件已在处理队列中，跳过重复事件: C4542.MP4
[2025-09-21 17:07:07.742] [INFO ] [T010] [FileSyncService] 文件写入已完成，准备同步: C4541.MP4
[2025-09-21 17:07:07.742] [INFO ] [T004] [MainWindow] 开始同步文件：C4541.MP4
[2025-09-21 17:07:07.743] [INFO ] [T021] [MainWindow] 已获取文件锁定，开始同步: C4541.MP4
[2025-09-21 17:07:07.884] [INFO ] [T021] [FileSyncService] 检测到文件变化，等待写入完成: 右边机位
[2025-09-21 17:07:07.884] [INFO ] [T021] [FileSyncService] 文件已被删除，跳过同步: 右边机位
[2025-09-21 17:07:08.061] [INFO ] [T004] [FileSyncService] 文件已在处理队列中，跳过重复事件: C4542.MP4
[2025-09-21 17:07:08.068] [INFO ] [T004] [FileSyncService] 检测到文件变化，等待写入完成: 左边机位
[2025-09-21 17:07:08.068] [INFO ] [T004] [FileSyncService] 文件已被删除，跳过同步: 左边机位
[2025-09-21 17:07:08.071] [INFO ] [T004] [FileSyncService] 检测到文件变化，等待写入完成: C4543.MP4
[2025-09-21 17:07:08.071] [INFO ] [T004] [FileSyncService] 文件已在处理队列中，跳过重复事件: C4543.MP4
[2025-09-21 17:07:08.759] [INFO ] [T004] [FileSyncService] 文件写入已完成，准备同步: C4542.MP4
[2025-09-21 17:07:08.759] [INFO ] [T021] [MainWindow] 开始同步文件：C4542.MP4
[2025-09-21 17:07:08.759] [INFO ] [T010] [MainWindow] 已获取文件锁定，开始同步: C4542.MP4
[2025-09-21 17:07:10.167] [INFO ] [T017] [FastCopyService] FastCopy复制成功: S:\Cache\Test\Ibanez A\主机位\C1733.MP4 -> A:\Test.original\Ibanez A\主机位\C1733.MP4
[2025-09-21 17:07:10.167] [INFO ] [T017] [FileSyncService] 释放FastCopy并发许可: C1733.MP4
[2025-09-21 17:07:10.167] [INFO ] [T010] [FileSyncService] 获取FastCopy并发许可，开始复制: C0010.MP4
[2025-09-21 17:07:10.167] [INFO ] [T006] [MainWindow] 同步完成，释放文件锁定: C1733.MP4
[2025-09-21 17:07:10.167] [INFO ] [T027] [MainWindow] 复制完成: C1733.MP4
[2025-09-21 17:07:10.168] [INFO ] [T010] [FastCopyService] FastCopy服务初始化: C:\Program Files\FastCopy64\fcp.exe
[2025-09-21 17:07:10.169] [INFO ] [T017] [FileSyncService] 文件处理完成，清理锁: C1733.MP4
[2025-09-21 17:07:10.182] [INFO ] [T010] [FastCopyService] 检测到系统中有 2 个FastCopy进程正在运行
[2025-09-21 17:07:10.182] [DEBUG] [T010] [FastCopyService] FastCopy进程: PID=76920, 启动时间=2025-09-21 17:07:05
[2025-09-21 17:07:10.182] [DEBUG] [T010] [FastCopyService] FastCopy进程: PID=83732, 启动时间=2025-09-21 17:07:06
[2025-09-21 17:07:10.183] [INFO ] [T010] [FastCopyService] 开始FastCopy复制: S:\Cache\Test\Ibanez A\右边机位\C0010.MP4 -> A:\Test.original\Ibanez A\右边机位\C0010.MP4
[2025-09-21 17:07:10.183] [INFO ] [T027] [MainWindow] 正在复制: C0010.MP4
[2025-09-21 17:07:10.193] [INFO ] [T010] [FastCopyService] 启动FastCopy进程 (PID: 65364): C0010.MP4
[2025-09-21 17:07:10.211] [INFO ] [T030] [FastCopyService] FastCopy复制成功: S:\Cache\Test\Ibanez A\主机位\C1732.MP4 -> A:\Test.original\Ibanez A\主机位\C1732.MP4
[2025-09-21 17:07:10.211] [INFO ] [T010] [MainWindow] 复制完成: C1732.MP4
[2025-09-21 17:07:10.211] [INFO ] [T030] [FileSyncService] 释放FastCopy并发许可: C1732.MP4
[2025-09-21 17:07:10.211] [INFO ] [T006] [FileSyncService] 获取FastCopy并发许可，开始复制: C0011.MP4
[2025-09-21 17:07:10.211] [INFO ] [T007] [MainWindow] 同步完成，释放文件锁定: C1732.MP4
[2025-09-21 17:07:10.211] [INFO ] [T030] [FileSyncService] 文件处理完成，清理锁: C1732.MP4
[2025-09-21 17:07:10.211] [INFO ] [T006] [FastCopyService] FastCopy服务初始化: C:\Program Files\FastCopy64\fcp.exe
[2025-09-21 17:07:10.226] [INFO ] [T006] [FastCopyService] 检测到系统中有 2 个FastCopy进程正在运行
[2025-09-21 17:07:10.226] [DEBUG] [T006] [FastCopyService] FastCopy进程: PID=83732, 启动时间=2025-09-21 17:07:06
[2025-09-21 17:07:10.226] [DEBUG] [T006] [FastCopyService] FastCopy进程: PID=65364, 启动时间=2025-09-21 17:07:10
[2025-09-21 17:07:10.226] [INFO ] [T006] [FastCopyService] 开始FastCopy复制: S:\Cache\Test\Ibanez A\右边机位\C0011.MP4 -> A:\Test.original\Ibanez A\右边机位\C0011.MP4
[2025-09-21 17:07:10.226] [INFO ] [T007] [MainWindow] 正在复制: C0011.MP4
[2025-09-21 17:07:10.235] [INFO ] [T006] [FastCopyService] 启动FastCopy进程 (PID: 60124): C0011.MP4
[2025-09-21 17:07:10.319] [INFO ] [T006] [FileSyncService] 文件已在处理队列中，跳过重复事件: C4543.MP4
[2025-09-21 17:07:10.326] [INFO ] [T022] [FileSyncService] 检测到文件变化，等待写入完成: 左边机位
[2025-09-21 17:07:10.326] [INFO ] [T022] [FileSyncService] 文件已被删除，跳过同步: 左边机位
[2025-09-21 17:07:10.329] [INFO ] [T006] [FileSyncService] 检测到文件变化，等待写入完成: C4545.MP4
[2025-09-21 17:07:10.329] [INFO ] [T007] [FileSyncService] 文件已在处理队列中，跳过重复事件: C4545.MP4
[2025-09-21 17:07:10.735] [INFO ] [T026] [FastCopyService] FastCopy复制成功: S:\Cache\Test\Ibanez A\右边机位\C0009.MP4 -> A:\Test.original\Ibanez A\右边机位\C0009.MP4
[2025-09-21 17:07:10.735] [INFO ] [T026] [FileSyncService] 释放FastCopy并发许可: C0009.MP4
[2025-09-21 17:07:10.735] [INFO ] [T006] [MainWindow] 复制完成: C0009.MP4
[2025-09-21 17:07:10.735] [INFO ] [T023] [MainWindow] 同步完成，释放文件锁定: C0009.MP4
[2025-09-21 17:07:10.735] [INFO ] [T019] [FileSyncService] 获取FastCopy并发许可，开始复制: C0013.MP4
[2025-09-21 17:07:10.736] [INFO ] [T019] [FastCopyService] FastCopy服务初始化: C:\Program Files\FastCopy64\fcp.exe
[2025-09-21 17:07:10.736] [INFO ] [T026] [FileSyncService] 文件处理完成，清理锁: C0009.MP4
[2025-09-21 17:07:10.753] [INFO ] [T019] [FastCopyService] 检测到系统中有 2 个FastCopy进程正在运行
[2025-09-21 17:07:10.753] [DEBUG] [T019] [FastCopyService] FastCopy进程: PID=65364, 启动时间=2025-09-21 17:07:10
[2025-09-21 17:07:10.753] [DEBUG] [T019] [FastCopyService] FastCopy进程: PID=60124, 启动时间=2025-09-21 17:07:10
[2025-09-21 17:07:10.754] [INFO ] [T019] [FastCopyService] 开始FastCopy复制: S:\Cache\Test\Ibanez A\右边机位\C0013.MP4 -> A:\Test.original\Ibanez A\右边机位\C0013.MP4
[2025-09-21 17:07:10.754] [INFO ] [T006] [MainWindow] 正在复制: C0013.MP4
[2025-09-21 17:07:10.762] [INFO ] [T019] [FastCopyService] 启动FastCopy进程 (PID: 80016): C0013.MP4
[2025-09-21 17:07:11.120] [INFO ] [T006] [FileSyncService] 文件写入已完成，准备同步: C4543.MP4
[2025-09-21 17:07:11.120] [INFO ] [T022] [MainWindow] 开始同步文件：C4543.MP4
[2025-09-21 17:07:11.120] [INFO ] [T006] [MainWindow] 已获取文件锁定，开始同步: C4543.MP4
[2025-09-21 17:07:11.359] [INFO ] [T007] [FileSyncService] 文件已在处理队列中，跳过重复事件: C4545.MP4
[2025-09-21 17:07:11.366] [INFO ] [T007] [FileSyncService] 检测到文件变化，等待写入完成: 左边机位
[2025-09-21 17:07:11.366] [INFO ] [T007] [FileSyncService] 文件已被删除，跳过同步: 左边机位
[2025-09-21 17:07:11.370] [INFO ] [T006] [FileSyncService] 检测到文件变化，等待写入完成: C4546.MP4
[2025-09-21 17:07:11.370] [INFO ] [T007] [FileSyncService] 文件已在处理队列中，跳过重复事件: C4546.MP4
[2025-09-21 17:07:12.672] [INFO ] [T019] [FileSyncService] 文件写入已完成，准备同步: C4545.MP4
[2025-09-21 17:07:12.672] [INFO ] [T006] [MainWindow] 开始同步文件：C4545.MP4
[2025-09-21 17:07:12.672] [INFO ] [T007] [MainWindow] 已获取文件锁定，开始同步: C4545.MP4
[2025-09-21 17:07:12.943] [INFO ] [T006] [FileSyncService] 文件已在处理队列中，跳过重复事件: C4546.MP4
[2025-09-21 17:07:12.949] [INFO ] [T006] [FileSyncService] 检测到文件变化，等待写入完成: 左边机位
[2025-09-21 17:07:12.949] [INFO ] [T006] [FileSyncService] 文件已被删除，跳过同步: 左边机位
[2025-09-21 17:07:12.952] [INFO ] [T025] [FileSyncService] 检测到文件变化，等待写入完成: C4547.MP4
[2025-09-21 17:07:12.952] [INFO ] [T004] [FileSyncService] 文件已在处理队列中，跳过重复事件: C4547.MP4
[2025-09-21 17:07:13.020] [INFO ] [T004] [FileSyncService] 文件已在处理队列中，跳过重复事件: C4547.MP4
[2025-09-21 17:07:13.025] [INFO ] [T023] [FileSyncService] 检测到文件变化，等待写入完成: 左边机位
[2025-09-21 17:07:13.025] [INFO ] [T023] [FileSyncService] 文件已被删除，跳过同步: 左边机位
[2025-09-21 17:07:13.028] [INFO ] [T025] [FileSyncService] 检测到文件变化，等待写入完成: C4548.MP4
[2025-09-21 17:07:13.028] [INFO ] [T004] [FileSyncService] 文件已在处理队列中，跳过重复事件: C4548.MP4
[2025-09-21 17:07:13.370] [INFO ] [T023] [FileSyncService] 文件写入已完成，准备同步: C4546.MP4
[2025-09-21 17:07:13.370] [INFO ] [T004] [MainWindow] 开始同步文件：C4546.MP4
[2025-09-21 17:07:13.370] [INFO ] [T023] [MainWindow] 已获取文件锁定，开始同步: C4546.MP4
[2025-09-21 17:07:13.953] [INFO ] [T006] [FileSyncService] 文件写入已完成，准备同步: C4547.MP4
[2025-09-21 17:07:13.953] [INFO ] [T022] [MainWindow] 开始同步文件：C4547.MP4
[2025-09-21 17:07:13.953] [INFO ] [T022] [MainWindow] 已获取文件锁定，开始同步: C4547.MP4
[2025-09-21 17:07:14.179] [INFO ] [T010] [FastCopyService] FastCopy复制成功: S:\Cache\Test\Ibanez A\右边机位\C0011.MP4 -> A:\Test.original\Ibanez A\右边机位\C0011.MP4
[2025-09-21 17:07:14.179] [INFO ] [T010] [FileSyncService] 释放FastCopy并发许可: C0011.MP4
[2025-09-21 17:07:14.179] [INFO ] [T030] [FileSyncService] 获取FastCopy并发许可，开始复制: C0014.MP4
[2025-09-21 17:07:14.179] [INFO ] [T023] [MainWindow] 同步完成，释放文件锁定: C0011.MP4
[2025-09-21 17:07:14.179] [INFO ] [T025] [MainWindow] 复制完成: C0011.MP4
[2025-09-21 17:07:14.179] [INFO ] [T010] [FileSyncService] 文件处理完成，清理锁: C0011.MP4
[2025-09-21 17:07:14.179] [INFO ] [T030] [FastCopyService] FastCopy服务初始化: C:\Program Files\FastCopy64\fcp.exe
[2025-09-21 17:07:14.198] [INFO ] [T030] [FastCopyService] 检测到系统中有 2 个FastCopy进程正在运行
[2025-09-21 17:07:14.198] [DEBUG] [T030] [FastCopyService] FastCopy进程: PID=65364, 启动时间=2025-09-21 17:07:10
[2025-09-21 17:07:14.198] [DEBUG] [T030] [FastCopyService] FastCopy进程: PID=80016, 启动时间=2025-09-21 17:07:10
[2025-09-21 17:07:14.199] [INFO ] [T030] [FastCopyService] 开始FastCopy复制: S:\Cache\Test\Ibanez A\右边机位\C0014.MP4 -> A:\Test.original\Ibanez A\右边机位\C0014.MP4
[2025-09-21 17:07:14.199] [INFO ] [T010] [MainWindow] 正在复制: C0014.MP4
[2025-09-21 17:07:14.208] [INFO ] [T030] [FastCopyService] 启动FastCopy进程 (PID: 79476): C0014.MP4
[2025-09-21 17:07:14.423] [INFO ] [T030] [FileSyncService] 文件已在处理队列中，跳过重复事件: C4548.MP4
[2025-09-21 17:07:14.429] [INFO ] [T030] [FileSyncService] 检测到文件变化，等待写入完成: 左边机位
[2025-09-21 17:07:14.429] [INFO ] [T030] [FileSyncService] 文件已被删除，跳过同步: 左边机位
[2025-09-21 17:07:14.431] [INFO ] [T006] [FileSyncService] 检测到文件变化，等待写入完成: C4549.MP4
[2025-09-21 17:07:14.432] [INFO ] [T023] [FileSyncService] 文件已在处理队列中，跳过重复事件: C4549.MP4
[2025-09-21 17:07:14.517] [INFO ] [T027] [FastCopyService] FastCopy复制成功: S:\Cache\Test\Ibanez A\右边机位\C0010.MP4 -> A:\Test.original\Ibanez A\右边机位\C0010.MP4
[2025-09-21 17:07:14.517] [INFO ] [T027] [FileSyncService] 释放FastCopy并发许可: C0010.MP4
[2025-09-21 17:07:14.517] [INFO ] [T025] [MainWindow] 复制完成: C0010.MP4
[2025-09-21 17:07:14.517] [INFO ] [T030] [FileSyncService] 获取FastCopy并发许可，开始复制: C0015.MP4
[2025-09-21 17:07:14.517] [INFO ] [T017] [MainWindow] 同步完成，释放文件锁定: C0010.MP4
[2025-09-21 17:07:14.518] [INFO ] [T027] [FileSyncService] 文件处理完成，清理锁: C0010.MP4
[2025-09-21 17:07:14.518] [INFO ] [T030] [FastCopyService] FastCopy服务初始化: C:\Program Files\FastCopy64\fcp.exe
[2025-09-21 17:07:14.532] [INFO ] [T030] [FastCopyService] 检测到系统中有 2 个FastCopy进程正在运行
[2025-09-21 17:07:14.532] [DEBUG] [T030] [FastCopyService] FastCopy进程: PID=80016, 启动时间=2025-09-21 17:07:10
[2025-09-21 17:07:14.532] [DEBUG] [T030] [FastCopyService] FastCopy进程: PID=79476, 启动时间=2025-09-21 17:07:14
[2025-09-21 17:07:14.533] [INFO ] [T030] [FastCopyService] 开始FastCopy复制: S:\Cache\Test\Ibanez A\右边机位\C0015.MP4 -> A:\Test.original\Ibanez A\右边机位\C0015.MP4
[2025-09-21 17:07:14.533] [INFO ] [T025] [MainWindow] 正在复制: C0015.MP4
[2025-09-21 17:07:14.542] [INFO ] [T030] [FastCopyService] 启动FastCopy进程 (PID: 82548): C0015.MP4
[2025-09-21 17:07:15.303] [INFO ] [T030] [FileSyncService] 文件写入已完成，准备同步: C4548.MP4
[2025-09-21 17:07:15.303] [INFO ] [T007] [MainWindow] 已获取文件锁定，开始同步: C4548.MP4
[2025-09-21 17:07:15.303] [INFO ] [T006] [MainWindow] 开始同步文件：C4548.MP4
[2025-09-21 17:07:15.555] [INFO ] [T026] [FastCopyService] FastCopy复制成功: S:\Cache\Test\Ibanez A\右边机位\C0013.MP4 -> A:\Test.original\Ibanez A\右边机位\C0013.MP4
[2025-09-21 17:07:15.555] [INFO ] [T026] [FileSyncService] 释放FastCopy并发许可: C0013.MP4
[2025-09-21 17:07:15.555] [INFO ] [T021] [MainWindow] 复制完成: C0013.MP4
[2025-09-21 17:07:15.555] [INFO ] [T030] [FileSyncService] 获取FastCopy并发许可，开始复制: C0016.MP4
[2025-09-21 17:07:15.555] [INFO ] [T027] [MainWindow] 同步完成，释放文件锁定: C0013.MP4
[2025-09-21 17:07:15.556] [INFO ] [T030] [FastCopyService] FastCopy服务初始化: C:\Program Files\FastCopy64\fcp.exe
[2025-09-21 17:07:15.558] [INFO ] [T026] [FileSyncService] 文件处理完成，清理锁: C0013.MP4
[2025-09-21 17:07:15.572] [INFO ] [T030] [FastCopyService] 检测到系统中有 2 个FastCopy进程正在运行
[2025-09-21 17:07:15.572] [DEBUG] [T030] [FastCopyService] FastCopy进程: PID=79476, 启动时间=2025-09-21 17:07:14
[2025-09-21 17:07:15.572] [DEBUG] [T030] [FastCopyService] FastCopy进程: PID=82548, 启动时间=2025-09-21 17:07:14
[2025-09-21 17:07:15.572] [INFO ] [T030] [FastCopyService] 开始FastCopy复制: S:\Cache\Test\Ibanez A\右边机位\C0016.MP4 -> A:\Test.original\Ibanez A\右边机位\C0016.MP4
[2025-09-21 17:07:15.572] [INFO ] [T027] [MainWindow] 正在复制: C0016.MP4
[2025-09-21 17:07:15.583] [INFO ] [T030] [FastCopyService] 启动FastCopy进程 (PID: 73260): C0016.MP4
[2025-09-21 17:07:16.550] [INFO ] [T030] [FileSyncService] 文件已在处理队列中，跳过重复事件: C4549.MP4
[2025-09-21 17:07:16.803] [INFO ] [T007] [FileSyncService] 检测到文件变化，等待写入完成: 左边机位
[2025-09-21 17:07:16.803] [INFO ] [T007] [FileSyncService] 文件已被删除，跳过同步: 左边机位
[2025-09-21 17:07:16.806] [INFO ] [T007] [FileSyncService] 检测到文件变化，等待写入完成: C4550.MP4
[2025-09-21 17:07:16.806] [INFO ] [T026] [FileSyncService] 文件已在处理队列中，跳过重复事件: C4550.MP4
[2025-09-21 17:07:17.432] [INFO ] [T023] [FileSyncService] 文件写入已完成，准备同步: C4549.MP4
[2025-09-21 17:07:17.432] [INFO ] [T006] [MainWindow] 已获取文件锁定，开始同步: C4549.MP4
[2025-09-21 17:07:17.432] [INFO ] [T006] [MainWindow] 开始同步文件：C4549.MP4
[2025-09-21 17:07:18.367] [INFO ] [T023] [FileSyncService] 文件已在处理队列中，跳过重复事件: C4550.MP4
[2025-09-21 17:07:18.373] [INFO ] [T023] [FileSyncService] 检测到文件变化，等待写入完成: 左边机位
[2025-09-21 17:07:18.373] [INFO ] [T023] [FileSyncService] 文件已被删除，跳过同步: 左边机位
[2025-09-21 17:07:18.376] [INFO ] [T006] [FileSyncService] 检测到文件变化，等待写入完成: C4551.MP4
[2025-09-21 17:07:18.376] [INFO ] [T023] [FileSyncService] 文件已在处理队列中，跳过重复事件: C4551.MP4
[2025-09-21 17:07:18.806] [INFO ] [T026] [FileSyncService] 文件写入已完成，准备同步: C4550.MP4
[2025-09-21 17:07:18.806] [INFO ] [T007] [MainWindow] 开始同步文件：C4550.MP4
[2025-09-21 17:07:18.807] [INFO ] [T006] [MainWindow] 已获取文件锁定，开始同步: C4550.MP4
[2025-09-21 17:07:18.896] [INFO ] [T027] [FastCopyService] FastCopy复制成功: S:\Cache\Test\Ibanez A\右边机位\C0016.MP4 -> A:\Test.original\Ibanez A\右边机位\C0016.MP4
[2025-09-21 17:07:18.896] [INFO ] [T027] [FileSyncService] 释放FastCopy并发许可: C0016.MP4
[2025-09-21 17:07:18.896] [INFO ] [T006] [MainWindow] 复制完成: C0016.MP4
[2025-09-21 17:07:18.896] [INFO ] [T021] [FileSyncService] 获取FastCopy并发许可，开始复制: C0017.MP4
[2025-09-21 17:07:18.896] [INFO ] [T026] [MainWindow] 同步完成，释放文件锁定: C0016.MP4
[2025-09-21 17:07:18.896] [INFO ] [T027] [FileSyncService] 文件处理完成，清理锁: C0016.MP4
[2025-09-21 17:07:18.896] [INFO ] [T021] [FastCopyService] FastCopy服务初始化: C:\Program Files\FastCopy64\fcp.exe
[2025-09-21 17:07:18.913] [INFO ] [T021] [FastCopyService] 检测到系统中有 2 个FastCopy进程正在运行
[2025-09-21 17:07:18.913] [DEBUG] [T021] [FastCopyService] FastCopy进程: PID=79476, 启动时间=2025-09-21 17:07:14
[2025-09-21 17:07:18.913] [DEBUG] [T021] [FastCopyService] FastCopy进程: PID=82548, 启动时间=2025-09-21 17:07:14
[2025-09-21 17:07:18.913] [INFO ] [T021] [FastCopyService] 开始FastCopy复制: S:\Cache\Test\Ibanez A\右边机位\C0017.MP4 -> A:\Test.original\Ibanez A\右边机位\C0017.MP4
[2025-09-21 17:07:18.914] [INFO ] [T026] [MainWindow] 正在复制: C0017.MP4
[2025-09-21 17:07:18.923] [INFO ] [T021] [FastCopyService] 启动FastCopy进程 (PID: 69892): C0017.MP4
[2025-09-21 17:07:19.492] [INFO ] [T006] [FileSyncService] 文件已在处理队列中，跳过重复事件: C4551.MP4
[2025-09-21 17:07:19.527] [INFO ] [T006] [FileSyncService] 检测到文件变化，等待写入完成: Ibanez A
[2025-09-21 17:07:19.528] [INFO ] [T006] [FileSyncService] 文件已被删除，跳过同步: Ibanez A
[2025-09-21 17:07:19.548] [INFO ] [T010] [FastCopyService] FastCopy复制成功: S:\Cache\Test\Ibanez A\右边机位\C0014.MP4 -> A:\Test.original\Ibanez A\右边机位\C0014.MP4
[2025-09-21 17:07:19.548] [INFO ] [T006] [MainWindow] 复制完成: C0014.MP4
[2025-09-21 17:07:19.548] [INFO ] [T010] [FileSyncService] 释放FastCopy并发许可: C0014.MP4
[2025-09-21 17:07:19.549] [INFO ] [T007] [FileSyncService] 获取FastCopy并发许可，开始复制: C0018.MP4
[2025-09-21 17:07:19.549] [INFO ] [T026] [MainWindow] 同步完成，释放文件锁定: C0014.MP4
[2025-09-21 17:07:19.549] [INFO ] [T007] [FastCopyService] FastCopy服务初始化: C:\Program Files\FastCopy64\fcp.exe
[2025-09-21 17:07:19.550] [INFO ] [T010] [FileSyncService] 文件处理完成，清理锁: C0014.MP4
[2025-09-21 17:07:19.562] [INFO ] [T007] [FastCopyService] 检测到系统中有 2 个FastCopy进程正在运行
[2025-09-21 17:07:19.562] [DEBUG] [T007] [FastCopyService] FastCopy进程: PID=82548, 启动时间=2025-09-21 17:07:14
[2025-09-21 17:07:19.562] [DEBUG] [T007] [FastCopyService] FastCopy进程: PID=69892, 启动时间=2025-09-21 17:07:18
[2025-09-21 17:07:19.562] [INFO ] [T007] [FastCopyService] 开始FastCopy复制: S:\Cache\Test\Ibanez A\右边机位\C0018.MP4 -> A:\Test.original\Ibanez A\右边机位\C0018.MP4
[2025-09-21 17:07:19.562] [INFO ] [T006] [MainWindow] 正在复制: C0018.MP4
[2025-09-21 17:07:19.571] [INFO ] [T007] [FastCopyService] 启动FastCopy进程 (PID: 72464): C0018.MP4
[2025-09-21 17:07:20.378] [INFO ] [T022] [FileSyncService] 文件写入已完成，准备同步: C4551.MP4
[2025-09-21 17:07:20.378] [INFO ] [T007] [MainWindow] 开始同步文件：C4551.MP4
[2025-09-21 17:07:20.378] [INFO ] [T030] [MainWindow] 已获取文件锁定，开始同步: C4551.MP4
[2025-09-21 17:07:20.689] [INFO ] [T017] [FastCopyService] FastCopy复制成功: S:\Cache\Test\Ibanez A\右边机位\C0015.MP4 -> A:\Test.original\Ibanez A\右边机位\C0015.MP4
[2025-09-21 17:07:20.689] [INFO ] [T017] [FileSyncService] 释放FastCopy并发许可: C0015.MP4
[2025-09-21 17:07:20.689] [INFO ] [T022] [MainWindow] 同步完成，释放文件锁定: C0015.MP4
[2025-09-21 17:07:20.689] [INFO ] [T004] [MainWindow] 复制完成: C0015.MP4
[2025-09-21 17:07:20.689] [INFO ] [T030] [FileSyncService] 获取FastCopy并发许可，开始复制: C4539.MP4
[2025-09-21 17:07:20.689] [INFO ] [T017] [FileSyncService] 文件处理完成，清理锁: C0015.MP4
[2025-09-21 17:07:20.690] [INFO ] [T030] [FastCopyService] FastCopy服务初始化: C:\Program Files\FastCopy64\fcp.exe
[2025-09-21 17:07:20.704] [INFO ] [T030] [FastCopyService] 检测到系统中有 2 个FastCopy进程正在运行
[2025-09-21 17:07:20.704] [DEBUG] [T030] [FastCopyService] FastCopy进程: PID=69892, 启动时间=2025-09-21 17:07:18
[2025-09-21 17:07:20.704] [DEBUG] [T030] [FastCopyService] FastCopy进程: PID=72464, 启动时间=2025-09-21 17:07:19
[2025-09-21 17:07:20.704] [INFO ] [T030] [FastCopyService] 开始FastCopy复制: S:\Cache\Test\Ibanez A\左边机位\C4539.MP4 -> A:\Test.original\Ibanez A\左边机位\C4539.MP4
[2025-09-21 17:07:20.704] [INFO ] [T004] [MainWindow] 正在复制: C4539.MP4
[2025-09-21 17:07:20.713] [INFO ] [T030] [FastCopyService] 启动FastCopy进程 (PID: 84580): C4539.MP4
[2025-09-21 17:07:22.075] [INFO ] [T025] [FileSyncService] 检测到文件变化，等待写入完成: 左边机位
[2025-09-21 17:07:22.075] [INFO ] [T025] [FileSyncService] 文件已被删除，跳过同步: 左边机位
[2025-09-21 17:07:23.899] [INFO ] [T017] [FastCopyService] FastCopy复制成功: S:\Cache\Test\Ibanez A\右边机位\C0017.MP4 -> A:\Test.original\Ibanez A\右边机位\C0017.MP4
[2025-09-21 17:07:23.899] [INFO ] [T030] [MainWindow] 复制完成: C0017.MP4
[2025-09-21 17:07:23.899] [INFO ] [T017] [FileSyncService] 释放FastCopy并发许可: C0017.MP4
[2025-09-21 17:07:23.899] [INFO ] [T021] [FileSyncService] 获取FastCopy并发许可，开始复制: C4540.MP4
[2025-09-21 17:07:23.899] [INFO ] [T025] [MainWindow] 同步完成，释放文件锁定: C0017.MP4
[2025-09-21 17:07:23.899] [INFO ] [T017] [FileSyncService] 文件处理完成，清理锁: C0017.MP4
[2025-09-21 17:07:23.899] [INFO ] [T021] [FastCopyService] FastCopy服务初始化: C:\Program Files\FastCopy64\fcp.exe
[2025-09-21 17:07:23.915] [INFO ] [T021] [FastCopyService] 检测到系统中有 2 个FastCopy进程正在运行
[2025-09-21 17:07:23.915] [DEBUG] [T021] [FastCopyService] FastCopy进程: PID=72464, 启动时间=2025-09-21 17:07:19
[2025-09-21 17:07:23.915] [DEBUG] [T021] [FastCopyService] FastCopy进程: PID=84580, 启动时间=2025-09-21 17:07:20
[2025-09-21 17:07:23.915] [INFO ] [T021] [FastCopyService] 开始FastCopy复制: S:\Cache\Test\Ibanez A\左边机位\C4540.MP4 -> A:\Test.original\Ibanez A\左边机位\C4540.MP4
[2025-09-21 17:07:23.915] [INFO ] [T025] [MainWindow] 正在复制: C4540.MP4
[2025-09-21 17:07:23.926] [INFO ] [T021] [FastCopyService] 启动FastCopy进程 (PID: 23656): C4540.MP4
[2025-09-21 17:07:25.034] [INFO ] [T026] [FastCopyService] FastCopy复制成功: S:\Cache\Test\Ibanez A\右边机位\C0018.MP4 -> A:\Test.original\Ibanez A\右边机位\C0018.MP4
[2025-09-21 17:07:25.034] [INFO ] [T026] [FileSyncService] 释放FastCopy并发许可: C0018.MP4
[2025-09-21 17:07:25.034] [INFO ] [T030] [FileSyncService] 获取FastCopy并发许可，开始复制: C4541.MP4
[2025-09-21 17:07:25.034] [INFO ] [T017] [MainWindow] 复制完成: C0018.MP4
[2025-09-21 17:07:25.034] [INFO ] [T007] [MainWindow] 同步完成，释放文件锁定: C0018.MP4
[2025-09-21 17:07:25.035] [INFO ] [T030] [FastCopyService] FastCopy服务初始化: C:\Program Files\FastCopy64\fcp.exe
[2025-09-21 17:07:25.035] [INFO ] [T026] [FileSyncService] 文件处理完成，清理锁: C0018.MP4
[2025-09-21 17:07:25.050] [INFO ] [T030] [FastCopyService] 检测到系统中有 2 个FastCopy进程正在运行
[2025-09-21 17:07:25.050] [DEBUG] [T030] [FastCopyService] FastCopy进程: PID=84580, 启动时间=2025-09-21 17:07:20
[2025-09-21 17:07:25.050] [DEBUG] [T030] [FastCopyService] FastCopy进程: PID=23656, 启动时间=2025-09-21 17:07:23
[2025-09-21 17:07:25.050] [INFO ] [T030] [FastCopyService] 开始FastCopy复制: S:\Cache\Test\Ibanez A\左边机位\C4541.MP4 -> A:\Test.original\Ibanez A\左边机位\C4541.MP4
[2025-09-21 17:07:25.050] [INFO ] [T026] [MainWindow] 正在复制: C4541.MP4
[2025-09-21 17:07:25.060] [INFO ] [T030] [FastCopyService] 启动FastCopy进程 (PID: 64884): C4541.MP4
[2025-09-21 17:07:25.170] [INFO ] [T004] [FastCopyService] FastCopy复制成功: S:\Cache\Test\Ibanez A\左边机位\C4539.MP4 -> A:\Test.original\Ibanez A\左边机位\C4539.MP4
[2025-09-21 17:07:25.170] [INFO ] [T004] [FileSyncService] 释放FastCopy并发许可: C4539.MP4
[2025-09-21 17:07:25.170] [INFO ] [T022] [MainWindow] 复制完成: C4539.MP4
[2025-09-21 17:07:25.170] [INFO ] [T030] [FileSyncService] 获取FastCopy并发许可，开始复制: C4542.MP4
[2025-09-21 17:07:25.170] [INFO ] [T017] [MainWindow] 同步完成，释放文件锁定: C4539.MP4
[2025-09-21 17:07:25.171] [INFO ] [T030] [FastCopyService] FastCopy服务初始化: C:\Program Files\FastCopy64\fcp.exe
[2025-09-21 17:07:25.172] [INFO ] [T004] [FileSyncService] 文件处理完成，清理锁: C4539.MP4
[2025-09-21 17:07:25.185] [INFO ] [T030] [FastCopyService] 检测到系统中有 2 个FastCopy进程正在运行
[2025-09-21 17:07:25.185] [DEBUG] [T030] [FastCopyService] FastCopy进程: PID=23656, 启动时间=2025-09-21 17:07:23
[2025-09-21 17:07:25.185] [DEBUG] [T030] [FastCopyService] FastCopy进程: PID=64884, 启动时间=2025-09-21 17:07:25
[2025-09-21 17:07:25.185] [INFO ] [T030] [FastCopyService] 开始FastCopy复制: S:\Cache\Test\Ibanez A\左边机位\C4542.MP4 -> A:\Test.original\Ibanez A\左边机位\C4542.MP4
[2025-09-21 17:07:25.185] [INFO ] [T017] [MainWindow] 正在复制: C4542.MP4
[2025-09-21 17:07:25.194] [INFO ] [T030] [FastCopyService] 启动FastCopy进程 (PID: 72244): C4542.MP4
[2025-09-21 17:07:29.009] [INFO ] [T021] [FastCopyService] FastCopy复制成功: S:\Cache\Test\Ibanez A\左边机位\C4540.MP4 -> A:\Test.original\Ibanez A\左边机位\C4540.MP4
[2025-09-21 17:07:29.010] [INFO ] [T022] [MainWindow] 复制完成: C4540.MP4
[2025-09-21 17:07:29.010] [INFO ] [T021] [FileSyncService] 释放FastCopy并发许可: C4540.MP4
[2025-09-21 17:07:29.010] [INFO ] [T025] [FileSyncService] 获取FastCopy并发许可，开始复制: C4543.MP4
[2025-09-21 17:07:29.010] [INFO ] [T023] [MainWindow] 同步完成，释放文件锁定: C4540.MP4
[2025-09-21 17:07:29.010] [INFO ] [T025] [FastCopyService] FastCopy服务初始化: C:\Program Files\FastCopy64\fcp.exe
[2025-09-21 17:07:29.011] [INFO ] [T021] [FileSyncService] 文件处理完成，清理锁: C4540.MP4
[2025-09-21 17:07:29.025] [INFO ] [T025] [FastCopyService] 检测到系统中有 2 个FastCopy进程正在运行
[2025-09-21 17:07:29.025] [DEBUG] [T025] [FastCopyService] FastCopy进程: PID=64884, 启动时间=2025-09-21 17:07:25
[2025-09-21 17:07:29.025] [DEBUG] [T025] [FastCopyService] FastCopy进程: PID=72244, 启动时间=2025-09-21 17:07:25
[2025-09-21 17:07:29.025] [INFO ] [T025] [FastCopyService] 开始FastCopy复制: S:\Cache\Test\Ibanez A\左边机位\C4543.MP4 -> A:\Test.original\Ibanez A\左边机位\C4543.MP4
[2025-09-21 17:07:29.025] [INFO ] [T021] [MainWindow] 正在复制: C4543.MP4
[2025-09-21 17:07:29.034] [INFO ] [T025] [FastCopyService] 启动FastCopy进程 (PID: 75112): C4543.MP4
[2025-09-21 17:07:29.550] [INFO ] [T026] [FastCopyService] FastCopy复制成功: S:\Cache\Test\Ibanez A\左边机位\C4541.MP4 -> A:\Test.original\Ibanez A\左边机位\C4541.MP4
[2025-09-21 17:07:29.550] [INFO ] [T026] [FileSyncService] 释放FastCopy并发许可: C4541.MP4
[2025-09-21 17:07:29.550] [INFO ] [T007] [MainWindow] 复制完成: C4541.MP4
[2025-09-21 17:07:29.550] [INFO ] [T023] [MainWindow] 同步完成，释放文件锁定: C4541.MP4
[2025-09-21 17:07:29.550] [INFO ] [T027] [FileSyncService] 获取FastCopy并发许可，开始复制: C4545.MP4
[2025-09-21 17:07:29.551] [INFO ] [T026] [FileSyncService] 文件处理完成，清理锁: C4541.MP4
[2025-09-21 17:07:29.551] [INFO ] [T027] [FastCopyService] FastCopy服务初始化: C:\Program Files\FastCopy64\fcp.exe
[2025-09-21 17:07:29.563] [INFO ] [T027] [FastCopyService] 检测到系统中有 2 个FastCopy进程正在运行
[2025-09-21 17:07:29.563] [DEBUG] [T027] [FastCopyService] FastCopy进程: PID=72244, 启动时间=2025-09-21 17:07:25
[2025-09-21 17:07:29.563] [DEBUG] [T027] [FastCopyService] FastCopy进程: PID=75112, 启动时间=2025-09-21 17:07:29
[2025-09-21 17:07:29.563] [INFO ] [T027] [FastCopyService] 开始FastCopy复制: S:\Cache\Test\Ibanez A\左边机位\C4545.MP4 -> A:\Test.original\Ibanez A\左边机位\C4545.MP4
[2025-09-21 17:07:29.564] [INFO ] [T025] [MainWindow] 正在复制: C4545.MP4
[2025-09-21 17:07:29.572] [INFO ] [T027] [FastCopyService] 启动FastCopy进程 (PID: 84332): C4545.MP4
[2025-09-21 17:07:30.083] [INFO ] [T017] [FastCopyService] FastCopy复制成功: S:\Cache\Test\Ibanez A\左边机位\C4542.MP4 -> A:\Test.original\Ibanez A\左边机位\C4542.MP4
[2025-09-21 17:07:30.083] [INFO ] [T030] [MainWindow] 复制完成: C4542.MP4
[2025-09-21 17:07:30.083] [INFO ] [T017] [FileSyncService] 释放FastCopy并发许可: C4542.MP4
[2025-09-21 17:07:30.083] [INFO ] [T025] [FileSyncService] 获取FastCopy并发许可，开始复制: C4546.MP4
[2025-09-21 17:07:30.083] [INFO ] [T007] [MainWindow] 同步完成，释放文件锁定: C4542.MP4
[2025-09-21 17:07:30.084] [INFO ] [T025] [FastCopyService] FastCopy服务初始化: C:\Program Files\FastCopy64\fcp.exe
[2025-09-21 17:07:30.084] [INFO ] [T017] [FileSyncService] 文件处理完成，清理锁: C4542.MP4
[2025-09-21 17:07:30.095] [INFO ] [T025] [FastCopyService] 检测到系统中有 2 个FastCopy进程正在运行
[2025-09-21 17:07:30.095] [DEBUG] [T025] [FastCopyService] FastCopy进程: PID=75112, 启动时间=2025-09-21 17:07:29
[2025-09-21 17:07:30.095] [DEBUG] [T025] [FastCopyService] FastCopy进程: PID=84332, 启动时间=2025-09-21 17:07:29
[2025-09-21 17:07:30.095] [INFO ] [T025] [FastCopyService] 开始FastCopy复制: S:\Cache\Test\Ibanez A\左边机位\C4546.MP4 -> A:\Test.original\Ibanez A\左边机位\C4546.MP4
[2025-09-21 17:07:30.095] [INFO ] [T017] [MainWindow] 正在复制: C4546.MP4
[2025-09-21 17:07:30.104] [INFO ] [T025] [FastCopyService] 启动FastCopy进程 (PID: 7104): C4546.MP4
[2025-09-21 17:07:32.855] [INFO ] [T026] [FastCopyService] FastCopy复制成功: S:\Cache\Test\Ibanez A\左边机位\C4545.MP4 -> A:\Test.original\Ibanez A\左边机位\C4545.MP4
[2025-09-21 17:07:32.855] [INFO ] [T026] [FileSyncService] 释放FastCopy并发许可: C4545.MP4
[2025-09-21 17:07:32.855] [INFO ] [T023] [MainWindow] 复制完成: C4545.MP4
[2025-09-21 17:07:32.855] [INFO ] [T027] [FileSyncService] 获取FastCopy并发许可，开始复制: C4547.MP4
[2025-09-21 17:07:32.855] [INFO ] [T023] [MainWindow] 同步完成，释放文件锁定: C4545.MP4
[2025-09-21 17:07:32.855] [INFO ] [T026] [FileSyncService] 文件处理完成，清理锁: C4545.MP4
[2025-09-21 17:07:32.856] [INFO ] [T027] [FastCopyService] FastCopy服务初始化: C:\Program Files\FastCopy64\fcp.exe
[2025-09-21 17:07:32.871] [INFO ] [T027] [FastCopyService] 检测到系统中有 2 个FastCopy进程正在运行
[2025-09-21 17:07:32.871] [DEBUG] [T027] [FastCopyService] FastCopy进程: PID=75112, 启动时间=2025-09-21 17:07:29
[2025-09-21 17:07:32.871] [DEBUG] [T027] [FastCopyService] FastCopy进程: PID=7104, 启动时间=2025-09-21 17:07:30
[2025-09-21 17:07:32.872] [INFO ] [T027] [FastCopyService] 开始FastCopy复制: S:\Cache\Test\Ibanez A\左边机位\C4547.MP4 -> A:\Test.original\Ibanez A\左边机位\C4547.MP4
[2025-09-21 17:07:32.872] [INFO ] [T030] [MainWindow] 正在复制: C4547.MP4
[2025-09-21 17:07:32.881] [INFO ] [T027] [FastCopyService] 启动FastCopy进程 (PID: 81744): C4547.MP4
[2025-09-21 17:07:33.785] [INFO ] [T007] [FastCopyService] FastCopy复制成功: S:\Cache\Test\Ibanez A\左边机位\C4546.MP4 -> A:\Test.original\Ibanez A\左边机位\C4546.MP4
[2025-09-21 17:07:33.785] [INFO ] [T007] [FileSyncService] 释放FastCopy并发许可: C4546.MP4
[2025-09-21 17:07:33.785] [INFO ] [T027] [FileSyncService] 获取FastCopy并发许可，开始复制: C4548.MP4
[2025-09-21 17:07:33.785] [INFO ] [T030] [MainWindow] 复制完成: C4546.MP4
[2025-09-21 17:07:33.785] [INFO ] [T004] [MainWindow] 同步完成，释放文件锁定: C4546.MP4
[2025-09-21 17:07:33.785] [INFO ] [T007] [FileSyncService] 文件处理完成，清理锁: C4546.MP4
[2025-09-21 17:07:33.786] [INFO ] [T027] [FastCopyService] FastCopy服务初始化: C:\Program Files\FastCopy64\fcp.exe
[2025-09-21 17:07:33.799] [INFO ] [T027] [FastCopyService] 检测到系统中有 2 个FastCopy进程正在运行
[2025-09-21 17:07:33.799] [DEBUG] [T027] [FastCopyService] FastCopy进程: PID=75112, 启动时间=2025-09-21 17:07:29
[2025-09-21 17:07:33.799] [DEBUG] [T027] [FastCopyService] FastCopy进程: PID=81744, 启动时间=2025-09-21 17:07:32
[2025-09-21 17:07:33.799] [INFO ] [T027] [FastCopyService] 开始FastCopy复制: S:\Cache\Test\Ibanez A\左边机位\C4548.MP4 -> A:\Test.original\Ibanez A\左边机位\C4548.MP4
[2025-09-21 17:07:33.799] [INFO ] [T030] [MainWindow] 正在复制: C4548.MP4
[2025-09-21 17:07:33.808] [INFO ] [T027] [FastCopyService] 启动FastCopy进程 (PID: 75588): C4548.MP4
[2025-09-21 17:07:34.661] [INFO ] [T022] [FastCopyService] FastCopy复制成功: S:\Cache\Test\Ibanez A\左边机位\C4543.MP4 -> A:\Test.original\Ibanez A\左边机位\C4543.MP4
[2025-09-21 17:07:34.661] [INFO ] [T022] [FileSyncService] 释放FastCopy并发许可: C4543.MP4
[2025-09-21 17:07:34.661] [INFO ] [T007] [MainWindow] 复制完成: C4543.MP4
[2025-09-21 17:07:34.661] [INFO ] [T030] [FileSyncService] 获取FastCopy并发许可，开始复制: C4549.MP4
[2025-09-21 17:07:34.661] [INFO ] [T017] [MainWindow] 同步完成，释放文件锁定: C4543.MP4
[2025-09-21 17:07:34.662] [INFO ] [T022] [FileSyncService] 文件处理完成，清理锁: C4543.MP4
[2025-09-21 17:07:34.662] [INFO ] [T030] [FastCopyService] FastCopy服务初始化: C:\Program Files\FastCopy64\fcp.exe
[2025-09-21 17:07:34.674] [INFO ] [T030] [FastCopyService] 检测到系统中有 2 个FastCopy进程正在运行
[2025-09-21 17:07:34.674] [DEBUG] [T030] [FastCopyService] FastCopy进程: PID=81744, 启动时间=2025-09-21 17:07:32
[2025-09-21 17:07:34.674] [DEBUG] [T030] [FastCopyService] FastCopy进程: PID=75588, 启动时间=2025-09-21 17:07:33
[2025-09-21 17:07:34.675] [INFO ] [T030] [FastCopyService] 开始FastCopy复制: S:\Cache\Test\Ibanez A\左边机位\C4549.MP4 -> A:\Test.original\Ibanez A\左边机位\C4549.MP4
[2025-09-21 17:07:34.675] [INFO ] [T017] [MainWindow] 正在复制: C4549.MP4
[2025-09-21 17:07:34.683] [INFO ] [T030] [FastCopyService] 启动FastCopy进程 (PID: 68680): C4549.MP4
[2025-09-21 17:07:34.727] [INFO ] [T025] [FastCopyService] FastCopy复制成功: S:\Cache\Test\Ibanez A\左边机位\C4547.MP4 -> A:\Test.original\Ibanez A\左边机位\C4547.MP4
[2025-09-21 17:07:34.727] [INFO ] [T007] [MainWindow] 复制完成: C4547.MP4
[2025-09-21 17:07:34.727] [INFO ] [T025] [FileSyncService] 释放FastCopy并发许可: C4547.MP4
[2025-09-21 17:07:34.727] [INFO ] [T030] [FileSyncService] 获取FastCopy并发许可，开始复制: C4550.MP4
[2025-09-21 17:07:34.727] [INFO ] [T026] [MainWindow] 同步完成，释放文件锁定: C4547.MP4
[2025-09-21 17:07:34.728] [INFO ] [T030] [FastCopyService] FastCopy服务初始化: C:\Program Files\FastCopy64\fcp.exe
[2025-09-21 17:07:34.728] [INFO ] [T025] [FileSyncService] 文件处理完成，清理锁: C4547.MP4
[2025-09-21 17:07:34.741] [INFO ] [T030] [FastCopyService] 检测到系统中有 2 个FastCopy进程正在运行
[2025-09-21 17:07:34.741] [DEBUG] [T030] [FastCopyService] FastCopy进程: PID=75588, 启动时间=2025-09-21 17:07:33
[2025-09-21 17:07:34.741] [DEBUG] [T030] [FastCopyService] FastCopy进程: PID=68680, 启动时间=2025-09-21 17:07:34
[2025-09-21 17:07:34.741] [INFO ] [T030] [FastCopyService] 开始FastCopy复制: S:\Cache\Test\Ibanez A\左边机位\C4550.MP4 -> A:\Test.original\Ibanez A\左边机位\C4550.MP4
[2025-09-21 17:07:34.741] [INFO ] [T026] [MainWindow] 正在复制: C4550.MP4
[2025-09-21 17:07:34.749] [INFO ] [T030] [FastCopyService] 启动FastCopy进程 (PID: 83204): C4550.MP4
[2025-09-21 17:07:38.022] [INFO ] [T004] [FastCopyService] FastCopy复制成功: S:\Cache\Test\Ibanez A\左边机位\C4548.MP4 -> A:\Test.original\Ibanez A\左边机位\C4548.MP4
[2025-09-21 17:07:38.022] [INFO ] [T004] [FileSyncService] 释放FastCopy并发许可: C4548.MP4
[2025-09-21 17:07:38.022] [INFO ] [T030] [FileSyncService] 获取FastCopy并发许可，开始复制: C4551.MP4
[2025-09-21 17:07:38.022] [INFO ] [T026] [MainWindow] 复制完成: C4548.MP4
[2025-09-21 17:07:38.022] [INFO ] [T021] [MainWindow] 同步完成，释放文件锁定: C4548.MP4
[2025-09-21 17:07:38.022] [INFO ] [T004] [FileSyncService] 文件处理完成，清理锁: C4548.MP4
[2025-09-21 17:07:38.023] [INFO ] [T030] [FastCopyService] FastCopy服务初始化: C:\Program Files\FastCopy64\fcp.exe
[2025-09-21 17:07:38.037] [INFO ] [T030] [FastCopyService] 检测到系统中有 2 个FastCopy进程正在运行
[2025-09-21 17:07:38.037] [DEBUG] [T030] [FastCopyService] FastCopy进程: PID=68680, 启动时间=2025-09-21 17:07:34
[2025-09-21 17:07:38.037] [DEBUG] [T030] [FastCopyService] FastCopy进程: PID=83204, 启动时间=2025-09-21 17:07:34
[2025-09-21 17:07:38.038] [INFO ] [T030] [FastCopyService] 开始FastCopy复制: S:\Cache\Test\Ibanez A\左边机位\C4551.MP4 -> A:\Test.original\Ibanez A\左边机位\C4551.MP4
[2025-09-21 17:07:38.038] [INFO ] [T026] [MainWindow] 正在复制: C4551.MP4
[2025-09-21 17:07:38.047] [INFO ] [T030] [FastCopyService] 启动FastCopy进程 (PID: 60108): C4551.MP4
[2025-09-21 17:07:38.590] [INFO ] [T007] [FastCopyService] FastCopy复制成功: S:\Cache\Test\Ibanez A\左边机位\C4550.MP4 -> A:\Test.original\Ibanez A\左边机位\C4550.MP4
[2025-09-21 17:07:38.590] [INFO ] [T007] [FileSyncService] 释放FastCopy并发许可: C4550.MP4
[2025-09-21 17:07:38.590] [INFO ] [T027] [MainWindow] 复制完成: C4550.MP4
[2025-09-21 17:07:38.590] [INFO ] [T030] [MainWindow] 同步完成，释放文件锁定: C4550.MP4
[2025-09-21 17:07:38.591] [INFO ] [T007] [FileSyncService] 文件处理完成，清理锁: C4550.MP4
[2025-09-21 17:07:39.212] [INFO ] [T017] [FastCopyService] FastCopy复制成功: S:\Cache\Test\Ibanez A\左边机位\C4549.MP4 -> A:\Test.original\Ibanez A\左边机位\C4549.MP4
[2025-09-21 17:07:39.212] [INFO ] [T017] [FileSyncService] 释放FastCopy并发许可: C4549.MP4
[2025-09-21 17:07:39.212] [INFO ] [T007] [MainWindow] 同步完成，释放文件锁定: C4549.MP4
[2025-09-21 17:07:39.212] [INFO ] [T022] [MainWindow] 复制完成: C4549.MP4
[2025-09-21 17:07:39.212] [INFO ] [T017] [FileSyncService] 文件处理完成，清理锁: C4549.MP4
[2025-09-21 17:07:40.980] [INFO ] [T026] [FastCopyService] FastCopy复制成功: S:\Cache\Test\Ibanez A\左边机位\C4551.MP4 -> A:\Test.original\Ibanez A\左边机位\C4551.MP4
[2025-09-21 17:07:40.980] [INFO ] [T026] [FileSyncService] 释放FastCopy并发许可: C4551.MP4
[2025-09-21 17:07:40.980] [INFO ] [T021] [MainWindow] 复制完成: C4551.MP4
[2025-09-21 17:07:40.980] [INFO ] [T017] [MainWindow] 同步完成，释放文件锁定: C4551.MP4
[2025-09-21 17:07:40.981] [INFO ] [T026] [FileSyncService] 文件处理完成，清理锁: C4551.MP4
