[2025-09-22 09:11:21.993] [INFO ] [T001] [FastCopyService] FastCopy服务初始化: C:\Program Files\FastCopy64\fcp.exe
[2025-09-22 09:11:21.997] [INFO ] [T001] [FileSyncService] FastCopy最大并发数设置为: 3
[2025-09-22 09:11:21.997] [INFO ] [T001] [FileSyncService] FileSyncService 初始化完成
[2025-09-22 09:11:22.082] [INFO ] [T001] [MainWindow] 记录加速状态：A:\Test -> 激活
[2025-09-22 09:11:22.082] [INFO ] [T001] [MainWindow] 恢复加速状态记录：A:\Test - 活跃
[2025-09-22 09:12:20.114] [INFO ] [T001] [MainWindow] 正在停止加速：A:\Test
[2025-09-22 09:12:20.190] [INFO ] [T001] [MainWindow] 缓存加速已停止：A:\Test
[2025-09-22 09:12:20.190] [INFO ] [T001] [MainWindow] ✅ 加速停止成功：A:\Test
[2025-09-22 09:12:20.208] [INFO ] [T001] [MainWindow] 已删除路径记录：A:\Test
[2025-09-22 09:12:20.208] [INFO ] [T001] [MainWindow] 开始停止缓存加速...
[2025-09-22 09:12:20.209] [INFO ] [T001] [MainWindow] 停止文件同步监控...
[2025-09-22 09:12:20.209] [INFO ] [T001] [MainWindow] 没有找到对应的监控器：
[2025-09-22 09:12:20.209] [INFO ] [T001] [MainWindow] 停止性能监控...
[2025-09-22 09:12:20.209] [INFO ] [T001] [MainWindow] 执行最后一次同步...
[2025-09-22 09:12:20.210] [INFO ] [T001] [MainWindow] 未找到同步配置：
[2025-09-22 09:12:20.210] [INFO ] [T001] [MainWindow] 删除Junction：A:\Test
[2025-09-22 09:12:20.210] [INFO ] [T001] [MainWindow] 删除Junction：A:\Test
[2025-09-22 09:12:20.210] [INFO ] [T001] [MainWindow] Junction删除成功
[2025-09-22 09:12:20.210] [INFO ] [T001] [MainWindow] 找到备份目录：A:\Test.original
[2025-09-22 09:12:20.210] [INFO ] [T001] [MainWindow] 恢复原始目录：A:\Test.original -> A:\Test
[2025-09-22 09:12:20.210] [INFO ] [T001] [MainWindow] 目录重命名成功：A:\Test.original -> A:\Test
[2025-09-22 09:12:20.210] [INFO ] [T001] [MainWindow] 缓存加速停止完成！
[2025-09-22 09:12:26.380] [INFO ] [T001] [MainWindow] 已添加路径：A:\Test
[2025-09-22 09:12:31.123] [INFO ] [T001] [MainWindow] 开始加速：A:\Test
[2025-09-22 09:12:31.143] [INFO ] [T001] [MainWindow] 使用目录连接点，无需管理员权限
[2025-09-22 09:12:31.144] [INFO ] [T001] [MainWindow] 开始缓存加速初始化...
[2025-09-22 09:12:31.144] [INFO ] [T001] [MainWindow] 检测到缓存目录已存在：S:\Cache\A\Test
[2025-09-22 09:12:31.144] [INFO ] [T001] [MainWindow] 缓存目录已存在，可选择：
[2025-09-22 09:12:31.144] [INFO ] [T001] [MainWindow] 1. 同步模式：保留现有缓存，仅同步差异文件（推荐）
[2025-09-22 09:12:31.144] [INFO ] [T001] [MainWindow] 2. 取消操作
[2025-09-22 09:12:31.144] [INFO ] [T001] [MainWindow] 当前默认使用同步模式
[2025-09-22 09:12:31.144] [INFO ] [T001] [MainWindow] 用户选择同步模式：与现有缓存同步
[2025-09-22 09:12:31.144] [INFO ] [T001] [MainWindow] 开始创建缓存目录和备份路径...
[2025-09-22 09:12:31.144] [INFO ] [T001] [MainWindow] 复制数据到缓存：A:\Test -> S:\Cache\A\Test
[2025-09-22 09:12:31.144] [INFO ] [T001] [MainWindow] 使用Robocopy同步模式：智能同步差异文件
[2025-09-22 09:12:31.144] [INFO ] [T001] [MainWindow] 执行Robocopy同步: robocopy "A:\Test" "S:\Cache\A\Test" /E /COPYALL /MT:64 /R:3600 /W:1 /IM /J /BYTES /FP /ETA /NFL /NDL
[2025-09-22 09:12:31.193] [INFO ] [T001] [MainWindow] Robocopy同步完成，退出码: 0
[2025-09-22 09:12:31.275] [INFO ] [T013] [MainWindow] 开始监控：S:\Cache\A\Test (模式：Immediate，延迟：3秒)
[2025-09-22 09:12:31.275] [INFO ] [T001] [MainWindow] 开始性能监控: A:\Test -> S:\Cache\A\Test
[2025-09-22 09:12:31.275] [INFO ] [T001] [MainWindow] 缓存加速已启用：A:\Test
[2025-09-22 09:12:31.275] [INFO ] [T001] [MainWindow] 记录加速状态：A:\Test -> 激活
[2025-09-22 09:12:31.275] [INFO ] [T001] [MainWindow] 备份原始目录：A:\Test -> A:\Test.original
[2025-09-22 09:12:31.275] [INFO ] [T001] [MainWindow] 目录重命名成功：A:\Test -> A:\Test.original
[2025-09-22 09:12:31.275] [INFO ] [T001] [MainWindow] 创建Junction：A:\Test -> S:\Cache\A\Test
[2025-09-22 09:12:31.275] [INFO ] [T001] [MainWindow] 创建Junction：A:\Test -> S:\Cache\A\Test
[2025-09-22 09:12:31.275] [INFO ] [T001] [MainWindow] Junction创建成功
[2025-09-22 09:12:31.276] [INFO ] [T001] [MainWindow] 启动文件同步监控...
[2025-09-22 09:12:31.276] [INFO ] [T001] [MainWindow] 开始监控：S:\Cache\A\Test -> A:\Test.original
[2025-09-22 09:12:31.276] [INFO ] [T001] [MainWindow] 文件监控启动成功
[2025-09-22 09:12:31.276] [INFO ] [T001] [MainWindow] 启动性能监控...
[2025-09-22 09:12:31.276] [INFO ] [T001] [MainWindow] 缓存加速初始化完成！
[2025-09-22 09:12:31.277] [INFO ] [T001] [MainWindow] ✅ 加速完成：A:\Test
[2025-09-22 09:12:36.759] [INFO ] [T004] [FileSyncService] 检测到文件变化，等待写入完成: FcHash.exe
[2025-09-22 09:12:36.767] [INFO ] [T011] [FileSyncService] 检测到文件变化，等待写入完成: fcp.exe
[2025-09-22 09:12:36.777] [INFO ] [T011] [FileSyncService] 检测到文件变化，等待写入完成: setup.exe
[2025-09-22 09:12:37.761] [INFO ] [T012] [FileSyncService] 文件写入已完成，准备同步: FcHash.exe
[2025-09-22 09:12:37.762] [INFO ] [T011] [MainWindow] 开始同步文件：FcHash.exe
[2025-09-22 09:12:37.766] [INFO ] [T011] [MainWindow] 成功获取文件锁定 (尝试 1/8): FcHash.exe
[2025-09-22 09:12:37.766] [INFO ] [T013] [MainWindow] 已获取文件锁定，开始同步: FcHash.exe
[2025-09-22 09:12:37.767] [INFO ] [T011] [FileSyncService] 文件写入已完成，准备同步: fcp.exe
[2025-09-22 09:12:37.767] [INFO ] [T013] [MainWindow] 开始同步文件：fcp.exe
[2025-09-22 09:12:37.767] [INFO ] [T020] [FileSyncService] 获取FastCopy并发许可，开始复制: FcHash.exe
[2025-09-22 09:12:37.767] [INFO ] [T021] [MainWindow] 成功获取文件锁定 (尝试 1/8): fcp.exe
[2025-09-22 09:12:37.767] [INFO ] [T004] [FileSyncService] 获取FastCopy并发许可，开始复制: fcp.exe
[2025-09-22 09:12:37.767] [INFO ] [T011] [MainWindow] 已获取文件锁定，开始同步: fcp.exe
[2025-09-22 09:12:37.771] [INFO ] [T004] [FastCopyService] 开始FastCopy复制: S:\Cache\A\Test\fcp.exe -> A:\Test.original\fcp.exe
[2025-09-22 09:12:37.771] [INFO ] [T020] [FastCopyService] 开始FastCopy复制: S:\Cache\A\Test\FcHash.exe -> A:\Test.original\FcHash.exe
[2025-09-22 09:12:37.772] [INFO ] [T011] [MainWindow] 正在复制: fcp.exe
[2025-09-22 09:12:37.772] [INFO ] [T012] [MainWindow] 正在复制: FcHash.exe
[2025-09-22 09:12:37.778] [INFO ] [T012] [FileSyncService] 文件写入已完成，准备同步: setup.exe
[2025-09-22 09:12:37.778] [INFO ] [T013] [MainWindow] 开始同步文件：setup.exe
[2025-09-22 09:12:37.778] [INFO ] [T011] [MainWindow] 已获取文件锁定，开始同步: setup.exe
[2025-09-22 09:12:37.778] [INFO ] [T006] [FileSyncService] 获取FastCopy并发许可，开始复制: setup.exe
[2025-09-22 09:12:37.779] [INFO ] [T021] [MainWindow] 成功获取文件锁定 (尝试 1/8): setup.exe
[2025-09-22 09:12:37.779] [INFO ] [T006] [FastCopyService] 开始FastCopy复制: S:\Cache\A\Test\setup.exe -> A:\Test.original\setup.exe
[2025-09-22 09:12:37.779] [INFO ] [T021] [MainWindow] 正在复制: setup.exe
[2025-09-22 09:12:37.782] [INFO ] [T020] [FastCopyService] 启动FastCopy进程 (PID: 60748): FcHash.exe
[2025-09-22 09:12:37.795] [INFO ] [T004] [FastCopyService] 启动FastCopy进程 (PID: 71360): fcp.exe
[2025-09-22 09:12:37.805] [INFO ] [T006] [FastCopyService] 启动FastCopy进程 (PID: 16776): setup.exe
[2025-09-22 09:12:40.683] [INFO ] [T013] [FastCopyService] FastCopy复制成功: S:\Cache\A\Test\setup.exe -> A:\Test.original\setup.exe
[2025-09-22 09:12:40.683] [INFO ] [T011] [MainWindow] 复制完成: setup.exe
[2025-09-22 09:12:40.684] [INFO ] [T013] [FileSyncService] 释放FastCopy并发许可: setup.exe
[2025-09-22 09:12:40.685] [INFO ] [T021] [MainWindow] 同步完成，释放文件锁定: setup.exe
[2025-09-22 09:12:40.685] [INFO ] [T013] [FileSyncService] 文件处理完成，清理锁: setup.exe
[2025-09-22 09:12:41.035] [INFO ] [T024] [FastCopyService] FastCopy复制成功: S:\Cache\A\Test\FcHash.exe -> A:\Test.original\FcHash.exe
[2025-09-22 09:12:41.035] [INFO ] [T024] [FileSyncService] 释放FastCopy并发许可: FcHash.exe
[2025-09-22 09:12:41.035] [INFO ] [T023] [MainWindow] 复制完成: FcHash.exe
[2025-09-22 09:12:41.035] [INFO ] [T013] [MainWindow] 同步完成，释放文件锁定: FcHash.exe
[2025-09-22 09:12:41.036] [INFO ] [T024] [FileSyncService] 文件处理完成，清理锁: FcHash.exe
[2025-09-22 09:12:41.464] [INFO ] [T020] [FastCopyService] FastCopy复制成功: S:\Cache\A\Test\fcp.exe -> A:\Test.original\fcp.exe
[2025-09-22 09:12:41.465] [INFO ] [T020] [FileSyncService] 释放FastCopy并发许可: fcp.exe
[2025-09-22 09:12:41.465] [INFO ] [T023] [MainWindow] 复制完成: fcp.exe
[2025-09-22 09:12:41.465] [INFO ] [T004] [MainWindow] 同步完成，释放文件锁定: fcp.exe
[2025-09-22 09:12:41.465] [INFO ] [T020] [FileSyncService] 文件处理完成，清理锁: fcp.exe
