[2025-09-21 17:28:00.939] [INFO ] [T001] [FastCopyService] FastCopy服务初始化: C:\Program Files\FastCopy64\fcp.exe
[2025-09-21 17:28:00.965] [INFO ] [T001] [FastCopyService] 系统中没有发现FastCopy进程
[2025-09-21 17:28:00.968] [INFO ] [T001] [FastCopyService] FastCopy服务初始化: C:\Program Files\FastCopy64\fcp.exe
[2025-09-21 17:28:00.980] [INFO ] [T001] [FastCopyService] 系统中没有发现FastCopy进程
[2025-09-21 17:28:00.981] [INFO ] [T001] [FileSyncService] FastCopy最大并发数设置为: 3
[2025-09-21 17:28:00.981] [INFO ] [T001] [FileSyncService] FileSyncService 初始化完成
[2025-09-21 17:28:00.981] [INFO ] [T001] [FastCopyService] FastCopy服务初始化: C:\Program Files\FastCopy64\fcp.exe
[2025-09-21 17:28:00.993] [INFO ] [T001] [FastCopyService] 系统中没有发现FastCopy进程
[2025-09-21 17:28:01.075] [INFO ] [T001] [MainWindow] 记录加速状态：A:\Test -> 激活
[2025-09-21 17:28:01.081] [INFO ] [T001] [MainWindow] 恢复文件同步监控：S:\Cache\Test -> A:\Test.original
[2025-09-21 17:28:01.082] [INFO ] [T006] [MainWindow] 开始监控：S:\Cache\Test (模式：Immediate，延迟：3秒)
[2025-09-21 17:28:01.082] [INFO ] [T001] [MainWindow] 开始性能监控: A:\Test -> S:\Cache\Test
[2025-09-21 17:28:01.082] [INFO ] [T001] [MainWindow] 恢复性能监控：A:\Test
[2025-09-21 17:28:01.082] [INFO ] [T001] [MainWindow] 恢复加速状态记录：A:\Test - 活跃
[2025-09-21 17:28:11.725] [INFO ] [T009] [FileSyncService] 文件已在处理队列中，跳过重复事件: Ibanez A.7z
[2025-09-21 17:28:11.727] [INFO ] [T004] [FileSyncService] 检测到文件变化，等待写入完成: Ibanez A.7z
[2025-09-21 17:28:17.732] [INFO ] [T006] [FileSyncService] 文件写入已完成，准备同步: Ibanez A.7z
[2025-09-21 17:28:17.734] [INFO ] [T010] [MainWindow] 开始同步文件：Ibanez A.7z
[2025-09-21 17:28:17.737] [INFO ] [T009] [MainWindow] 无法获取文件锁定: Ibanez A.7z
[2025-09-21 17:28:17.745] [INFO ] [T001] [MainWindow] ❌ 同步失败: Ibanez A.7z - 无法获取文件锁定，文件可能正被其他进程使用
[2025-09-21 17:29:02.984] [DEBUG] [T009] [FileSyncService] SemaphoreSlim计数正常: 可用=3, 运行中的进程=0
