[2025-09-22 10:36:10.728] [INFO ] [T001] [FastCopyService] FastCopy服务初始化: C:\Program Files\FastCopy64\fcp.exe
[2025-09-22 10:36:10.732] [INFO ] [T001] [FileSyncService] FastCopy最大并发数设置为: 3
[2025-09-22 10:36:10.732] [INFO ] [T001] [FileSyncService] FileSyncService 初始化完成
[2025-09-22 10:36:10.824] [INFO ] [T001] [MainWindow] 开始恢复 1 个加速项目的状态...
[2025-09-22 10:36:10.824] [INFO ] [T001] [MainWindow] 正在检查加速项目：A:\Test
[2025-09-22 10:36:10.825] [INFO ] [T001] [MainWindow] Junction状态检查：A:\Test - 是Junction
[2025-09-22 10:36:10.826] [INFO ] [T001] [MainWindow] 记录加速状态：A:\Test -> 激活
[2025-09-22 10:36:10.826] [INFO ] [T001] [MainWindow] 检查目录存在性：缓存(True) 原始(True)
[2025-09-22 10:36:10.826] [INFO ] [T001] [MainWindow] 准备启动文件同步监控：S:\Cache\A\Test -> A:\Test
[2025-09-22 10:36:10.830] [INFO ] [T004] [MainWindow] StartMonitoring调用：S:\Cache\A\Test -> A:\Test, 模式:Immediate
[2025-09-22 10:36:10.830] [INFO ] [T008] [MainWindow] 开始监控：S:\Cache\A\Test -> A:\Test
[2025-09-22 10:36:10.833] [INFO ] [T001] [MainWindow] ✓ 成功恢复文件同步监控：S:\Cache\A\Test -> A:\Test
[2025-09-22 10:36:10.833] [INFO ] [T001] [MainWindow] 恢复加速状态记录：A:\Test - 活跃
[2025-09-22 10:36:10.833] [INFO ] [T001] [MainWindow] 加速状态恢复完成！
[2025-09-22 10:36:10.833] [INFO ] [T006] [MainWindow] 开始监控：S:\Cache\A\Test (模式：Immediate，延迟：3秒)
[2025-09-22 10:36:14.844] [INFO ] [T001] [MainWindow] 正在停止加速：A:\Test
[2025-09-22 10:36:14.847] [INFO ] [T008] [MainWindow] 停止监控：S:\Cache\A\Test
[2025-09-22 10:36:14.921] [INFO ] [T001] [MainWindow] 缓存加速已停止：A:\Test
[2025-09-22 10:36:14.921] [INFO ] [T001] [MainWindow] ✅ 加速停止成功：A:\Test
[2025-09-22 10:36:14.940] [INFO ] [T001] [MainWindow] 已删除路径记录：A:\Test
[2025-09-22 10:36:14.941] [INFO ] [T001] [MainWindow] 开始停止缓存加速...
[2025-09-22 10:36:14.941] [INFO ] [T001] [MainWindow] 停止文件同步监控...
[2025-09-22 10:36:14.941] [INFO ] [T001] [MainWindow] 停止监控：S:\Cache\A\Test
[2025-09-22 10:36:14.942] [INFO ] [T001] [MainWindow] 文件监控停止成功
[2025-09-22 10:36:14.942] [INFO ] [T001] [MainWindow] 执行最后一次同步...
[2025-09-22 10:36:14.942] [INFO ] [T001] [MainWindow] 未找到同步配置：S:\Cache\A\Test
[2025-09-22 10:36:14.942] [INFO ] [T001] [MainWindow] 删除Junction：A:\Test
[2025-09-22 10:36:14.943] [INFO ] [T001] [MainWindow] 删除Junction：A:\Test
[2025-09-22 10:36:14.943] [INFO ] [T001] [MainWindow] Junction删除成功
[2025-09-22 10:36:14.943] [INFO ] [T001] [MainWindow] 找到备份目录：A:\Test.original
[2025-09-22 10:36:14.944] [INFO ] [T001] [MainWindow] 恢复原始目录：A:\Test.original -> A:\Test
[2025-09-22 10:36:14.944] [INFO ] [T001] [MainWindow] 目录重命名成功：A:\Test.original -> A:\Test
[2025-09-22 10:36:14.944] [INFO ] [T001] [MainWindow] 删除缓存文件：S:\Cache\A\Test
[2025-09-22 10:36:14.944] [INFO ] [T001] [MainWindow] 缓存文件删除成功
[2025-09-22 10:36:14.945] [INFO ] [T001] [MainWindow] 缓存加速停止完成！
[2025-09-22 10:36:21.155] [INFO ] [T001] [MainWindow] 已添加路径：A:\Test
[2025-09-22 10:36:23.180] [INFO ] [T001] [MainWindow] 开始加速：A:\Test
[2025-09-22 10:36:23.199] [INFO ] [T001] [MainWindow] 使用目录连接点，无需管理员权限
[2025-09-22 10:36:23.199] [INFO ] [T001] [MainWindow] 开始缓存加速初始化...
[2025-09-22 10:36:23.199] [INFO ] [T001] [MainWindow] 缓存目录不存在，将创建新的缓存
[2025-09-22 10:36:23.199] [INFO ] [T001] [MainWindow] 开始创建缓存目录和备份路径...
[2025-09-22 10:36:23.200] [INFO ] [T001] [MainWindow] 复制数据到缓存：A:\Test -> S:\Cache\A\Test
[2025-09-22 10:36:23.200] [INFO ] [T001] [MainWindow] 使用Robocopy高速多线程复制 + FastCopy完整性校验
[2025-09-22 10:36:23.200] [INFO ] [T001] [MainWindow] 阶段1/2：Robocopy多线程复制中...
[2025-09-22 10:36:23.200] [INFO ] [T001] [MainWindow] 执行Robocopy: robocopy "A:\Test" "S:\Cache\A\Test" /E /COPYALL /MT:64 /R:3600 /W:1 /J /BYTES /FP /ETA /NFL /NDL
[2025-09-22 10:36:23.248] [INFO ] [T001] [MainWindow] Robocopy完成，退出码: 0
[2025-09-22 10:36:23.250] [INFO ] [T001] [FastCopyService] 开始FastCopy目录复制: A:\Test -> S:\Cache\A\Test
[2025-09-22 10:36:23.250] [DEBUG] [T001] [FastCopyService] FastCopy参数: /cmd=diff_only /verify /auto_close /log /log "A:\Test" /to="S:\Cache\A\Test"
[2025-09-22 10:36:23.261] [INFO ] [T001] [FastCopyService] 启动FastCopy进程 (PID: 68624): Test
[2025-09-22 10:36:23.265] [INFO ] [T001] [MainWindow] 阶段1/2：Robocopy复制完成
[2025-09-22 10:36:23.265] [INFO ] [T001] [MainWindow] 阶段2/2：FastCopy完整性校验中...
[2025-09-22 10:36:23.265] [INFO ] [T001] [MainWindow] FastCopy校验：检查复制完整性...
[2025-09-22 10:36:23.869] [DEBUG] [T004] [FastCopyService] FastCopy输出: =================================================
[2025-09-22 10:36:23.869] [DEBUG] [T004] [FastCopyService] FastCopy输出: fcp pro(ver5.10.0 (Admin)) start at 2025/09/22 10:36:23
[2025-09-22 10:36:23.912] [INFO ] [T001] [FastCopyService] FastCopy复制成功: A:\Test -> S:\Cache\A\Test
[2025-09-22 10:36:23.913] [INFO ] [T001] [FastCopyService] FastCopy目录复制成功: A:\Test -> S:\Cache\A\Test
[2025-09-22 10:36:23.913] [INFO ] [T001] [MainWindow] ✅ FastCopy校验通过：文件完整性确认
[2025-09-22 10:36:23.913] [INFO ] [T001] [MainWindow] ✅ Robocopy+FastCopy组合复制和校验完成
[2025-09-22 10:36:23.982] [INFO ] [T008] [MainWindow] StartMonitoring调用：S:\Cache\A\Test -> A:\Test.original, 模式:Immediate
[2025-09-22 10:36:23.982] [INFO ] [T006] [MainWindow] 开始监控：S:\Cache\A\Test -> A:\Test.original
[2025-09-22 10:36:23.982] [INFO ] [T001] [MainWindow] 缓存加速已启用：A:\Test
[2025-09-22 10:36:23.982] [INFO ] [T001] [MainWindow] 记录加速状态：A:\Test -> 激活
[2025-09-22 10:36:23.982] [INFO ] [T008] [MainWindow] 开始监控：S:\Cache\A\Test (模式：Immediate，延迟：3秒)
[2025-09-22 10:36:23.982] [INFO ] [T001] [MainWindow] 备份原始目录：A:\Test -> A:\Test.original
[2025-09-22 10:36:23.982] [INFO ] [T001] [MainWindow] 目录重命名成功：A:\Test -> A:\Test.original
[2025-09-22 10:36:23.982] [INFO ] [T001] [MainWindow] 创建Junction：A:\Test -> S:\Cache\A\Test
[2025-09-22 10:36:23.982] [INFO ] [T001] [MainWindow] 创建Junction：A:\Test -> S:\Cache\A\Test
[2025-09-22 10:36:23.982] [INFO ] [T001] [MainWindow] Junction创建成功
[2025-09-22 10:36:23.982] [INFO ] [T001] [MainWindow] 启动文件同步监控...
[2025-09-22 10:36:23.982] [INFO ] [T001] [MainWindow] 开始监控：S:\Cache\A\Test -> A:\Test.original
[2025-09-22 10:36:23.982] [INFO ] [T001] [MainWindow] 文件监控启动成功
[2025-09-22 10:36:23.982] [INFO ] [T001] [MainWindow] 缓存加速初始化完成！
[2025-09-22 10:36:23.986] [INFO ] [T001] [MainWindow] ✅ 加速完成：A:\Test
[2025-09-22 10:36:23.986] [INFO ] [T001] [MainWindow] 缓存路径：S:\Cache\A\Test
[2025-09-22 10:36:31.777] [INFO ] [T006] [FileSyncService] 检测到文件变化，等待写入完成: FcHash.exe
[2025-09-22 10:36:31.782] [INFO ] [T009] [FileSyncService] 检测到文件变化，等待写入完成: fcp.exe
[2025-09-22 10:36:31.792] [INFO ] [T004] [FileSyncService] 检测到文件变化，等待写入完成: setup.exe
[2025-09-22 10:36:32.780] [INFO ] [T004] [FileSyncService] 文件准备就绪，开始同步: FcHash.exe
[2025-09-22 10:36:32.782] [INFO ] [T009] [MainWindow] 开始同步文件：FcHash.exe
[2025-09-22 10:36:32.782] [INFO ] [T006] [FileSyncService] 文件准备就绪，开始同步: fcp.exe
[2025-09-22 10:36:32.782] [INFO ] [T009] [MainWindow] 开始同步文件：fcp.exe
[2025-09-22 10:36:32.786] [INFO ] [T009] [MainWindow] 成功获取文件锁定 (尝试 1/8): fcp.exe
[2025-09-22 10:36:32.786] [INFO ] [T016] [MainWindow] 成功获取文件锁定 (尝试 1/8): FcHash.exe
[2025-09-22 10:36:32.787] [INFO ] [T009] [MainWindow] 已获取文件锁定，开始同步: FcHash.exe
[2025-09-22 10:36:32.787] [INFO ] [T004] [MainWindow] 已获取文件锁定，开始同步: fcp.exe
[2025-09-22 10:36:32.788] [INFO ] [T018] [FileSyncService] 获取FastCopy并发许可，开始复制: fcp.exe
[2025-09-22 10:36:32.788] [INFO ] [T008] [FileSyncService] 获取FastCopy并发许可，开始复制: FcHash.exe
[2025-09-22 10:36:32.793] [INFO ] [T018] [FastCopyService] 开始FastCopy复制: S:\Cache\A\Test\fcp.exe -> A:\Test.original\fcp.exe
[2025-09-22 10:36:32.793] [INFO ] [T008] [FastCopyService] 开始FastCopy复制: S:\Cache\A\Test\FcHash.exe -> A:\Test.original\FcHash.exe
[2025-09-22 10:36:32.793] [INFO ] [T009] [FileSyncService] 文件准备就绪，开始同步: setup.exe
[2025-09-22 10:36:32.793] [INFO ] [T009] [FileSyncService] 获取FastCopy并发许可，开始复制: setup.exe
[2025-09-22 10:36:32.793] [INFO ] [T004] [MainWindow] 正在复制: FcHash.exe
[2025-09-22 10:36:32.794] [INFO ] [T016] [MainWindow] 成功获取文件锁定 (尝试 1/8): setup.exe
[2025-09-22 10:36:32.794] [INFO ] [T016] [MainWindow] 已获取文件锁定，开始同步: setup.exe
[2025-09-22 10:36:32.794] [INFO ] [T004] [MainWindow] 正在复制: fcp.exe
[2025-09-22 10:36:32.794] [INFO ] [T019] [MainWindow] 开始同步文件：setup.exe
[2025-09-22 10:36:32.794] [INFO ] [T009] [FastCopyService] 开始FastCopy复制: S:\Cache\A\Test\setup.exe -> A:\Test.original\setup.exe
[2025-09-22 10:36:32.794] [INFO ] [T019] [MainWindow] 正在复制: setup.exe
[2025-09-22 10:36:32.804] [INFO ] [T008] [FastCopyService] 启动FastCopy进程 (PID: 75876): FcHash.exe
[2025-09-22 10:36:32.814] [INFO ] [T009] [FastCopyService] 启动FastCopy进程 (PID: 11108): setup.exe
[2025-09-22 10:36:32.823] [INFO ] [T018] [FastCopyService] 启动FastCopy进程 (PID: 48072): fcp.exe
[2025-09-22 10:36:35.411] [INFO ] [T009] [FastCopyService] FastCopy复制成功: S:\Cache\A\Test\fcp.exe -> A:\Test.original\fcp.exe
[2025-09-22 10:36:35.411] [INFO ] [T022] [MainWindow] 复制完成: fcp.exe
[2025-09-22 10:36:35.412] [INFO ] [T009] [FileSyncService] 释放FastCopy并发许可: fcp.exe
[2025-09-22 10:36:35.412] [INFO ] [T018] [MainWindow] 同步完成，释放文件锁定: fcp.exe
[2025-09-22 10:36:35.413] [INFO ] [T009] [FileSyncService] 文件处理完成，清理锁: fcp.exe
[2025-09-22 10:36:35.814] [INFO ] [T008] [FastCopyService] FastCopy复制成功: S:\Cache\A\Test\setup.exe -> A:\Test.original\setup.exe
[2025-09-22 10:36:35.814] [INFO ] [T016] [MainWindow] 复制完成: setup.exe
[2025-09-22 10:36:35.815] [INFO ] [T008] [FileSyncService] 释放FastCopy并发许可: setup.exe
[2025-09-22 10:36:35.815] [INFO ] [T009] [MainWindow] 同步完成，释放文件锁定: setup.exe
[2025-09-22 10:36:35.815] [INFO ] [T008] [FileSyncService] 文件处理完成，清理锁: setup.exe
[2025-09-22 10:36:36.238] [INFO ] [T020] [FastCopyService] FastCopy复制成功: S:\Cache\A\Test\FcHash.exe -> A:\Test.original\FcHash.exe
[2025-09-22 10:36:36.238] [INFO ] [T020] [FileSyncService] 释放FastCopy并发许可: FcHash.exe
[2025-09-22 10:36:36.238] [INFO ] [T019] [MainWindow] 复制完成: FcHash.exe
[2025-09-22 10:36:36.238] [INFO ] [T009] [MainWindow] 同步完成，释放文件锁定: FcHash.exe
[2025-09-22 10:36:36.241] [INFO ] [T020] [FileSyncService] 文件处理完成，清理锁: FcHash.exe
