[2025-09-22 10:52:56.971] [INFO ] [T001] [FastCopyService] FastCopy服务初始化: C:\Program Files\FastCopy64\fcp.exe
[2025-09-22 10:52:56.976] [INFO ] [T001] [FileSyncService] FastCopy最大并发数设置为: 3
[2025-09-22 10:52:56.976] [INFO ] [T001] [FileSyncService] FileSyncService 初始化完成
[2025-09-22 10:52:57.062] [INFO ] [T001] [MainWindow] 开始恢复 1 个加速项目的状态...
[2025-09-22 10:52:57.062] [INFO ] [T001] [MainWindow] 正在检查加速项目：A:\Test
[2025-09-22 10:52:57.063] [INFO ] [T001] [MainWindow] Junction状态检查：A:\Test - 是Junction
[2025-09-22 10:52:57.063] [INFO ] [T001] [MainWindow] 记录加速状态：A:\Test -> 激活
[2025-09-22 10:52:57.064] [INFO ] [T001] [MainWindow] 检查目录存在性：缓存(True) 原始(True)
[2025-09-22 10:52:57.064] [INFO ] [T001] [MainWindow] 准备启动文件同步监控：S:\Cache\A\Test -> A:\Test
[2025-09-22 10:52:57.067] [INFO ] [T008] [MainWindow] StartMonitoring调用：S:\Cache\A\Test -> A:\Test, 模式:Immediate
[2025-09-22 10:52:57.067] [INFO ] [T006] [MainWindow] 开始监控：S:\Cache\A\Test -> A:\Test
[2025-09-22 10:52:57.070] [INFO ] [T001] [MainWindow] ✓ 成功恢复文件同步监控：S:\Cache\A\Test -> A:\Test
[2025-09-22 10:52:57.070] [INFO ] [T001] [MainWindow] 恢复加速状态记录：A:\Test - 活跃
[2025-09-22 10:52:57.070] [INFO ] [T001] [MainWindow] 加速状态恢复完成！
[2025-09-22 10:52:57.070] [INFO ] [T006] [MainWindow] 开始监控：S:\Cache\A\Test (模式：Immediate，延迟：3秒)
[2025-09-22 10:53:08.463] [INFO ] [T006] [FileSyncService] 检测到文件变化，等待写入完成: FcHash.exe
[2025-09-22 10:53:08.468] [INFO ] [T008] [FileSyncService] 检测到文件变化，等待写入完成: fcp.exe
[2025-09-22 10:53:08.477] [INFO ] [T006] [FileSyncService] 检测到文件变化，等待写入完成: setup.exe
[2025-09-22 10:53:09.465] [INFO ] [T006] [FileSyncService] 文件准备就绪，开始同步: FcHash.exe
[2025-09-22 10:53:09.467] [INFO ] [T008] [MainWindow] 开始同步文件：FcHash.exe
[2025-09-22 10:53:09.468] [INFO ] [T004] [FileSyncService] 文件准备就绪，开始同步: fcp.exe
[2025-09-22 10:53:09.468] [INFO ] [T017] [MainWindow] 开始同步文件：fcp.exe
[2025-09-22 10:53:09.471] [INFO ] [T009] [MainWindow] 成功获取文件锁定 (尝试 1/8): FcHash.exe
[2025-09-22 10:53:09.471] [INFO ] [T008] [MainWindow] 成功获取文件锁定 (尝试 1/8): fcp.exe
[2025-09-22 10:53:09.471] [INFO ] [T017] [MainWindow] 已获取文件锁定，开始同步: FcHash.exe
[2025-09-22 10:53:09.471] [INFO ] [T008] [MainWindow] 已获取文件锁定，开始同步: fcp.exe
[2025-09-22 10:53:09.473] [INFO ] [T004] [FileSyncService] 获取FastCopy并发许可，开始复制: fcp.exe
[2025-09-22 10:53:09.473] [INFO ] [T016] [FileSyncService] 获取FastCopy并发许可，开始复制: FcHash.exe
[2025-09-22 10:53:09.477] [INFO ] [T006] [FileSyncService] 文件准备就绪，开始同步: setup.exe
[2025-09-22 10:53:09.477] [INFO ] [T008] [MainWindow] 开始同步文件：setup.exe
[2025-09-22 10:53:09.477] [INFO ] [T006] [FileSyncService] 获取FastCopy并发许可，开始复制: setup.exe
[2025-09-22 10:53:09.477] [INFO ] [T018] [MainWindow] 成功获取文件锁定 (尝试 1/8): setup.exe
[2025-09-22 10:53:09.478] [INFO ] [T004] [FastCopyService] 开始FastCopy复制: S:\Cache\A\Test\fcp.exe -> A:\Test\fcp.exe
[2025-09-22 10:53:09.478] [INFO ] [T016] [FastCopyService] 开始FastCopy复制: S:\Cache\A\Test\FcHash.exe -> A:\Test\FcHash.exe
[2025-09-22 10:53:09.478] [INFO ] [T017] [MainWindow] 已获取文件锁定，开始同步: setup.exe
[2025-09-22 10:53:09.478] [INFO ] [T006] [FastCopyService] 开始FastCopy复制: S:\Cache\A\Test\setup.exe -> A:\Test\setup.exe
[2025-09-22 10:53:09.478] [INFO ] [T018] [MainWindow] 正在复制: fcp.exe
[2025-09-22 10:53:09.478] [INFO ] [T017] [MainWindow] 正在复制: FcHash.exe
[2025-09-22 10:53:09.478] [INFO ] [T017] [MainWindow] 正在复制: setup.exe
[2025-09-22 10:53:09.491] [INFO ] [T004] [FastCopyService] 启动FastCopy进程 (PID: 69860): fcp.exe
[2025-09-22 10:53:09.499] [INFO ] [T016] [FastCopyService] 启动FastCopy进程 (PID: 5452): FcHash.exe
[2025-09-22 10:53:09.509] [INFO ] [T006] [FastCopyService] 启动FastCopy进程 (PID: 86992): setup.exe
[2025-09-22 10:53:12.810] [ERROR] [T022] [FastCopyService] FastCopy复制失败: 退出码 -1, 错误: 未知错误
[2025-09-22 10:53:12.810] [INFO ] [T006] [MainWindow] 复制失败: setup.exe - 未知错误
[2025-09-22 10:53:12.811] [INFO ] [T022] [FastCopyService] 开始FastCopy复制: S:\Cache\A\Test\setup.exe -> A:\Test\setup.exe
[2025-09-22 10:53:12.811] [INFO ] [T017] [MainWindow] 正在复制: setup.exe
[2025-09-22 10:53:12.821] [INFO ] [T022] [FastCopyService] 启动FastCopy进程 (PID: 91672): setup.exe
[2025-09-22 10:53:13.187] [ERROR] [T008] [FastCopyService] FastCopy复制失败: 退出码 -1, 错误: 未知错误
[2025-09-22 10:53:13.187] [INFO ] [T022] [MainWindow] 复制失败: fcp.exe - 未知错误
[2025-09-22 10:53:13.187] [INFO ] [T008] [FastCopyService] 开始FastCopy复制: S:\Cache\A\Test\fcp.exe -> A:\Test\fcp.exe
[2025-09-22 10:53:13.188] [INFO ] [T020] [MainWindow] 正在复制: fcp.exe
[2025-09-22 10:53:13.197] [INFO ] [T008] [FastCopyService] 启动FastCopy进程 (PID: 5612): fcp.exe
[2025-09-22 10:53:13.985] [ERROR] [T019] [FastCopyService] FastCopy复制失败: 退出码 -1, 错误: 未知错误
[2025-09-22 10:53:13.985] [INFO ] [T006] [MainWindow] 复制失败: FcHash.exe - 未知错误
[2025-09-22 10:53:13.986] [INFO ] [T019] [FastCopyService] 开始FastCopy复制: S:\Cache\A\Test\FcHash.exe -> A:\Test\FcHash.exe
[2025-09-22 10:53:13.986] [INFO ] [T008] [MainWindow] 正在复制: FcHash.exe
[2025-09-22 10:53:13.996] [INFO ] [T019] [FastCopyService] 启动FastCopy进程 (PID: 89152): FcHash.exe
[2025-09-22 10:53:15.516] [ERROR] [T009] [FastCopyService] FastCopy复制失败: 退出码 -1, 错误: 未知错误
[2025-09-22 10:53:15.516] [INFO ] [T020] [MainWindow] 复制失败: fcp.exe - 未知错误
[2025-09-22 10:53:15.517] [INFO ] [T009] [FastCopyService] 开始FastCopy复制: S:\Cache\A\Test\fcp.exe -> A:\Test\fcp.exe
[2025-09-22 10:53:15.517] [INFO ] [T020] [MainWindow] 正在复制: fcp.exe
[2025-09-22 10:53:15.527] [INFO ] [T009] [FastCopyService] 启动FastCopy进程 (PID: 71424): fcp.exe
[2025-09-22 10:53:15.532] [ERROR] [T017] [FastCopyService] FastCopy复制失败: 退出码 -1, 错误: 未知错误
[2025-09-22 10:53:15.532] [INFO ] [T022] [MainWindow] 复制失败: setup.exe - 未知错误
[2025-09-22 10:53:15.532] [INFO ] [T017] [FastCopyService] 开始FastCopy复制: S:\Cache\A\Test\setup.exe -> A:\Test\setup.exe
[2025-09-22 10:53:15.533] [INFO ] [T016] [MainWindow] 正在复制: setup.exe
[2025-09-22 10:53:15.542] [INFO ] [T017] [FastCopyService] 启动FastCopy进程 (PID: 11292): setup.exe
[2025-09-22 10:53:16.056] [ERROR] [T018] [FastCopyService] FastCopy复制失败: 退出码 -1, 错误: 未知错误
[2025-09-22 10:53:16.056] [INFO ] [T023] [MainWindow] 复制失败: FcHash.exe - 未知错误
[2025-09-22 10:53:16.057] [INFO ] [T018] [FastCopyService] 开始FastCopy复制: S:\Cache\A\Test\FcHash.exe -> A:\Test\FcHash.exe
[2025-09-22 10:53:16.057] [INFO ] [T004] [MainWindow] 正在复制: FcHash.exe
[2025-09-22 10:53:16.067] [INFO ] [T018] [FastCopyService] 启动FastCopy进程 (PID: 76612): FcHash.exe
[2025-09-22 10:53:17.370] [ERROR] [T016] [FastCopyService] FastCopy复制失败: 退出码 -1, 错误: 未知错误
[2025-09-22 10:53:17.370] [INFO ] [T009] [MainWindow] 复制失败: setup.exe - 未知错误
[2025-09-22 10:53:17.371] [INFO ] [T016] [FastCopyService] 开始FastCopy复制: S:\Cache\A\Test\setup.exe -> A:\Test\setup.exe
[2025-09-22 10:53:17.371] [INFO ] [T018] [MainWindow] 正在复制: setup.exe
[2025-09-22 10:53:17.381] [INFO ] [T016] [FastCopyService] 启动FastCopy进程 (PID: 64612): setup.exe
[2025-09-22 10:53:17.910] [ERROR] [T004] [FastCopyService] FastCopy复制失败: 退出码 -1, 错误: 未知错误
[2025-09-22 10:53:17.910] [INFO ] [T023] [MainWindow] 复制失败: FcHash.exe - 未知错误
[2025-09-22 10:53:17.910] [INFO ] [T004] [FastCopyService] 开始FastCopy复制: S:\Cache\A\Test\FcHash.exe -> A:\Test\FcHash.exe
[2025-09-22 10:53:17.910] [INFO ] [T018] [MainWindow] 正在复制: FcHash.exe
[2025-09-22 10:53:17.920] [INFO ] [T004] [FastCopyService] 启动FastCopy进程 (PID: 72476): FcHash.exe
[2025-09-22 10:53:17.948] [ERROR] [T020] [FastCopyService] FastCopy复制失败: 退出码 -1, 错误: 未知错误
[2025-09-22 10:53:17.948] [INFO ] [T004] [MainWindow] 复制失败: fcp.exe - 未知错误
[2025-09-22 10:53:17.949] [INFO ] [T020] [FastCopyService] 开始FastCopy复制: S:\Cache\A\Test\fcp.exe -> A:\Test\fcp.exe
[2025-09-22 10:53:17.949] [INFO ] [T017] [MainWindow] 正在复制: fcp.exe
[2025-09-22 10:53:17.958] [INFO ] [T020] [FastCopyService] 启动FastCopy进程 (PID: 60176): fcp.exe
[2025-09-22 10:53:19.314] [ERROR] [T008] [FastCopyService] FastCopy复制失败: 退出码 -1, 错误: 未知错误
[2025-09-22 10:53:19.314] [INFO ] [T009] [MainWindow] 复制失败: setup.exe - 未知错误
[2025-09-22 10:53:19.314] [INFO ] [T008] [FastCopyService] 开始FastCopy复制: S:\Cache\A\Test\setup.exe -> A:\Test\setup.exe
[2025-09-22 10:53:19.314] [INFO ] [T006] [MainWindow] 正在复制: setup.exe
[2025-09-22 10:53:19.324] [INFO ] [T008] [FastCopyService] 启动FastCopy进程 (PID: 42608): setup.exe
[2025-09-22 10:53:19.853] [ERROR] [T023] [FastCopyService] FastCopy复制失败: 退出码 -1, 错误: 未知错误
[2025-09-22 10:53:19.853] [INFO ] [T008] [MainWindow] 复制失败: fcp.exe - 未知错误
[2025-09-22 10:53:19.854] [INFO ] [T023] [FastCopyService] 开始FastCopy复制: S:\Cache\A\Test\fcp.exe -> A:\Test\fcp.exe
[2025-09-22 10:53:19.854] [INFO ] [T020] [MainWindow] 正在复制: fcp.exe
[2025-09-22 10:53:19.863] [INFO ] [T023] [FastCopyService] 启动FastCopy进程 (PID: 87972): fcp.exe
[2025-09-22 10:53:20.298] [ERROR] [T018] [FastCopyService] FastCopy复制失败: 退出码 -1, 错误: 未知错误
[2025-09-22 10:53:20.298] [INFO ] [T023] [MainWindow] 复制失败: FcHash.exe - 未知错误
[2025-09-22 10:53:20.299] [INFO ] [T018] [FastCopyService] 开始FastCopy复制: S:\Cache\A\Test\FcHash.exe -> A:\Test\FcHash.exe
[2025-09-22 10:53:20.299] [INFO ] [T017] [MainWindow] 正在复制: FcHash.exe
[2025-09-22 10:53:20.309] [INFO ] [T018] [FastCopyService] 启动FastCopy进程 (PID: 88312): FcHash.exe
[2025-09-22 10:53:21.280] [ERROR] [T009] [FastCopyService] FastCopy复制失败: 退出码 -1, 错误: 未知错误
[2025-09-22 10:53:21.280] [INFO ] [T006] [MainWindow] 复制失败: setup.exe - 未知错误
[2025-09-22 10:53:21.281] [INFO ] [T009] [FileSyncService] 释放FastCopy并发许可: setup.exe
[2025-09-22 10:53:21.281] [INFO ] [T018] [MainWindow] 同步完成，释放文件锁定: setup.exe
[2025-09-22 10:53:21.282] [INFO ] [T009] [FileSyncService] 文件处理完成，清理锁: setup.exe
[2025-09-22 10:53:21.288] [INFO ] [T001] [MainWindow] ❌ 同步失败: setup.exe - FastCopy复制失败
[2025-09-22 10:53:21.752] [ERROR] [T020] [FastCopyService] FastCopy复制失败: 退出码 -1, 错误: 未知错误
[2025-09-22 10:53:21.752] [INFO ] [T009] [MainWindow] 复制失败: fcp.exe - 未知错误
[2025-09-22 10:53:21.752] [INFO ] [T020] [FileSyncService] 释放FastCopy并发许可: fcp.exe
[2025-09-22 10:53:21.752] [INFO ] [T018] [MainWindow] 同步完成，释放文件锁定: fcp.exe
[2025-09-22 10:53:21.752] [INFO ] [T020] [FileSyncService] 文件处理完成，清理锁: fcp.exe
[2025-09-22 10:53:21.756] [INFO ] [T001] [MainWindow] ❌ 同步失败: fcp.exe - FastCopy复制失败
[2025-09-22 10:53:21.838] [ERROR] [T017] [FastCopyService] FastCopy复制失败: 退出码 -1, 错误: 未知错误
[2025-09-22 10:53:21.838] [INFO ] [T018] [MainWindow] 复制失败: FcHash.exe - 未知错误
[2025-09-22 10:53:21.838] [INFO ] [T017] [FileSyncService] 释放FastCopy并发许可: FcHash.exe
[2025-09-22 10:53:21.838] [INFO ] [T022] [MainWindow] 同步完成，释放文件锁定: FcHash.exe
[2025-09-22 10:53:21.838] [INFO ] [T017] [FileSyncService] 文件处理完成，清理锁: FcHash.exe
[2025-09-22 10:53:21.842] [INFO ] [T001] [MainWindow] ❌ 同步失败: FcHash.exe - FastCopy复制失败
