[2025-09-21 17:53:00.223] [INFO ] [T001] [FastCopyService] FastCopy服务初始化: C:\Program Files\FastCopy64\fcp.exe
[2025-09-21 17:53:00.246] [INFO ] [T001] [FastCopyService] 系统中没有发现FastCopy进程
[2025-09-21 17:53:00.249] [INFO ] [T001] [FastCopyService] FastCopy服务初始化: C:\Program Files\FastCopy64\fcp.exe
[2025-09-21 17:53:00.262] [INFO ] [T001] [FastCopyService] 系统中没有发现FastCopy进程
[2025-09-21 17:53:00.262] [INFO ] [T001] [FileSyncService] FastCopy最大并发数设置为: 3
[2025-09-21 17:53:00.262] [INFO ] [T001] [FileSyncService] FileSyncService 初始化完成
[2025-09-21 17:53:00.263] [INFO ] [T001] [FastCopyService] FastCopy服务初始化: C:\Program Files\FastCopy64\fcp.exe
[2025-09-21 17:53:00.276] [INFO ] [T001] [FastCopyService] 系统中没有发现FastCopy进程
[2025-09-21 17:53:00.364] [INFO ] [T001] [MainWindow] 记录加速状态：A:\Test -> 激活
[2025-09-21 17:53:00.370] [INFO ] [T001] [MainWindow] 恢复文件同步监控：S:\Cache\Test -> A:\Test.original
[2025-09-21 17:53:00.371] [INFO ] [T001] [MainWindow] 开始性能监控: A:\Test -> S:\Cache\Test
[2025-09-21 17:53:00.371] [INFO ] [T001] [MainWindow] 恢复性能监控：A:\Test
[2025-09-21 17:53:00.371] [INFO ] [T001] [MainWindow] 恢复加速状态记录：A:\Test - 活跃
[2025-09-21 17:53:00.371] [INFO ] [T009] [MainWindow] 开始监控：S:\Cache\Test (模式：Immediate，延迟：3秒)
[2025-09-21 17:53:24.731] [INFO ] [T009] [FileSyncService] 文件已在处理队列中，跳过重复事件: Ibanez A.7z
[2025-09-21 17:53:24.733] [INFO ] [T017] [FileSyncService] 检测到文件变化，等待写入完成: Ibanez A.7z
[2025-09-21 17:53:30.737] [INFO ] [T017] [FileSyncService] 文件写入已完成，准备同步: Ibanez A.7z
[2025-09-21 17:53:30.738] [INFO ] [T006] [MainWindow] 开始同步文件：Ibanez A.7z
[2025-09-21 17:53:30.742] [INFO ] [T018] [MainWindow] 文件被占用，等待 1 秒后重试 (尝试 1/8): Ibanez A.7z
[2025-09-21 17:53:31.743] [INFO ] [T019] [MainWindow] 文件被占用，等待 2 秒后重试 (尝试 2/8): Ibanez A.7z
[2025-09-21 17:53:38.318] [INFO ] [T007] [FileSyncService] 文件处理完成，清理锁: Ibanez A.7z
[2025-09-21 17:53:38.321] [INFO ] [T001] [MainWindow] ❌ 同步失败: Ibanez A.7z - 文件已被删除，跳过同步
[2025-09-21 17:53:42.258] [INFO ] [T001] [MainWindow] 重试失败，文件不存在: Ibanez A.7z
[2025-09-21 17:53:42.258] [INFO ] [T001] [MainWindow] 已重新排队 1 个失败的文件
[2025-09-21 17:53:55.158] [INFO ] [T001] [MainWindow] 重试失败，文件不存在: Ibanez A.7z
[2025-09-21 17:53:55.158] [INFO ] [T001] [MainWindow] 已重新排队 1 个失败的文件
[2025-09-21 17:54:02.267] [DEBUG] [T017] [FileSyncService] SemaphoreSlim计数正常: 可用=3, 运行中的进程=0
[2025-09-21 17:54:07.399] [INFO ] [T001] [MainWindow] 已清理 1 个失败的文件记录
