[2025-09-22 11:55:48.761] [INFO ] [T001] [FastCopyService] FastCopy服务初始化: C:\Program Files\FastCopy64\fcp.exe
[2025-09-22 11:55:48.765] [INFO ] [T001] [FileSyncService] FastCopy最大并发数设置为: 3
[2025-09-22 11:55:48.765] [INFO ] [T001] [FileSyncService] FileSyncService 初始化完成
[2025-09-22 11:55:48.846] [INFO ] [T001] [MainWindow] 开始恢复 1 个加速项目的状态...
[2025-09-22 11:55:48.846] [INFO ] [T001] [MainWindow] 正在检查加速项目：A:\Test
[2025-09-22 11:55:48.847] [INFO ] [T001] [MainWindow] Junction状态检查：A:\Test - 是Junction
[2025-09-22 11:55:48.847] [INFO ] [T001] [MainWindow] 记录加速状态：A:\Test -> 激活
[2025-09-22 11:55:48.848] [INFO ] [T001] [MainWindow] 检查目录存在性：缓存(True) 原始(True)
[2025-09-22 11:55:48.848] [INFO ] [T001] [MainWindow] 准备启动文件同步监控：S:\Cache\A\Test -> A:\Test.original
[2025-09-22 11:55:48.851] [INFO ] [T004] [MainWindow] StartMonitoring调用：S:\Cache\A\Test -> A:\Test.original, 模式:Immediate
[2025-09-22 11:55:48.851] [INFO ] [T006] [MainWindow] 开始监控：S:\Cache\A\Test -> A:\Test.original
[2025-09-22 11:55:48.854] [INFO ] [T001] [MainWindow] ✓ 成功恢复文件同步监控：S:\Cache\A\Test -> A:\Test.original
[2025-09-22 11:55:48.854] [INFO ] [T001] [MainWindow] 恢复加速状态记录：A:\Test - 活跃
[2025-09-22 11:55:48.854] [INFO ] [T001] [MainWindow] 加速状态恢复完成！
[2025-09-22 11:55:48.854] [INFO ] [T008] [MainWindow] 开始监控：S:\Cache\A\Test (模式：Immediate，延迟：3秒)
[2025-09-22 11:55:56.467] [INFO ] [T006] [FileSyncService] 检测到Deleted事件: FcHash.exe
[2025-09-22 11:55:56.467] [INFO ] [T006] [FileSyncService] 检测到Deleted事件: fcp.exe
[2025-09-22 11:55:56.468] [INFO ] [T006] [FileSyncService] 开始处理Deleted事件: fcp.exe, 缓存根目录: S:\Cache\A\Test
[2025-09-22 11:55:56.468] [INFO ] [T004] [FileSyncService] 开始处理Deleted事件: FcHash.exe, 缓存根目录: S:\Cache\A\Test
[2025-09-22 11:55:56.469] [INFO ] [T004] [FileSyncService] 创建删除队列项: FcHash.exe
[2025-09-22 11:55:56.469] [INFO ] [T006] [FileSyncService] 创建删除队列项: fcp.exe
[2025-09-22 11:55:56.471] [INFO ] [T017] [FileSyncService] 检测到Deleted事件: setup.exe
[2025-09-22 11:55:56.471] [INFO ] [T017] [FileSyncService] 开始处理Deleted事件: setup.exe, 缓存根目录: S:\Cache\A\Test
[2025-09-22 11:55:56.471] [INFO ] [T017] [FileSyncService] 创建删除队列项: setup.exe
[2025-09-22 11:55:56.472] [INFO ] [T006] [MainWindow] 正在删除: FcHash.exe
[2025-09-22 11:55:56.472] [INFO ] [T006] [MainWindow] 正在删除: fcp.exe
[2025-09-22 11:55:56.472] [INFO ] [T006] [MainWindow] 正在删除: setup.exe
[2025-09-22 11:55:56.472] [INFO ] [T006] [MainWindow] 开始同步文件：fcp.exe
[2025-09-22 11:55:56.472] [INFO ] [T006] [MainWindow] 开始同步文件：setup.exe
[2025-09-22 11:55:56.472] [INFO ] [T008] [MainWindow] 开始同步文件：FcHash.exe
[2025-09-22 11:55:56.474] [INFO ] [T016] [MainWindow] 删除完成: setup.exe
[2025-09-22 11:55:56.474] [INFO ] [T016] [MainWindow] 删除完成: FcHash.exe
[2025-09-22 11:55:56.474] [INFO ] [T019] [MainWindow] 删除完成: fcp.exe
[2025-09-22 11:56:02.681] [INFO ] [T009] [FileSyncService] 检测到文件变化，等待写入完成: fcp.exe
[2025-09-22 11:56:02.689] [INFO ] [T004] [FileSyncService] 检测到文件变化，等待写入完成: setup.exe
[2025-09-22 11:56:02.700] [INFO ] [T009] [FileSyncService] 检测到文件变化，等待写入完成: FcHash.exe
[2025-09-22 11:56:03.684] [INFO ] [T009] [FileSyncService] 文件准备就绪，开始同步: fcp.exe
[2025-09-22 11:56:03.685] [INFO ] [T004] [MainWindow] 开始同步文件：fcp.exe
[2025-09-22 11:56:03.687] [INFO ] [T004] [MainWindow] 成功获取文件锁定 (尝试 1/8): fcp.exe
[2025-09-22 11:56:03.687] [INFO ] [T019] [MainWindow] 已获取文件锁定，开始同步: fcp.exe
[2025-09-22 11:56:03.688] [INFO ] [T017] [FileSyncService] 获取FastCopy并发许可，开始复制: fcp.exe
[2025-09-22 11:56:03.689] [INFO ] [T008] [FileSyncService] 文件准备就绪，开始同步: setup.exe
[2025-09-22 11:56:03.689] [INFO ] [T004] [MainWindow] 开始同步文件：setup.exe
[2025-09-22 11:56:03.690] [INFO ] [T019] [MainWindow] 成功获取文件锁定 (尝试 1/8): setup.exe
[2025-09-22 11:56:03.690] [INFO ] [T008] [FileSyncService] 获取FastCopy并发许可，开始复制: setup.exe
[2025-09-22 11:56:03.690] [INFO ] [T018] [MainWindow] 已获取文件锁定，开始同步: setup.exe
[2025-09-22 11:56:03.692] [INFO ] [T017] [FastCopyService] 开始FastCopy复制: S:\Cache\A\Test\fcp.exe -> A:\Test.original\fcp.exe
[2025-09-22 11:56:03.692] [INFO ] [T008] [FastCopyService] 开始FastCopy复制: S:\Cache\A\Test\setup.exe -> A:\Test.original\setup.exe
[2025-09-22 11:56:03.693] [INFO ] [T006] [MainWindow] 正在复制: setup.exe
[2025-09-22 11:56:03.693] [INFO ] [T019] [MainWindow] 正在复制: fcp.exe
[2025-09-22 11:56:03.701] [INFO ] [T006] [FileSyncService] 文件准备就绪，开始同步: FcHash.exe
[2025-09-22 11:56:03.701] [INFO ] [T006] [MainWindow] 开始同步文件：FcHash.exe
[2025-09-22 11:56:03.701] [INFO ] [T006] [MainWindow] 成功获取文件锁定 (尝试 1/8): FcHash.exe
[2025-09-22 11:56:03.701] [INFO ] [T018] [MainWindow] 已获取文件锁定，开始同步: FcHash.exe
[2025-09-22 11:56:03.701] [INFO ] [T009] [FileSyncService] 获取FastCopy并发许可，开始复制: FcHash.exe
[2025-09-22 11:56:03.702] [INFO ] [T009] [FastCopyService] 开始FastCopy复制: S:\Cache\A\Test\FcHash.exe -> A:\Test.original\FcHash.exe
[2025-09-22 11:56:03.702] [INFO ] [T020] [MainWindow] 正在复制: FcHash.exe
[2025-09-22 11:56:03.706] [INFO ] [T017] [FastCopyService] 启动FastCopy进程 (PID: 5480): fcp.exe
[2025-09-22 11:56:03.715] [INFO ] [T008] [FastCopyService] 启动FastCopy进程 (PID: 76444): setup.exe
[2025-09-22 11:56:03.724] [INFO ] [T009] [FastCopyService] 启动FastCopy进程 (PID: 87540): FcHash.exe
[2025-09-22 11:56:06.614] [INFO ] [T020] [FastCopyService] FastCopy复制成功: S:\Cache\A\Test\fcp.exe -> A:\Test.original\fcp.exe
[2025-09-22 11:56:06.614] [INFO ] [T021] [MainWindow] 复制完成: fcp.exe
[2025-09-22 11:56:06.615] [INFO ] [T020] [FileSyncService] 释放FastCopy并发许可: fcp.exe
[2025-09-22 11:56:06.615] [INFO ] [T009] [MainWindow] 同步完成，释放文件锁定: fcp.exe
[2025-09-22 11:56:06.616] [INFO ] [T020] [FileSyncService] 文件处理完成，清理锁: fcp.exe
[2025-09-22 11:56:06.984] [INFO ] [T008] [FastCopyService] FastCopy复制成功: S:\Cache\A\Test\FcHash.exe -> A:\Test.original\FcHash.exe
[2025-09-22 11:56:06.984] [INFO ] [T009] [MainWindow] 复制完成: FcHash.exe
[2025-09-22 11:56:06.984] [INFO ] [T008] [FileSyncService] 释放FastCopy并发许可: FcHash.exe
[2025-09-22 11:56:06.984] [INFO ] [T021] [MainWindow] 同步完成，释放文件锁定: FcHash.exe
[2025-09-22 11:56:06.985] [INFO ] [T008] [FileSyncService] 文件处理完成，清理锁: FcHash.exe
[2025-09-22 11:56:07.368] [INFO ] [T006] [FastCopyService] FastCopy复制成功: S:\Cache\A\Test\setup.exe -> A:\Test.original\setup.exe
[2025-09-22 11:56:07.368] [INFO ] [T006] [FileSyncService] 释放FastCopy并发许可: setup.exe
[2025-09-22 11:56:07.368] [INFO ] [T009] [MainWindow] 复制完成: setup.exe
[2025-09-22 11:56:07.368] [INFO ] [T008] [MainWindow] 同步完成，释放文件锁定: setup.exe
[2025-09-22 11:56:07.368] [INFO ] [T006] [FileSyncService] 文件处理完成，清理锁: setup.exe
[2025-09-22 11:56:11.419] [INFO ] [T008] [FileSyncService] 检测到Deleted事件: fcp.exe
[2025-09-22 11:56:11.419] [INFO ] [T006] [FileSyncService] 开始处理Deleted事件: fcp.exe, 缓存根目录: S:\Cache\A\Test
[2025-09-22 11:56:11.419] [INFO ] [T006] [FileSyncService] 创建删除队列项: fcp.exe
[2025-09-22 11:56:11.420] [INFO ] [T018] [MainWindow] 正在删除: fcp.exe
[2025-09-22 11:56:11.420] [INFO ] [T021] [MainWindow] 开始同步文件：fcp.exe
[2025-09-22 11:56:11.422] [INFO ] [T009] [MainWindow] 删除完成: fcp.exe
[2025-09-22 11:56:11.423] [INFO ] [T009] [FileSyncService] 检测到Deleted事件: setup.exe
[2025-09-22 11:56:11.423] [INFO ] [T009] [FileSyncService] 开始处理Deleted事件: setup.exe, 缓存根目录: S:\Cache\A\Test
[2025-09-22 11:56:11.423] [INFO ] [T009] [FileSyncService] 创建删除队列项: setup.exe
[2025-09-22 11:56:11.423] [INFO ] [T006] [MainWindow] 正在删除: setup.exe
[2025-09-22 11:56:11.423] [INFO ] [T021] [MainWindow] 开始同步文件：setup.exe
[2025-09-22 11:56:11.424] [INFO ] [T021] [MainWindow] 删除完成: setup.exe
[2025-09-22 11:56:11.427] [INFO ] [T020] [FileSyncService] 检测到Deleted事件: FcHash.exe
[2025-09-22 11:56:11.427] [INFO ] [T009] [FileSyncService] 开始处理Deleted事件: FcHash.exe, 缓存根目录: S:\Cache\A\Test
[2025-09-22 11:56:11.427] [INFO ] [T009] [FileSyncService] 创建删除队列项: FcHash.exe
[2025-09-22 11:56:11.427] [INFO ] [T006] [MainWindow] 正在删除: FcHash.exe
[2025-09-22 11:56:11.427] [INFO ] [T018] [MainWindow] 开始同步文件：FcHash.exe
[2025-09-22 11:56:11.428] [INFO ] [T009] [MainWindow] 删除完成: FcHash.exe
