[2025-09-21 16:54:49.486] [INFO ] [T001] [FastCopyService] FastCopy服务初始化: C:\Program Files\FastCopy64\fcp.exe
[2025-09-21 16:54:49.515] [INFO ] [T001] [FastCopyService] 系统中没有发现FastCopy进程
[2025-09-21 16:54:49.519] [INFO ] [T001] [FastCopyService] FastCopy服务初始化: C:\Program Files\FastCopy64\fcp.exe
[2025-09-21 16:54:49.531] [INFO ] [T001] [FastCopyService] 系统中没有发现FastCopy进程
[2025-09-21 16:54:49.532] [INFO ] [T001] [FileSyncService] FastCopy最大并发数设置为: 3
[2025-09-21 16:54:49.532] [INFO ] [T001] [FileSyncService] FileSyncService 初始化完成
[2025-09-21 16:54:49.532] [INFO ] [T001] [FastCopyService] FastCopy服务初始化: C:\Program Files\FastCopy64\fcp.exe
[2025-09-21 16:54:49.545] [INFO ] [T001] [FastCopyService] 系统中没有发现FastCopy进程
[2025-09-21 16:55:09.102] [INFO ] [T004] [FileSyncService] 检测到文件变化，等待写入完成: Ibanez A
[2025-09-21 16:55:09.102] [INFO ] [T006] [FileSyncService] 检测到文件变化，等待写入完成: Ibanez A
[2025-09-21 16:55:09.106] [INFO ] [T010] [FileSyncService] 检测到文件变化，等待写入完成: 主机位
[2025-09-21 16:55:09.106] [INFO ] [T008] [FileSyncService] 文件已在处理队列中，跳过重复事件: 主机位
[2025-09-21 16:55:09.114] [INFO ] [T010] [FileSyncService] 检测到文件变化，等待写入完成: C1712.MP4
[2025-09-21 16:55:09.114] [INFO ] [T006] [FileSyncService] 文件已在处理队列中，跳过重复事件: C1712.MP4
[2025-09-21 16:55:11.622] [INFO ] [T017] [FileSyncService] 文件已在处理队列中，跳过重复事件: C1712.MP4
[2025-09-21 16:55:11.629] [INFO ] [T008] [FileSyncService] 文件已在处理队列中，跳过重复事件: 主机位
[2025-09-21 16:55:11.632] [INFO ] [T010] [FileSyncService] 检测到文件变化，等待写入完成: C1713.MP4
[2025-09-21 16:55:11.632] [INFO ] [T008] [FileSyncService] 检测到文件变化，等待写入完成: C1713.MP4
[2025-09-21 16:55:13.550] [INFO ] [T010] [FileSyncService] 文件已在处理队列中，跳过重复事件: C1713.MP4
[2025-09-21 16:55:13.607] [INFO ] [T010] [FileSyncService] 文件已在处理队列中，跳过重复事件: 主机位
[2025-09-21 16:55:13.610] [INFO ] [T006] [FileSyncService] 检测到文件变化，等待写入完成: C1714.MP4
[2025-09-21 16:55:13.610] [INFO ] [T008] [FileSyncService] 检测到文件变化，等待写入完成: C1714.MP4
[2025-09-21 16:55:14.194] [INFO ] [T008] [FileSyncService] 文件写入已完成，准备同步: C1712.MP4
[2025-09-21 16:55:14.202] [INFO ] [T006] [FileSyncService] 获取FastCopy并发许可，开始复制: C1712.MP4
[2025-09-21 16:55:15.767] [INFO ] [T010] [FileSyncService] 文件已在处理队列中，跳过重复事件: C1714.MP4
[2025-09-21 16:55:15.774] [INFO ] [T017] [FileSyncService] 文件已在处理队列中，跳过重复事件: 主机位
[2025-09-21 16:55:15.777] [INFO ] [T017] [FileSyncService] 检测到文件变化，等待写入完成: C1715.MP4
[2025-09-21 16:55:15.777] [INFO ] [T008] [FileSyncService] 检测到文件变化，等待写入完成: C1715.MP4
[2025-09-21 16:55:16.757] [INFO ] [T008] [FileSyncService] 文件写入已完成，准备同步: C1713.MP4
[2025-09-21 16:55:16.757] [INFO ] [T006] [FileSyncService] 文件写入已完成，准备同步: C1713.MP4
[2025-09-21 16:55:16.758] [INFO ] [T008] [FileSyncService] 获取FastCopy并发许可，开始复制: C1713.MP4
[2025-09-21 16:55:16.758] [INFO ] [T006] [FileSyncService] 获取FastCopy并发许可，开始复制: C1713.MP4
[2025-09-21 16:55:17.019] [INFO ] [T008] [FileSyncService] 释放FastCopy并发许可: C1712.MP4
[2025-09-21 16:55:17.021] [INFO ] [T008] [FileSyncService] 文件处理完成，清理锁: C1712.MP4
[2025-09-21 16:55:18.694] [INFO ] [T008] [FileSyncService] 文件写入已完成，准备同步: C1714.MP4
[2025-09-21 16:55:18.694] [INFO ] [T018] [FileSyncService] 文件写入已完成，准备同步: C1714.MP4
[2025-09-21 16:55:18.695] [INFO ] [T008] [FileSyncService] 获取FastCopy并发许可，开始复制: C1714.MP4
[2025-09-21 16:55:19.017] [INFO ] [T010] [FileSyncService] 文件已在处理队列中，跳过重复事件: C1715.MP4
[2025-09-21 16:55:19.023] [INFO ] [T019] [FileSyncService] 文件已在处理队列中，跳过重复事件: 主机位
[2025-09-21 16:55:19.027] [INFO ] [T007] [FileSyncService] 检测到文件变化，等待写入完成: C1716.MP4
[2025-09-21 16:55:19.027] [INFO ] [T010] [FileSyncService] 文件已在处理队列中，跳过重复事件: C1716.MP4
[2025-09-21 16:55:19.575] [INFO ] [T010] [FileSyncService] 释放FastCopy并发许可: C1713.MP4
[2025-09-21 16:55:19.575] [INFO ] [T007] [FileSyncService] 释放FastCopy并发许可: C1713.MP4
[2025-09-21 16:55:19.575] [INFO ] [T004] [FileSyncService] 获取FastCopy并发许可，开始复制: C1714.MP4
[2025-09-21 16:55:19.576] [INFO ] [T007] [FileSyncService] 文件处理完成，清理锁: C1713.MP4
[2025-09-21 16:55:21.604] [INFO ] [T018] [FileSyncService] 释放FastCopy并发许可: C1714.MP4
[2025-09-21 16:55:21.604] [INFO ] [T018] [FileSyncService] 文件处理完成，清理锁: C1714.MP4
[2025-09-21 16:55:22.391] [INFO ] [T010] [FileSyncService] 释放FastCopy并发许可: C1714.MP4
[2025-09-21 16:55:22.736] [INFO ] [T017] [FileSyncService] 文件已在处理队列中，跳过重复事件: C1716.MP4
[2025-09-21 16:55:22.743] [INFO ] [T017] [FileSyncService] 文件已在处理队列中，跳过重复事件: 主机位
[2025-09-21 16:55:22.746] [INFO ] [T017] [FileSyncService] 检测到文件变化，等待写入完成: C1717.MP4
[2025-09-21 16:55:22.746] [INFO ] [T004] [FileSyncService] 文件已在处理队列中，跳过重复事件: C1717.MP4
[2025-09-21 16:55:23.986] [INFO ] [T004] [FileSyncService] 文件写入已完成，准备同步: C1715.MP4
[2025-09-21 16:55:23.987] [INFO ] [T018] [FileSyncService] 获取FastCopy并发许可，开始复制: C1715.MP4
[2025-09-21 16:55:23.988] [INFO ] [T007] [FileSyncService] 文件写入已完成，准备同步: C1715.MP4
[2025-09-21 16:55:23.989] [INFO ] [T007] [FileSyncService] 获取FastCopy并发许可，开始复制: C1715.MP4
[2025-09-21 16:55:24.113] [WARN ] [T004] [FileSyncService] 文件写入未完成，跳过同步: Ibanez A
[2025-09-21 16:55:24.113] [WARN ] [T021] [FileSyncService] 文件写入未完成，跳过同步: Ibanez A
[2025-09-21 16:55:24.113] [WARN ] [T007] [FileSyncService] 文件写入未完成，跳过同步: 主机位
[2025-09-21 16:55:26.807] [INFO ] [T017] [FileSyncService] 释放FastCopy并发许可: C1715.MP4
[2025-09-21 16:55:26.807] [INFO ] [T017] [FileSyncService] 文件处理完成，清理锁: C1715.MP4
[2025-09-21 16:55:26.899] [INFO ] [T008] [FileSyncService] 释放FastCopy并发许可: C1715.MP4
[2025-09-21 16:55:27.115] [INFO ] [T021] [FileSyncService] 文件写入已完成，准备同步: C1716.MP4
[2025-09-21 16:55:27.116] [INFO ] [T017] [FileSyncService] 获取FastCopy并发许可，开始复制: C1716.MP4
[2025-09-21 16:55:27.149] [INFO ] [T010] [FileSyncService] 文件已在处理队列中，跳过重复事件: C1717.MP4
[2025-09-21 16:55:27.203] [INFO ] [T010] [FileSyncService] 检测到文件变化，等待写入完成: 主机位
[2025-09-21 16:55:27.206] [INFO ] [T020] [FileSyncService] 检测到文件变化，等待写入完成: C1718.MP4
[2025-09-21 16:55:27.206] [INFO ] [T010] [FileSyncService] 文件已在处理队列中，跳过重复事件: C1718.MP4
[2025-09-21 16:55:29.532] [INFO ] [T004] [FileSyncService] 文件已在处理队列中，跳过重复事件: C1718.MP4
[2025-09-21 16:55:29.539] [INFO ] [T004] [FileSyncService] 文件已在处理队列中，跳过重复事件: 主机位
[2025-09-21 16:55:29.542] [INFO ] [T019] [FileSyncService] 检测到文件变化，等待写入完成: C1719.MP4
[2025-09-21 16:55:29.542] [INFO ] [T010] [FileSyncService] 检测到文件变化，等待写入完成: C1719.MP4
[2025-09-21 16:55:29.927] [INFO ] [T010] [FileSyncService] 释放FastCopy并发许可: C1716.MP4
[2025-09-21 16:55:29.928] [INFO ] [T010] [FileSyncService] 文件处理完成，清理锁: C1716.MP4
[2025-09-21 16:55:30.865] [INFO ] [T007] [FileSyncService] 文件写入已完成，准备同步: C1717.MP4
[2025-09-21 16:55:30.865] [INFO ] [T004] [FileSyncService] 获取FastCopy并发许可，开始复制: C1717.MP4
[2025-09-21 16:55:31.401] [INFO ] [T017] [FileSyncService] 文件已在处理队列中，跳过重复事件: C1719.MP4
[2025-09-21 16:55:31.409] [INFO ] [T021] [FileSyncService] 文件已在处理队列中，跳过重复事件: 主机位
[2025-09-21 16:55:31.412] [INFO ] [T017] [FileSyncService] 检测到文件变化，等待写入完成: C1720.MP4
[2025-09-21 16:55:31.412] [INFO ] [T021] [FileSyncService] 文件已在处理队列中，跳过重复事件: C1720.MP4
[2025-09-21 16:55:32.320] [INFO ] [T017] [FileSyncService] 文件写入已完成，准备同步: C1718.MP4
[2025-09-21 16:55:32.320] [INFO ] [T004] [FileSyncService] 获取FastCopy并发许可，开始复制: C1718.MP4
[2025-09-21 16:55:33.019] [INFO ] [T010] [FileSyncService] 文件已在处理队列中，跳过重复事件: C1720.MP4
[2025-09-21 16:55:33.026] [INFO ] [T021] [FileSyncService] 文件已在处理队列中，跳过重复事件: 主机位
[2025-09-21 16:55:33.029] [INFO ] [T007] [FileSyncService] 检测到文件变化，等待写入完成: C1721.MP4
[2025-09-21 16:55:33.029] [INFO ] [T010] [FileSyncService] 检测到文件变化，等待写入完成: C1721.MP4
[2025-09-21 16:55:33.675] [INFO ] [T007] [FileSyncService] 释放FastCopy并发许可: C1717.MP4
[2025-09-21 16:55:33.675] [INFO ] [T007] [FileSyncService] 文件处理完成，清理锁: C1717.MP4
[2025-09-21 16:55:34.632] [INFO ] [T010] [FileSyncService] 文件写入已完成，准备同步: C1719.MP4
[2025-09-21 16:55:34.632] [INFO ] [T020] [FileSyncService] 文件写入已完成，准备同步: C1719.MP4
[2025-09-21 16:55:34.632] [INFO ] [T020] [FileSyncService] 获取FastCopy并发许可，开始复制: C1719.MP4
[2025-09-21 16:55:34.632] [INFO ] [T004] [FileSyncService] 获取FastCopy并发许可，开始复制: C1719.MP4
[2025-09-21 16:55:34.683] [INFO ] [T004] [FileSyncService] 文件已在处理队列中，跳过重复事件: C1721.MP4
[2025-09-21 16:55:34.690] [INFO ] [T020] [FileSyncService] 文件已在处理队列中，跳过重复事件: 主机位
[2025-09-21 16:55:34.692] [INFO ] [T022] [FileSyncService] 检测到文件变化，等待写入完成: C1724.MP4
[2025-09-21 16:55:34.692] [INFO ] [T006] [FileSyncService] 文件已在处理队列中，跳过重复事件: C1724.MP4
[2025-09-21 16:55:35.137] [INFO ] [T022] [FileSyncService] 释放FastCopy并发许可: C1718.MP4
[2025-09-21 16:55:35.138] [INFO ] [T022] [FileSyncService] 文件处理完成，清理锁: C1718.MP4
[2025-09-21 16:55:36.304] [INFO ] [T006] [FileSyncService] 文件已在处理队列中，跳过重复事件: C1724.MP4
[2025-09-21 16:55:36.310] [INFO ] [T022] [FileSyncService] 文件已在处理队列中，跳过重复事件: 主机位
[2025-09-21 16:55:36.313] [INFO ] [T018] [FileSyncService] 检测到文件变化，等待写入完成: C1725.MP4
[2025-09-21 16:55:36.313] [INFO ] [T006] [FileSyncService] 文件已在处理队列中，跳过重复事件: C1725.MP4
[2025-09-21 16:55:36.457] [INFO ] [T004] [FileSyncService] 文件写入已完成，准备同步: C1720.MP4
[2025-09-21 16:55:36.457] [INFO ] [T004] [FileSyncService] 获取FastCopy并发许可，开始复制: C1720.MP4
[2025-09-21 16:55:37.451] [INFO ] [T022] [FileSyncService] 释放FastCopy并发许可: C1719.MP4
[2025-09-21 16:55:37.451] [INFO ] [T004] [FileSyncService] 释放FastCopy并发许可: C1719.MP4
[2025-09-21 16:55:37.452] [INFO ] [T004] [FileSyncService] 文件处理完成，清理锁: C1719.MP4
[2025-09-21 16:55:37.762] [INFO ] [T006] [FileSyncService] 文件已在处理队列中，跳过重复事件: C1725.MP4
[2025-09-21 16:55:37.768] [INFO ] [T006] [FileSyncService] 文件已在处理队列中，跳过重复事件: 主机位
[2025-09-21 16:55:37.771] [INFO ] [T022] [FileSyncService] 检测到文件变化，等待写入完成: C1726.MP4
[2025-09-21 16:55:37.771] [INFO ] [T004] [FileSyncService] 检测到文件变化，等待写入完成: C1726.MP4
[2025-09-21 16:55:38.109] [INFO ] [T022] [FileSyncService] 文件写入已完成，准备同步: C1721.MP4
[2025-09-21 16:55:38.109] [INFO ] [T004] [FileSyncService] 文件写入已完成，准备同步: C1721.MP4
[2025-09-21 16:55:38.110] [INFO ] [T022] [FileSyncService] 获取FastCopy并发许可，开始复制: C1721.MP4
[2025-09-21 16:55:38.110] [INFO ] [T004] [FileSyncService] 获取FastCopy并发许可，开始复制: C1721.MP4
[2025-09-21 16:55:39.372] [INFO ] [T017] [FileSyncService] 释放FastCopy并发许可: C1720.MP4
[2025-09-21 16:55:39.372] [INFO ] [T017] [FileSyncService] 文件处理完成，清理锁: C1720.MP4
[2025-09-21 16:55:39.510] [INFO ] [T004] [FileSyncService] 文件已在处理队列中，跳过重复事件: C1726.MP4
[2025-09-21 16:55:39.518] [INFO ] [T019] [FileSyncService] 文件已在处理队列中，跳过重复事件: 主机位
[2025-09-21 16:55:39.521] [INFO ] [T004] [FileSyncService] 检测到文件变化，等待写入完成: C1727.MP4
[2025-09-21 16:55:39.521] [INFO ] [T017] [FileSyncService] 检测到文件变化，等待写入完成: C1727.MP4
[2025-09-21 16:55:39.695] [INFO ] [T017] [FileSyncService] 文件写入已完成，准备同步: C1724.MP4
[2025-09-21 16:55:39.696] [INFO ] [T021] [FileSyncService] 获取FastCopy并发许可，开始复制: C1724.MP4
[2025-09-21 16:55:40.921] [INFO ] [T021] [FileSyncService] 释放FastCopy并发许可: C1721.MP4
[2025-09-21 16:55:40.921] [INFO ] [T022] [FileSyncService] 释放FastCopy并发许可: C1721.MP4
[2025-09-21 16:55:40.921] [INFO ] [T022] [FileSyncService] 文件处理完成，清理锁: C1721.MP4
[2025-09-21 16:55:41.180] [INFO ] [T017] [FileSyncService] 文件已在处理队列中，跳过重复事件: C1727.MP4
[2025-09-21 16:55:41.188] [INFO ] [T017] [FileSyncService] 文件已在处理队列中，跳过重复事件: 主机位
[2025-09-21 16:55:41.191] [INFO ] [T004] [FileSyncService] 检测到文件变化，等待写入完成: C1728.MP4
[2025-09-21 16:55:41.191] [INFO ] [T021] [FileSyncService] 文件已在处理队列中，跳过重复事件: C1728.MP4
[2025-09-21 16:55:41.366] [INFO ] [T004] [FileSyncService] 文件写入已完成，准备同步: C1725.MP4
[2025-09-21 16:55:41.366] [INFO ] [T022] [FileSyncService] 获取FastCopy并发许可，开始复制: C1725.MP4
[2025-09-21 16:55:42.212] [WARN ] [T023] [FileSyncService] 文件写入未完成，跳过同步: 主机位
[2025-09-21 16:55:42.511] [INFO ] [T019] [FileSyncService] 释放FastCopy并发许可: C1724.MP4
[2025-09-21 16:55:42.511] [INFO ] [T019] [FileSyncService] 文件处理完成，清理锁: C1724.MP4
[2025-09-21 16:55:42.813] [INFO ] [T019] [FileSyncService] 文件已在处理队列中，跳过重复事件: C1728.MP4
[2025-09-21 16:55:42.817] [INFO ] [T007] [FileSyncService] 文件写入已完成，准备同步: C1726.MP4
[2025-09-21 16:55:42.817] [INFO ] [T023] [FileSyncService] 文件写入已完成，准备同步: C1726.MP4
[2025-09-21 16:55:42.817] [INFO ] [T023] [FileSyncService] 获取FastCopy并发许可，开始复制: C1726.MP4
[2025-09-21 16:55:42.817] [INFO ] [T007] [FileSyncService] 获取FastCopy并发许可，开始复制: C1726.MP4
[2025-09-21 16:55:42.820] [INFO ] [T010] [FileSyncService] 检测到文件变化，等待写入完成: 主机位
[2025-09-21 16:55:42.823] [INFO ] [T020] [FileSyncService] 检测到文件变化，等待写入完成: C1729.MP4
[2025-09-21 16:55:42.823] [INFO ] [T008] [FileSyncService] 文件已在处理队列中，跳过重复事件: C1729.MP4
[2025-09-21 16:55:44.183] [INFO ] [T024] [FileSyncService] 释放FastCopy并发许可: C1725.MP4
[2025-09-21 16:55:44.183] [INFO ] [T024] [FileSyncService] 文件处理完成，清理锁: C1725.MP4
[2025-09-21 16:55:44.364] [INFO ] [T024] [FileSyncService] 文件已在处理队列中，跳过重复事件: C1729.MP4
[2025-09-21 16:55:44.371] [INFO ] [T024] [FileSyncService] 文件已在处理队列中，跳过重复事件: 主机位
[2025-09-21 16:55:44.375] [INFO ] [T010] [FileSyncService] 检测到文件变化，等待写入完成: C1730.MP4
[2025-09-21 16:55:44.375] [INFO ] [T008] [FileSyncService] 检测到文件变化，等待写入完成: C1730.MP4
[2025-09-21 16:55:44.577] [INFO ] [T006] [FileSyncService] 文件写入已完成，准备同步: C1727.MP4
[2025-09-21 16:55:44.577] [INFO ] [T024] [FileSyncService] 文件写入已完成，准备同步: C1727.MP4
[2025-09-21 16:55:44.578] [INFO ] [T024] [FileSyncService] 获取FastCopy并发许可，开始复制: C1727.MP4
[2025-09-21 16:55:45.430] [INFO ] [T008] [FileSyncService] 文件已在处理队列中，跳过重复事件: C1730.MP4
[2025-09-21 16:55:45.437] [INFO ] [T004] [FileSyncService] 文件已在处理队列中，跳过重复事件: 主机位
[2025-09-21 16:55:45.440] [INFO ] [T004] [FileSyncService] 检测到文件变化，等待写入完成: C1731.MP4
[2025-09-21 16:55:45.440] [INFO ] [T019] [FileSyncService] 检测到文件变化，等待写入完成: C1731.MP4
[2025-09-21 16:55:45.630] [INFO ] [T019] [FileSyncService] 释放FastCopy并发许可: C1726.MP4
[2025-09-21 16:55:45.630] [INFO ] [T021] [FileSyncService] 释放FastCopy并发许可: C1726.MP4
[2025-09-21 16:55:45.630] [INFO ] [T024] [FileSyncService] 获取FastCopy并发许可，开始复制: C1727.MP4
[2025-09-21 16:55:45.631] [INFO ] [T019] [FileSyncService] 文件处理完成，清理锁: C1726.MP4
[2025-09-21 16:55:46.193] [INFO ] [T008] [FileSyncService] 文件写入已完成，准备同步: C1728.MP4
[2025-09-21 16:55:46.194] [INFO ] [T008] [FileSyncService] 获取FastCopy并发许可，开始复制: C1728.MP4
[2025-09-21 16:55:46.589] [INFO ] [T024] [FileSyncService] 文件已在处理队列中，跳过重复事件: C1731.MP4
[2025-09-21 16:55:46.596] [INFO ] [T004] [FileSyncService] 文件已在处理队列中，跳过重复事件: 主机位
[2025-09-21 16:55:46.599] [INFO ] [T021] [FileSyncService] 检测到文件变化，等待写入完成: C1732.MP4
[2025-09-21 16:55:46.599] [INFO ] [T020] [FileSyncService] 检测到文件变化，等待写入完成: C1732.MP4
[2025-09-21 16:55:47.392] [INFO ] [T004] [FileSyncService] 释放FastCopy并发许可: C1727.MP4
[2025-09-21 16:55:47.393] [INFO ] [T004] [FileSyncService] 文件处理完成，清理锁: C1727.MP4
[2025-09-21 16:55:47.922] [INFO ] [T021] [FileSyncService] 文件写入已完成，准备同步: C1729.MP4
[2025-09-21 16:55:47.922] [INFO ] [T021] [FileSyncService] 获取FastCopy并发许可，开始复制: C1729.MP4
[2025-09-21 16:55:48.000] [INFO ] [T021] [FileSyncService] 文件已在处理队列中，跳过重复事件: C1732.MP4
[2025-09-21 16:55:48.006] [INFO ] [T020] [FileSyncService] 文件已在处理队列中，跳过重复事件: 主机位
[2025-09-21 16:55:48.009] [INFO ] [T020] [FileSyncService] 检测到文件变化，等待写入完成: C1733.MP4
[2025-09-21 16:55:48.009] [INFO ] [T004] [FileSyncService] 检测到文件变化，等待写入完成: C1733.MP4
[2025-09-21 16:55:48.446] [INFO ] [T021] [FileSyncService] 释放FastCopy并发许可: C1727.MP4
[2025-09-21 16:55:49.003] [INFO ] [T019] [FileSyncService] 释放FastCopy并发许可: C1728.MP4
[2025-09-21 16:55:49.003] [INFO ] [T019] [FileSyncService] 文件处理完成，清理锁: C1728.MP4
[2025-09-21 16:55:49.174] [INFO ] [T021] [FileSyncService] 文件已在处理队列中，跳过重复事件: C1733.MP4
[2025-09-21 16:55:49.183] [INFO ] [T021] [FileSyncService] 检测到文件变化，等待写入完成: Ibanez A
[2025-09-21 16:55:49.184] [INFO ] [T021] [FileSyncService] 检测到文件变化，等待写入完成: 右边机位
[2025-09-21 16:55:49.185] [INFO ] [T020] [FileSyncService] 文件已在处理队列中，跳过重复事件: 右边机位
[2025-09-21 16:55:49.194] [INFO ] [T024] [FileSyncService] 检测到文件变化，等待写入完成: C0009.MP4
[2025-09-21 16:55:49.194] [INFO ] [T022] [FileSyncService] 文件已在处理队列中，跳过重复事件: C0009.MP4
[2025-09-21 16:55:49.380] [INFO ] [T024] [FileSyncService] 文件写入已完成，准备同步: C1730.MP4
[2025-09-21 16:55:49.380] [INFO ] [T019] [FileSyncService] 文件写入已完成，准备同步: C1730.MP4
[2025-09-21 16:55:49.381] [INFO ] [T019] [FileSyncService] 获取FastCopy并发许可，开始复制: C1730.MP4
[2025-09-21 16:55:49.381] [INFO ] [T022] [FileSyncService] 获取FastCopy并发许可，开始复制: C1730.MP4
[2025-09-21 16:55:50.443] [INFO ] [T004] [FileSyncService] 文件写入已完成，准备同步: C1731.MP4
[2025-09-21 16:55:50.443] [INFO ] [T020] [FileSyncService] 文件写入已完成，准备同步: C1731.MP4
[2025-09-21 16:55:50.496] [INFO ] [T025] [FileSyncService] 文件已在处理队列中，跳过重复事件: C0009.MP4
[2025-09-21 16:55:50.502] [INFO ] [T019] [FileSyncService] 文件已在处理队列中，跳过重复事件: 右边机位
[2025-09-21 16:55:50.504] [INFO ] [T019] [FileSyncService] 检测到文件变化，等待写入完成: C0010.MP4
[2025-09-21 16:55:50.504] [INFO ] [T025] [FileSyncService] 文件已在处理队列中，跳过重复事件: C0010.MP4
[2025-09-21 16:55:50.737] [INFO ] [T017] [FileSyncService] 释放FastCopy并发许可: C1729.MP4
[2025-09-21 16:55:50.737] [INFO ] [T018] [FileSyncService] 获取FastCopy并发许可，开始复制: C1731.MP4
[2025-09-21 16:55:50.737] [INFO ] [T017] [FileSyncService] 文件处理完成，清理锁: C1729.MP4
[2025-09-21 16:55:50.764] [INFO ] [T018] [FileSyncService] 文件已在处理队列中，跳过重复事件: Ibanez A
[2025-09-21 16:55:56.410] [INFO ] [T024] [FileSyncService] 文件写入已完成，准备同步: C1733.MP4
[2025-09-21 16:55:56.410] [INFO ] [T022] [FileSyncService] 文件写入已完成，准备同步: C1732.MP4
[2025-09-21 16:55:56.410] [INFO ] [T023] [FileSyncService] 文件写入已完成，准备同步: C1732.MP4
[2025-09-21 16:55:56.410] [INFO ] [T019] [FileSyncService] 释放FastCopy并发许可: C1730.MP4
[2025-09-21 16:55:56.410] [INFO ] [T008] [FileSyncService] 释放FastCopy并发许可: C1730.MP4
[2025-09-21 16:55:56.411] [INFO ] [T008] [FileSyncService] 文件处理完成，清理锁: C1730.MP4
[2025-09-21 16:55:56.411] [INFO ] [T024] [FileSyncService] 获取FastCopy并发许可，开始复制: C1733.MP4
[2025-09-21 16:55:56.411] [INFO ] [T007] [FileSyncService] 文件写入已完成，准备同步: C1733.MP4
[2025-09-21 16:55:56.411] [INFO ] [T008] [FileSyncService] 获取FastCopy并发许可，开始复制: C1731.MP4
