[2025-09-21 23:34:18.841] [INFO ] [T001] [FastCopyService] FastCopy服务初始化: C:\Program Files\FastCopy64\fcp.exe
[2025-09-21 23:34:18.844] [INFO ] [T001] [FileSyncService] FastCopy最大并发数设置为: 3
[2025-09-21 23:34:18.844] [INFO ] [T001] [FileSyncService] FileSyncService 初始化完成
[2025-09-21 23:34:18.929] [INFO ] [T001] [MainWindow] 记录加速状态：A:\Test -> 激活
[2025-09-21 23:34:18.929] [INFO ] [T001] [MainWindow] 恢复加速状态记录：A:\Test - 活跃
[2025-09-21 23:34:39.777] [INFO ] [T001] [MainWindow] 正在停止加速：A:\Test
[2025-09-21 23:34:39.852] [INFO ] [T001] [MainWindow] 缓存加速已停止：A:\Test
[2025-09-21 23:34:39.852] [INFO ] [T001] [MainWindow] ✅ 加速停止成功：A:\Test
[2025-09-21 23:34:39.870] [INFO ] [T001] [MainWindow] 已删除路径记录：A:\Test
[2025-09-21 23:34:39.870] [INFO ] [T001] [MainWindow] 开始停止缓存加速...
[2025-09-21 23:34:39.870] [INFO ] [T001] [MainWindow] 停止文件同步监控...
[2025-09-21 23:34:39.871] [INFO ] [T001] [MainWindow] 没有找到对应的监控器：
[2025-09-21 23:34:39.871] [INFO ] [T001] [MainWindow] 停止性能监控...
[2025-09-21 23:34:39.871] [INFO ] [T001] [MainWindow] 执行最后一次同步...
[2025-09-21 23:34:39.871] [INFO ] [T001] [MainWindow] 未找到同步配置：
[2025-09-21 23:34:39.871] [INFO ] [T001] [MainWindow] 删除Junction：A:\Test
[2025-09-21 23:34:39.871] [INFO ] [T001] [MainWindow] 删除Junction：A:\Test
[2025-09-21 23:34:39.871] [INFO ] [T001] [MainWindow] Junction删除成功
[2025-09-21 23:34:39.871] [INFO ] [T001] [MainWindow] 找到备份目录：A:\Test.original
[2025-09-21 23:34:39.871] [INFO ] [T001] [MainWindow] 恢复原始目录：A:\Test.original -> A:\Test
[2025-09-21 23:34:39.871] [INFO ] [T001] [MainWindow] 目录重命名成功：A:\Test.original -> A:\Test
[2025-09-21 23:34:39.871] [INFO ] [T001] [MainWindow] 缓存加速停止完成！
[2025-09-21 23:34:57.144] [INFO ] [T001] [MainWindow] 已添加路径：A:\Test
[2025-09-21 23:35:02.471] [INFO ] [T001] [MainWindow] 开始加速：A:\Test
[2025-09-21 23:35:02.490] [INFO ] [T001] [MainWindow] 使用目录连接点，无需管理员权限
[2025-09-21 23:35:02.490] [INFO ] [T001] [MainWindow] 开始缓存加速初始化...
[2025-09-21 23:35:02.490] [INFO ] [T001] [MainWindow] 检测到缓存目录已存在：S:\Cache\A\Test
[2025-09-21 23:35:02.490] [INFO ] [T001] [MainWindow] 缓存目录已存在，可选择：
[2025-09-21 23:35:02.490] [INFO ] [T001] [MainWindow] 1. 同步模式：保留现有缓存，仅同步差异文件（推荐）
[2025-09-21 23:35:02.490] [INFO ] [T001] [MainWindow] 2. 取消操作
[2025-09-21 23:35:02.490] [INFO ] [T001] [MainWindow] 当前默认使用同步模式
[2025-09-21 23:35:02.490] [INFO ] [T001] [MainWindow] 用户选择同步模式：与现有缓存同步
[2025-09-21 23:35:02.490] [INFO ] [T001] [MainWindow] 开始创建缓存目录和备份路径...
[2025-09-21 23:35:02.490] [INFO ] [T001] [MainWindow] 复制数据到缓存：A:\Test -> S:\Cache\A\Test
[2025-09-21 23:35:02.490] [INFO ] [T001] [MainWindow] 使用Robocopy同步模式：智能同步差异文件
[2025-09-21 23:35:02.490] [INFO ] [T001] [MainWindow] 执行Robocopy同步: robocopy "A:\Test" "S:\Cache\A\Test" /E /COPYALL /MT:64 /R:3600 /W:1 /IM /J /BYTES /FP /ETA /NFL /NDL
[2025-09-21 23:35:02.531] [INFO ] [T001] [MainWindow] Robocopy同步完成，退出码: 0
[2025-09-21 23:35:02.608] [INFO ] [T006] [MainWindow] 开始监控：S:\Cache\A\Test (模式：Immediate，延迟：3秒)
[2025-09-21 23:35:02.608] [INFO ] [T001] [MainWindow] 开始性能监控: A:\Test -> S:\Cache\A\Test
[2025-09-21 23:35:02.608] [INFO ] [T001] [MainWindow] 缓存加速已启用：A:\Test
[2025-09-21 23:35:02.608] [INFO ] [T001] [MainWindow] 记录加速状态：A:\Test -> 激活
[2025-09-21 23:35:02.608] [INFO ] [T001] [MainWindow] 备份原始目录：A:\Test -> A:\Test.original
[2025-09-21 23:35:02.608] [INFO ] [T001] [MainWindow] 目录重命名成功：A:\Test -> A:\Test.original
[2025-09-21 23:35:02.608] [INFO ] [T001] [MainWindow] 创建Junction：A:\Test -> S:\Cache\A\Test
[2025-09-21 23:35:02.608] [INFO ] [T001] [MainWindow] 创建Junction：A:\Test -> S:\Cache\A\Test
[2025-09-21 23:35:02.608] [INFO ] [T001] [MainWindow] Junction创建成功
[2025-09-21 23:35:02.608] [INFO ] [T001] [MainWindow] 启动文件同步监控...
[2025-09-21 23:35:02.608] [INFO ] [T001] [MainWindow] 开始监控：S:\Cache\A\Test -> A:\Test.original
[2025-09-21 23:35:02.609] [INFO ] [T001] [MainWindow] 文件监控启动成功
[2025-09-21 23:35:02.609] [INFO ] [T001] [MainWindow] 启动性能监控...
[2025-09-21 23:35:02.609] [INFO ] [T001] [MainWindow] 缓存加速初始化完成！
[2025-09-21 23:35:02.609] [INFO ] [T001] [MainWindow] ✅ 加速完成：A:\Test
[2025-09-21 23:35:23.649] [INFO ] [T008] [FileSyncService] 文件已在处理队列中，跳过重复事件: Ibanez A
[2025-09-21 23:35:23.650] [INFO ] [T004] [FileSyncService] 检测到文件变化，等待写入完成: Ibanez A
[2025-09-21 23:35:23.650] [INFO ] [T004] [FileSyncService] 文件已被删除，跳过同步: Ibanez A
[2025-09-21 23:35:23.655] [INFO ] [T013] [FileSyncService] 检测到文件变化，等待写入完成: 主机位
[2025-09-21 23:35:23.655] [INFO ] [T006] [FileSyncService] 文件已在处理队列中，跳过重复事件: 主机位
[2025-09-21 23:35:23.655] [INFO ] [T013] [FileSyncService] 文件已被删除，跳过同步: 主机位
[2025-09-21 23:35:23.663] [INFO ] [T013] [FileSyncService] 检测到文件变化，等待写入完成: C1712.MP4
[2025-09-21 23:35:23.663] [INFO ] [T004] [FileSyncService] 文件已在处理队列中，跳过重复事件: C1712.MP4
[2025-09-21 23:35:24.948] [INFO ] [T008] [FileSyncService] 文件已在处理队列中，跳过重复事件: C1712.MP4
[2025-09-21 23:35:24.955] [INFO ] [T013] [FileSyncService] 文件已在处理队列中，跳过重复事件: 主机位
[2025-09-21 23:35:24.959] [INFO ] [T006] [FileSyncService] 文件已在处理队列中，跳过重复事件: C1713.MP4
[2025-09-21 23:35:24.959] [INFO ] [T004] [FileSyncService] 检测到文件变化，等待写入完成: C1713.MP4
[2025-09-21 23:35:25.923] [INFO ] [T006] [FileSyncService] 文件写入已完成，准备同步: C1712.MP4
[2025-09-21 23:35:25.924] [INFO ] [T013] [MainWindow] 开始同步文件：C1712.MP4
[2025-09-21 23:35:25.927] [INFO ] [T019] [MainWindow] 成功获取文件锁定 (尝试 1/8): C1712.MP4
[2025-09-21 23:35:25.928] [INFO ] [T011] [MainWindow] 已获取文件锁定，开始同步: C1712.MP4
[2025-09-21 23:35:25.929] [INFO ] [T004] [FileSyncService] 获取FastCopy并发许可，开始复制: C1712.MP4
[2025-09-21 23:35:25.934] [INFO ] [T004] [FastCopyService] 开始FastCopy复制: S:\Cache\A\Test\Ibanez A\主机位\C1712.MP4 -> A:\Test.original\Ibanez A\主机位\C1712.MP4
[2025-09-21 23:35:25.935] [INFO ] [T008] [MainWindow] 正在复制: C1712.MP4
[2025-09-21 23:35:25.942] [INFO ] [T008] [FileSyncService] 文件已在处理队列中，跳过重复事件: C1713.MP4
[2025-09-21 23:35:25.946] [INFO ] [T004] [FastCopyService] 启动FastCopy进程 (PID: 85744): C1712.MP4
[2025-09-21 23:35:25.950] [INFO ] [T019] [FileSyncService] 文件已在处理队列中，跳过重复事件: 主机位
[2025-09-21 23:35:25.955] [INFO ] [T004] [FileSyncService] 检测到文件变化，等待写入完成: C1714.MP4
[2025-09-21 23:35:25.955] [INFO ] [T019] [FileSyncService] 文件已在处理队列中，跳过重复事件: C1714.MP4
[2025-09-21 23:35:25.959] [INFO ] [T008] [FileSyncService] 文件写入已完成，准备同步: C1713.MP4
[2025-09-21 23:35:25.959] [INFO ] [T021] [MainWindow] 开始同步文件：C1713.MP4
[2025-09-21 23:35:25.959] [INFO ] [T008] [FileSyncService] 获取FastCopy并发许可，开始复制: C1713.MP4
[2025-09-21 23:35:25.959] [INFO ] [T004] [MainWindow] 已获取文件锁定，开始同步: C1713.MP4
[2025-09-21 23:35:25.960] [INFO ] [T019] [MainWindow] 成功获取文件锁定 (尝试 1/8): C1713.MP4
[2025-09-21 23:35:25.960] [INFO ] [T008] [FastCopyService] 开始FastCopy复制: S:\Cache\A\Test\Ibanez A\主机位\C1713.MP4 -> A:\Test.original\Ibanez A\主机位\C1713.MP4
[2025-09-21 23:35:25.960] [INFO ] [T019] [MainWindow] 正在复制: C1713.MP4
[2025-09-21 23:35:25.970] [INFO ] [T008] [FastCopyService] 启动FastCopy进程 (PID: 92120): C1713.MP4
[2025-09-21 23:35:27.363] [INFO ] [T004] [FileSyncService] 文件已在处理队列中，跳过重复事件: C1714.MP4
[2025-09-21 23:35:27.467] [INFO ] [T023] [FileSyncService] 文件已在处理队列中，跳过重复事件: 主机位
[2025-09-21 23:35:27.470] [INFO ] [T004] [FileSyncService] 检测到文件变化，等待写入完成: C1715.MP4
[2025-09-21 23:35:27.470] [INFO ] [T008] [FileSyncService] 文件已在处理队列中，跳过重复事件: C1715.MP4
[2025-09-21 23:35:27.956] [INFO ] [T004] [FileSyncService] 文件写入已完成，准备同步: C1714.MP4
[2025-09-21 23:35:27.956] [INFO ] [T022] [MainWindow] 开始同步文件：C1714.MP4
[2025-09-21 23:35:27.956] [INFO ] [T008] [MainWindow] 成功获取文件锁定 (尝试 1/8): C1714.MP4
[2025-09-21 23:35:27.956] [INFO ] [T021] [FileSyncService] 获取FastCopy并发许可，开始复制: C1714.MP4
[2025-09-21 23:35:27.956] [INFO ] [T023] [MainWindow] 已获取文件锁定，开始同步: C1714.MP4
[2025-09-21 23:35:27.957] [INFO ] [T021] [FastCopyService] 开始FastCopy复制: S:\Cache\A\Test\Ibanez A\主机位\C1714.MP4 -> A:\Test.original\Ibanez A\主机位\C1714.MP4
[2025-09-21 23:35:27.957] [INFO ] [T023] [MainWindow] 正在复制: C1714.MP4
[2025-09-21 23:35:27.966] [INFO ] [T021] [FastCopyService] 启动FastCopy进程 (PID: 69732): C1714.MP4
[2025-09-21 23:35:28.106] [INFO ] [T008] [FileSyncService] 文件已在处理队列中，跳过重复事件: 主机位
[2025-09-21 23:35:29.222] [INFO ] [T024] [FileSyncService] 文件已在处理队列中，跳过重复事件: C1715.MP4
[2025-09-21 23:35:29.232] [INFO ] [T008] [FileSyncService] 检测到文件变化，等待写入完成: C1716.MP4
[2025-09-21 23:35:29.232] [INFO ] [T021] [FileSyncService] 文件已在处理队列中，跳过重复事件: C1716.MP4
[2025-09-21 23:35:29.387] [INFO ] [T022] [FileSyncService] 文件已在处理队列中，跳过重复事件: 主机位
[2025-09-21 23:35:29.471] [INFO ] [T022] [FileSyncService] 文件写入已完成，准备同步: C1715.MP4
[2025-09-21 23:35:29.471] [INFO ] [T004] [MainWindow] 开始同步文件：C1715.MP4
[2025-09-21 23:35:29.471] [INFO ] [T024] [MainWindow] 已获取文件锁定，开始同步: C1715.MP4
[2025-09-21 23:35:29.472] [INFO ] [T026] [MainWindow] 成功获取文件锁定 (尝试 1/8): C1715.MP4
[2025-09-21 23:35:30.404] [INFO ] [T013] [FastCopyService] FastCopy复制成功: S:\Cache\A\Test\Ibanez A\主机位\C1713.MP4 -> A:\Test.original\Ibanez A\主机位\C1713.MP4
[2025-09-21 23:35:30.404] [INFO ] [T019] [MainWindow] 复制完成: C1713.MP4
[2025-09-21 23:35:30.405] [INFO ] [T013] [FileSyncService] 释放FastCopy并发许可: C1713.MP4
[2025-09-21 23:35:30.405] [INFO ] [T008] [MainWindow] 同步完成，释放文件锁定: C1713.MP4
[2025-09-21 23:35:30.406] [INFO ] [T027] [FileSyncService] 获取FastCopy并发许可，开始复制: C1715.MP4
[2025-09-21 23:35:30.406] [INFO ] [T013] [FileSyncService] 文件处理完成，清理锁: C1713.MP4
[2025-09-21 23:35:30.407] [INFO ] [T027] [FastCopyService] 开始FastCopy复制: S:\Cache\A\Test\Ibanez A\主机位\C1715.MP4 -> A:\Test.original\Ibanez A\主机位\C1715.MP4
[2025-09-21 23:35:30.407] [INFO ] [T008] [MainWindow] 正在复制: C1715.MP4
[2025-09-21 23:35:30.417] [INFO ] [T027] [FastCopyService] 启动FastCopy进程 (PID: 91212): C1715.MP4
[2025-09-21 23:35:31.466] [INFO ] [T027] [FileSyncService] 文件已在处理队列中，跳过重复事件: C1716.MP4
[2025-09-21 23:35:31.475] [INFO ] [T008] [FileSyncService] 检测到文件变化，等待写入完成: C1717.MP4
[2025-09-21 23:35:31.475] [INFO ] [T027] [FileSyncService] 文件已在处理队列中，跳过重复事件: C1717.MP4
[2025-09-21 23:35:31.500] [INFO ] [T011] [FastCopyService] FastCopy复制成功: S:\Cache\A\Test\Ibanez A\主机位\C1712.MP4 -> A:\Test.original\Ibanez A\主机位\C1712.MP4
[2025-09-21 23:35:31.500] [INFO ] [T027] [MainWindow] 复制完成: C1712.MP4
[2025-09-21 23:35:31.500] [INFO ] [T011] [FileSyncService] 释放FastCopy并发许可: C1712.MP4
[2025-09-21 23:35:31.500] [INFO ] [T008] [MainWindow] 同步完成，释放文件锁定: C1712.MP4
[2025-09-21 23:35:31.503] [INFO ] [T011] [FileSyncService] 文件处理完成，清理锁: C1712.MP4
[2025-09-21 23:35:31.594] [INFO ] [T011] [FileSyncService] 文件已在处理队列中，跳过重复事件: 主机位
[2025-09-21 23:35:31.791] [INFO ] [T023] [FastCopyService] FastCopy复制成功: S:\Cache\A\Test\Ibanez A\主机位\C1714.MP4 -> A:\Test.original\Ibanez A\主机位\C1714.MP4
[2025-09-21 23:35:31.791] [INFO ] [T025] [MainWindow] 复制完成: C1714.MP4
[2025-09-21 23:35:31.791] [INFO ] [T023] [FileSyncService] 释放FastCopy并发许可: C1714.MP4
[2025-09-21 23:35:31.791] [INFO ] [T027] [MainWindow] 同步完成，释放文件锁定: C1714.MP4
[2025-09-21 23:35:31.792] [INFO ] [T023] [FileSyncService] 文件处理完成，清理锁: C1714.MP4
[2025-09-21 23:35:32.234] [INFO ] [T027] [FileSyncService] 文件写入已完成，准备同步: C1716.MP4
[2025-09-21 23:35:32.234] [INFO ] [T025] [MainWindow] 开始同步文件：C1716.MP4
[2025-09-21 23:35:32.234] [INFO ] [T027] [FileSyncService] 获取FastCopy并发许可，开始复制: C1716.MP4
[2025-09-21 23:35:32.234] [INFO ] [T008] [MainWindow] 已获取文件锁定，开始同步: C1716.MP4
[2025-09-21 23:35:32.234] [INFO ] [T024] [MainWindow] 成功获取文件锁定 (尝试 1/8): C1716.MP4
[2025-09-21 23:35:32.234] [INFO ] [T027] [FastCopyService] 开始FastCopy复制: S:\Cache\A\Test\Ibanez A\主机位\C1716.MP4 -> A:\Test.original\Ibanez A\主机位\C1716.MP4
[2025-09-21 23:35:32.234] [INFO ] [T008] [MainWindow] 正在复制: C1716.MP4
[2025-09-21 23:35:32.244] [INFO ] [T027] [FastCopyService] 启动FastCopy进程 (PID: 91836): C1716.MP4
[2025-09-21 23:35:34.123] [INFO ] [T023] [FileSyncService] 文件已在处理队列中，跳过重复事件: C1717.MP4
[2025-09-21 23:35:34.178] [INFO ] [T024] [FileSyncService] 文件已在处理队列中，跳过重复事件: C1718.MP4
[2025-09-21 23:35:34.178] [INFO ] [T023] [FileSyncService] 检测到文件变化，等待写入完成: C1718.MP4
[2025-09-21 23:35:34.477] [INFO ] [T023] [FileSyncService] 文件写入已完成，准备同步: C1717.MP4
[2025-09-21 23:35:34.477] [INFO ] [T024] [MainWindow] 开始同步文件：C1717.MP4
[2025-09-21 23:35:34.477] [INFO ] [T027] [MainWindow] 成功获取文件锁定 (尝试 1/8): C1717.MP4
[2025-09-21 23:35:34.477] [INFO ] [T024] [MainWindow] 已获取文件锁定，开始同步: C1717.MP4
[2025-09-21 23:35:34.477] [INFO ] [T023] [FileSyncService] 获取FastCopy并发许可，开始复制: C1717.MP4
[2025-09-21 23:35:34.478] [INFO ] [T023] [FastCopyService] 开始FastCopy复制: S:\Cache\A\Test\Ibanez A\主机位\C1717.MP4 -> A:\Test.original\Ibanez A\主机位\C1717.MP4
[2025-09-21 23:35:34.478] [INFO ] [T006] [MainWindow] 正在复制: C1717.MP4
[2025-09-21 23:35:34.487] [INFO ] [T023] [FastCopyService] 启动FastCopy进程 (PID: 88160): C1717.MP4
[2025-09-21 23:35:35.025] [INFO ] [T026] [FastCopyService] FastCopy复制成功: S:\Cache\A\Test\Ibanez A\主机位\C1715.MP4 -> A:\Test.original\Ibanez A\主机位\C1715.MP4
[2025-09-21 23:35:35.025] [INFO ] [T019] [MainWindow] 复制完成: C1715.MP4
[2025-09-21 23:35:35.025] [INFO ] [T026] [FileSyncService] 释放FastCopy并发许可: C1715.MP4
[2025-09-21 23:35:35.025] [INFO ] [T023] [MainWindow] 同步完成，释放文件锁定: C1715.MP4
[2025-09-21 23:35:35.026] [INFO ] [T026] [FileSyncService] 文件处理完成，清理锁: C1715.MP4
[2025-09-21 23:35:35.554] [INFO ] [T023] [FileSyncService] 文件已在处理队列中，跳过重复事件: C1718.MP4
[2025-09-21 23:35:35.562] [INFO ] [T019] [FileSyncService] 文件已在处理队列中，跳过重复事件: 主机位
[2025-09-21 23:35:35.565] [INFO ] [T026] [FileSyncService] 检测到文件变化，等待写入完成: C1719.MP4
[2025-09-21 23:35:35.565] [INFO ] [T019] [FileSyncService] 文件已在处理队列中，跳过重复事件: C1719.MP4
[2025-09-21 23:35:35.596] [INFO ] [T026] [FileSyncService] 文件已在处理队列中，跳过重复事件: 主机位
[2025-09-21 23:35:36.179] [INFO ] [T004] [FileSyncService] 文件写入已完成，准备同步: C1718.MP4
[2025-09-21 23:35:36.179] [INFO ] [T019] [MainWindow] 开始同步文件：C1718.MP4
[2025-09-21 23:35:36.180] [INFO ] [T013] [MainWindow] 已获取文件锁定，开始同步: C1718.MP4
[2025-09-21 23:35:36.180] [INFO ] [T013] [MainWindow] 成功获取文件锁定 (尝试 1/8): C1718.MP4
[2025-09-21 23:35:36.180] [INFO ] [T026] [FileSyncService] 获取FastCopy并发许可，开始复制: C1718.MP4
[2025-09-21 23:35:36.180] [INFO ] [T026] [FastCopyService] 开始FastCopy复制: S:\Cache\A\Test\Ibanez A\主机位\C1718.MP4 -> A:\Test.original\Ibanez A\主机位\C1718.MP4
[2025-09-21 23:35:36.180] [INFO ] [T013] [MainWindow] 正在复制: C1718.MP4
[2025-09-21 23:35:36.190] [INFO ] [T026] [FastCopyService] 启动FastCopy进程 (PID: 66080): C1718.MP4
[2025-09-21 23:35:36.684] [INFO ] [T019] [FileSyncService] 文件已在处理队列中，跳过重复事件: C1719.MP4
[2025-09-21 23:35:36.827] [INFO ] [T027] [FileSyncService] 检测到文件变化，等待写入完成: C1720.MP4
[2025-09-21 23:35:36.827] [INFO ] [T004] [FileSyncService] 文件已在处理队列中，跳过重复事件: C1720.MP4
[2025-09-21 23:35:36.978] [INFO ] [T008] [FastCopyService] FastCopy复制成功: S:\Cache\A\Test\Ibanez A\主机位\C1716.MP4 -> A:\Test.original\Ibanez A\主机位\C1716.MP4
[2025-09-21 23:35:36.978] [INFO ] [T025] [MainWindow] 复制完成: C1716.MP4
[2025-09-21 23:35:36.978] [INFO ] [T008] [FileSyncService] 释放FastCopy并发许可: C1716.MP4
[2025-09-21 23:35:36.978] [INFO ] [T019] [MainWindow] 同步完成，释放文件锁定: C1716.MP4
[2025-09-21 23:35:36.979] [INFO ] [T008] [FileSyncService] 文件处理完成，清理锁: C1716.MP4
[2025-09-21 23:35:37.142] [INFO ] [T008] [FileSyncService] 文件已在处理队列中，跳过重复事件: 主机位
[2025-09-21 23:35:37.566] [INFO ] [T025] [FileSyncService] 文件写入已完成，准备同步: C1719.MP4
[2025-09-21 23:35:37.566] [INFO ] [T019] [MainWindow] 开始同步文件：C1719.MP4
[2025-09-21 23:35:37.566] [INFO ] [T019] [MainWindow] 已获取文件锁定，开始同步: C1719.MP4
[2025-09-21 23:35:37.566] [INFO ] [T025] [MainWindow] 成功获取文件锁定 (尝试 1/8): C1719.MP4
[2025-09-21 23:35:37.566] [INFO ] [T004] [FileSyncService] 获取FastCopy并发许可，开始复制: C1719.MP4
[2025-09-21 23:35:37.567] [INFO ] [T004] [FastCopyService] 开始FastCopy复制: S:\Cache\A\Test\Ibanez A\主机位\C1719.MP4 -> A:\Test.original\Ibanez A\主机位\C1719.MP4
[2025-09-21 23:35:37.567] [INFO ] [T026] [MainWindow] 正在复制: C1719.MP4
[2025-09-21 23:35:37.576] [INFO ] [T004] [FastCopyService] 启动FastCopy进程 (PID: 81108): C1719.MP4
[2025-09-21 23:35:37.750] [INFO ] [T004] [FileSyncService] 文件已在处理队列中，跳过重复事件: C1720.MP4
[2025-09-21 23:35:37.760] [INFO ] [T004] [FileSyncService] 检测到文件变化，等待写入完成: C1721.MP4
[2025-09-21 23:35:37.760] [INFO ] [T008] [FileSyncService] 文件已在处理队列中，跳过重复事件: C1721.MP4
[2025-09-21 23:35:38.104] [INFO ] [T027] [FileSyncService] 文件写入已完成，准备同步: C1720.MP4
[2025-09-21 23:35:38.105] [INFO ] [T008] [MainWindow] 开始同步文件：C1720.MP4
[2025-09-21 23:35:38.105] [INFO ] [T019] [MainWindow] 成功获取文件锁定 (尝试 1/8): C1720.MP4
[2025-09-21 23:35:38.105] [INFO ] [T011] [MainWindow] 已获取文件锁定，开始同步: C1720.MP4
[2025-09-21 23:35:38.455] [INFO ] [T011] [FileSyncService] 文件已在处理队列中，跳过重复事件: 主机位
[2025-09-21 23:35:38.750] [INFO ] [T019] [FileSyncService] 文件已在处理队列中，跳过重复事件: C1721.MP4
[2025-09-21 23:35:38.761] [INFO ] [T027] [FileSyncService] 文件写入已完成，准备同步: C1721.MP4
[2025-09-21 23:35:38.761] [INFO ] [T008] [MainWindow] 开始同步文件：C1721.MP4
[2025-09-21 23:35:38.761] [INFO ] [T021] [MainWindow] 成功获取文件锁定 (尝试 1/8): C1721.MP4
[2025-09-21 23:35:38.761] [INFO ] [T022] [MainWindow] 已获取文件锁定，开始同步: C1721.MP4
[2025-09-21 23:35:38.762] [INFO ] [T019] [FileSyncService] 检测到文件变化，等待写入完成: C1724.MP4
[2025-09-21 23:35:38.762] [INFO ] [T008] [FileSyncService] 文件已在处理队列中，跳过重复事件: C1724.MP4
[2025-09-21 23:35:39.680] [INFO ] [T022] [FileSyncService] 文件已在处理队列中，跳过重复事件: C1724.MP4
[2025-09-21 23:35:39.686] [INFO ] [T021] [FileSyncService] 文件已在处理队列中，跳过重复事件: 主机位
[2025-09-21 23:35:39.690] [INFO ] [T019] [FileSyncService] 检测到文件变化，等待写入完成: C1725.MP4
[2025-09-21 23:35:39.690] [INFO ] [T008] [FileSyncService] 文件已在处理队列中，跳过重复事件: C1725.MP4
[2025-09-21 23:35:39.762] [INFO ] [T019] [FileSyncService] 文件写入已完成，准备同步: C1724.MP4
[2025-09-21 23:35:39.762] [INFO ] [T011] [MainWindow] 开始同步文件：C1724.MP4
[2025-09-21 23:35:39.762] [INFO ] [T011] [MainWindow] 成功获取文件锁定 (尝试 1/8): C1724.MP4
[2025-09-21 23:35:39.762] [INFO ] [T021] [MainWindow] 已获取文件锁定，开始同步: C1724.MP4
[2025-09-21 23:35:39.817] [INFO ] [T023] [FastCopyService] FastCopy复制成功: S:\Cache\A\Test\Ibanez A\主机位\C1718.MP4 -> A:\Test.original\Ibanez A\主机位\C1718.MP4
[2025-09-21 23:35:39.817] [INFO ] [T021] [MainWindow] 复制完成: C1718.MP4
[2025-09-21 23:35:39.817] [INFO ] [T023] [FileSyncService] 释放FastCopy并发许可: C1718.MP4
[2025-09-21 23:35:39.817] [INFO ] [T019] [MainWindow] 同步完成，释放文件锁定: C1718.MP4
[2025-09-21 23:35:39.818] [INFO ] [T022] [FileSyncService] 获取FastCopy并发许可，开始复制: C1720.MP4
[2025-09-21 23:35:39.818] [INFO ] [T023] [FileSyncService] 文件处理完成，清理锁: C1718.MP4
[2025-09-21 23:35:39.819] [INFO ] [T022] [FastCopyService] 开始FastCopy复制: S:\Cache\A\Test\Ibanez A\主机位\C1720.MP4 -> A:\Test.original\Ibanez A\主机位\C1720.MP4
[2025-09-21 23:35:39.819] [INFO ] [T011] [MainWindow] 正在复制: C1720.MP4
[2025-09-21 23:35:39.829] [INFO ] [T022] [FastCopyService] 启动FastCopy进程 (PID: 39548): C1720.MP4
[2025-09-21 23:35:40.546] [INFO ] [T022] [FileSyncService] 文件已在处理队列中，跳过重复事件: C1725.MP4
[2025-09-21 23:35:40.553] [INFO ] [T019] [FileSyncService] 文件已在处理队列中，跳过重复事件: 主机位
[2025-09-21 23:35:40.555] [INFO ] [T019] [FileSyncService] 检测到文件变化，等待写入完成: C1726.MP4
[2025-09-21 23:35:40.555] [INFO ] [T021] [FileSyncService] 文件已在处理队列中，跳过重复事件: C1726.MP4
[2025-09-21 23:35:40.651] [INFO ] [T024] [FastCopyService] FastCopy复制成功: S:\Cache\A\Test\Ibanez A\主机位\C1717.MP4 -> A:\Test.original\Ibanez A\主机位\C1717.MP4
[2025-09-21 23:35:40.651] [INFO ] [T013] [MainWindow] 复制完成: C1717.MP4
[2025-09-21 23:35:40.651] [INFO ] [T024] [FileSyncService] 释放FastCopy并发许可: C1717.MP4
[2025-09-21 23:35:40.651] [INFO ] [T022] [MainWindow] 同步完成，释放文件锁定: C1717.MP4
[2025-09-21 23:35:40.651] [INFO ] [T019] [FileSyncService] 获取FastCopy并发许可，开始复制: C1721.MP4
[2025-09-21 23:35:40.652] [INFO ] [T019] [FastCopyService] 开始FastCopy复制: S:\Cache\A\Test\Ibanez A\主机位\C1721.MP4 -> A:\Test.original\Ibanez A\主机位\C1721.MP4
[2025-09-21 23:35:40.652] [INFO ] [T013] [MainWindow] 正在复制: C1721.MP4
[2025-09-21 23:35:40.663] [INFO ] [T019] [FastCopyService] 启动FastCopy进程 (PID: 84060): C1721.MP4
[2025-09-21 23:35:40.677] [INFO ] [T025] [FastCopyService] FastCopy复制成功: S:\Cache\A\Test\Ibanez A\主机位\C1719.MP4 -> A:\Test.original\Ibanez A\主机位\C1719.MP4
[2025-09-21 23:35:40.677] [INFO ] [T019] [MainWindow] 复制完成: C1719.MP4
[2025-09-21 23:35:40.677] [INFO ] [T025] [FileSyncService] 释放FastCopy并发许可: C1719.MP4
[2025-09-21 23:35:40.677] [INFO ] [T026] [MainWindow] 同步完成，释放文件锁定: C1719.MP4
[2025-09-21 23:35:40.677] [INFO ] [T025] [FileSyncService] 文件处理完成，清理锁: C1719.MP4
[2025-09-21 23:35:40.677] [INFO ] [T006] [FileSyncService] 获取FastCopy并发许可，开始复制: C1724.MP4
[2025-09-21 23:35:40.772] [INFO ] [T024] [FileSyncService] 文件处理完成，清理锁: C1717.MP4
[2025-09-21 23:35:40.906] [INFO ] [T006] [FastCopyService] 开始FastCopy复制: S:\Cache\A\Test\Ibanez A\主机位\C1724.MP4 -> A:\Test.original\Ibanez A\主机位\C1724.MP4
[2025-09-21 23:35:40.906] [INFO ] [T024] [MainWindow] 正在复制: C1724.MP4
[2025-09-21 23:35:40.915] [INFO ] [T006] [FastCopyService] 启动FastCopy进程 (PID: 60544): C1724.MP4
[2025-09-21 23:35:40.987] [INFO ] [T025] [FileSyncService] 文件写入已完成，准备同步: C1725.MP4
[2025-09-21 23:35:40.987] [INFO ] [T019] [MainWindow] 开始同步文件：C1725.MP4
[2025-09-21 23:35:40.987] [INFO ] [T004] [MainWindow] 成功获取文件锁定 (尝试 1/8): C1725.MP4
[2025-09-21 23:35:40.987] [INFO ] [T008] [MainWindow] 已获取文件锁定，开始同步: C1725.MP4
[2025-09-21 23:35:41.056] [INFO ] [T004] [FileSyncService] 文件已在处理队列中，跳过重复事件: 主机位
[2025-09-21 23:35:41.492] [INFO ] [T004] [FileSyncService] 文件已在处理队列中，跳过重复事件: C1726.MP4
[2025-09-21 23:35:41.501] [INFO ] [T004] [FileSyncService] 检测到文件变化，等待写入完成: C1727.MP4
[2025-09-21 23:35:41.502] [INFO ] [T006] [FileSyncService] 文件已在处理队列中，跳过重复事件: C1727.MP4
[2025-09-21 23:35:41.556] [INFO ] [T019] [FileSyncService] 文件写入已完成，准备同步: C1726.MP4
[2025-09-21 23:35:41.556] [INFO ] [T006] [MainWindow] 开始同步文件：C1726.MP4
[2025-09-21 23:35:41.556] [INFO ] [T022] [MainWindow] 已获取文件锁定，开始同步: C1726.MP4
[2025-09-21 23:35:41.556] [INFO ] [T004] [MainWindow] 成功获取文件锁定 (尝试 1/8): C1726.MP4
[2025-09-21 23:35:42.399] [INFO ] [T022] [FileSyncService] 文件已在处理队列中，跳过重复事件: C1727.MP4
[2025-09-21 23:35:42.406] [INFO ] [T004] [FileSyncService] 文件已在处理队列中，跳过重复事件: 主机位
[2025-09-21 23:35:42.408] [INFO ] [T004] [FileSyncService] 检测到文件变化，等待写入完成: C1728.MP4
[2025-09-21 23:35:42.408] [INFO ] [T022] [FileSyncService] 文件已在处理队列中，跳过重复事件: C1728.MP4
[2025-09-21 23:35:42.501] [INFO ] [T004] [FileSyncService] 文件写入已完成，准备同步: C1727.MP4
[2025-09-21 23:35:42.501] [INFO ] [T022] [MainWindow] 开始同步文件：C1727.MP4
[2025-09-21 23:35:42.501] [INFO ] [T008] [MainWindow] 成功获取文件锁定 (尝试 1/8): C1727.MP4
[2025-09-21 23:35:42.501] [INFO ] [T006] [MainWindow] 已获取文件锁定，开始同步: C1727.MP4
[2025-09-21 23:35:42.602] [INFO ] [T004] [FileSyncService] 文件已在处理队列中，跳过重复事件: 主机位
[2025-09-21 23:35:42.982] [INFO ] [T011] [FastCopyService] FastCopy复制成功: S:\Cache\A\Test\Ibanez A\主机位\C1720.MP4 -> A:\Test.original\Ibanez A\主机位\C1720.MP4
[2025-09-21 23:35:42.983] [INFO ] [T011] [FileSyncService] 释放FastCopy并发许可: C1720.MP4
[2025-09-21 23:35:42.983] [INFO ] [T004] [MainWindow] 复制完成: C1720.MP4
[2025-09-21 23:35:42.983] [INFO ] [T008] [MainWindow] 同步完成，释放文件锁定: C1720.MP4
[2025-09-21 23:35:42.983] [INFO ] [T023] [FileSyncService] 获取FastCopy并发许可，开始复制: C1725.MP4
[2025-09-21 23:35:42.983] [INFO ] [T011] [FileSyncService] 文件处理完成，清理锁: C1720.MP4
[2025-09-21 23:35:42.984] [INFO ] [T023] [FastCopyService] 开始FastCopy复制: S:\Cache\A\Test\Ibanez A\主机位\C1725.MP4 -> A:\Test.original\Ibanez A\主机位\C1725.MP4
[2025-09-21 23:35:42.984] [INFO ] [T008] [MainWindow] 正在复制: C1725.MP4
[2025-09-21 23:35:42.994] [INFO ] [T023] [FastCopyService] 启动FastCopy进程 (PID: 85840): C1725.MP4
[2025-09-21 23:35:43.278] [INFO ] [T023] [FileSyncService] 文件已在处理队列中，跳过重复事件: C1728.MP4
[2025-09-21 23:35:43.717] [INFO ] [T023] [FileSyncService] 检测到文件变化，等待写入完成: C1729.MP4
[2025-09-21 23:35:43.717] [INFO ] [T022] [FileSyncService] 文件已在处理队列中，跳过重复事件: C1729.MP4
[2025-09-21 23:35:43.843] [INFO ] [T023] [FileSyncService] 文件已在处理队列中，跳过重复事件: 主机位
[2025-09-21 23:35:44.409] [INFO ] [T006] [FileSyncService] 文件写入已完成，准备同步: C1728.MP4
[2025-09-21 23:35:44.409] [INFO ] [T022] [MainWindow] 开始同步文件：C1728.MP4
[2025-09-21 23:35:44.409] [INFO ] [T004] [MainWindow] 已获取文件锁定，开始同步: C1728.MP4
[2025-09-21 23:35:44.409] [INFO ] [T019] [MainWindow] 成功获取文件锁定 (尝试 1/8): C1728.MP4
[2025-09-21 23:35:44.605] [INFO ] [T026] [FastCopyService] FastCopy复制成功: S:\Cache\A\Test\Ibanez A\主机位\C1724.MP4 -> A:\Test.original\Ibanez A\主机位\C1724.MP4
[2025-09-21 23:35:44.605] [INFO ] [T024] [MainWindow] 复制完成: C1724.MP4
[2025-09-21 23:35:44.605] [INFO ] [T026] [FileSyncService] 释放FastCopy并发许可: C1724.MP4
[2025-09-21 23:35:44.605] [INFO ] [T023] [MainWindow] 同步完成，释放文件锁定: C1724.MP4
[2025-09-21 23:35:44.605] [INFO ] [T019] [FileSyncService] 获取FastCopy并发许可，开始复制: C1726.MP4
[2025-09-21 23:35:44.606] [INFO ] [T026] [FileSyncService] 文件处理完成，清理锁: C1724.MP4
[2025-09-21 23:35:44.606] [INFO ] [T019] [FastCopyService] 开始FastCopy复制: S:\Cache\A\Test\Ibanez A\主机位\C1726.MP4 -> A:\Test.original\Ibanez A\主机位\C1726.MP4
[2025-09-21 23:35:44.606] [INFO ] [T022] [MainWindow] 正在复制: C1726.MP4
[2025-09-21 23:35:44.616] [INFO ] [T019] [FastCopyService] 启动FastCopy进程 (PID: 87604): C1726.MP4
[2025-09-21 23:35:44.669] [INFO ] [T013] [FastCopyService] FastCopy复制成功: S:\Cache\A\Test\Ibanez A\主机位\C1721.MP4 -> A:\Test.original\Ibanez A\主机位\C1721.MP4
[2025-09-21 23:35:44.669] [INFO ] [T022] [MainWindow] 复制完成: C1721.MP4
[2025-09-21 23:35:44.669] [INFO ] [T013] [FileSyncService] 释放FastCopy并发许可: C1721.MP4
[2025-09-21 23:35:44.669] [INFO ] [T022] [MainWindow] 同步完成，释放文件锁定: C1721.MP4
[2025-09-21 23:35:44.669] [INFO ] [T019] [FileSyncService] 获取FastCopy并发许可，开始复制: C1727.MP4
[2025-09-21 23:35:44.705] [INFO ] [T019] [FastCopyService] 开始FastCopy复制: S:\Cache\A\Test\Ibanez A\主机位\C1727.MP4 -> A:\Test.original\Ibanez A\主机位\C1727.MP4
[2025-09-21 23:35:44.705] [INFO ] [T004] [MainWindow] 正在复制: C1727.MP4
[2025-09-21 23:35:44.714] [INFO ] [T013] [FileSyncService] 文件处理完成，清理锁: C1721.MP4
[2025-09-21 23:35:44.715] [INFO ] [T019] [FastCopyService] 启动FastCopy进程 (PID: 74200): C1727.MP4
[2025-09-21 23:35:44.861] [INFO ] [T024] [FileSyncService] 文件已在处理队列中，跳过重复事件: C1729.MP4
[2025-09-21 23:35:44.881] [INFO ] [T024] [FileSyncService] 检测到文件变化，等待写入完成: C1730.MP4
[2025-09-21 23:35:44.881] [INFO ] [T019] [FileSyncService] 文件已在处理队列中，跳过重复事件: C1730.MP4
[2025-09-21 23:35:45.718] [INFO ] [T004] [FileSyncService] 文件写入已完成，准备同步: C1729.MP4
[2025-09-21 23:35:45.719] [INFO ] [T024] [MainWindow] 开始同步文件：C1729.MP4
[2025-09-21 23:35:45.719] [INFO ] [T004] [MainWindow] 成功获取文件锁定 (尝试 1/8): C1729.MP4
[2025-09-21 23:35:45.719] [INFO ] [T021] [MainWindow] 已获取文件锁定，开始同步: C1729.MP4
[2025-09-21 23:35:45.870] [INFO ] [T021] [FileSyncService] 文件已在处理队列中，跳过重复事件: C1730.MP4
[2025-09-21 23:35:45.878] [INFO ] [T021] [FileSyncService] 文件已在处理队列中，跳过重复事件: 主机位
[2025-09-21 23:35:45.881] [INFO ] [T004] [FileSyncService] 检测到文件变化，等待写入完成: C1731.MP4
[2025-09-21 23:35:45.881] [INFO ] [T024] [FileSyncService] 文件已在处理队列中，跳过重复事件: C1731.MP4
[2025-09-21 23:35:45.881] [INFO ] [T021] [FileSyncService] 文件写入已完成，准备同步: C1730.MP4
[2025-09-21 23:35:45.881] [INFO ] [T004] [MainWindow] 开始同步文件：C1730.MP4
[2025-09-21 23:35:45.881] [INFO ] [T025] [MainWindow] 已获取文件锁定，开始同步: C1730.MP4
[2025-09-21 23:35:45.881] [INFO ] [T019] [MainWindow] 成功获取文件锁定 (尝试 1/8): C1730.MP4
[2025-09-21 23:35:46.087] [INFO ] [T008] [FastCopyService] FastCopy复制成功: S:\Cache\A\Test\Ibanez A\主机位\C1725.MP4 -> A:\Test.original\Ibanez A\主机位\C1725.MP4
[2025-09-21 23:35:46.087] [INFO ] [T011] [MainWindow] 复制完成: C1725.MP4
[2025-09-21 23:35:46.087] [INFO ] [T008] [FileSyncService] 释放FastCopy并发许可: C1725.MP4
[2025-09-21 23:35:46.087] [INFO ] [T021] [MainWindow] 同步完成，释放文件锁定: C1725.MP4
[2025-09-21 23:35:46.088] [INFO ] [T019] [FileSyncService] 获取FastCopy并发许可，开始复制: C1728.MP4
[2025-09-21 23:35:46.088] [INFO ] [T008] [FileSyncService] 文件处理完成，清理锁: C1725.MP4
[2025-09-21 23:35:46.088] [INFO ] [T019] [FastCopyService] 开始FastCopy复制: S:\Cache\A\Test\Ibanez A\主机位\C1728.MP4 -> A:\Test.original\Ibanez A\主机位\C1728.MP4
[2025-09-21 23:35:46.088] [INFO ] [T008] [MainWindow] 正在复制: C1728.MP4
[2025-09-21 23:35:46.098] [INFO ] [T019] [FastCopyService] 启动FastCopy进程 (PID: 38880): C1728.MP4
[2025-09-21 23:35:46.312] [INFO ] [T011] [FileSyncService] 文件已在处理队列中，跳过重复事件: 主机位
[2025-09-21 23:35:46.941] [INFO ] [T019] [FileSyncService] 文件已在处理队列中，跳过重复事件: C1731.MP4
[2025-09-21 23:35:46.952] [INFO ] [T019] [FileSyncService] 检测到文件变化，等待写入完成: C1732.MP4
[2025-09-21 23:35:46.952] [INFO ] [T011] [FileSyncService] 文件已在处理队列中，跳过重复事件: C1732.MP4
[2025-09-21 23:35:46.974] [INFO ] [T025] [FileSyncService] 文件已在处理队列中，跳过重复事件: 主机位
[2025-09-21 23:35:47.883] [INFO ] [T025] [FileSyncService] 文件写入已完成，准备同步: C1731.MP4
[2025-09-21 23:35:47.883] [INFO ] [T021] [MainWindow] 开始同步文件：C1731.MP4
[2025-09-21 23:35:47.883] [INFO ] [T011] [MainWindow] 成功获取文件锁定 (尝试 1/8): C1731.MP4
[2025-09-21 23:35:47.883] [INFO ] [T019] [MainWindow] 已获取文件锁定，开始同步: C1731.MP4
[2025-09-21 23:35:47.931] [INFO ] [T019] [FileSyncService] 文件已在处理队列中，跳过重复事件: C1732.MP4
[2025-09-21 23:35:47.942] [INFO ] [T025] [FileSyncService] 检测到文件变化，等待写入完成: C1733.MP4
[2025-09-21 23:35:47.942] [INFO ] [T019] [FileSyncService] 文件已在处理队列中，跳过重复事件: C1733.MP4
[2025-09-21 23:35:47.952] [INFO ] [T025] [FileSyncService] 文件写入已完成，准备同步: C1732.MP4
[2025-09-21 23:35:47.952] [INFO ] [T024] [MainWindow] 开始同步文件：C1732.MP4
[2025-09-21 23:35:47.952] [INFO ] [T025] [MainWindow] 已获取文件锁定，开始同步: C1732.MP4
[2025-09-21 23:35:47.952] [INFO ] [T012] [MainWindow] 成功获取文件锁定 (尝试 1/8): C1732.MP4
[2025-09-21 23:35:48.430] [INFO ] [T013] [FastCopyService] FastCopy复制成功: S:\Cache\A\Test\Ibanez A\主机位\C1727.MP4 -> A:\Test.original\Ibanez A\主机位\C1727.MP4
[2025-09-21 23:35:48.430] [INFO ] [T022] [MainWindow] 复制完成: C1727.MP4
[2025-09-21 23:35:48.430] [INFO ] [T013] [FileSyncService] 释放FastCopy并发许可: C1727.MP4
[2025-09-21 23:35:48.430] [INFO ] [T011] [MainWindow] 同步完成，释放文件锁定: C1727.MP4
[2025-09-21 23:35:48.432] [INFO ] [T025] [FileSyncService] 获取FastCopy并发许可，开始复制: C1729.MP4
[2025-09-21 23:35:48.432] [INFO ] [T013] [FileSyncService] 文件处理完成，清理锁: C1727.MP4
[2025-09-21 23:35:48.432] [INFO ] [T025] [FastCopyService] 开始FastCopy复制: S:\Cache\A\Test\Ibanez A\主机位\C1729.MP4 -> A:\Test.original\Ibanez A\主机位\C1729.MP4
[2025-09-21 23:35:48.432] [INFO ] [T011] [MainWindow] 正在复制: C1729.MP4
[2025-09-21 23:35:48.443] [INFO ] [T025] [FastCopyService] 启动FastCopy进程 (PID: 66144): C1729.MP4
[2025-09-21 23:35:48.831] [INFO ] [T026] [FastCopyService] FastCopy复制成功: S:\Cache\A\Test\Ibanez A\主机位\C1726.MP4 -> A:\Test.original\Ibanez A\主机位\C1726.MP4
[2025-09-21 23:35:48.831] [INFO ] [T023] [MainWindow] 复制完成: C1726.MP4
[2025-09-21 23:35:48.831] [INFO ] [T026] [FileSyncService] 释放FastCopy并发许可: C1726.MP4
[2025-09-21 23:35:48.831] [INFO ] [T019] [MainWindow] 同步完成，释放文件锁定: C1726.MP4
[2025-09-21 23:35:48.833] [INFO ] [T026] [FileSyncService] 文件处理完成，清理锁: C1726.MP4
[2025-09-21 23:35:48.833] [INFO ] [T025] [FileSyncService] 获取FastCopy并发许可，开始复制: C1730.MP4
[2025-09-21 23:35:48.833] [INFO ] [T025] [FastCopyService] 开始FastCopy复制: S:\Cache\A\Test\Ibanez A\主机位\C1730.MP4 -> A:\Test.original\Ibanez A\主机位\C1730.MP4
[2025-09-21 23:35:48.833] [INFO ] [T026] [MainWindow] 正在复制: C1730.MP4
[2025-09-21 23:35:48.842] [INFO ] [T025] [FastCopyService] 启动FastCopy进程 (PID: 72936): C1730.MP4
[2025-09-21 23:35:48.867] [DEBUG] [T026] [FastCopyService] FastCopy进程监控 (PID: 66144): 运行时间 0.0分钟, 内存: 13MB
[2025-09-21 23:35:48.880] [DEBUG] [T026] [FastCopyService] FastCopy进程监控 (PID: 72936): 运行时间 -0.0分钟, 内存: 3MB
[2025-09-21 23:35:48.892] [DEBUG] [T026] [FastCopyService] FastCopy进程监控 (PID: 38880): 运行时间 0.0分钟, 内存: 18MB
[2025-09-21 23:35:49.148] [INFO ] [T025] [FileSyncService] 文件已在处理队列中，跳过重复事件: C1733.MP4
[2025-09-21 23:35:49.156] [INFO ] [T025] [FileSyncService] 文件已在处理队列中，跳过重复事件: Ibanez A
[2025-09-21 23:35:49.158] [INFO ] [T024] [FileSyncService] 检测到文件变化，等待写入完成: 右边机位
[2025-09-21 23:35:49.158] [INFO ] [T025] [FileSyncService] 文件已在处理队列中，跳过重复事件: 右边机位
[2025-09-21 23:35:49.158] [INFO ] [T024] [FileSyncService] 文件已被删除，跳过同步: 右边机位
[2025-09-21 23:35:49.169] [INFO ] [T022] [FileSyncService] 检测到文件变化，等待写入完成: C0009.MP4
[2025-09-21 23:35:49.169] [INFO ] [T026] [FileSyncService] 文件已在处理队列中，跳过重复事件: C0009.MP4
[2025-09-21 23:35:49.210] [INFO ] [T008] [FastCopyService] FastCopy复制成功: S:\Cache\A\Test\Ibanez A\主机位\C1728.MP4 -> A:\Test.original\Ibanez A\主机位\C1728.MP4
[2025-09-21 23:35:49.210] [INFO ] [T008] [FileSyncService] 释放FastCopy并发许可: C1728.MP4
[2025-09-21 23:35:49.210] [INFO ] [T026] [MainWindow] 复制完成: C1728.MP4
[2025-09-21 23:35:49.210] [INFO ] [T004] [MainWindow] 同步完成，释放文件锁定: C1728.MP4
[2025-09-21 23:35:49.212] [INFO ] [T008] [FileSyncService] 文件处理完成，清理锁: C1728.MP4
[2025-09-21 23:35:49.212] [INFO ] [T022] [FileSyncService] 获取FastCopy并发许可，开始复制: C1731.MP4
[2025-09-21 23:35:49.213] [INFO ] [T022] [FastCopyService] 开始FastCopy复制: S:\Cache\A\Test\Ibanez A\主机位\C1731.MP4 -> A:\Test.original\Ibanez A\主机位\C1731.MP4
[2025-09-21 23:35:49.213] [INFO ] [T008] [MainWindow] 正在复制: C1731.MP4
[2025-09-21 23:35:49.222] [INFO ] [T022] [FastCopyService] 启动FastCopy进程 (PID: 64608): C1731.MP4
[2025-09-21 23:35:49.942] [INFO ] [T022] [FileSyncService] 文件写入已完成，准备同步: C1733.MP4
[2025-09-21 23:35:49.942] [INFO ] [T024] [MainWindow] 开始同步文件：C1733.MP4
[2025-09-21 23:35:49.942] [INFO ] [T026] [MainWindow] 已获取文件锁定，开始同步: C1733.MP4
[2025-09-21 23:35:49.942] [INFO ] [T004] [MainWindow] 成功获取文件锁定 (尝试 1/8): C1733.MP4
[2025-09-21 23:35:50.037] [INFO ] [T004] [FileSyncService] 文件已在处理队列中，跳过重复事件: C0009.MP4
[2025-09-21 23:35:50.044] [INFO ] [T024] [FileSyncService] 文件已在处理队列中，跳过重复事件: 右边机位
[2025-09-21 23:35:50.047] [INFO ] [T024] [FileSyncService] 检测到文件变化，等待写入完成: C0010.MP4
[2025-09-21 23:35:50.047] [INFO ] [T026] [FileSyncService] 文件已在处理队列中，跳过重复事件: C0010.MP4
[2025-09-21 23:35:50.446] [INFO ] [T024] [FileSyncService] 文件写入已完成，准备同步: C0009.MP4
[2025-09-21 23:35:50.446] [INFO ] [T026] [MainWindow] 开始同步文件：C0009.MP4
[2025-09-21 23:35:50.446] [INFO ] [T022] [MainWindow] 成功获取文件锁定 (尝试 1/8): C0009.MP4
[2025-09-21 23:35:50.446] [INFO ] [T021] [MainWindow] 已获取文件锁定，开始同步: C0009.MP4
[2025-09-21 23:35:50.731] [INFO ] [T022] [FileSyncService] 文件已在处理队列中，跳过重复事件: C0010.MP4
[2025-09-21 23:35:50.737] [INFO ] [T004] [FileSyncService] 文件已在处理队列中，跳过重复事件: 右边机位
[2025-09-21 23:35:50.740] [INFO ] [T004] [FileSyncService] 检测到文件变化，等待写入完成: C0011.MP4
[2025-09-21 23:35:50.740] [INFO ] [T026] [FileSyncService] 文件已在处理队列中，跳过重复事件: C0011.MP4
[2025-09-21 23:35:50.853] [INFO ] [T026] [FileSyncService] 文件已在处理队列中，跳过重复事件: 主机位
[2025-09-21 23:35:51.048] [INFO ] [T022] [FileSyncService] 文件写入已完成，准备同步: C0010.MP4
[2025-09-21 23:35:51.048] [INFO ] [T011] [MainWindow] 开始同步文件：C0010.MP4
[2025-09-21 23:35:51.048] [INFO ] [T021] [MainWindow] 已获取文件锁定，开始同步: C0010.MP4
[2025-09-21 23:35:51.048] [INFO ] [T026] [MainWindow] 成功获取文件锁定 (尝试 1/8): C0010.MP4
[2025-09-21 23:35:51.430] [INFO ] [T026] [FileSyncService] 文件已在处理队列中，跳过重复事件: C0011.MP4
[2025-09-21 23:35:51.437] [INFO ] [T021] [FileSyncService] 文件已在处理队列中，跳过重复事件: 右边机位
[2025-09-21 23:35:51.440] [INFO ] [T004] [FileSyncService] 检测到文件变化，等待写入完成: C0013.MP4
[2025-09-21 23:35:51.440] [INFO ] [T026] [FileSyncService] 文件已在处理队列中，跳过重复事件: C0013.MP4
[2025-09-21 23:35:51.944] [INFO ] [T004] [FileSyncService] 文件写入已完成，准备同步: C0011.MP4
[2025-09-21 23:35:51.944] [INFO ] [T011] [MainWindow] 开始同步文件：C0011.MP4
[2025-09-21 23:35:51.944] [INFO ] [T022] [MainWindow] 已获取文件锁定，开始同步: C0011.MP4
[2025-09-21 23:35:51.944] [INFO ] [T027] [MainWindow] 成功获取文件锁定 (尝试 1/8): C0011.MP4
[2025-09-21 23:35:52.572] [INFO ] [T022] [FileSyncService] 文件已在处理队列中，跳过重复事件: C0013.MP4
[2025-09-21 23:35:52.581] [INFO ] [T027] [FileSyncService] 文件已在处理队列中，跳过重复事件: 右边机位
[2025-09-21 23:35:52.586] [INFO ] [T022] [FileSyncService] 检测到文件变化，等待写入完成: C0014.MP4
[2025-09-21 23:35:52.587] [INFO ] [T022] [FileSyncService] 文件已在处理队列中，跳过重复事件: C0014.MP4
[2025-09-21 23:35:53.151] [INFO ] [T023] [FastCopyService] FastCopy复制成功: S:\Cache\A\Test\Ibanez A\主机位\C1730.MP4 -> A:\Test.original\Ibanez A\主机位\C1730.MP4
[2025-09-21 23:35:53.151] [INFO ] [T027] [MainWindow] 复制完成: C1730.MP4
[2025-09-21 23:35:53.151] [INFO ] [T023] [FileSyncService] 释放FastCopy并发许可: C1730.MP4
[2025-09-21 23:35:53.151] [INFO ] [T011] [MainWindow] 同步完成，释放文件锁定: C1730.MP4
[2025-09-21 23:35:53.151] [INFO ] [T027] [FileSyncService] 获取FastCopy并发许可，开始复制: C1732.MP4
[2025-09-21 23:35:53.151] [INFO ] [T023] [FileSyncService] 文件处理完成，清理锁: C1730.MP4
[2025-09-21 23:35:53.151] [INFO ] [T027] [FastCopyService] 开始FastCopy复制: S:\Cache\A\Test\Ibanez A\主机位\C1732.MP4 -> A:\Test.original\Ibanez A\主机位\C1732.MP4
[2025-09-21 23:35:53.152] [INFO ] [T023] [MainWindow] 正在复制: C1732.MP4
[2025-09-21 23:35:53.162] [INFO ] [T027] [FastCopyService] 启动FastCopy进程 (PID: 81232): C1732.MP4
[2025-09-21 23:35:53.440] [INFO ] [T027] [FileSyncService] 文件写入已完成，准备同步: C0013.MP4
[2025-09-21 23:35:53.440] [INFO ] [T004] [MainWindow] 开始同步文件：C0013.MP4
[2025-09-21 23:35:53.440] [INFO ] [T011] [MainWindow] 成功获取文件锁定 (尝试 1/8): C0013.MP4
[2025-09-21 23:35:53.440] [INFO ] [T023] [MainWindow] 已获取文件锁定，开始同步: C0013.MP4
[2025-09-21 23:35:53.540] [INFO ] [T013] [FastCopyService] FastCopy复制成功: S:\Cache\A\Test\Ibanez A\主机位\C1729.MP4 -> A:\Test.original\Ibanez A\主机位\C1729.MP4
[2025-09-21 23:35:53.540] [INFO ] [T011] [MainWindow] 复制完成: C1729.MP4
[2025-09-21 23:35:53.540] [INFO ] [T013] [FileSyncService] 释放FastCopy并发许可: C1729.MP4
[2025-09-21 23:35:53.540] [INFO ] [T021] [MainWindow] 同步完成，释放文件锁定: C1729.MP4
[2025-09-21 23:35:53.540] [INFO ] [T023] [FileSyncService] 获取FastCopy并发许可，开始复制: C1733.MP4
[2025-09-21 23:35:53.540] [INFO ] [T013] [FileSyncService] 文件处理完成，清理锁: C1729.MP4
[2025-09-21 23:35:53.541] [INFO ] [T023] [FastCopyService] 开始FastCopy复制: S:\Cache\A\Test\Ibanez A\主机位\C1733.MP4 -> A:\Test.original\Ibanez A\主机位\C1733.MP4
[2025-09-21 23:35:53.541] [INFO ] [T013] [MainWindow] 正在复制: C1733.MP4
[2025-09-21 23:35:53.551] [INFO ] [T023] [FastCopyService] 启动FastCopy进程 (PID: 56420): C1733.MP4
[2025-09-21 23:35:53.890] [INFO ] [T025] [FastCopyService] FastCopy复制成功: S:\Cache\A\Test\Ibanez A\主机位\C1731.MP4 -> A:\Test.original\Ibanez A\主机位\C1731.MP4
[2025-09-21 23:35:53.890] [INFO ] [T023] [MainWindow] 复制完成: C1731.MP4
[2025-09-21 23:35:53.890] [INFO ] [T025] [FileSyncService] 释放FastCopy并发许可: C1731.MP4
[2025-09-21 23:35:53.890] [INFO ] [T004] [MainWindow] 同步完成，释放文件锁定: C1731.MP4
[2025-09-21 23:35:53.890] [INFO ] [T025] [FileSyncService] 文件处理完成，清理锁: C1731.MP4
[2025-09-21 23:35:53.890] [INFO ] [T008] [FileSyncService] 获取FastCopy并发许可，开始复制: C0009.MP4
[2025-09-21 23:35:53.892] [INFO ] [T008] [FastCopyService] 开始FastCopy复制: S:\Cache\A\Test\Ibanez A\右边机位\C0009.MP4 -> A:\Test.original\Ibanez A\右边机位\C0009.MP4
[2025-09-21 23:35:53.892] [INFO ] [T023] [MainWindow] 正在复制: C0009.MP4
[2025-09-21 23:35:53.901] [INFO ] [T008] [FastCopyService] 启动FastCopy进程 (PID: 59464): C0009.MP4
[2025-09-21 23:35:54.092] [INFO ] [T025] [FileSyncService] 文件已在处理队列中，跳过重复事件: C0014.MP4
[2025-09-21 23:35:54.099] [INFO ] [T023] [FileSyncService] 文件已在处理队列中，跳过重复事件: 右边机位
[2025-09-21 23:35:54.102] [INFO ] [T023] [FileSyncService] 检测到文件变化，等待写入完成: C0015.MP4
[2025-09-21 23:35:54.102] [INFO ] [T008] [FileSyncService] 文件已在处理队列中，跳过重复事件: C0015.MP4
[2025-09-21 23:35:55.088] [INFO ] [T023] [FileSyncService] 文件写入已完成，准备同步: C0014.MP4
[2025-09-21 23:35:55.088] [INFO ] [T011] [MainWindow] 开始同步文件：C0014.MP4
[2025-09-21 23:35:55.089] [INFO ] [T027] [MainWindow] 已获取文件锁定，开始同步: C0014.MP4
[2025-09-21 23:35:55.089] [INFO ] [T008] [MainWindow] 成功获取文件锁定 (尝试 1/8): C0014.MP4
[2025-09-21 23:35:55.478] [INFO ] [T008] [FileSyncService] 文件已在处理队列中，跳过重复事件: 右边机位
[2025-09-21 23:35:55.950] [INFO ] [T011] [FileSyncService] 文件已在处理队列中，跳过重复事件: C0015.MP4
[2025-09-21 23:35:55.959] [INFO ] [T011] [FileSyncService] 检测到文件变化，等待写入完成: C0016.MP4
[2025-09-21 23:35:55.959] [INFO ] [T023] [FileSyncService] 文件已在处理队列中，跳过重复事件: C0016.MP4
[2025-09-21 23:35:56.104] [INFO ] [T011] [FileSyncService] 文件写入已完成，准备同步: C0015.MP4
[2025-09-21 23:35:56.104] [INFO ] [T027] [MainWindow] 开始同步文件：C0015.MP4
[2025-09-21 23:35:56.104] [INFO ] [T023] [MainWindow] 已获取文件锁定，开始同步: C0015.MP4
[2025-09-21 23:35:56.104] [INFO ] [T026] [MainWindow] 成功获取文件锁定 (尝试 1/8): C0015.MP4
[2025-09-21 23:35:57.253] [INFO ] [T023] [FileSyncService] 文件已在处理队列中，跳过重复事件: C0016.MP4
[2025-09-21 23:35:57.280] [INFO ] [T026] [FileSyncService] 文件已在处理队列中，跳过重复事件: 右边机位
[2025-09-21 23:35:57.284] [INFO ] [T027] [FileSyncService] 检测到文件变化，等待写入完成: C0017.MP4
[2025-09-21 23:35:57.284] [INFO ] [T023] [FileSyncService] 文件已在处理队列中，跳过重复事件: C0017.MP4
[2025-09-21 23:35:57.958] [INFO ] [T012] [FastCopyService] FastCopy复制成功: S:\Cache\A\Test\Ibanez A\主机位\C1733.MP4 -> A:\Test.original\Ibanez A\主机位\C1733.MP4
[2025-09-21 23:35:57.958] [INFO ] [T012] [FileSyncService] 释放FastCopy并发许可: C1733.MP4
[2025-09-21 23:35:57.958] [INFO ] [T021] [MainWindow] 复制完成: C1733.MP4
[2025-09-21 23:35:57.958] [INFO ] [T023] [MainWindow] 同步完成，释放文件锁定: C1733.MP4
[2025-09-21 23:35:57.959] [INFO ] [T026] [FileSyncService] 文件写入已完成，准备同步: C0016.MP4
[2025-09-21 23:35:57.959] [INFO ] [T008] [MainWindow] 开始同步文件：C0016.MP4
[2025-09-21 23:35:57.959] [INFO ] [T024] [MainWindow] 成功获取文件锁定 (尝试 1/8): C0016.MP4
[2025-09-21 23:35:57.960] [INFO ] [T006] [MainWindow] 已获取文件锁定，开始同步: C0016.MP4
[2025-09-21 23:35:57.960] [INFO ] [T027] [FileSyncService] 获取FastCopy并发许可，开始复制: C0010.MP4
[2025-09-21 23:35:57.960] [INFO ] [T012] [FileSyncService] 文件处理完成，清理锁: C1733.MP4
[2025-09-21 23:35:57.961] [INFO ] [T027] [FastCopyService] 开始FastCopy复制: S:\Cache\A\Test\Ibanez A\右边机位\C0010.MP4 -> A:\Test.original\Ibanez A\右边机位\C0010.MP4
[2025-09-21 23:35:57.961] [INFO ] [T012] [MainWindow] 正在复制: C0010.MP4
[2025-09-21 23:35:57.971] [INFO ] [T027] [FastCopyService] 启动FastCopy进程 (PID: 65808): C0010.MP4
[2025-09-21 23:35:58.063] [INFO ] [T022] [FastCopyService] FastCopy复制成功: S:\Cache\A\Test\Ibanez A\主机位\C1732.MP4 -> A:\Test.original\Ibanez A\主机位\C1732.MP4
[2025-09-21 23:35:58.063] [INFO ] [T027] [MainWindow] 复制完成: C1732.MP4
[2025-09-21 23:35:58.063] [INFO ] [T022] [FileSyncService] 释放FastCopy并发许可: C1732.MP4
[2025-09-21 23:35:58.063] [INFO ] [T011] [MainWindow] 同步完成，释放文件锁定: C1732.MP4
[2025-09-21 23:35:58.063] [INFO ] [T022] [FileSyncService] 文件处理完成，清理锁: C1732.MP4
[2025-09-21 23:35:58.063] [INFO ] [T006] [FileSyncService] 获取FastCopy并发许可，开始复制: C0011.MP4
[2025-09-21 23:35:58.063] [INFO ] [T006] [FastCopyService] 开始FastCopy复制: S:\Cache\A\Test\Ibanez A\右边机位\C0011.MP4 -> A:\Test.original\Ibanez A\右边机位\C0011.MP4
[2025-09-21 23:35:58.063] [INFO ] [T011] [MainWindow] 正在复制: C0011.MP4
[2025-09-21 23:35:58.073] [INFO ] [T006] [FastCopyService] 启动FastCopy进程 (PID: 91564): C0011.MP4
[2025-09-21 23:35:58.151] [INFO ] [T004] [FastCopyService] FastCopy复制成功: S:\Cache\A\Test\Ibanez A\右边机位\C0009.MP4 -> A:\Test.original\Ibanez A\右边机位\C0009.MP4
[2025-09-21 23:35:58.151] [INFO ] [T011] [MainWindow] 复制完成: C0009.MP4
[2025-09-21 23:35:58.151] [INFO ] [T004] [FileSyncService] 释放FastCopy并发许可: C0009.MP4
[2025-09-21 23:35:58.151] [INFO ] [T008] [MainWindow] 同步完成，释放文件锁定: C0009.MP4
[2025-09-21 23:35:58.152] [INFO ] [T006] [FileSyncService] 获取FastCopy并发许可，开始复制: C0013.MP4
[2025-09-21 23:35:58.152] [INFO ] [T004] [FileSyncService] 文件处理完成，清理锁: C0009.MP4
[2025-09-21 23:35:58.153] [INFO ] [T006] [FastCopyService] 开始FastCopy复制: S:\Cache\A\Test\Ibanez A\右边机位\C0013.MP4 -> A:\Test.original\Ibanez A\右边机位\C0013.MP4
[2025-09-21 23:35:58.153] [INFO ] [T008] [MainWindow] 正在复制: C0013.MP4
[2025-09-21 23:35:58.161] [INFO ] [T006] [FastCopyService] 启动FastCopy进程 (PID: 67304): C0013.MP4
[2025-09-21 23:35:58.848] [INFO ] [T006] [FileSyncService] 文件已在处理队列中，跳过重复事件: C0017.MP4
[2025-09-21 23:35:58.856] [INFO ] [T013] [FileSyncService] 文件已在处理队列中，跳过重复事件: 右边机位
[2025-09-21 23:35:58.859] [INFO ] [T013] [FileSyncService] 检测到文件变化，等待写入完成: C0018.MP4
[2025-09-21 23:35:58.859] [INFO ] [T008] [FileSyncService] 文件已在处理队列中，跳过重复事件: C0018.MP4
[2025-09-21 23:35:59.284] [INFO ] [T008] [FileSyncService] 文件写入已完成，准备同步: C0017.MP4
[2025-09-21 23:35:59.284] [INFO ] [T023] [MainWindow] 开始同步文件：C0017.MP4
[2025-09-21 23:35:59.284] [INFO ] [T021] [MainWindow] 成功获取文件锁定 (尝试 1/8): C0017.MP4
[2025-09-21 23:35:59.284] [INFO ] [T013] [MainWindow] 已获取文件锁定，开始同步: C0017.MP4
[2025-09-21 23:36:00.575] [INFO ] [T021] [FileSyncService] 文件已在处理队列中，跳过重复事件: C0018.MP4
[2025-09-21 23:36:00.583] [INFO ] [T021] [FileSyncService] 文件已在处理队列中，跳过重复事件: Ibanez A
[2025-09-21 23:36:00.585] [INFO ] [T023] [FileSyncService] 检测到文件变化，等待写入完成: 左边机位
[2025-09-21 23:36:00.585] [INFO ] [T023] [FileSyncService] 文件已被删除，跳过同步: 左边机位
[2025-09-21 23:36:00.585] [INFO ] [T013] [FileSyncService] 文件已在处理队列中，跳过重复事件: 左边机位
[2025-09-21 23:36:00.594] [INFO ] [T021] [FileSyncService] 检测到文件变化，等待写入完成: C4539.MP4
[2025-09-21 23:36:00.594] [INFO ] [T021] [FileSyncService] 文件已在处理队列中，跳过重复事件: C4539.MP4
[2025-09-21 23:36:00.598] [INFO ] [T013] [FileSyncService] 文件已在处理队列中，跳过重复事件: 右边机位
[2025-09-21 23:36:00.861] [INFO ] [T021] [FileSyncService] 文件写入已完成，准备同步: C0018.MP4
[2025-09-21 23:36:00.861] [INFO ] [T013] [MainWindow] 开始同步文件：C0018.MP4
[2025-09-21 23:36:00.861] [INFO ] [T019] [MainWindow] 成功获取文件锁定 (尝试 1/8): C0018.MP4
[2025-09-21 23:36:00.861] [INFO ] [T023] [MainWindow] 已获取文件锁定，开始同步: C0018.MP4
[2025-09-21 23:36:02.214] [INFO ] [T023] [FileSyncService] 文件已在处理队列中，跳过重复事件: C4539.MP4
[2025-09-21 23:36:02.222] [INFO ] [T013] [FileSyncService] 文件已在处理队列中，跳过重复事件: 左边机位
[2025-09-21 23:36:02.225] [INFO ] [T023] [FileSyncService] 检测到文件变化，等待写入完成: C4540.MP4
[2025-09-21 23:36:02.225] [INFO ] [T021] [FileSyncService] 文件已在处理队列中，跳过重复事件: C4540.MP4
[2025-09-21 23:36:02.307] [INFO ] [T022] [FastCopyService] FastCopy复制成功: S:\Cache\A\Test\Ibanez A\右边机位\C0011.MP4 -> A:\Test.original\Ibanez A\右边机位\C0011.MP4
[2025-09-21 23:36:02.307] [INFO ] [T009] [MainWindow] 复制完成: C0011.MP4
[2025-09-21 23:36:02.307] [INFO ] [T022] [FileSyncService] 释放FastCopy并发许可: C0011.MP4
[2025-09-21 23:36:02.307] [INFO ] [T008] [MainWindow] 同步完成，释放文件锁定: C0011.MP4
[2025-09-21 23:36:02.308] [INFO ] [T019] [FileSyncService] 获取FastCopy并发许可，开始复制: C0014.MP4
[2025-09-21 23:36:02.308] [INFO ] [T022] [FileSyncService] 文件处理完成，清理锁: C0011.MP4
[2025-09-21 23:36:02.309] [INFO ] [T019] [FastCopyService] 开始FastCopy复制: S:\Cache\A\Test\Ibanez A\右边机位\C0014.MP4 -> A:\Test.original\Ibanez A\右边机位\C0014.MP4
[2025-09-21 23:36:02.309] [INFO ] [T008] [MainWindow] 正在复制: C0014.MP4
[2025-09-21 23:36:02.319] [INFO ] [T019] [FastCopyService] 启动FastCopy进程 (PID: 31260): C0014.MP4
[2025-09-21 23:36:02.760] [INFO ] [T012] [FastCopyService] FastCopy复制成功: S:\Cache\A\Test\Ibanez A\右边机位\C0010.MP4 -> A:\Test.original\Ibanez A\右边机位\C0010.MP4
[2025-09-21 23:36:02.760] [INFO ] [T024] [MainWindow] 复制完成: C0010.MP4
[2025-09-21 23:36:02.760] [INFO ] [T012] [FileSyncService] 释放FastCopy并发许可: C0010.MP4
[2025-09-21 23:36:02.760] [INFO ] [T006] [MainWindow] 同步完成，释放文件锁定: C0010.MP4
[2025-09-21 23:36:02.760] [INFO ] [T012] [FileSyncService] 文件处理完成，清理锁: C0010.MP4
[2025-09-21 23:36:02.760] [INFO ] [T023] [FileSyncService] 获取FastCopy并发许可，开始复制: C0015.MP4
[2025-09-21 23:36:02.761] [INFO ] [T023] [FastCopyService] 开始FastCopy复制: S:\Cache\A\Test\Ibanez A\右边机位\C0015.MP4 -> A:\Test.original\Ibanez A\右边机位\C0015.MP4
[2025-09-21 23:36:02.761] [INFO ] [T012] [MainWindow] 正在复制: C0015.MP4
[2025-09-21 23:36:02.771] [INFO ] [T023] [FastCopyService] 启动FastCopy进程 (PID: 90548): C0015.MP4
[2025-09-21 23:36:02.828] [INFO ] [T019] [FileSyncService] 文件写入已完成，准备同步: C4539.MP4
[2025-09-21 23:36:02.828] [INFO ] [T024] [MainWindow] 开始同步文件：C4539.MP4
[2025-09-21 23:36:02.828] [INFO ] [T009] [MainWindow] 已获取文件锁定，开始同步: C4539.MP4
[2025-09-21 23:36:02.828] [INFO ] [T021] [MainWindow] 成功获取文件锁定 (尝试 1/8): C4539.MP4
[2025-09-21 23:36:03.178] [INFO ] [T011] [FastCopyService] FastCopy复制成功: S:\Cache\A\Test\Ibanez A\右边机位\C0013.MP4 -> A:\Test.original\Ibanez A\右边机位\C0013.MP4
[2025-09-21 23:36:03.178] [INFO ] [T009] [MainWindow] 复制完成: C0013.MP4
[2025-09-21 23:36:03.178] [INFO ] [T011] [FileSyncService] 释放FastCopy并发许可: C0013.MP4
[2025-09-21 23:36:03.178] [INFO ] [T023] [MainWindow] 同步完成，释放文件锁定: C0013.MP4
[2025-09-21 23:36:03.180] [INFO ] [T011] [FileSyncService] 文件处理完成，清理锁: C0013.MP4
[2025-09-21 23:36:03.180] [INFO ] [T021] [FileSyncService] 获取FastCopy并发许可，开始复制: C0016.MP4
[2025-09-21 23:36:03.181] [INFO ] [T021] [FastCopyService] 开始FastCopy复制: S:\Cache\A\Test\Ibanez A\右边机位\C0016.MP4 -> A:\Test.original\Ibanez A\右边机位\C0016.MP4
[2025-09-21 23:36:03.181] [INFO ] [T011] [MainWindow] 正在复制: C0016.MP4
[2025-09-21 23:36:03.190] [INFO ] [T021] [FastCopyService] 启动FastCopy进程 (PID: 59948): C0016.MP4
[2025-09-21 23:36:03.270] [INFO ] [T021] [FileSyncService] 文件已在处理队列中，跳过重复事件: C4540.MP4
[2025-09-21 23:36:03.278] [INFO ] [T009] [FileSyncService] 文件已在处理队列中，跳过重复事件: 左边机位
[2025-09-21 23:36:03.280] [INFO ] [T009] [FileSyncService] 检测到文件变化，等待写入完成: C4541.MP4
[2025-09-21 23:36:03.280] [INFO ] [T024] [FileSyncService] 文件已在处理队列中，跳过重复事件: C4541.MP4
[2025-09-21 23:36:04.226] [INFO ] [T021] [FileSyncService] 文件写入已完成，准备同步: C4540.MP4
[2025-09-21 23:36:04.226] [INFO ] [T011] [MainWindow] 开始同步文件：C4540.MP4
[2025-09-21 23:36:04.226] [INFO ] [T006] [MainWindow] 成功获取文件锁定 (尝试 1/8): C4540.MP4
[2025-09-21 23:36:04.226] [INFO ] [T009] [MainWindow] 已获取文件锁定，开始同步: C4540.MP4
[2025-09-21 23:36:04.281] [INFO ] [T009] [FileSyncService] 文件已在处理队列中，跳过重复事件: C4541.MP4
[2025-09-21 23:36:04.288] [INFO ] [T024] [FileSyncService] 文件已在处理队列中，跳过重复事件: 左边机位
[2025-09-21 23:36:04.291] [INFO ] [T006] [FileSyncService] 检测到文件变化，等待写入完成: C4542.MP4
[2025-09-21 23:36:04.291] [INFO ] [T024] [FileSyncService] 文件已在处理队列中，跳过重复事件: C4542.MP4
[2025-09-21 23:36:05.585] [INFO ] [T021] [FileSyncService] 文件写入已完成，准备同步: C4541.MP4
[2025-09-21 23:36:05.585] [INFO ] [T024] [MainWindow] 开始同步文件：C4541.MP4
[2025-09-21 23:36:05.585] [INFO ] [T009] [MainWindow] 成功获取文件锁定 (尝试 1/8): C4541.MP4
[2025-09-21 23:36:05.585] [INFO ] [T011] [MainWindow] 已获取文件锁定，开始同步: C4541.MP4
[2025-09-21 23:36:05.886] [INFO ] [T009] [FileSyncService] 文件已在处理队列中，跳过重复事件: C4542.MP4
[2025-09-21 23:36:05.893] [INFO ] [T021] [FileSyncService] 文件已在处理队列中，跳过重复事件: 左边机位
[2025-09-21 23:36:05.897] [INFO ] [T011] [FileSyncService] 检测到文件变化，等待写入完成: C4543.MP4
[2025-09-21 23:36:05.897] [INFO ] [T021] [FileSyncService] 文件已在处理队列中，跳过重复事件: C4543.MP4
[2025-09-21 23:36:06.292] [INFO ] [T011] [FileSyncService] 文件写入已完成，准备同步: C4542.MP4
[2025-09-21 23:36:06.292] [INFO ] [T019] [MainWindow] 开始同步文件：C4542.MP4
[2025-09-21 23:36:06.292] [INFO ] [T019] [MainWindow] 成功获取文件锁定 (尝试 1/8): C4542.MP4
[2025-09-21 23:36:06.292] [INFO ] [T021] [MainWindow] 已获取文件锁定，开始同步: C4542.MP4
[2025-09-21 23:36:07.239] [INFO ] [T023] [FastCopyService] FastCopy复制成功: S:\Cache\A\Test\Ibanez A\右边机位\C0016.MP4 -> A:\Test.original\Ibanez A\右边机位\C0016.MP4
[2025-09-21 23:36:07.239] [INFO ] [T004] [MainWindow] 复制完成: C0016.MP4
[2025-09-21 23:36:07.239] [INFO ] [T023] [FileSyncService] 释放FastCopy并发许可: C0016.MP4
[2025-09-21 23:36:07.239] [INFO ] [T021] [MainWindow] 同步完成，释放文件锁定: C0016.MP4
[2025-09-21 23:36:07.239] [INFO ] [T023] [FileSyncService] 文件处理完成，清理锁: C0016.MP4
[2025-09-21 23:36:07.239] [INFO ] [T011] [FileSyncService] 获取FastCopy并发许可，开始复制: C0017.MP4
[2025-09-21 23:36:07.240] [INFO ] [T011] [FastCopyService] 开始FastCopy复制: S:\Cache\A\Test\Ibanez A\右边机位\C0017.MP4 -> A:\Test.original\Ibanez A\右边机位\C0017.MP4
[2025-09-21 23:36:07.240] [INFO ] [T004] [MainWindow] 正在复制: C0017.MP4
[2025-09-21 23:36:07.250] [INFO ] [T011] [FastCopyService] 启动FastCopy进程 (PID: 86992): C0017.MP4
[2025-09-21 23:36:08.040] [INFO ] [T008] [FastCopyService] FastCopy复制成功: S:\Cache\A\Test\Ibanez A\右边机位\C0014.MP4 -> A:\Test.original\Ibanez A\右边机位\C0014.MP4
[2025-09-21 23:36:08.040] [INFO ] [T021] [MainWindow] 复制完成: C0014.MP4
[2025-09-21 23:36:08.040] [INFO ] [T008] [FileSyncService] 释放FastCopy并发许可: C0014.MP4
[2025-09-21 23:36:08.040] [INFO ] [T024] [MainWindow] 同步完成，释放文件锁定: C0014.MP4
[2025-09-21 23:36:08.041] [INFO ] [T008] [FileSyncService] 文件处理完成，清理锁: C0014.MP4
[2025-09-21 23:36:08.041] [INFO ] [T022] [FileSyncService] 获取FastCopy并发许可，开始复制: C0018.MP4
[2025-09-21 23:36:08.041] [INFO ] [T022] [FastCopyService] 开始FastCopy复制: S:\Cache\A\Test\Ibanez A\右边机位\C0018.MP4 -> A:\Test.original\Ibanez A\右边机位\C0018.MP4
[2025-09-21 23:36:08.041] [INFO ] [T024] [MainWindow] 正在复制: C0018.MP4
[2025-09-21 23:36:08.051] [INFO ] [T022] [FastCopyService] 启动FastCopy进程 (PID: 91644): C0018.MP4
[2025-09-21 23:36:08.375] [INFO ] [T022] [FileSyncService] 文件已在处理队列中，跳过重复事件: C4543.MP4
[2025-09-21 23:36:08.382] [INFO ] [T024] [FileSyncService] 文件已在处理队列中，跳过重复事件: 左边机位
[2025-09-21 23:36:08.385] [INFO ] [T022] [FileSyncService] 检测到文件变化，等待写入完成: C4545.MP4
[2025-09-21 23:36:08.385] [INFO ] [T024] [FileSyncService] 文件已在处理队列中，跳过重复事件: C4545.MP4
[2025-09-21 23:36:08.397] [INFO ] [T019] [FileSyncService] 文件写入已完成，准备同步: C4543.MP4
[2025-09-21 23:36:08.397] [INFO ] [T024] [MainWindow] 开始同步文件：C4543.MP4
[2025-09-21 23:36:08.397] [INFO ] [T022] [MainWindow] 成功获取文件锁定 (尝试 1/8): C4543.MP4
[2025-09-21 23:36:08.397] [INFO ] [T019] [MainWindow] 已获取文件锁定，开始同步: C4543.MP4
[2025-09-21 23:36:08.734] [INFO ] [T012] [FastCopyService] FastCopy复制成功: S:\Cache\A\Test\Ibanez A\右边机位\C0015.MP4 -> A:\Test.original\Ibanez A\右边机位\C0015.MP4
[2025-09-21 23:36:08.734] [INFO ] [T012] [FileSyncService] 释放FastCopy并发许可: C0015.MP4
[2025-09-21 23:36:08.734] [INFO ] [T019] [MainWindow] 同步完成，释放文件锁定: C0015.MP4
[2025-09-21 23:36:08.734] [INFO ] [T027] [MainWindow] 复制完成: C0015.MP4
[2025-09-21 23:36:08.736] [INFO ] [T012] [FileSyncService] 文件处理完成，清理锁: C0015.MP4
[2025-09-21 23:36:08.736] [INFO ] [T024] [FileSyncService] 获取FastCopy并发许可，开始复制: C4539.MP4
[2025-09-21 23:36:08.737] [INFO ] [T024] [FastCopyService] 开始FastCopy复制: S:\Cache\A\Test\Ibanez A\左边机位\C4539.MP4 -> A:\Test.original\Ibanez A\左边机位\C4539.MP4
[2025-09-21 23:36:08.737] [INFO ] [T027] [MainWindow] 正在复制: C4539.MP4
[2025-09-21 23:36:08.747] [INFO ] [T024] [FastCopyService] 启动FastCopy进程 (PID: 63644): C4539.MP4
[2025-09-21 23:36:09.506] [INFO ] [T027] [FileSyncService] 文件已在处理队列中，跳过重复事件: C4545.MP4
[2025-09-21 23:36:09.520] [INFO ] [T019] [FileSyncService] 文件已在处理队列中，跳过重复事件: 左边机位
[2025-09-21 23:36:09.523] [INFO ] [T024] [FileSyncService] 检测到文件变化，等待写入完成: C4546.MP4
[2025-09-21 23:36:09.523] [INFO ] [T027] [FileSyncService] 文件已在处理队列中，跳过重复事件: C4546.MP4
[2025-09-21 23:36:10.006] [INFO ] [T022] [FileSyncService] 文件已在处理队列中，跳过重复事件: 左边机位
[2025-09-21 23:36:10.385] [INFO ] [T022] [FileSyncService] 文件写入已完成，准备同步: C4545.MP4
[2025-09-21 23:36:10.385] [INFO ] [T013] [MainWindow] 开始同步文件：C4545.MP4
[2025-09-21 23:36:10.385] [INFO ] [T013] [MainWindow] 成功获取文件锁定 (尝试 1/8): C4545.MP4
[2025-09-21 23:36:10.385] [INFO ] [T013] [MainWindow] 已获取文件锁定，开始同步: C4545.MP4
[2025-09-21 23:36:11.088] [INFO ] [T013] [FileSyncService] 文件已在处理队列中，跳过重复事件: C4546.MP4
[2025-09-21 23:36:11.098] [INFO ] [T019] [FileSyncService] 检测到文件变化，等待写入完成: C4547.MP4
[2025-09-21 23:36:11.098] [INFO ] [T024] [FileSyncService] 文件已在处理队列中，跳过重复事件: C4547.MP4
[2025-09-21 23:36:11.189] [INFO ] [T019] [FileSyncService] 文件已在处理队列中，跳过重复事件: C4547.MP4
[2025-09-21 23:36:11.196] [INFO ] [T013] [FileSyncService] 文件已在处理队列中，跳过重复事件: 左边机位
[2025-09-21 23:36:11.199] [INFO ] [T024] [FileSyncService] 检测到文件变化，等待写入完成: C4548.MP4
[2025-09-21 23:36:11.200] [INFO ] [T024] [FileSyncService] 文件已在处理队列中，跳过重复事件: C4548.MP4
[2025-09-21 23:36:11.525] [INFO ] [T013] [FileSyncService] 文件写入已完成，准备同步: C4546.MP4
[2025-09-21 23:36:11.525] [INFO ] [T024] [MainWindow] 开始同步文件：C4546.MP4
[2025-09-21 23:36:11.525] [INFO ] [T019] [MainWindow] 已获取文件锁定，开始同步: C4546.MP4
[2025-09-21 23:36:11.525] [INFO ] [T027] [MainWindow] 成功获取文件锁定 (尝试 1/8): C4546.MP4
[2025-09-21 23:36:12.099] [INFO ] [T027] [FileSyncService] 文件写入已完成，准备同步: C4547.MP4
[2025-09-21 23:36:12.099] [INFO ] [T024] [MainWindow] 开始同步文件：C4547.MP4
[2025-09-21 23:36:12.100] [INFO ] [T009] [MainWindow] 已获取文件锁定，开始同步: C4547.MP4
[2025-09-21 23:36:12.100] [INFO ] [T013] [MainWindow] 成功获取文件锁定 (尝试 1/8): C4547.MP4
[2025-09-21 23:36:12.113] [INFO ] [T004] [FastCopyService] FastCopy复制成功: S:\Cache\A\Test\Ibanez A\右边机位\C0017.MP4 -> A:\Test.original\Ibanez A\右边机位\C0017.MP4
[2025-09-21 23:36:12.113] [INFO ] [T027] [MainWindow] 复制完成: C0017.MP4
[2025-09-21 23:36:12.113] [INFO ] [T004] [FileSyncService] 释放FastCopy并发许可: C0017.MP4
[2025-09-21 23:36:12.113] [INFO ] [T022] [MainWindow] 同步完成，释放文件锁定: C0017.MP4
[2025-09-21 23:36:12.114] [INFO ] [T027] [FileSyncService] 获取FastCopy并发许可，开始复制: C4540.MP4
[2025-09-21 23:36:12.114] [INFO ] [T004] [FileSyncService] 文件处理完成，清理锁: C0017.MP4
[2025-09-21 23:36:12.114] [INFO ] [T027] [FastCopyService] 开始FastCopy复制: S:\Cache\A\Test\Ibanez A\左边机位\C4540.MP4 -> A:\Test.original\Ibanez A\左边机位\C4540.MP4
[2025-09-21 23:36:12.114] [INFO ] [T004] [MainWindow] 正在复制: C4540.MP4
[2025-09-21 23:36:12.125] [INFO ] [T027] [FastCopyService] 启动FastCopy进程 (PID: 87728): C4540.MP4
[2025-09-21 23:36:12.921] [INFO ] [T004] [FileSyncService] 文件已在处理队列中，跳过重复事件: C4548.MP4
[2025-09-21 23:36:12.927] [INFO ] [T004] [FileSyncService] 文件已在处理队列中，跳过重复事件: 左边机位
[2025-09-21 23:36:12.930] [INFO ] [T023] [FileSyncService] 检测到文件变化，等待写入完成: C4549.MP4
[2025-09-21 23:36:12.930] [INFO ] [T004] [FileSyncService] 文件已在处理队列中，跳过重复事件: C4549.MP4
[2025-09-21 23:36:13.037] [INFO ] [T019] [FileSyncService] 文件已在处理队列中，跳过重复事件: 左边机位
[2025-09-21 23:36:13.336] [INFO ] [T012] [FastCopyService] FastCopy复制成功: S:\Cache\A\Test\Ibanez A\左边机位\C4539.MP4 -> A:\Test.original\Ibanez A\左边机位\C4539.MP4
[2025-09-21 23:36:13.336] [INFO ] [T012] [FileSyncService] 释放FastCopy并发许可: C4539.MP4
[2025-09-21 23:36:13.336] [INFO ] [T019] [MainWindow] 复制完成: C4539.MP4
[2025-09-21 23:36:13.336] [INFO ] [T027] [MainWindow] 同步完成，释放文件锁定: C4539.MP4
[2025-09-21 23:36:13.337] [INFO ] [T023] [FileSyncService] 获取FastCopy并发许可，开始复制: C4541.MP4
[2025-09-21 23:36:13.337] [INFO ] [T023] [FastCopyService] 开始FastCopy复制: S:\Cache\A\Test\Ibanez A\左边机位\C4541.MP4 -> A:\Test.original\Ibanez A\左边机位\C4541.MP4
[2025-09-21 23:36:13.337] [INFO ] [T027] [MainWindow] 正在复制: C4541.MP4
[2025-09-21 23:36:13.348] [INFO ] [T023] [FastCopyService] 启动FastCopy进程 (PID: 33120): C4541.MP4
[2025-09-21 23:36:13.358] [INFO ] [T021] [FastCopyService] FastCopy复制成功: S:\Cache\A\Test\Ibanez A\右边机位\C0018.MP4 -> A:\Test.original\Ibanez A\右边机位\C0018.MP4
[2025-09-21 23:36:13.358] [INFO ] [T021] [FileSyncService] 释放FastCopy并发许可: C0018.MP4
[2025-09-21 23:36:13.358] [INFO ] [T008] [MainWindow] 复制完成: C0018.MP4
[2025-09-21 23:36:13.358] [INFO ] [T004] [MainWindow] 同步完成，释放文件锁定: C0018.MP4
[2025-09-21 23:36:13.358] [INFO ] [T023] [FileSyncService] 获取FastCopy并发许可，开始复制: C4542.MP4
[2025-09-21 23:36:13.359] [INFO ] [T023] [FastCopyService] 开始FastCopy复制: S:\Cache\A\Test\Ibanez A\左边机位\C4542.MP4 -> A:\Test.original\Ibanez A\左边机位\C4542.MP4
[2025-09-21 23:36:13.359] [INFO ] [T011] [MainWindow] 正在复制: C4542.MP4
[2025-09-21 23:36:13.368] [INFO ] [T023] [FastCopyService] 启动FastCopy进程 (PID: 66676): C4542.MP4
[2025-09-21 23:36:13.416] [INFO ] [T012] [FileSyncService] 文件处理完成，清理锁: C4539.MP4
[2025-09-21 23:36:13.439] [INFO ] [T021] [FileSyncService] 文件处理完成，清理锁: C0018.MP4
[2025-09-21 23:36:13.700] [INFO ] [T021] [FileSyncService] 文件写入已完成，准备同步: C4548.MP4
[2025-09-21 23:36:13.700] [INFO ] [T009] [MainWindow] 开始同步文件：C4548.MP4
[2025-09-21 23:36:13.700] [INFO ] [T004] [MainWindow] 成功获取文件锁定 (尝试 1/8): C4548.MP4
[2025-09-21 23:36:13.700] [INFO ] [T008] [MainWindow] 已获取文件锁定，开始同步: C4548.MP4
[2025-09-21 23:36:15.090] [INFO ] [T013] [FastCopyService] FastCopy复制成功: S:\Cache\A\Test\Ibanez A\左边机位\C4540.MP4 -> A:\Test.original\Ibanez A\左边机位\C4540.MP4
[2025-09-21 23:36:15.090] [INFO ] [T004] [MainWindow] 复制完成: C4540.MP4
[2025-09-21 23:36:15.090] [INFO ] [T013] [FileSyncService] 释放FastCopy并发许可: C4540.MP4
[2025-09-21 23:36:15.090] [INFO ] [T012] [MainWindow] 同步完成，释放文件锁定: C4540.MP4
[2025-09-21 23:36:15.090] [INFO ] [T013] [FileSyncService] 文件处理完成，清理锁: C4540.MP4
[2025-09-21 23:36:15.090] [INFO ] [T022] [FileSyncService] 获取FastCopy并发许可，开始复制: C4543.MP4
[2025-09-21 23:36:15.091] [INFO ] [T022] [FastCopyService] 开始FastCopy复制: S:\Cache\A\Test\Ibanez A\左边机位\C4543.MP4 -> A:\Test.original\Ibanez A\左边机位\C4543.MP4
[2025-09-21 23:36:15.091] [INFO ] [T013] [MainWindow] 正在复制: C4543.MP4
[2025-09-21 23:36:15.100] [INFO ] [T022] [FastCopyService] 启动FastCopy进程 (PID: 68420): C4543.MP4
[2025-09-21 23:36:15.205] [INFO ] [T022] [FileSyncService] 文件已在处理队列中，跳过重复事件: C4549.MP4
[2025-09-21 23:36:15.215] [INFO ] [T004] [FileSyncService] 检测到文件变化，等待写入完成: C4550.MP4
[2025-09-21 23:36:15.215] [INFO ] [T008] [FileSyncService] 文件已在处理队列中，跳过重复事件: C4550.MP4
[2025-09-21 23:36:15.931] [INFO ] [T013] [FileSyncService] 文件写入已完成，准备同步: C4549.MP4
[2025-09-21 23:36:15.931] [INFO ] [T022] [MainWindow] 开始同步文件：C4549.MP4
[2025-09-21 23:36:15.931] [INFO ] [T004] [MainWindow] 成功获取文件锁定 (尝试 1/8): C4549.MP4
[2025-09-21 23:36:15.931] [INFO ] [T008] [MainWindow] 已获取文件锁定，开始同步: C4549.MP4
[2025-09-21 23:36:16.011] [INFO ] [T022] [FileSyncService] 文件已在处理队列中，跳过重复事件: 左边机位
[2025-09-21 23:36:17.036] [INFO ] [T027] [FastCopyService] FastCopy复制成功: S:\Cache\A\Test\Ibanez A\左边机位\C4541.MP4 -> A:\Test.original\Ibanez A\左边机位\C4541.MP4
[2025-09-21 23:36:17.036] [INFO ] [T027] [FileSyncService] 释放FastCopy并发许可: C4541.MP4
[2025-09-21 23:36:17.036] [INFO ] [T019] [MainWindow] 复制完成: C4541.MP4
[2025-09-21 23:36:17.036] [INFO ] [T022] [MainWindow] 同步完成，释放文件锁定: C4541.MP4
[2025-09-21 23:36:17.036] [INFO ] [T027] [FileSyncService] 文件处理完成，清理锁: C4541.MP4
[2025-09-21 23:36:17.036] [INFO ] [T006] [FileSyncService] 获取FastCopy并发许可，开始复制: C4545.MP4
[2025-09-21 23:36:17.037] [INFO ] [T006] [FastCopyService] 开始FastCopy复制: S:\Cache\A\Test\Ibanez A\左边机位\C4545.MP4 -> A:\Test.original\Ibanez A\左边机位\C4545.MP4
[2025-09-21 23:36:17.037] [INFO ] [T027] [MainWindow] 正在复制: C4545.MP4
[2025-09-21 23:36:17.046] [INFO ] [T006] [FastCopyService] 启动FastCopy进程 (PID: 63892): C4545.MP4
[2025-09-21 23:36:17.114] [INFO ] [T019] [FileSyncService] 文件已在处理队列中，跳过重复事件: C4550.MP4
[2025-09-21 23:36:17.124] [INFO ] [T022] [FileSyncService] 检测到文件变化，等待写入完成: C4551.MP4
[2025-09-21 23:36:17.124] [INFO ] [T004] [FileSyncService] 文件已在处理队列中，跳过重复事件: C4551.MP4
[2025-09-21 23:36:17.216] [INFO ] [T019] [FileSyncService] 文件写入已完成，准备同步: C4550.MP4
[2025-09-21 23:36:17.216] [INFO ] [T008] [MainWindow] 开始同步文件：C4550.MP4
[2025-09-21 23:36:17.216] [INFO ] [T008] [MainWindow] 已获取文件锁定，开始同步: C4550.MP4
[2025-09-21 23:36:17.216] [INFO ] [T022] [MainWindow] 成功获取文件锁定 (尝试 1/8): C4550.MP4
[2025-09-21 23:36:17.551] [INFO ] [T023] [FastCopyService] FastCopy复制成功: S:\Cache\A\Test\Ibanez A\左边机位\C4542.MP4 -> A:\Test.original\Ibanez A\左边机位\C4542.MP4
[2025-09-21 23:36:17.551] [INFO ] [T023] [FileSyncService] 释放FastCopy并发许可: C4542.MP4
[2025-09-21 23:36:17.551] [INFO ] [T011] [MainWindow] 复制完成: C4542.MP4
[2025-09-21 23:36:17.551] [INFO ] [T022] [MainWindow] 同步完成，释放文件锁定: C4542.MP4
[2025-09-21 23:36:17.552] [INFO ] [T023] [FileSyncService] 文件处理完成，清理锁: C4542.MP4
[2025-09-21 23:36:17.552] [INFO ] [T004] [FileSyncService] 获取FastCopy并发许可，开始复制: C4546.MP4
[2025-09-21 23:36:17.552] [INFO ] [T004] [FastCopyService] 开始FastCopy复制: S:\Cache\A\Test\Ibanez A\左边机位\C4546.MP4 -> A:\Test.original\Ibanez A\左边机位\C4546.MP4
[2025-09-21 23:36:17.552] [INFO ] [T011] [MainWindow] 正在复制: C4546.MP4
[2025-09-21 23:36:17.562] [INFO ] [T004] [FastCopyService] 启动FastCopy进程 (PID: 90936): C4546.MP4
[2025-09-21 23:36:18.216] [INFO ] [T004] [FileSyncService] 文件已在处理队列中，跳过重复事件: C4551.MP4
[2025-09-21 23:36:18.255] [INFO ] [T019] [FileSyncService] 文件已在处理队列中，跳过重复事件: Ibanez A
[2025-09-21 23:36:18.377] [INFO ] [T004] [FileSyncService] 文件已在处理队列中，跳过重复事件: 左边机位
[2025-09-21 23:36:18.857] [DEBUG] [T011] [FastCopyService] FastCopy进程监控 (PID: 90936): 运行时间 0.0分钟, 内存: 18MB
[2025-09-21 23:36:18.872] [DEBUG] [T011] [FastCopyService] FastCopy进程监控 (PID: 68420): 运行时间 0.1分钟, 内存: 50MB
[2025-09-21 23:36:18.887] [DEBUG] [T011] [FastCopyService] FastCopy进程监控 (PID: 63892): 运行时间 0.0分钟, 内存: 540MB
[2025-09-21 23:36:19.124] [INFO ] [T019] [FileSyncService] 文件写入已完成，准备同步: C4551.MP4
[2025-09-21 23:36:19.124] [INFO ] [T004] [MainWindow] 开始同步文件：C4551.MP4
[2025-09-21 23:36:19.124] [INFO ] [T006] [MainWindow] 成功获取文件锁定 (尝试 1/8): C4551.MP4
[2025-09-21 23:36:19.124] [INFO ] [T011] [MainWindow] 已获取文件锁定，开始同步: C4551.MP4
[2025-09-21 23:36:20.048] [INFO ] [T009] [FastCopyService] FastCopy复制成功: S:\Cache\A\Test\Ibanez A\左边机位\C4543.MP4 -> A:\Test.original\Ibanez A\左边机位\C4543.MP4
[2025-09-21 23:36:20.048] [INFO ] [T009] [FileSyncService] 释放FastCopy并发许可: C4543.MP4
[2025-09-21 23:36:20.048] [INFO ] [T011] [MainWindow] 复制完成: C4543.MP4
[2025-09-21 23:36:20.048] [INFO ] [T008] [MainWindow] 同步完成，释放文件锁定: C4543.MP4
[2025-09-21 23:36:20.049] [INFO ] [T012] [FileSyncService] 获取FastCopy并发许可，开始复制: C4547.MP4
[2025-09-21 23:36:20.049] [INFO ] [T009] [FileSyncService] 文件处理完成，清理锁: C4543.MP4
[2025-09-21 23:36:20.050] [INFO ] [T012] [FastCopyService] 开始FastCopy复制: S:\Cache\A\Test\Ibanez A\左边机位\C4547.MP4 -> A:\Test.original\Ibanez A\左边机位\C4547.MP4
[2025-09-21 23:36:20.050] [INFO ] [T011] [MainWindow] 正在复制: C4547.MP4
[2025-09-21 23:36:20.060] [INFO ] [T012] [FastCopyService] 启动FastCopy进程 (PID: 69596): C4547.MP4
[2025-09-21 23:36:20.474] [INFO ] [T027] [FastCopyService] FastCopy复制成功: S:\Cache\A\Test\Ibanez A\左边机位\C4545.MP4 -> A:\Test.original\Ibanez A\左边机位\C4545.MP4
[2025-09-21 23:36:20.474] [INFO ] [T027] [FileSyncService] 释放FastCopy并发许可: C4545.MP4
[2025-09-21 23:36:20.474] [INFO ] [T004] [MainWindow] 同步完成，释放文件锁定: C4545.MP4
[2025-09-21 23:36:20.474] [INFO ] [T008] [MainWindow] 复制完成: C4545.MP4
[2025-09-21 23:36:20.475] [INFO ] [T027] [FileSyncService] 文件处理完成，清理锁: C4545.MP4
[2025-09-21 23:36:20.475] [INFO ] [T012] [FileSyncService] 获取FastCopy并发许可，开始复制: C4548.MP4
[2025-09-21 23:36:20.476] [INFO ] [T012] [FastCopyService] 开始FastCopy复制: S:\Cache\A\Test\Ibanez A\左边机位\C4548.MP4 -> A:\Test.original\Ibanez A\左边机位\C4548.MP4
[2025-09-21 23:36:20.476] [INFO ] [T027] [MainWindow] 正在复制: C4548.MP4
[2025-09-21 23:36:20.485] [INFO ] [T012] [FastCopyService] 启动FastCopy进程 (PID: 74220): C4548.MP4
[2025-09-21 23:36:21.690] [INFO ] [T022] [FastCopyService] FastCopy复制成功: S:\Cache\A\Test\Ibanez A\左边机位\C4546.MP4 -> A:\Test.original\Ibanez A\左边机位\C4546.MP4
[2025-09-21 23:36:21.690] [INFO ] [T022] [FileSyncService] 释放FastCopy并发许可: C4546.MP4
[2025-09-21 23:36:21.690] [INFO ] [T012] [MainWindow] 复制完成: C4546.MP4
[2025-09-21 23:36:21.690] [INFO ] [T024] [MainWindow] 同步完成，释放文件锁定: C4546.MP4
[2025-09-21 23:36:21.694] [INFO ] [T022] [FileSyncService] 文件处理完成，清理锁: C4546.MP4
[2025-09-21 23:36:21.694] [INFO ] [T023] [FileSyncService] 获取FastCopy并发许可，开始复制: C4549.MP4
[2025-09-21 23:36:21.695] [INFO ] [T023] [FastCopyService] 开始FastCopy复制: S:\Cache\A\Test\Ibanez A\左边机位\C4549.MP4 -> A:\Test.original\Ibanez A\左边机位\C4549.MP4
[2025-09-21 23:36:21.695] [INFO ] [T024] [MainWindow] 正在复制: C4549.MP4
[2025-09-21 23:36:21.704] [INFO ] [T023] [FastCopyService] 启动FastCopy进程 (PID: 60832): C4549.MP4
[2025-09-21 23:36:23.599] [INFO ] [T009] [FastCopyService] FastCopy复制成功: S:\Cache\A\Test\Ibanez A\左边机位\C4547.MP4 -> A:\Test.original\Ibanez A\左边机位\C4547.MP4
[2025-09-21 23:36:23.599] [INFO ] [T009] [FileSyncService] 释放FastCopy并发许可: C4547.MP4
[2025-09-21 23:36:23.599] [INFO ] [T011] [MainWindow] 复制完成: C4547.MP4
[2025-09-21 23:36:23.599] [INFO ] [T004] [MainWindow] 同步完成，释放文件锁定: C4547.MP4
[2025-09-21 23:36:23.600] [INFO ] [T009] [FileSyncService] 文件处理完成，清理锁: C4547.MP4
[2025-09-21 23:36:23.600] [INFO ] [T012] [FileSyncService] 获取FastCopy并发许可，开始复制: C4550.MP4
[2025-09-21 23:36:23.600] [INFO ] [T012] [FastCopyService] 开始FastCopy复制: S:\Cache\A\Test\Ibanez A\左边机位\C4550.MP4 -> A:\Test.original\Ibanez A\左边机位\C4550.MP4
[2025-09-21 23:36:23.600] [INFO ] [T004] [MainWindow] 正在复制: C4550.MP4
[2025-09-21 23:36:23.610] [INFO ] [T012] [FastCopyService] 启动FastCopy进程 (PID: 76400): C4550.MP4
[2025-09-21 23:36:25.088] [INFO ] [T027] [FastCopyService] FastCopy复制成功: S:\Cache\A\Test\Ibanez A\左边机位\C4548.MP4 -> A:\Test.original\Ibanez A\左边机位\C4548.MP4
[2025-09-21 23:36:25.088] [INFO ] [T027] [FileSyncService] 释放FastCopy并发许可: C4548.MP4
[2025-09-21 23:36:25.088] [INFO ] [T006] [MainWindow] 复制完成: C4548.MP4
[2025-09-21 23:36:25.088] [INFO ] [T006] [MainWindow] 同步完成，释放文件锁定: C4548.MP4
[2025-09-21 23:36:25.088] [INFO ] [T027] [FileSyncService] 文件处理完成，清理锁: C4548.MP4
[2025-09-21 23:36:25.088] [INFO ] [T008] [FileSyncService] 获取FastCopy并发许可，开始复制: C4551.MP4
[2025-09-21 23:36:25.088] [INFO ] [T008] [FastCopyService] 开始FastCopy复制: S:\Cache\A\Test\Ibanez A\左边机位\C4551.MP4 -> A:\Test.original\Ibanez A\左边机位\C4551.MP4
[2025-09-21 23:36:25.088] [INFO ] [T006] [MainWindow] 正在复制: C4551.MP4
[2025-09-21 23:36:25.098] [INFO ] [T008] [FastCopyService] 启动FastCopy进程 (PID: 86052): C4551.MP4
[2025-09-21 23:36:27.371] [INFO ] [T022] [FastCopyService] FastCopy复制成功: S:\Cache\A\Test\Ibanez A\左边机位\C4549.MP4 -> A:\Test.original\Ibanez A\左边机位\C4549.MP4
[2025-09-21 23:36:27.371] [INFO ] [T008] [MainWindow] 复制完成: C4549.MP4
[2025-09-21 23:36:27.371] [INFO ] [T022] [FileSyncService] 释放FastCopy并发许可: C4549.MP4
[2025-09-21 23:36:27.371] [INFO ] [T023] [MainWindow] 同步完成，释放文件锁定: C4549.MP4
[2025-09-21 23:36:27.372] [INFO ] [T022] [FileSyncService] 文件处理完成，清理锁: C4549.MP4
[2025-09-21 23:36:27.942] [INFO ] [T004] [FastCopyService] FastCopy复制成功: S:\Cache\A\Test\Ibanez A\左边机位\C4550.MP4 -> A:\Test.original\Ibanez A\左边机位\C4550.MP4
[2025-09-21 23:36:27.942] [INFO ] [T004] [FileSyncService] 释放FastCopy并发许可: C4550.MP4
[2025-09-21 23:36:27.942] [INFO ] [T023] [MainWindow] 复制完成: C4550.MP4
[2025-09-21 23:36:27.942] [INFO ] [T008] [MainWindow] 同步完成，释放文件锁定: C4550.MP4
[2025-09-21 23:36:27.943] [INFO ] [T004] [FileSyncService] 文件处理完成，清理锁: C4550.MP4
[2025-09-21 23:36:27.989] [INFO ] [T012] [FastCopyService] FastCopy复制成功: S:\Cache\A\Test\Ibanez A\左边机位\C4551.MP4 -> A:\Test.original\Ibanez A\左边机位\C4551.MP4
[2025-09-21 23:36:27.989] [INFO ] [T012] [FileSyncService] 释放FastCopy并发许可: C4551.MP4
[2025-09-21 23:36:27.989] [INFO ] [T004] [MainWindow] 复制完成: C4551.MP4
[2025-09-21 23:36:27.989] [INFO ] [T023] [MainWindow] 同步完成，释放文件锁定: C4551.MP4
[2025-09-21 23:36:27.989] [INFO ] [T012] [FileSyncService] 文件处理完成，清理锁: C4551.MP4
[2025-09-21 23:39:17.718] [INFO ] [T031] [FileSyncService] 文件已在处理队列中，跳过重复事件: 主机位
[2025-09-21 23:39:18.363] [INFO ] [T030] [FileSyncService] 文件已在处理队列中，跳过重复事件: 主机位
[2025-09-21 23:39:19.298] [INFO ] [T030] [FileSyncService] 文件已在处理队列中，跳过重复事件: 主机位
[2025-09-21 23:39:20.603] [INFO ] [T030] [FileSyncService] 文件已在处理队列中，跳过重复事件: 主机位
[2025-09-21 23:39:22.104] [INFO ] [T034] [FileSyncService] 文件已在处理队列中，跳过重复事件: 主机位
[2025-09-21 23:39:23.561] [INFO ] [T034] [FileSyncService] 文件已在处理队列中，跳过重复事件: 主机位
[2025-09-21 23:39:24.364] [INFO ] [T030] [FileSyncService] 文件已在处理队列中，跳过重复事件: 主机位
[2025-09-21 23:39:25.187] [INFO ] [T030] [FileSyncService] 文件已在处理队列中，跳过重复事件: 主机位
[2025-09-21 23:39:25.765] [INFO ] [T032] [FileSyncService] 文件已在处理队列中，跳过重复事件: 主机位
[2025-09-21 23:39:26.368] [INFO ] [T034] [FileSyncService] 文件已在处理队列中，跳过重复事件: 主机位
[2025-09-21 23:39:27.015] [INFO ] [T034] [FileSyncService] 文件已在处理队列中，跳过重复事件: 主机位
[2025-09-21 23:39:27.465] [INFO ] [T030] [FileSyncService] 文件已在处理队列中，跳过重复事件: 主机位
[2025-09-21 23:39:28.176] [INFO ] [T034] [FileSyncService] 文件已在处理队列中，跳过重复事件: 主机位
[2025-09-21 23:39:28.593] [INFO ] [T034] [FileSyncService] 文件已在处理队列中，跳过重复事件: 主机位
[2025-09-21 23:39:29.301] [INFO ] [T030] [FileSyncService] 文件已在处理队列中，跳过重复事件: 主机位
[2025-09-21 23:39:29.829] [INFO ] [T034] [FileSyncService] 文件已在处理队列中，跳过重复事件: 主机位
[2025-09-21 23:39:30.505] [INFO ] [T004] [FileSyncService] 文件已在处理队列中，跳过重复事件: 主机位
[2025-09-21 23:39:31.305] [INFO ] [T034] [FileSyncService] 文件已在处理队列中，跳过重复事件: 主机位
[2025-09-21 23:39:31.997] [INFO ] [T004] [FileSyncService] 文件已在处理队列中，跳过重复事件: 主机位
[2025-09-21 23:39:32.611] [INFO ] [T032] [FileSyncService] 文件已在处理队列中，跳过重复事件: Ibanez A
[2025-09-21 23:39:33.300] [INFO ] [T030] [FileSyncService] 文件已在处理队列中，跳过重复事件: 右边机位
[2025-09-21 23:39:33.806] [INFO ] [T030] [FileSyncService] 文件已在处理队列中，跳过重复事件: 右边机位
[2025-09-21 23:39:34.287] [INFO ] [T030] [FileSyncService] 文件已在处理队列中，跳过重复事件: 右边机位
[2025-09-21 23:39:34.971] [INFO ] [T030] [FileSyncService] 文件已在处理队列中，跳过重复事件: 右边机位
[2025-09-21 23:39:35.415] [INFO ] [T031] [FileSyncService] 文件已在处理队列中，跳过重复事件: 右边机位
[2025-09-21 23:39:35.701] [INFO ] [T004] [FileSyncService] 文件已在处理队列中，跳过重复事件: 右边机位
[2025-09-21 23:39:35.866] [INFO ] [T031] [FileSyncService] 文件已在处理队列中，跳过重复事件: 右边机位
[2025-09-21 23:39:36.091] [INFO ] [T004] [FileSyncService] 文件已在处理队列中，跳过重复事件: 右边机位
[2025-09-21 23:39:36.418] [INFO ] [T030] [FileSyncService] 文件已在处理队列中，跳过重复事件: Ibanez A
[2025-09-21 23:39:37.389] [INFO ] [T032] [FileSyncService] 文件已在处理队列中，跳过重复事件: 左边机位
[2025-09-21 23:39:38.177] [INFO ] [T030] [FileSyncService] 文件已在处理队列中，跳过重复事件: 左边机位
[2025-09-21 23:39:38.865] [INFO ] [T030] [FileSyncService] 文件已在处理队列中，跳过重复事件: 左边机位
[2025-09-21 23:39:39.636] [INFO ] [T030] [FileSyncService] 文件已在处理队列中，跳过重复事件: 左边机位
[2025-09-21 23:39:40.859] [INFO ] [T004] [FileSyncService] 文件已在处理队列中，跳过重复事件: 左边机位
[2025-09-21 23:39:41.348] [INFO ] [T004] [FileSyncService] 文件已在处理队列中，跳过重复事件: 左边机位
[2025-09-21 23:39:42.235] [INFO ] [T030] [FileSyncService] 文件已在处理队列中，跳过重复事件: 左边机位
[2025-09-21 23:39:42.272] [INFO ] [T004] [FileSyncService] 文件已在处理队列中，跳过重复事件: 左边机位
[2025-09-21 23:39:43.091] [INFO ] [T032] [FileSyncService] 文件已在处理队列中，跳过重复事件: 左边机位
[2025-09-21 23:39:44.367] [INFO ] [T004] [FileSyncService] 文件已在处理队列中，跳过重复事件: 左边机位
[2025-09-21 23:39:45.317] [INFO ] [T032] [FileSyncService] 文件已在处理队列中，跳过重复事件: 左边机位
[2025-09-21 23:41:17.589] [INFO ] [T001] [MainWindow] 已清理 41 个已完成文件记录
