[2025-09-21 23:53:46.487] [INFO ] [T001] [FastCopyService] FastCopy服务初始化: C:\Program Files\FastCopy64\fcp.exe
[2025-09-21 23:53:46.490] [INFO ] [T001] [FileSyncService] FastCopy最大并发数设置为: 3
[2025-09-21 23:53:46.490] [INFO ] [T001] [FileSyncService] FileSyncService 初始化完成
[2025-09-21 23:53:53.376] [INFO ] [T001] [MainWindow] 已添加路径：A:\Test
[2025-09-21 23:53:56.435] [INFO ] [T001] [MainWindow] 开始加速：A:\Test
[2025-09-21 23:53:56.458] [INFO ] [T001] [MainWindow] 使用目录连接点，无需管理员权限
[2025-09-21 23:53:56.458] [INFO ] [T001] [MainWindow] 开始缓存加速初始化...
[2025-09-21 23:53:56.458] [INFO ] [T001] [MainWindow] 检测到缓存目录已存在：S:\Cache\A\Test
[2025-09-21 23:53:56.458] [INFO ] [T001] [MainWindow] 缓存目录已存在，可选择：
[2025-09-21 23:53:56.458] [INFO ] [T001] [MainWindow] 1. 同步模式：保留现有缓存，仅同步差异文件（推荐）
[2025-09-21 23:53:56.459] [INFO ] [T001] [MainWindow] 2. 取消操作
[2025-09-21 23:53:56.459] [INFO ] [T001] [MainWindow] 当前默认使用同步模式
[2025-09-21 23:53:56.459] [INFO ] [T001] [MainWindow] 用户选择同步模式：与现有缓存同步
[2025-09-21 23:53:56.459] [INFO ] [T001] [MainWindow] 开始创建缓存目录和备份路径...
[2025-09-21 23:53:56.459] [INFO ] [T001] [MainWindow] 复制数据到缓存：A:\Test -> S:\Cache\A\Test
[2025-09-21 23:53:56.459] [INFO ] [T001] [MainWindow] 使用Robocopy同步模式：智能同步差异文件
[2025-09-21 23:53:56.459] [INFO ] [T001] [MainWindow] 执行Robocopy同步: robocopy "A:\Test" "S:\Cache\A\Test" /E /COPYALL /MT:64 /R:3600 /W:1 /IM /J /BYTES /FP /ETA /NFL /NDL
[2025-09-21 23:53:56.512] [INFO ] [T001] [MainWindow] Robocopy同步完成，退出码: 0
[2025-09-21 23:53:56.589] [INFO ] [T009] [MainWindow] 开始监控：S:\Cache\A\Test (模式：Immediate，延迟：3秒)
[2025-09-21 23:53:56.589] [INFO ] [T001] [MainWindow] 开始性能监控: A:\Test -> S:\Cache\A\Test
[2025-09-21 23:53:56.589] [INFO ] [T001] [MainWindow] 缓存加速已启用：A:\Test
[2025-09-21 23:53:56.590] [INFO ] [T001] [MainWindow] 记录加速状态：A:\Test -> 激活
[2025-09-21 23:53:56.590] [INFO ] [T001] [MainWindow] 备份原始目录：A:\Test -> A:\Test.original
[2025-09-21 23:53:56.590] [INFO ] [T001] [MainWindow] 目录重命名成功：A:\Test -> A:\Test.original
[2025-09-21 23:53:56.590] [INFO ] [T001] [MainWindow] 创建Junction：A:\Test -> S:\Cache\A\Test
[2025-09-21 23:53:56.590] [INFO ] [T001] [MainWindow] 创建Junction：A:\Test -> S:\Cache\A\Test
[2025-09-21 23:53:56.590] [INFO ] [T001] [MainWindow] Junction创建成功
[2025-09-21 23:53:56.590] [INFO ] [T001] [MainWindow] 启动文件同步监控...
[2025-09-21 23:53:56.590] [INFO ] [T001] [MainWindow] 开始监控：S:\Cache\A\Test -> A:\Test.original
[2025-09-21 23:53:56.591] [INFO ] [T001] [MainWindow] 文件监控启动成功
[2025-09-21 23:53:56.591] [INFO ] [T001] [MainWindow] 启动性能监控...
[2025-09-21 23:53:56.591] [INFO ] [T001] [MainWindow] 缓存加速初始化完成！
[2025-09-21 23:53:56.592] [INFO ] [T001] [MainWindow] ✅ 加速完成：A:\Test
[2025-09-21 23:54:05.600] [INFO ] [T006] [FileSyncService] 文件已在处理队列中，跳过重复事件: FcHash.exe
[2025-09-21 23:54:05.600] [INFO ] [T006] [FileSyncService] 文件已在处理队列中，跳过重复事件: FcHash.exe
[2025-09-21 23:54:05.602] [INFO ] [T009] [FileSyncService] 检测到文件变化，等待写入完成: FcHash.exe
[2025-09-21 23:54:05.610] [INFO ] [T011] [FileSyncService] 检测到文件变化，等待写入完成: fcp.exe
[2025-09-21 23:54:05.610] [INFO ] [T009] [FileSyncService] 文件已在处理队列中，跳过重复事件: fcp.exe
[2025-09-21 23:54:05.611] [INFO ] [T011] [FileSyncService] 文件已在处理队列中，跳过重复事件: fcp.exe
[2025-09-21 23:54:05.621] [INFO ] [T018] [FileSyncService] 检测到文件变化，等待写入完成: setup.exe
[2025-09-21 23:54:05.621] [INFO ] [T008] [FileSyncService] 文件已在处理队列中，跳过重复事件: setup.exe
[2025-09-21 23:54:05.622] [INFO ] [T009] [FileSyncService] 文件已在处理队列中，跳过重复事件: setup.exe
[2025-09-21 23:54:06.604] [INFO ] [T018] [FileSyncService] 文件写入已完成，准备同步: FcHash.exe
[2025-09-21 23:54:06.606] [INFO ] [T011] [MainWindow] 开始同步文件：FcHash.exe
[2025-09-21 23:54:06.609] [INFO ] [T011] [MainWindow] 成功获取文件锁定 (尝试 1/8): FcHash.exe
[2025-09-21 23:54:06.609] [INFO ] [T018] [MainWindow] 已获取文件锁定，开始同步: FcHash.exe
[2025-09-21 23:54:06.610] [INFO ] [T009] [FileSyncService] 获取FastCopy并发许可，开始复制: FcHash.exe
[2025-09-21 23:54:06.611] [INFO ] [T004] [FileSyncService] 文件写入已完成，准备同步: fcp.exe
[2025-09-21 23:54:06.611] [INFO ] [T008] [MainWindow] 开始同步文件：fcp.exe
[2025-09-21 23:54:06.611] [INFO ] [T008] [MainWindow] 成功获取文件锁定 (尝试 1/8): fcp.exe
[2025-09-21 23:54:06.611] [INFO ] [T018] [FileSyncService] 获取FastCopy并发许可，开始复制: fcp.exe
[2025-09-21 23:54:06.611] [INFO ] [T011] [MainWindow] 已获取文件锁定，开始同步: fcp.exe
[2025-09-21 23:54:06.615] [INFO ] [T009] [FastCopyService] 开始FastCopy复制: S:\Cache\A\Test\FcHash.exe -> A:\Test.original\FcHash.exe
[2025-09-21 23:54:06.615] [INFO ] [T018] [FastCopyService] 开始FastCopy复制: S:\Cache\A\Test\fcp.exe -> A:\Test.original\fcp.exe
[2025-09-21 23:54:06.615] [INFO ] [T011] [MainWindow] 正在复制: FcHash.exe
[2025-09-21 23:54:06.615] [INFO ] [T008] [MainWindow] 正在复制: fcp.exe
[2025-09-21 23:54:06.621] [INFO ] [T020] [FileSyncService] 文件写入已完成，准备同步: setup.exe
[2025-09-21 23:54:06.621] [INFO ] [T011] [MainWindow] 开始同步文件：setup.exe
[2025-09-21 23:54:06.621] [INFO ] [T006] [MainWindow] 已获取文件锁定，开始同步: setup.exe
[2025-09-21 23:54:06.621] [INFO ] [T020] [FileSyncService] 获取FastCopy并发许可，开始复制: setup.exe
[2025-09-21 23:54:06.622] [INFO ] [T004] [MainWindow] 成功获取文件锁定 (尝试 1/8): setup.exe
[2025-09-21 23:54:06.622] [INFO ] [T020] [FastCopyService] 开始FastCopy复制: S:\Cache\A\Test\setup.exe -> A:\Test.original\setup.exe
[2025-09-21 23:54:06.622] [INFO ] [T006] [MainWindow] 正在复制: setup.exe
[2025-09-21 23:54:06.626] [INFO ] [T018] [FastCopyService] 启动FastCopy进程 (PID: 69000): fcp.exe
[2025-09-21 23:54:06.635] [INFO ] [T009] [FastCopyService] 启动FastCopy进程 (PID: 66980): FcHash.exe
[2025-09-21 23:54:06.645] [INFO ] [T020] [FastCopyService] 启动FastCopy进程 (PID: 55704): setup.exe
[2025-09-21 23:54:09.726] [INFO ] [T019] [FastCopyService] FastCopy复制成功: S:\Cache\A\Test\setup.exe -> A:\Test.original\setup.exe
[2025-09-21 23:54:09.726] [INFO ] [T022] [MainWindow] 复制完成: setup.exe
[2025-09-21 23:54:09.727] [INFO ] [T019] [FileSyncService] 释放FastCopy并发许可: setup.exe
[2025-09-21 23:54:09.727] [INFO ] [T009] [MainWindow] 同步完成，释放文件锁定: setup.exe
[2025-09-21 23:54:09.727] [INFO ] [T019] [FileSyncService] 文件处理完成，清理锁: setup.exe
[2025-09-21 23:54:10.184] [INFO ] [T006] [FastCopyService] FastCopy复制成功: S:\Cache\A\Test\FcHash.exe -> A:\Test.original\FcHash.exe
[2025-09-21 23:54:10.184] [INFO ] [T006] [FileSyncService] 释放FastCopy并发许可: FcHash.exe
[2025-09-21 23:54:10.184] [INFO ] [T019] [MainWindow] 同步完成，释放文件锁定: FcHash.exe
[2025-09-21 23:54:10.184] [INFO ] [T022] [MainWindow] 复制完成: FcHash.exe
[2025-09-21 23:54:10.186] [INFO ] [T006] [FileSyncService] 文件处理完成，清理锁: FcHash.exe
[2025-09-21 23:54:10.584] [INFO ] [T004] [FastCopyService] FastCopy复制成功: S:\Cache\A\Test\fcp.exe -> A:\Test.original\fcp.exe
[2025-09-21 23:54:10.584] [INFO ] [T004] [FileSyncService] 释放FastCopy并发许可: fcp.exe
[2025-09-21 23:54:10.584] [INFO ] [T021] [MainWindow] 复制完成: fcp.exe
[2025-09-21 23:54:10.585] [INFO ] [T006] [MainWindow] 同步完成，释放文件锁定: fcp.exe
[2025-09-21 23:54:10.585] [INFO ] [T004] [FileSyncService] 文件处理完成，清理锁: fcp.exe
