[2025-09-21 17:11:28.217] [INFO ] [T001] [FastCopyService] FastCopy服务初始化: C:\Program Files\FastCopy64\fcp.exe
[2025-09-21 17:11:28.242] [INFO ] [T001] [FastCopyService] 系统中没有发现FastCopy进程
[2025-09-21 17:11:28.245] [INFO ] [T001] [FastCopyService] FastCopy服务初始化: C:\Program Files\FastCopy64\fcp.exe
[2025-09-21 17:11:28.258] [INFO ] [T001] [FastCopyService] 系统中没有发现FastCopy进程
[2025-09-21 17:11:28.259] [INFO ] [T001] [FileSyncService] FastCopy最大并发数设置为: 3
[2025-09-21 17:11:28.259] [INFO ] [T001] [FileSyncService] FileSyncService 初始化完成
[2025-09-21 17:11:28.260] [INFO ] [T001] [FastCopyService] FastCopy服务初始化: C:\Program Files\FastCopy64\fcp.exe
[2025-09-21 17:11:28.272] [INFO ] [T001] [FastCopyService] 系统中没有发现FastCopy进程
[2025-09-21 17:11:28.362] [INFO ] [T001] [MainWindow] 记录加速状态：A:\Test -> 激活
[2025-09-21 17:11:28.367] [INFO ] [T001] [MainWindow] 恢复文件同步监控：S:\Cache\Test -> A:\Test.original
[2025-09-21 17:11:28.368] [INFO ] [T007] [MainWindow] 开始监控：S:\Cache\Test (模式：Immediate，延迟：3秒)
[2025-09-21 17:11:28.368] [INFO ] [T001] [MainWindow] 开始性能监控: A:\Test -> S:\Cache\Test
[2025-09-21 17:11:28.368] [INFO ] [T001] [MainWindow] 恢复性能监控：A:\Test
[2025-09-21 17:11:28.368] [INFO ] [T001] [MainWindow] 恢复加速状态记录：A:\Test - 活跃
[2025-09-21 17:11:41.766] [INFO ] [T009] [FileSyncService] 检测到文件变化，等待写入完成: Ibanez A.7z
[2025-09-21 17:11:41.766] [INFO ] [T006] [FileSyncService] 检测到文件变化，等待写入完成: Ibanez A.7z
[2025-09-21 17:11:47.769] [INFO ] [T009] [FileSyncService] 文件写入已完成，准备同步: Ibanez A.7z
[2025-09-21 17:11:47.769] [INFO ] [T006] [FileSyncService] 文件写入已完成，准备同步: Ibanez A.7z
[2025-09-21 17:11:47.772] [INFO ] [T007] [MainWindow] 开始同步文件：Ibanez A.7z
[2025-09-21 17:11:47.772] [INFO ] [T006] [MainWindow] 开始同步文件：Ibanez A.7z
[2025-09-21 17:11:47.774] [INFO ] [T019] [MainWindow] 无法获取文件锁定: Ibanez A.7z
[2025-09-21 17:11:47.774] [INFO ] [T021] [MainWindow] 无法获取文件锁定: Ibanez A.7z
[2025-09-21 17:11:47.774] [INFO ] [T016] [FileSyncService] 文件处理完成，清理锁: Ibanez A.7z
[2025-09-21 17:11:47.780] [INFO ] [T001] [MainWindow] ❌ 同步失败: Ibanez A.7z - 无法获取文件锁定，文件可能正被其他进程使用
[2025-09-21 17:11:47.780] [INFO ] [T001] [MainWindow] ❌ 同步失败: Ibanez A.7z - 无法获取文件锁定，文件可能正被其他进程使用
[2025-09-21 17:11:56.684] [INFO ] [T018] [MainWindow] 开始同步文件：Ibanez A.7z
