[2025-09-21 20:45:23.809] [INFO ] [T001] [FastCopyService] FastCopy服务初始化: C:\Program Files\FastCopy64\fcp.exe
[2025-09-21 20:45:23.835] [INFO ] [T001] [FastCopyService] 系统中没有发现FastCopy进程
[2025-09-21 20:45:23.838] [INFO ] [T001] [FastCopyService] FastCopy服务初始化: C:\Program Files\FastCopy64\fcp.exe
[2025-09-21 20:45:23.851] [INFO ] [T001] [FastCopyService] 系统中没有发现FastCopy进程
[2025-09-21 20:45:23.852] [INFO ] [T001] [FileSyncService] FastCopy最大并发数设置为: 3
[2025-09-21 20:45:23.852] [INFO ] [T001] [FileSyncService] FileSyncService 初始化完成
[2025-09-21 20:45:23.852] [INFO ] [T001] [FastCopyService] FastCopy服务初始化: C:\Program Files\FastCopy64\fcp.exe
[2025-09-21 20:45:23.865] [INFO ] [T001] [FastCopyService] 系统中没有发现FastCopy进程
[2025-09-21 20:45:58.292] [INFO ] [T001] [MainWindow] 已添加路径：A:\Test
[2025-09-21 20:46:00.871] [INFO ] [T001] [MainWindow] 开始加速：A:\Test
[2025-09-21 20:46:00.894] [INFO ] [T001] [MainWindow] 使用目录连接点，无需管理员权限
[2025-09-21 20:46:00.895] [INFO ] [T001] [MainWindow] 开始缓存加速初始化...
[2025-09-21 20:46:00.895] [INFO ] [T001] [MainWindow] 检测到缓存目录已存在：S:\Cache\A\Test
[2025-09-21 20:46:00.895] [INFO ] [T001] [MainWindow] 缓存目录已存在，可选择：
[2025-09-21 20:46:00.896] [INFO ] [T001] [MainWindow] 1. 同步模式：保留现有缓存，仅同步差异文件（推荐）
[2025-09-21 20:46:00.896] [INFO ] [T001] [MainWindow] 2. 取消操作
[2025-09-21 20:46:00.896] [INFO ] [T001] [MainWindow] 当前默认使用同步模式
[2025-09-21 20:46:00.896] [INFO ] [T001] [MainWindow] 用户选择同步模式：与现有缓存同步
[2025-09-21 20:46:00.896] [INFO ] [T001] [MainWindow] 开始创建缓存目录和备份路径...
[2025-09-21 20:46:00.896] [INFO ] [T001] [MainWindow] 复制数据到缓存：A:\Test -> S:\Cache\A\Test
[2025-09-21 20:46:00.896] [INFO ] [T001] [MainWindow] 使用Robocopy同步模式：智能同步差异文件
[2025-09-21 20:46:00.896] [INFO ] [T001] [MainWindow] 执行Robocopy同步: robocopy "A:\Test" "S:\Cache\A\Test" /E /COPYALL /MT:64 /R:3600 /W:1 /IM /J /BYTES /FP /ETA /NFL /NDL
[2025-09-21 20:46:00.942] [INFO ] [T001] [MainWindow] Robocopy同步完成，退出码: 0
[2025-09-21 20:46:01.022] [INFO ] [T007] [MainWindow] 开始监控：S:\Cache\A\Test (模式：Immediate，延迟：3秒)
[2025-09-21 20:46:01.023] [INFO ] [T001] [MainWindow] 开始性能监控: A:\Test -> S:\Cache\A\Test
[2025-09-21 20:46:01.023] [INFO ] [T001] [MainWindow] 缓存加速已启用：A:\Test
[2025-09-21 20:46:01.023] [INFO ] [T001] [MainWindow] 记录加速状态：A:\Test -> 激活
[2025-09-21 20:46:01.023] [INFO ] [T001] [MainWindow] 备份原始目录：A:\Test -> A:\Test.original
[2025-09-21 20:46:01.023] [INFO ] [T001] [MainWindow] 目录重命名成功：A:\Test -> A:\Test.original
[2025-09-21 20:46:01.023] [INFO ] [T001] [MainWindow] 创建Junction：A:\Test -> S:\Cache\A\Test
[2025-09-21 20:46:01.024] [INFO ] [T001] [MainWindow] 创建Junction：A:\Test -> S:\Cache\A\Test
[2025-09-21 20:46:01.024] [INFO ] [T001] [MainWindow] Junction创建成功
[2025-09-21 20:46:01.024] [INFO ] [T001] [MainWindow] 启动文件同步监控...
[2025-09-21 20:46:01.024] [INFO ] [T001] [MainWindow] 开始监控：S:\Cache\A\Test -> A:\Test.original
[2025-09-21 20:46:01.024] [INFO ] [T001] [MainWindow] 文件监控启动成功
[2025-09-21 20:46:01.024] [INFO ] [T001] [MainWindow] 启动性能监控...
[2025-09-21 20:46:01.024] [INFO ] [T001] [MainWindow] 缓存加速初始化完成！
[2025-09-21 20:46:01.025] [INFO ] [T001] [MainWindow] ✅ 加速完成：A:\Test
[2025-09-21 20:46:20.320] [INFO ] [T014] [FileSyncService] 文件已在处理队列中，跳过重复事件: Ibanez A
[2025-09-21 20:46:20.322] [INFO ] [T012] [FileSyncService] 检测到文件变化，等待写入完成: Ibanez A
[2025-09-21 20:46:20.322] [INFO ] [T012] [FileSyncService] 文件已被删除，跳过同步: Ibanez A
[2025-09-21 20:46:20.326] [INFO ] [T012] [FileSyncService] 检测到文件变化，等待写入完成: 主机位
[2025-09-21 20:46:20.326] [INFO ] [T014] [FileSyncService] 文件已在处理队列中，跳过重复事件: 主机位
[2025-09-21 20:46:20.326] [INFO ] [T012] [FileSyncService] 文件已被删除，跳过同步: 主机位
[2025-09-21 20:46:20.333] [INFO ] [T008] [FileSyncService] 检测到文件变化，等待写入完成: C1712.MP4
[2025-09-21 20:46:20.333] [INFO ] [T022] [FileSyncService] 文件已在处理队列中，跳过重复事件: C1712.MP4
[2025-09-21 20:46:21.686] [INFO ] [T008] [FileSyncService] 文件已在处理队列中，跳过重复事件: C1712.MP4
[2025-09-21 20:46:21.694] [INFO ] [T007] [FileSyncService] 文件已在处理队列中，跳过重复事件: 主机位
[2025-09-21 20:46:21.696] [INFO ] [T013] [FileSyncService] 检测到文件变化，等待写入完成: C1713.MP4
[2025-09-21 20:46:21.697] [INFO ] [T007] [FileSyncService] 文件已在处理队列中，跳过重复事件: C1713.MP4
[2025-09-21 20:46:22.337] [INFO ] [T007] [FileSyncService] 文件写入已完成，准备同步: C1712.MP4
[2025-09-21 20:46:22.339] [INFO ] [T013] [MainWindow] 开始同步文件：C1712.MP4
[2025-09-21 20:46:22.343] [INFO ] [T022] [MainWindow] 成功获取文件锁定 (尝试 1/8): C1712.MP4
[2025-09-21 20:46:22.343] [INFO ] [T008] [MainWindow] 已获取文件锁定，开始同步: C1712.MP4
[2025-09-21 20:46:22.344] [INFO ] [T021] [FileSyncService] 获取FastCopy并发许可，开始复制: C1712.MP4
[2025-09-21 20:46:22.349] [INFO ] [T021] [FastCopyService] FastCopy服务初始化: C:\Program Files\FastCopy64\fcp.exe
[2025-09-21 20:46:22.362] [INFO ] [T021] [FastCopyService] 系统中没有发现FastCopy进程
[2025-09-21 20:46:22.363] [INFO ] [T021] [FastCopyService] 开始FastCopy复制: S:\Cache\A\Test\Ibanez A\主机位\C1712.MP4 -> A:\Test.original\Ibanez A\主机位\C1712.MP4
[2025-09-21 20:46:22.363] [INFO ] [T008] [MainWindow] 正在复制: C1712.MP4
[2025-09-21 20:46:22.377] [INFO ] [T021] [FastCopyService] 启动FastCopy进程 (PID: 76868): C1712.MP4
[2025-09-21 20:46:22.895] [INFO ] [T021] [FileSyncService] 文件已在处理队列中，跳过重复事件: C1713.MP4
[2025-09-21 20:46:22.901] [INFO ] [T008] [FileSyncService] 文件已在处理队列中，跳过重复事件: 主机位
[2025-09-21 20:46:22.904] [INFO ] [T008] [FileSyncService] 检测到文件变化，等待写入完成: C1714.MP4
[2025-09-21 20:46:22.904] [INFO ] [T021] [FileSyncService] 文件已在处理队列中，跳过重复事件: C1714.MP4
[2025-09-21 20:46:23.697] [INFO ] [T007] [FileSyncService] 文件写入已完成，准备同步: C1713.MP4
[2025-09-21 20:46:23.697] [INFO ] [T008] [MainWindow] 开始同步文件：C1713.MP4
[2025-09-21 20:46:23.697] [INFO ] [T023] [MainWindow] 成功获取文件锁定 (尝试 1/8): C1713.MP4
[2025-09-21 20:46:23.697] [INFO ] [T021] [FileSyncService] 获取FastCopy并发许可，开始复制: C1713.MP4
[2025-09-21 20:46:23.698] [INFO ] [T021] [FastCopyService] FastCopy服务初始化: C:\Program Files\FastCopy64\fcp.exe
[2025-09-21 20:46:23.698] [INFO ] [T025] [MainWindow] 已获取文件锁定，开始同步: C1713.MP4
[2025-09-21 20:46:23.715] [INFO ] [T021] [FastCopyService] 检测到系统中有 1 个FastCopy进程正在运行
[2025-09-21 20:46:23.716] [DEBUG] [T021] [FastCopyService] FastCopy进程: PID=76868, 启动时间=2025-09-21 20:46:22
[2025-09-21 20:46:23.716] [INFO ] [T021] [FastCopyService] 开始FastCopy复制: S:\Cache\A\Test\Ibanez A\主机位\C1713.MP4 -> A:\Test.original\Ibanez A\主机位\C1713.MP4
[2025-09-21 20:46:23.716] [INFO ] [T027] [MainWindow] 正在复制: C1713.MP4
[2025-09-21 20:46:23.728] [INFO ] [T021] [FastCopyService] 启动FastCopy进程 (PID: 75784): C1713.MP4
[2025-09-21 20:46:24.201] [INFO ] [T021] [FileSyncService] 文件已在处理队列中，跳过重复事件: C1714.MP4
[2025-09-21 20:46:24.208] [INFO ] [T028] [FileSyncService] 文件已在处理队列中，跳过重复事件: 主机位
[2025-09-21 20:46:24.210] [INFO ] [T023] [FileSyncService] 文件已在处理队列中，跳过重复事件: C1715.MP4
[2025-09-21 20:46:24.210] [INFO ] [T012] [FileSyncService] 检测到文件变化，等待写入完成: C1715.MP4
[2025-09-21 20:46:24.882] [INFO ] [T008] [FileSyncService] 文件已在处理队列中，跳过重复事件: 主机位
[2025-09-21 20:46:24.904] [INFO ] [T008] [FileSyncService] 文件写入已完成，准备同步: C1714.MP4
[2025-09-21 20:46:24.905] [INFO ] [T023] [MainWindow] 开始同步文件：C1714.MP4
[2025-09-21 20:46:24.905] [INFO ] [T012] [FileSyncService] 获取FastCopy并发许可，开始复制: C1714.MP4
[2025-09-21 20:46:24.905] [INFO ] [T026] [MainWindow] 成功获取文件锁定 (尝试 1/8): C1714.MP4
[2025-09-21 20:46:24.905] [INFO ] [T007] [MainWindow] 已获取文件锁定，开始同步: C1714.MP4
[2025-09-21 20:46:24.905] [INFO ] [T012] [FastCopyService] FastCopy服务初始化: C:\Program Files\FastCopy64\fcp.exe
[2025-09-21 20:46:24.922] [INFO ] [T012] [FastCopyService] 检测到系统中有 2 个FastCopy进程正在运行
[2025-09-21 20:46:24.922] [DEBUG] [T012] [FastCopyService] FastCopy进程: PID=76868, 启动时间=2025-09-21 20:46:22
[2025-09-21 20:46:24.922] [DEBUG] [T012] [FastCopyService] FastCopy进程: PID=75784, 启动时间=2025-09-21 20:46:23
[2025-09-21 20:46:24.922] [INFO ] [T012] [FastCopyService] 开始FastCopy复制: S:\Cache\A\Test\Ibanez A\主机位\C1714.MP4 -> A:\Test.original\Ibanez A\主机位\C1714.MP4
[2025-09-21 20:46:24.922] [INFO ] [T026] [MainWindow] 正在复制: C1714.MP4
[2025-09-21 20:46:24.934] [INFO ] [T012] [FastCopyService] 启动FastCopy进程 (PID: 72724): C1714.MP4
[2025-09-21 20:46:25.979] [INFO ] [T012] [FileSyncService] 文件已在处理队列中，跳过重复事件: C1715.MP4
[2025-09-21 20:46:25.988] [INFO ] [T021] [FileSyncService] 检测到文件变化，等待写入完成: C1716.MP4
[2025-09-21 20:46:25.988] [INFO ] [T008] [FileSyncService] 文件已在处理队列中，跳过重复事件: C1716.MP4
[2025-09-21 20:46:26.212] [INFO ] [T012] [FileSyncService] 文件写入已完成，准备同步: C1715.MP4
[2025-09-21 20:46:26.212] [INFO ] [T028] [MainWindow] 开始同步文件：C1715.MP4
[2025-09-21 20:46:26.212] [INFO ] [T021] [MainWindow] 已获取文件锁定，开始同步: C1715.MP4
[2025-09-21 20:46:26.213] [INFO ] [T030] [MainWindow] 成功获取文件锁定 (尝试 1/8): C1715.MP4
[2025-09-21 20:46:26.307] [INFO ] [T030] [FileSyncService] 文件已在处理队列中，跳过重复事件: 主机位
[2025-09-21 20:46:28.327] [INFO ] [T014] [FastCopyService] FastCopy复制成功: S:\Cache\A\Test\Ibanez A\主机位\C1712.MP4 -> A:\Test.original\Ibanez A\主机位\C1712.MP4
[2025-09-21 20:46:28.327] [INFO ] [T029] [MainWindow] 复制完成: C1712.MP4
[2025-09-21 20:46:28.328] [INFO ] [T014] [FileSyncService] 释放FastCopy并发许可: C1712.MP4
[2025-09-21 20:46:28.328] [INFO ] [T021] [FileSyncService] 获取FastCopy并发许可，开始复制: C1715.MP4
[2025-09-21 20:46:28.328] [INFO ] [T029] [MainWindow] 同步完成，释放文件锁定: C1712.MP4
[2025-09-21 20:46:28.329] [INFO ] [T021] [FastCopyService] FastCopy服务初始化: C:\Program Files\FastCopy64\fcp.exe
[2025-09-21 20:46:28.330] [INFO ] [T014] [FileSyncService] 文件处理完成，清理锁: C1712.MP4
[2025-09-21 20:46:28.348] [INFO ] [T021] [FastCopyService] 检测到系统中有 2 个FastCopy进程正在运行
[2025-09-21 20:46:28.348] [DEBUG] [T021] [FastCopyService] FastCopy进程: PID=75784, 启动时间=2025-09-21 20:46:23
[2025-09-21 20:46:28.348] [DEBUG] [T021] [FastCopyService] FastCopy进程: PID=72724, 启动时间=2025-09-21 20:46:24
[2025-09-21 20:46:28.349] [INFO ] [T021] [FastCopyService] 开始FastCopy复制: S:\Cache\A\Test\Ibanez A\主机位\C1715.MP4 -> A:\Test.original\Ibanez A\主机位\C1715.MP4
[2025-09-21 20:46:28.349] [INFO ] [T014] [MainWindow] 正在复制: C1715.MP4
[2025-09-21 20:46:28.361] [INFO ] [T021] [FastCopyService] 启动FastCopy进程 (PID: 89208): C1715.MP4
[2025-09-21 20:46:28.435] [INFO ] [T021] [FileSyncService] 文件已在处理队列中，跳过重复事件: C1716.MP4
[2025-09-21 20:46:28.445] [INFO ] [T022] [FileSyncService] 检测到文件变化，等待写入完成: C1717.MP4
[2025-09-21 20:46:28.445] [INFO ] [T014] [FileSyncService] 文件已在处理队列中，跳过重复事件: C1717.MP4
[2025-09-21 20:46:28.633] [INFO ] [T027] [FastCopyService] FastCopy复制成功: S:\Cache\A\Test\Ibanez A\主机位\C1713.MP4 -> A:\Test.original\Ibanez A\主机位\C1713.MP4
[2025-09-21 20:46:28.633] [INFO ] [T027] [FileSyncService] 释放FastCopy并发许可: C1713.MP4
[2025-09-21 20:46:28.633] [INFO ] [T025] [MainWindow] 复制完成: C1713.MP4
[2025-09-21 20:46:28.633] [INFO ] [T014] [MainWindow] 同步完成，释放文件锁定: C1713.MP4
[2025-09-21 20:46:28.636] [INFO ] [T027] [FileSyncService] 文件处理完成，清理锁: C1713.MP4
[2025-09-21 20:46:28.991] [INFO ] [T014] [FileSyncService] 文件写入已完成，准备同步: C1716.MP4
[2025-09-21 20:46:28.992] [INFO ] [T025] [MainWindow] 开始同步文件：C1716.MP4
[2025-09-21 20:46:28.992] [INFO ] [T022] [FileSyncService] 获取FastCopy并发许可，开始复制: C1716.MP4
[2025-09-21 20:46:28.992] [INFO ] [T008] [MainWindow] 成功获取文件锁定 (尝试 1/8): C1716.MP4
[2025-09-21 20:46:28.992] [INFO ] [T027] [MainWindow] 已获取文件锁定，开始同步: C1716.MP4
[2025-09-21 20:46:28.992] [INFO ] [T022] [FastCopyService] FastCopy服务初始化: C:\Program Files\FastCopy64\fcp.exe
[2025-09-21 20:46:29.009] [INFO ] [T022] [FastCopyService] 检测到系统中有 2 个FastCopy进程正在运行
[2025-09-21 20:46:29.009] [DEBUG] [T022] [FastCopyService] FastCopy进程: PID=72724, 启动时间=2025-09-21 20:46:24
[2025-09-21 20:46:29.009] [DEBUG] [T022] [FastCopyService] FastCopy进程: PID=89208, 启动时间=2025-09-21 20:46:28
[2025-09-21 20:46:29.010] [INFO ] [T022] [FastCopyService] 开始FastCopy复制: S:\Cache\A\Test\Ibanez A\主机位\C1716.MP4 -> A:\Test.original\Ibanez A\主机位\C1716.MP4
[2025-09-21 20:46:29.010] [INFO ] [T008] [MainWindow] 正在复制: C1716.MP4
[2025-09-21 20:46:29.022] [INFO ] [T022] [FastCopyService] 启动FastCopy进程 (PID: 78764): C1716.MP4
[2025-09-21 20:46:29.506] [INFO ] [T026] [FastCopyService] FastCopy复制成功: S:\Cache\A\Test\Ibanez A\主机位\C1714.MP4 -> A:\Test.original\Ibanez A\主机位\C1714.MP4
[2025-09-21 20:46:29.506] [INFO ] [T026] [FileSyncService] 释放FastCopy并发许可: C1714.MP4
[2025-09-21 20:46:29.506] [INFO ] [T007] [MainWindow] 复制完成: C1714.MP4
[2025-09-21 20:46:29.506] [INFO ] [T022] [MainWindow] 同步完成，释放文件锁定: C1714.MP4
[2025-09-21 20:46:29.508] [INFO ] [T026] [FileSyncService] 文件处理完成，清理锁: C1714.MP4
[2025-09-21 20:46:30.112] [INFO ] [T026] [FileSyncService] 文件已在处理队列中，跳过重复事件: 主机位
[2025-09-21 20:46:31.044] [INFO ] [T022] [FileSyncService] 文件已在处理队列中，跳过重复事件: C1717.MP4
[2025-09-21 20:46:31.053] [INFO ] [T021] [FileSyncService] 检测到文件变化，等待写入完成: C1718.MP4
[2025-09-21 20:46:31.053] [INFO ] [T022] [FileSyncService] 文件已在处理队列中，跳过重复事件: C1718.MP4
[2025-09-21 20:46:31.445] [INFO ] [T021] [FileSyncService] 文件写入已完成，准备同步: C1717.MP4
[2025-09-21 20:46:31.446] [INFO ] [T007] [MainWindow] 开始同步文件：C1717.MP4
[2025-09-21 20:46:31.446] [INFO ] [T026] [FileSyncService] 获取FastCopy并发许可，开始复制: C1717.MP4
[2025-09-21 20:46:31.446] [INFO ] [T028] [MainWindow] 成功获取文件锁定 (尝试 1/8): C1717.MP4
[2025-09-21 20:46:31.446] [INFO ] [T025] [MainWindow] 已获取文件锁定，开始同步: C1717.MP4
[2025-09-21 20:46:31.446] [INFO ] [T026] [FastCopyService] FastCopy服务初始化: C:\Program Files\FastCopy64\fcp.exe
[2025-09-21 20:46:31.459] [INFO ] [T026] [FastCopyService] 检测到系统中有 2 个FastCopy进程正在运行
[2025-09-21 20:46:31.459] [DEBUG] [T026] [FastCopyService] FastCopy进程: PID=89208, 启动时间=2025-09-21 20:46:28
[2025-09-21 20:46:31.459] [DEBUG] [T026] [FastCopyService] FastCopy进程: PID=78764, 启动时间=2025-09-21 20:46:29
[2025-09-21 20:46:31.459] [INFO ] [T026] [FastCopyService] 开始FastCopy复制: S:\Cache\A\Test\Ibanez A\主机位\C1717.MP4 -> A:\Test.original\Ibanez A\主机位\C1717.MP4
[2025-09-21 20:46:31.459] [INFO ] [T007] [MainWindow] 正在复制: C1717.MP4
[2025-09-21 20:46:31.470] [INFO ] [T026] [FastCopyService] 启动FastCopy进程 (PID: 85448): C1717.MP4
[2025-09-21 20:46:32.513] [INFO ] [T021] [FileSyncService] 文件已在处理队列中，跳过重复事件: C1718.MP4
[2025-09-21 20:46:32.520] [INFO ] [T025] [FileSyncService] 文件已在处理队列中，跳过重复事件: 主机位
[2025-09-21 20:46:32.523] [INFO ] [T026] [FileSyncService] 检测到文件变化，等待写入完成: C1719.MP4
[2025-09-21 20:46:32.523] [INFO ] [T025] [FileSyncService] 文件已在处理队列中，跳过重复事件: C1719.MP4
[2025-09-21 20:46:32.592] [INFO ] [T026] [FileSyncService] 文件已在处理队列中，跳过重复事件: 主机位
[2025-09-21 20:46:33.054] [INFO ] [T025] [FileSyncService] 文件写入已完成，准备同步: C1718.MP4
[2025-09-21 20:46:33.054] [INFO ] [T026] [MainWindow] 开始同步文件：C1718.MP4
[2025-09-21 20:46:33.054] [INFO ] [T031] [MainWindow] 已获取文件锁定，开始同步: C1718.MP4
[2025-09-21 20:46:33.054] [INFO ] [T012] [MainWindow] 成功获取文件锁定 (尝试 1/8): C1718.MP4
[2025-09-21 20:46:33.727] [INFO ] [T014] [FileSyncService] 文件已在处理队列中，跳过重复事件: C1719.MP4
[2025-09-21 20:46:33.737] [INFO ] [T014] [FileSyncService] 检测到文件变化，等待写入完成: C1720.MP4
[2025-09-21 20:46:33.737] [INFO ] [T025] [FileSyncService] 文件已在处理队列中，跳过重复事件: C1720.MP4
[2025-09-21 20:46:34.526] [INFO ] [T014] [FileSyncService] 文件写入已完成，准备同步: C1719.MP4
[2025-09-21 20:46:34.526] [INFO ] [T012] [MainWindow] 开始同步文件：C1719.MP4
[2025-09-21 20:46:34.526] [INFO ] [T021] [MainWindow] 成功获取文件锁定 (尝试 1/8): C1719.MP4
[2025-09-21 20:46:34.526] [INFO ] [T026] [MainWindow] 已获取文件锁定，开始同步: C1719.MP4
[2025-09-21 20:46:34.726] [INFO ] [T026] [FileSyncService] 文件已在处理队列中，跳过重复事件: C1720.MP4
[2025-09-21 20:46:34.733] [INFO ] [T026] [FileSyncService] 文件已在处理队列中，跳过重复事件: 主机位
[2025-09-21 20:46:34.736] [INFO ] [T026] [FileSyncService] 检测到文件变化，等待写入完成: C1721.MP4
[2025-09-21 20:46:34.736] [INFO ] [T012] [FileSyncService] 文件已在处理队列中，跳过重复事件: C1721.MP4
[2025-09-21 20:46:34.738] [INFO ] [T021] [FileSyncService] 文件写入已完成，准备同步: C1720.MP4
[2025-09-21 20:46:34.738] [INFO ] [T023] [MainWindow] 开始同步文件：C1720.MP4
[2025-09-21 20:46:34.738] [INFO ] [T014] [MainWindow] 成功获取文件锁定 (尝试 1/8): C1720.MP4
[2025-09-21 20:46:34.738] [INFO ] [T031] [MainWindow] 已获取文件锁定，开始同步: C1720.MP4
[2025-09-21 20:46:34.942] [INFO ] [T030] [FastCopyService] FastCopy复制成功: S:\Cache\A\Test\Ibanez A\主机位\C1715.MP4 -> A:\Test.original\Ibanez A\主机位\C1715.MP4
[2025-09-21 20:46:34.942] [INFO ] [T030] [FileSyncService] 释放FastCopy并发许可: C1715.MP4
[2025-09-21 20:46:34.942] [INFO ] [T012] [MainWindow] 复制完成: C1715.MP4
[2025-09-21 20:46:34.942] [INFO ] [T031] [MainWindow] 同步完成，释放文件锁定: C1715.MP4
[2025-09-21 20:46:34.942] [INFO ] [T014] [FileSyncService] 获取FastCopy并发许可，开始复制: C1718.MP4
[2025-09-21 20:46:34.942] [INFO ] [T014] [FastCopyService] FastCopy服务初始化: C:\Program Files\FastCopy64\fcp.exe
[2025-09-21 20:46:34.942] [INFO ] [T030] [FileSyncService] 文件处理完成，清理锁: C1715.MP4
[2025-09-21 20:46:34.960] [INFO ] [T014] [FastCopyService] 检测到系统中有 2 个FastCopy进程正在运行
[2025-09-21 20:46:34.960] [DEBUG] [T014] [FastCopyService] FastCopy进程: PID=78764, 启动时间=2025-09-21 20:46:29
[2025-09-21 20:46:34.960] [DEBUG] [T014] [FastCopyService] FastCopy进程: PID=85448, 启动时间=2025-09-21 20:46:31
[2025-09-21 20:46:34.960] [INFO ] [T014] [FastCopyService] 开始FastCopy复制: S:\Cache\A\Test\Ibanez A\主机位\C1718.MP4 -> A:\Test.original\Ibanez A\主机位\C1718.MP4
[2025-09-21 20:46:34.960] [INFO ] [T012] [MainWindow] 正在复制: C1718.MP4
[2025-09-21 20:46:34.971] [INFO ] [T014] [FastCopyService] 启动FastCopy进程 (PID: 79176): C1718.MP4
[2025-09-21 20:46:35.681] [INFO ] [T014] [FileSyncService] 文件已在处理队列中，跳过重复事件: C1721.MP4
[2025-09-21 20:46:35.688] [INFO ] [T023] [FileSyncService] 文件已在处理队列中，跳过重复事件: 主机位
[2025-09-21 20:46:35.690] [INFO ] [T023] [FileSyncService] 检测到文件变化，等待写入完成: C1724.MP4
[2025-09-21 20:46:35.690] [INFO ] [T029] [FileSyncService] 文件已在处理队列中，跳过重复事件: C1724.MP4
[2025-09-21 20:46:35.735] [INFO ] [T023] [FileSyncService] 文件写入已完成，准备同步: C1721.MP4
[2025-09-21 20:46:35.736] [INFO ] [T030] [MainWindow] 开始同步文件：C1721.MP4
[2025-09-21 20:46:35.736] [INFO ] [T022] [MainWindow] 已获取文件锁定，开始同步: C1721.MP4
[2025-09-21 20:46:35.736] [INFO ] [T021] [MainWindow] 成功获取文件锁定 (尝试 1/8): C1721.MP4
[2025-09-21 20:46:36.272] [INFO ] [T022] [FileSyncService] 文件已在处理队列中，跳过重复事件: 主机位
[2025-09-21 20:46:36.274] [INFO ] [T008] [FastCopyService] FastCopy复制成功: S:\Cache\A\Test\Ibanez A\主机位\C1716.MP4 -> A:\Test.original\Ibanez A\主机位\C1716.MP4
[2025-09-21 20:46:36.275] [INFO ] [T008] [FileSyncService] 释放FastCopy并发许可: C1716.MP4
[2025-09-21 20:46:36.275] [INFO ] [T025] [MainWindow] 复制完成: C1716.MP4
[2025-09-21 20:46:36.275] [INFO ] [T021] [MainWindow] 同步完成，释放文件锁定: C1716.MP4
[2025-09-21 20:46:36.275] [INFO ] [T027] [FileSyncService] 获取FastCopy并发许可，开始复制: C1719.MP4
[2025-09-21 20:46:36.285] [INFO ] [T027] [FastCopyService] FastCopy服务初始化: C:\Program Files\FastCopy64\fcp.exe
[2025-09-21 20:46:36.298] [INFO ] [T008] [FileSyncService] 文件处理完成，清理锁: C1716.MP4
[2025-09-21 20:46:36.305] [INFO ] [T027] [FastCopyService] 检测到系统中有 2 个FastCopy进程正在运行
[2025-09-21 20:46:36.305] [DEBUG] [T027] [FastCopyService] FastCopy进程: PID=85448, 启动时间=2025-09-21 20:46:31
[2025-09-21 20:46:36.305] [DEBUG] [T027] [FastCopyService] FastCopy进程: PID=79176, 启动时间=2025-09-21 20:46:34
[2025-09-21 20:46:36.305] [INFO ] [T027] [FastCopyService] 开始FastCopy复制: S:\Cache\A\Test\Ibanez A\主机位\C1719.MP4 -> A:\Test.original\Ibanez A\主机位\C1719.MP4
[2025-09-21 20:46:36.305] [INFO ] [T022] [MainWindow] 正在复制: C1719.MP4
[2025-09-21 20:46:36.317] [INFO ] [T027] [FastCopyService] 启动FastCopy进程 (PID: 17172): C1719.MP4
[2025-09-21 20:46:36.620] [INFO ] [T027] [FileSyncService] 文件已在处理队列中，跳过重复事件: C1724.MP4
[2025-09-21 20:46:36.630] [INFO ] [T008] [FileSyncService] 检测到文件变化，等待写入完成: C1725.MP4
[2025-09-21 20:46:36.630] [INFO ] [T022] [FileSyncService] 文件已在处理队列中，跳过重复事件: C1725.MP4
[2025-09-21 20:46:36.691] [INFO ] [T022] [FileSyncService] 文件写入已完成，准备同步: C1724.MP4
[2025-09-21 20:46:36.691] [INFO ] [T008] [MainWindow] 开始同步文件：C1724.MP4
[2025-09-21 20:46:36.691] [INFO ] [T027] [MainWindow] 已获取文件锁定，开始同步: C1724.MP4
[2025-09-21 20:46:36.691] [INFO ] [T029] [MainWindow] 成功获取文件锁定 (尝试 1/8): C1724.MP4
[2025-09-21 20:46:37.487] [INFO ] [T029] [FileSyncService] 文件已在处理队列中，跳过重复事件: C1725.MP4
[2025-09-21 20:46:37.494] [INFO ] [T023] [FileSyncService] 文件已在处理队列中，跳过重复事件: 主机位
[2025-09-21 20:46:37.497] [INFO ] [T027] [FileSyncService] 检测到文件变化，等待写入完成: C1726.MP4
[2025-09-21 20:46:37.497] [INFO ] [T014] [FileSyncService] 文件已在处理队列中，跳过重复事件: C1726.MP4
[2025-09-21 20:46:37.504] [INFO ] [T022] [FileSyncService] 文件已在处理队列中，跳过重复事件: 主机位
[2025-09-21 20:46:38.026] [INFO ] [T023] [FileSyncService] 文件写入已完成，准备同步: C1725.MP4
[2025-09-21 20:46:38.026] [INFO ] [T027] [MainWindow] 开始同步文件：C1725.MP4
[2025-09-21 20:46:38.026] [INFO ] [T013] [MainWindow] 成功获取文件锁定 (尝试 1/8): C1725.MP4
[2025-09-21 20:46:38.026] [INFO ] [T022] [MainWindow] 已获取文件锁定，开始同步: C1725.MP4
[2025-09-21 20:46:38.445] [INFO ] [T028] [FastCopyService] FastCopy复制成功: S:\Cache\A\Test\Ibanez A\主机位\C1717.MP4 -> A:\Test.original\Ibanez A\主机位\C1717.MP4
[2025-09-21 20:46:38.445] [INFO ] [T022] [MainWindow] 复制完成: C1717.MP4
[2025-09-21 20:46:38.445] [INFO ] [T028] [FileSyncService] 释放FastCopy并发许可: C1717.MP4
[2025-09-21 20:46:38.445] [INFO ] [T014] [MainWindow] 同步完成，释放文件锁定: C1717.MP4
[2025-09-21 20:46:38.445] [INFO ] [T007] [FileSyncService] 获取FastCopy并发许可，开始复制: C1720.MP4
[2025-09-21 20:46:38.445] [INFO ] [T028] [FileSyncService] 文件处理完成，清理锁: C1717.MP4
[2025-09-21 20:46:38.446] [INFO ] [T007] [FastCopyService] FastCopy服务初始化: C:\Program Files\FastCopy64\fcp.exe
[2025-09-21 20:46:38.463] [INFO ] [T007] [FastCopyService] 检测到系统中有 2 个FastCopy进程正在运行
[2025-09-21 20:46:38.463] [DEBUG] [T007] [FastCopyService] FastCopy进程: PID=79176, 启动时间=2025-09-21 20:46:34
[2025-09-21 20:46:38.463] [DEBUG] [T007] [FastCopyService] FastCopy进程: PID=17172, 启动时间=2025-09-21 20:46:36
[2025-09-21 20:46:38.463] [INFO ] [T007] [FastCopyService] 开始FastCopy复制: S:\Cache\A\Test\Ibanez A\主机位\C1720.MP4 -> A:\Test.original\Ibanez A\主机位\C1720.MP4
[2025-09-21 20:46:38.463] [INFO ] [T028] [MainWindow] 正在复制: C1720.MP4
[2025-09-21 20:46:38.474] [INFO ] [T007] [FastCopyService] 启动FastCopy进程 (PID: 84352): C1720.MP4
[2025-09-21 20:46:38.528] [INFO ] [T028] [FileSyncService] 文件已在处理队列中，跳过重复事件: C1726.MP4
[2025-09-21 20:46:38.538] [INFO ] [T007] [FileSyncService] 检测到文件变化，等待写入完成: C1727.MP4
[2025-09-21 20:46:38.538] [INFO ] [T007] [FileSyncService] 文件已在处理队列中，跳过重复事件: C1727.MP4
[2025-09-21 20:46:39.478] [INFO ] [T026] [FileSyncService] 文件已在处理队列中，跳过重复事件: C1727.MP4
[2025-09-21 20:46:39.484] [INFO ] [T028] [FileSyncService] 文件已在处理队列中，跳过重复事件: 主机位
[2025-09-21 20:46:39.487] [INFO ] [T026] [FileSyncService] 检测到文件变化，等待写入完成: C1728.MP4
[2025-09-21 20:46:39.487] [INFO ] [T014] [FileSyncService] 文件已在处理队列中，跳过重复事件: C1728.MP4
[2025-09-21 20:46:39.496] [INFO ] [T028] [FileSyncService] 文件写入已完成，准备同步: C1726.MP4
[2025-09-21 20:46:39.497] [INFO ] [T007] [MainWindow] 开始同步文件：C1726.MP4
[2025-09-21 20:46:39.497] [INFO ] [T007] [MainWindow] 成功获取文件锁定 (尝试 1/8): C1726.MP4
[2025-09-21 20:46:39.497] [INFO ] [T023] [MainWindow] 已获取文件锁定，开始同步: C1726.MP4
[2025-09-21 20:46:39.538] [INFO ] [T026] [FileSyncService] 文件写入已完成，准备同步: C1727.MP4
[2025-09-21 20:46:39.538] [INFO ] [T007] [MainWindow] 开始同步文件：C1727.MP4
[2025-09-21 20:46:39.538] [INFO ] [T014] [MainWindow] 已获取文件锁定，开始同步: C1727.MP4
[2025-09-21 20:46:39.538] [INFO ] [T008] [MainWindow] 成功获取文件锁定 (尝试 1/8): C1727.MP4
[2025-09-21 20:46:39.680] [INFO ] [T012] [FastCopyService] FastCopy复制成功: S:\Cache\A\Test\Ibanez A\主机位\C1718.MP4 -> A:\Test.original\Ibanez A\主机位\C1718.MP4
[2025-09-21 20:46:39.680] [INFO ] [T012] [FileSyncService] 释放FastCopy并发许可: C1718.MP4
[2025-09-21 20:46:39.680] [INFO ] [T014] [MainWindow] 同步完成，释放文件锁定: C1718.MP4
[2025-09-21 20:46:39.680] [INFO ] [T027] [MainWindow] 复制完成: C1718.MP4
[2025-09-21 20:46:39.680] [INFO ] [T008] [FileSyncService] 获取FastCopy并发许可，开始复制: C1721.MP4
[2025-09-21 20:46:39.680] [INFO ] [T012] [FileSyncService] 文件处理完成，清理锁: C1718.MP4
[2025-09-21 20:46:39.680] [INFO ] [T008] [FastCopyService] FastCopy服务初始化: C:\Program Files\FastCopy64\fcp.exe
[2025-09-21 20:46:39.696] [INFO ] [T008] [FastCopyService] 检测到系统中有 2 个FastCopy进程正在运行
[2025-09-21 20:46:39.696] [DEBUG] [T008] [FastCopyService] FastCopy进程: PID=17172, 启动时间=2025-09-21 20:46:36
[2025-09-21 20:46:39.696] [DEBUG] [T008] [FastCopyService] FastCopy进程: PID=84352, 启动时间=2025-09-21 20:46:38
[2025-09-21 20:46:39.697] [INFO ] [T008] [FastCopyService] 开始FastCopy复制: S:\Cache\A\Test\Ibanez A\主机位\C1721.MP4 -> A:\Test.original\Ibanez A\主机位\C1721.MP4
[2025-09-21 20:46:39.697] [INFO ] [T027] [MainWindow] 正在复制: C1721.MP4
[2025-09-21 20:46:39.712] [INFO ] [T008] [FastCopyService] 启动FastCopy进程 (PID: 90496): C1721.MP4
[2025-09-21 20:46:39.935] [INFO ] [T008] [FileSyncService] 文件已在处理队列中，跳过重复事件: 主机位
[2025-09-21 20:46:40.165] [INFO ] [T021] [FastCopyService] FastCopy复制成功: S:\Cache\A\Test\Ibanez A\主机位\C1719.MP4 -> A:\Test.original\Ibanez A\主机位\C1719.MP4
[2025-09-21 20:46:40.166] [INFO ] [T012] [MainWindow] 复制完成: C1719.MP4
[2025-09-21 20:46:40.166] [INFO ] [T021] [FileSyncService] 释放FastCopy并发许可: C1719.MP4
[2025-09-21 20:46:40.166] [INFO ] [T014] [MainWindow] 同步完成，释放文件锁定: C1719.MP4
[2025-09-21 20:46:40.166] [INFO ] [T008] [FileSyncService] 获取FastCopy并发许可，开始复制: C1724.MP4
[2025-09-21 20:46:40.166] [INFO ] [T008] [FastCopyService] FastCopy服务初始化: C:\Program Files\FastCopy64\fcp.exe
[2025-09-21 20:46:40.166] [INFO ] [T021] [FileSyncService] 文件处理完成，清理锁: C1719.MP4
[2025-09-21 20:46:40.181] [INFO ] [T008] [FastCopyService] 检测到系统中有 2 个FastCopy进程正在运行
[2025-09-21 20:46:40.181] [DEBUG] [T008] [FastCopyService] FastCopy进程: PID=84352, 启动时间=2025-09-21 20:46:38
[2025-09-21 20:46:40.181] [DEBUG] [T008] [FastCopyService] FastCopy进程: PID=90496, 启动时间=2025-09-21 20:46:39
[2025-09-21 20:46:40.182] [INFO ] [T008] [FastCopyService] 开始FastCopy复制: S:\Cache\A\Test\Ibanez A\主机位\C1724.MP4 -> A:\Test.original\Ibanez A\主机位\C1724.MP4
[2025-09-21 20:46:40.182] [INFO ] [T031] [MainWindow] 正在复制: C1724.MP4
[2025-09-21 20:46:40.192] [INFO ] [T008] [FastCopyService] 启动FastCopy进程 (PID: 86784): C1724.MP4
[2025-09-21 20:46:40.593] [INFO ] [T008] [FileSyncService] 文件已在处理队列中，跳过重复事件: C1728.MP4
[2025-09-21 20:46:40.664] [INFO ] [T025] [FileSyncService] 文件已在处理队列中，跳过重复事件: C1729.MP4
[2025-09-21 20:46:40.664] [INFO ] [T008] [FileSyncService] 检测到文件变化，等待写入完成: C1729.MP4
[2025-09-21 20:46:41.488] [INFO ] [T031] [FileSyncService] 文件写入已完成，准备同步: C1728.MP4
[2025-09-21 20:46:41.488] [INFO ] [T014] [MainWindow] 开始同步文件：C1728.MP4
[2025-09-21 20:46:41.488] [INFO ] [T007] [MainWindow] 成功获取文件锁定 (尝试 1/8): C1728.MP4
[2025-09-21 20:46:41.488] [INFO ] [T007] [MainWindow] 已获取文件锁定，开始同步: C1728.MP4
[2025-09-21 20:46:41.566] [INFO ] [T026] [FileSyncService] 文件已在处理队列中，跳过重复事件: 主机位
[2025-09-21 20:46:41.933] [INFO ] [T013] [FastCopyService] FastCopy复制成功: S:\Cache\A\Test\Ibanez A\主机位\C1720.MP4 -> A:\Test.original\Ibanez A\主机位\C1720.MP4
[2025-09-21 20:46:41.933] [INFO ] [T013] [FileSyncService] 释放FastCopy并发许可: C1720.MP4
[2025-09-21 20:46:41.933] [INFO ] [T025] [MainWindow] 同步完成，释放文件锁定: C1720.MP4
[2025-09-21 20:46:41.933] [INFO ] [T007] [MainWindow] 复制完成: C1720.MP4
[2025-09-21 20:46:41.933] [INFO ] [T026] [FileSyncService] 获取FastCopy并发许可，开始复制: C1725.MP4
[2025-09-21 20:46:41.933] [INFO ] [T013] [FileSyncService] 文件处理完成，清理锁: C1720.MP4
[2025-09-21 20:46:41.933] [INFO ] [T026] [FastCopyService] FastCopy服务初始化: C:\Program Files\FastCopy64\fcp.exe
[2025-09-21 20:46:41.949] [INFO ] [T026] [FastCopyService] 检测到系统中有 2 个FastCopy进程正在运行
[2025-09-21 20:46:41.949] [DEBUG] [T026] [FastCopyService] FastCopy进程: PID=90496, 启动时间=2025-09-21 20:46:39
[2025-09-21 20:46:41.949] [DEBUG] [T026] [FastCopyService] FastCopy进程: PID=86784, 启动时间=2025-09-21 20:46:40
[2025-09-21 20:46:41.949] [INFO ] [T026] [FastCopyService] 开始FastCopy复制: S:\Cache\A\Test\Ibanez A\主机位\C1725.MP4 -> A:\Test.original\Ibanez A\主机位\C1725.MP4
[2025-09-21 20:46:41.949] [INFO ] [T031] [MainWindow] 正在复制: C1725.MP4
[2025-09-21 20:46:41.960] [INFO ] [T026] [FastCopyService] 启动FastCopy进程 (PID: 89856): C1725.MP4
[2025-09-21 20:46:42.468] [INFO ] [T026] [FileSyncService] 文件已在处理队列中，跳过重复事件: C1729.MP4
[2025-09-21 20:46:42.479] [INFO ] [T025] [FileSyncService] 检测到文件变化，等待写入完成: C1730.MP4
[2025-09-21 20:46:42.479] [INFO ] [T026] [FileSyncService] 文件已在处理队列中，跳过重复事件: C1730.MP4
[2025-09-21 20:46:42.662] [INFO ] [T025] [FileSyncService] 文件已在处理队列中，跳过重复事件: 主机位
[2025-09-21 20:46:42.664] [INFO ] [T013] [FileSyncService] 文件写入已完成，准备同步: C1729.MP4
[2025-09-21 20:46:42.665] [INFO ] [T022] [MainWindow] 开始同步文件：C1729.MP4
[2025-09-21 20:46:42.665] [INFO ] [T026] [MainWindow] 成功获取文件锁定 (尝试 1/8): C1729.MP4
[2025-09-21 20:46:42.665] [INFO ] [T029] [MainWindow] 已获取文件锁定，开始同步: C1729.MP4
[2025-09-21 20:46:44.436] [INFO ] [T008] [FileSyncService] 文件已在处理队列中，跳过重复事件: C1730.MP4
[2025-09-21 20:46:44.445] [INFO ] [T027] [FastCopyService] FastCopy复制成功: S:\Cache\A\Test\Ibanez A\主机位\C1721.MP4 -> A:\Test.original\Ibanez A\主机位\C1721.MP4
[2025-09-21 20:46:44.445] [INFO ] [T029] [MainWindow] 复制完成: C1721.MP4
[2025-09-21 20:46:44.445] [INFO ] [T027] [FileSyncService] 释放FastCopy并发许可: C1721.MP4
[2025-09-21 20:46:44.445] [INFO ] [T014] [MainWindow] 同步完成，释放文件锁定: C1721.MP4
[2025-09-21 20:46:44.445] [INFO ] [T026] [FileSyncService] 获取FastCopy并发许可，开始复制: C1726.MP4
[2025-09-21 20:46:44.445] [INFO ] [T026] [FastCopyService] FastCopy服务初始化: C:\Program Files\FastCopy64\fcp.exe
[2025-09-21 20:46:44.445] [INFO ] [T027] [FileSyncService] 文件处理完成，清理锁: C1721.MP4
[2025-09-21 20:46:44.462] [INFO ] [T026] [FastCopyService] 检测到系统中有 2 个FastCopy进程正在运行
[2025-09-21 20:46:44.462] [DEBUG] [T026] [FastCopyService] FastCopy进程: PID=86784, 启动时间=2025-09-21 20:46:40
[2025-09-21 20:46:44.462] [DEBUG] [T026] [FastCopyService] FastCopy进程: PID=89856, 启动时间=2025-09-21 20:46:41
[2025-09-21 20:46:44.462] [INFO ] [T026] [FastCopyService] 开始FastCopy复制: S:\Cache\A\Test\Ibanez A\主机位\C1726.MP4 -> A:\Test.original\Ibanez A\主机位\C1726.MP4
[2025-09-21 20:46:44.462] [INFO ] [T029] [MainWindow] 正在复制: C1726.MP4
[2025-09-21 20:46:44.473] [INFO ] [T026] [FastCopyService] 启动FastCopy进程 (PID: 86772): C1726.MP4
[2025-09-21 20:46:44.536] [INFO ] [T014] [FileSyncService] 检测到文件变化，等待写入完成: C1731.MP4
[2025-09-21 20:46:44.536] [INFO ] [T028] [FileSyncService] 文件已在处理队列中，跳过重复事件: C1731.MP4
[2025-09-21 20:46:44.574] [INFO ] [T021] [FastCopyService] FastCopy复制成功: S:\Cache\A\Test\Ibanez A\主机位\C1724.MP4 -> A:\Test.original\Ibanez A\主机位\C1724.MP4
[2025-09-21 20:46:44.574] [INFO ] [T021] [FileSyncService] 释放FastCopy并发许可: C1724.MP4
[2025-09-21 20:46:44.574] [INFO ] [T027] [MainWindow] 复制完成: C1724.MP4
[2025-09-21 20:46:44.574] [INFO ] [T014] [MainWindow] 同步完成，释放文件锁定: C1724.MP4
[2025-09-21 20:46:44.574] [INFO ] [T028] [FileSyncService] 获取FastCopy并发许可，开始复制: C1727.MP4
[2025-09-21 20:46:44.574] [INFO ] [T028] [FastCopyService] FastCopy服务初始化: C:\Program Files\FastCopy64\fcp.exe
[2025-09-21 20:46:44.575] [INFO ] [T021] [FileSyncService] 文件处理完成，清理锁: C1724.MP4
[2025-09-21 20:46:44.594] [INFO ] [T028] [FastCopyService] 检测到系统中有 2 个FastCopy进程正在运行
[2025-09-21 20:46:44.594] [DEBUG] [T028] [FastCopyService] FastCopy进程: PID=89856, 启动时间=2025-09-21 20:46:41
[2025-09-21 20:46:44.594] [DEBUG] [T028] [FastCopyService] FastCopy进程: PID=86772, 启动时间=2025-09-21 20:46:44
[2025-09-21 20:46:44.594] [INFO ] [T028] [FastCopyService] 开始FastCopy复制: S:\Cache\A\Test\Ibanez A\主机位\C1727.MP4 -> A:\Test.original\Ibanez A\主机位\C1727.MP4
[2025-09-21 20:46:44.594] [INFO ] [T027] [MainWindow] 正在复制: C1727.MP4
[2025-09-21 20:46:44.606] [INFO ] [T028] [FastCopyService] 启动FastCopy进程 (PID: 87076): C1727.MP4
[2025-09-21 20:46:45.479] [INFO ] [T028] [FileSyncService] 文件写入已完成，准备同步: C1730.MP4
[2025-09-21 20:46:45.479] [INFO ] [T021] [MainWindow] 开始同步文件：C1730.MP4
[2025-09-21 20:46:45.479] [INFO ] [T028] [MainWindow] 已获取文件锁定，开始同步: C1730.MP4
[2025-09-21 20:46:45.479] [INFO ] [T013] [MainWindow] 成功获取文件锁定 (尝试 1/8): C1730.MP4
[2025-09-21 20:46:45.487] [INFO ] [T031] [FastCopyService] FastCopy复制成功: S:\Cache\A\Test\Ibanez A\主机位\C1725.MP4 -> A:\Test.original\Ibanez A\主机位\C1725.MP4
[2025-09-21 20:46:45.487] [INFO ] [T031] [FileSyncService] 释放FastCopy并发许可: C1725.MP4
[2025-09-21 20:46:45.487] [INFO ] [T013] [FileSyncService] 获取FastCopy并发许可，开始复制: C1728.MP4
[2025-09-21 20:46:45.487] [INFO ] [T014] [MainWindow] 复制完成: C1725.MP4
[2025-09-21 20:46:45.487] [INFO ] [T028] [MainWindow] 同步完成，释放文件锁定: C1725.MP4
[2025-09-21 20:46:45.488] [INFO ] [T013] [FastCopyService] FastCopy服务初始化: C:\Program Files\FastCopy64\fcp.exe
[2025-09-21 20:46:45.489] [INFO ] [T031] [FileSyncService] 文件处理完成，清理锁: C1725.MP4
[2025-09-21 20:46:45.501] [INFO ] [T013] [FastCopyService] 检测到系统中有 2 个FastCopy进程正在运行
[2025-09-21 20:46:45.501] [DEBUG] [T013] [FastCopyService] FastCopy进程: PID=86772, 启动时间=2025-09-21 20:46:44
[2025-09-21 20:46:45.501] [DEBUG] [T013] [FastCopyService] FastCopy进程: PID=87076, 启动时间=2025-09-21 20:46:44
[2025-09-21 20:46:45.501] [INFO ] [T013] [FastCopyService] 开始FastCopy复制: S:\Cache\A\Test\Ibanez A\主机位\C1728.MP4 -> A:\Test.original\Ibanez A\主机位\C1728.MP4
[2025-09-21 20:46:45.501] [INFO ] [T028] [MainWindow] 正在复制: C1728.MP4
[2025-09-21 20:46:45.514] [INFO ] [T013] [FastCopyService] 启动FastCopy进程 (PID: 84160): C1728.MP4
[2025-09-21 20:46:46.337] [INFO ] [T013] [FileSyncService] 文件已在处理队列中，跳过重复事件: C1731.MP4
[2025-09-21 20:46:46.344] [INFO ] [T031] [FileSyncService] 文件已在处理队列中，跳过重复事件: 主机位
[2025-09-21 20:46:46.347] [INFO ] [T014] [FileSyncService] 检测到文件变化，等待写入完成: C1732.MP4
[2025-09-21 20:46:46.347] [INFO ] [T007] [FileSyncService] 文件已在处理队列中，跳过重复事件: C1732.MP4
[2025-09-21 20:46:46.537] [INFO ] [T013] [FileSyncService] 文件写入已完成，准备同步: C1731.MP4
[2025-09-21 20:46:46.537] [INFO ] [T014] [MainWindow] 开始同步文件：C1731.MP4
[2025-09-21 20:46:46.537] [INFO ] [T022] [MainWindow] 已获取文件锁定，开始同步: C1731.MP4
[2025-09-21 20:46:46.537] [INFO ] [T023] [MainWindow] 成功获取文件锁定 (尝试 1/8): C1731.MP4
[2025-09-21 20:46:47.131] [INFO ] [T023] [FileSyncService] 文件已在处理队列中，跳过重复事件: 主机位
[2025-09-21 20:46:48.487] [INFO ] [T023] [FileSyncService] 文件已在处理队列中，跳过重复事件: C1732.MP4
[2025-09-21 20:46:48.497] [INFO ] [T026] [FileSyncService] 文件已在处理队列中，跳过重复事件: C1733.MP4
[2025-09-21 20:46:48.497] [INFO ] [T022] [FileSyncService] 检测到文件变化，等待写入完成: C1733.MP4
[2025-09-21 20:46:49.347] [INFO ] [T022] [FileSyncService] 文件写入已完成，准备同步: C1732.MP4
[2025-09-21 20:46:49.347] [INFO ] [T031] [MainWindow] 开始同步文件：C1732.MP4
[2025-09-21 20:46:49.347] [INFO ] [T014] [MainWindow] 已获取文件锁定，开始同步: C1732.MP4
[2025-09-21 20:46:49.347] [INFO ] [T023] [MainWindow] 成功获取文件锁定 (尝试 1/8): C1732.MP4
[2025-09-21 20:46:50.213] [INFO ] [T023] [FileSyncService] 文件已在处理队列中，跳过重复事件: C1733.MP4
[2025-09-21 20:46:50.222] [INFO ] [T022] [FileSyncService] 文件已在处理队列中，跳过重复事件: Ibanez A
[2025-09-21 20:46:50.225] [INFO ] [T007] [FileSyncService] 检测到文件变化，等待写入完成: 右边机位
[2025-09-21 20:46:50.225] [INFO ] [T022] [FileSyncService] 文件已在处理队列中，跳过重复事件: 右边机位
[2025-09-21 20:46:50.225] [INFO ] [T007] [FileSyncService] 文件已被删除，跳过同步: 右边机位
[2025-09-21 20:46:50.238] [INFO ] [T023] [FileSyncService] 检测到文件变化，等待写入完成: C0009.MP4
[2025-09-21 20:46:50.238] [INFO ] [T014] [FileSyncService] 文件已在处理队列中，跳过重复事件: C0009.MP4
[2025-09-21 20:46:50.498] [INFO ] [T026] [FileSyncService] 文件写入已完成，准备同步: C1733.MP4
[2025-09-21 20:46:50.498] [INFO ] [T007] [MainWindow] 开始同步文件：C1733.MP4
[2025-09-21 20:46:50.498] [INFO ] [T026] [MainWindow] 已获取文件锁定，开始同步: C1733.MP4
[2025-09-21 20:46:50.498] [INFO ] [T026] [MainWindow] 成功获取文件锁定 (尝试 1/8): C1733.MP4
[2025-09-21 20:46:51.330] [INFO ] [T028] [FastCopyService] FastCopy复制成功: S:\Cache\A\Test\Ibanez A\主机位\C1728.MP4 -> A:\Test.original\Ibanez A\主机位\C1728.MP4
[2025-09-21 20:46:51.330] [INFO ] [T028] [FileSyncService] 释放FastCopy并发许可: C1728.MP4
[2025-09-21 20:46:51.330] [INFO ] [T021] [MainWindow] 复制完成: C1728.MP4
[2025-09-21 20:46:51.330] [INFO ] [T007] [MainWindow] 同步完成，释放文件锁定: C1728.MP4
[2025-09-21 20:46:51.330] [INFO ] [T023] [FileSyncService] 获取FastCopy并发许可，开始复制: C1729.MP4
[2025-09-21 20:46:51.330] [INFO ] [T028] [FileSyncService] 文件处理完成，清理锁: C1728.MP4
[2025-09-21 20:46:51.331] [INFO ] [T023] [FastCopyService] FastCopy服务初始化: C:\Program Files\FastCopy64\fcp.exe
[2025-09-21 20:46:51.347] [INFO ] [T023] [FastCopyService] 检测到系统中有 2 个FastCopy进程正在运行
[2025-09-21 20:46:51.347] [DEBUG] [T023] [FastCopyService] FastCopy进程: PID=86772, 启动时间=2025-09-21 20:46:44
[2025-09-21 20:46:51.347] [DEBUG] [T023] [FastCopyService] FastCopy进程: PID=87076, 启动时间=2025-09-21 20:46:44
[2025-09-21 20:46:51.348] [INFO ] [T023] [FastCopyService] 开始FastCopy复制: S:\Cache\A\Test\Ibanez A\主机位\C1729.MP4 -> A:\Test.original\Ibanez A\主机位\C1729.MP4
[2025-09-21 20:46:51.348] [INFO ] [T007] [MainWindow] 正在复制: C1729.MP4
[2025-09-21 20:46:51.351] [INFO ] [T027] [FastCopyService] FastCopy复制成功: S:\Cache\A\Test\Ibanez A\主机位\C1727.MP4 -> A:\Test.original\Ibanez A\主机位\C1727.MP4
[2025-09-21 20:46:51.351] [INFO ] [T014] [MainWindow] 复制完成: C1727.MP4
[2025-09-21 20:46:51.351] [INFO ] [T027] [FileSyncService] 释放FastCopy并发许可: C1727.MP4
[2025-09-21 20:46:51.351] [INFO ] [T007] [MainWindow] 同步完成，释放文件锁定: C1727.MP4
[2025-09-21 20:46:51.351] [INFO ] [T014] [FileSyncService] 获取FastCopy并发许可，开始复制: C1730.MP4
[2025-09-21 20:46:51.351] [INFO ] [T027] [FileSyncService] 文件处理完成，清理锁: C1727.MP4
[2025-09-21 20:46:51.352] [INFO ] [T014] [FastCopyService] FastCopy服务初始化: C:\Program Files\FastCopy64\fcp.exe
[2025-09-21 20:46:51.359] [INFO ] [T023] [FastCopyService] 启动FastCopy进程 (PID: 88044): C1729.MP4
[2025-09-21 20:46:51.367] [INFO ] [T014] [FastCopyService] 检测到系统中有 2 个FastCopy进程正在运行
[2025-09-21 20:46:51.367] [DEBUG] [T014] [FastCopyService] FastCopy进程: PID=86772, 启动时间=2025-09-21 20:46:44
[2025-09-21 20:46:51.367] [DEBUG] [T014] [FastCopyService] FastCopy进程: PID=88044, 启动时间=2025-09-21 20:46:51
[2025-09-21 20:46:51.367] [INFO ] [T014] [FastCopyService] 开始FastCopy复制: S:\Cache\A\Test\Ibanez A\主机位\C1730.MP4 -> A:\Test.original\Ibanez A\主机位\C1730.MP4
[2025-09-21 20:46:51.367] [INFO ] [T023] [MainWindow] 正在复制: C1730.MP4
[2025-09-21 20:46:51.378] [INFO ] [T014] [FastCopyService] 启动FastCopy进程 (PID: 65076): C1730.MP4
[2025-09-21 20:46:51.423] [INFO ] [T008] [FastCopyService] FastCopy复制成功: S:\Cache\A\Test\Ibanez A\主机位\C1726.MP4 -> A:\Test.original\Ibanez A\主机位\C1726.MP4
[2025-09-21 20:46:51.423] [INFO ] [T028] [MainWindow] 复制完成: C1726.MP4
[2025-09-21 20:46:51.423] [INFO ] [T008] [FileSyncService] 释放FastCopy并发许可: C1726.MP4
[2025-09-21 20:46:51.423] [INFO ] [T029] [MainWindow] 同步完成，释放文件锁定: C1726.MP4
[2025-09-21 20:46:51.423] [INFO ] [T014] [FileSyncService] 获取FastCopy并发许可，开始复制: C1731.MP4
[2025-09-21 20:46:51.424] [INFO ] [T014] [FastCopyService] FastCopy服务初始化: C:\Program Files\FastCopy64\fcp.exe
[2025-09-21 20:46:51.425] [INFO ] [T008] [FileSyncService] 文件处理完成，清理锁: C1726.MP4
[2025-09-21 20:46:51.439] [INFO ] [T014] [FastCopyService] 检测到系统中有 2 个FastCopy进程正在运行
[2025-09-21 20:46:51.439] [DEBUG] [T014] [FastCopyService] FastCopy进程: PID=88044, 启动时间=2025-09-21 20:46:51
[2025-09-21 20:46:51.439] [DEBUG] [T014] [FastCopyService] FastCopy进程: PID=65076, 启动时间=2025-09-21 20:46:51
[2025-09-21 20:46:51.440] [INFO ] [T014] [FastCopyService] 开始FastCopy复制: S:\Cache\A\Test\Ibanez A\主机位\C1731.MP4 -> A:\Test.original\Ibanez A\主机位\C1731.MP4
[2025-09-21 20:46:51.440] [INFO ] [T029] [MainWindow] 正在复制: C1731.MP4
[2025-09-21 20:46:51.451] [INFO ] [T014] [FastCopyService] 启动FastCopy进程 (PID: 78332): C1731.MP4
[2025-09-21 20:46:51.839] [INFO ] [T014] [FileSyncService] 文件已在处理队列中，跳过重复事件: C0009.MP4
[2025-09-21 20:46:51.847] [INFO ] [T028] [FileSyncService] 文件已在处理队列中，跳过重复事件: 右边机位
[2025-09-21 20:46:51.851] [INFO ] [T008] [FileSyncService] 检测到文件变化，等待写入完成: C0010.MP4
[2025-09-21 20:46:51.851] [INFO ] [T028] [FileSyncService] 文件已在处理队列中，跳过重复事件: C0010.MP4
[2025-09-21 20:46:52.240] [INFO ] [T022] [FileSyncService] 文件写入已完成，准备同步: C0009.MP4
[2025-09-21 20:46:52.240] [INFO ] [T008] [MainWindow] 开始同步文件：C0009.MP4
[2025-09-21 20:46:52.240] [INFO ] [T028] [MainWindow] 已获取文件锁定，开始同步: C0009.MP4
[2025-09-21 20:46:52.240] [INFO ] [T030] [MainWindow] 成功获取文件锁定 (尝试 1/8): C0009.MP4
[2025-09-21 20:46:52.992] [INFO ] [T028] [FileSyncService] 文件已在处理队列中，跳过重复事件: C0010.MP4
[2025-09-21 20:46:52.999] [INFO ] [T028] [FileSyncService] 文件已在处理队列中，跳过重复事件: 右边机位
[2025-09-21 20:46:53.002] [INFO ] [T031] [FileSyncService] 文件已在处理队列中，跳过重复事件: C0011.MP4
[2025-09-21 20:46:53.002] [INFO ] [T030] [FileSyncService] 检测到文件变化，等待写入完成: C0011.MP4
[2025-09-21 20:46:53.680] [INFO ] [T030] [FileSyncService] 文件已在处理队列中，跳过重复事件: 主机位
[2025-09-21 20:46:54.030] [INFO ] [T028] [FileSyncService] 文件写入已完成，准备同步: C0010.MP4
[2025-09-21 20:46:54.030] [INFO ] [T031] [MainWindow] 开始同步文件：C0010.MP4
[2025-09-21 20:46:54.030] [INFO ] [T028] [MainWindow] 已获取文件锁定，开始同步: C0010.MP4
[2025-09-21 20:46:54.030] [INFO ] [T030] [MainWindow] 成功获取文件锁定 (尝试 1/8): C0010.MP4
[2025-09-21 20:46:54.651] [INFO ] [T030] [FileSyncService] 文件已在处理队列中，跳过重复事件: C0011.MP4
[2025-09-21 20:46:54.657] [INFO ] [T028] [FileSyncService] 文件已在处理队列中，跳过重复事件: 右边机位
[2025-09-21 20:46:54.659] [INFO ] [T027] [FileSyncService] 检测到文件变化，等待写入完成: C0013.MP4
[2025-09-21 20:46:54.659] [INFO ] [T030] [FileSyncService] 文件已在处理队列中，跳过重复事件: C0013.MP4
[2025-09-21 20:46:55.003] [INFO ] [T028] [FileSyncService] 文件写入已完成，准备同步: C0011.MP4
[2025-09-21 20:46:55.003] [INFO ] [T014] [MainWindow] 开始同步文件：C0011.MP4
[2025-09-21 20:46:55.003] [INFO ] [T013] [MainWindow] 成功获取文件锁定 (尝试 1/8): C0011.MP4
[2025-09-21 20:46:55.003] [INFO ] [T027] [MainWindow] 已获取文件锁定，开始同步: C0011.MP4
[2025-09-21 20:46:56.491] [INFO ] [T027] [FileSyncService] 文件已在处理队列中，跳过重复事件: C0013.MP4
[2025-09-21 20:46:56.496] [INFO ] [T008] [FileSyncService] 文件已在处理队列中，跳过重复事件: 右边机位
[2025-09-21 20:46:56.499] [INFO ] [T013] [FileSyncService] 检测到文件变化，等待写入完成: C0014.MP4
[2025-09-21 20:46:56.499] [INFO ] [T031] [FileSyncService] 文件已在处理队列中，跳过重复事件: C0014.MP4
[2025-09-21 20:46:56.833] [INFO ] [T013] [FileSyncService] 文件写入已完成，准备同步: C0013.MP4
[2025-09-21 20:46:56.833] [INFO ] [T014] [MainWindow] 开始同步文件：C0013.MP4
[2025-09-21 20:46:56.833] [INFO ] [T013] [MainWindow] 成功获取文件锁定 (尝试 1/8): C0013.MP4
[2025-09-21 20:46:56.833] [INFO ] [T013] [MainWindow] 已获取文件锁定，开始同步: C0013.MP4
[2025-09-21 20:46:57.892] [INFO ] [T023] [FastCopyService] FastCopy复制成功: S:\Cache\A\Test\Ibanez A\主机位\C1730.MP4 -> A:\Test.original\Ibanez A\主机位\C1730.MP4
[2025-09-21 20:46:57.892] [INFO ] [T026] [MainWindow] 复制完成: C1730.MP4
[2025-09-21 20:46:57.892] [INFO ] [T023] [FileSyncService] 释放FastCopy并发许可: C1730.MP4
[2025-09-21 20:46:57.892] [INFO ] [T022] [MainWindow] 同步完成，释放文件锁定: C1730.MP4
[2025-09-21 20:46:57.892] [INFO ] [T014] [FileSyncService] 获取FastCopy并发许可，开始复制: C1732.MP4
[2025-09-21 20:46:57.892] [INFO ] [T023] [FileSyncService] 文件处理完成，清理锁: C1730.MP4
[2025-09-21 20:46:57.893] [INFO ] [T014] [FastCopyService] FastCopy服务初始化: C:\Program Files\FastCopy64\fcp.exe
[2025-09-21 20:46:57.909] [INFO ] [T014] [FastCopyService] 检测到系统中有 2 个FastCopy进程正在运行
[2025-09-21 20:46:57.909] [DEBUG] [T014] [FastCopyService] FastCopy进程: PID=88044, 启动时间=2025-09-21 20:46:51
[2025-09-21 20:46:57.909] [DEBUG] [T014] [FastCopyService] FastCopy进程: PID=78332, 启动时间=2025-09-21 20:46:51
[2025-09-21 20:46:57.910] [INFO ] [T014] [FastCopyService] 开始FastCopy复制: S:\Cache\A\Test\Ibanez A\主机位\C1732.MP4 -> A:\Test.original\Ibanez A\主机位\C1732.MP4
[2025-09-21 20:46:57.910] [INFO ] [T026] [MainWindow] 正在复制: C1732.MP4
[2025-09-21 20:46:57.921] [INFO ] [T014] [FastCopyService] 启动FastCopy进程 (PID: 82468): C1732.MP4
[2025-09-21 20:46:58.433] [INFO ] [T012] [FastCopyService] FastCopy复制成功: S:\Cache\A\Test\Ibanez A\主机位\C1729.MP4 -> A:\Test.original\Ibanez A\主机位\C1729.MP4
[2025-09-21 20:46:58.433] [INFO ] [T007] [MainWindow] 复制完成: C1729.MP4
[2025-09-21 20:46:58.433] [INFO ] [T012] [FileSyncService] 释放FastCopy并发许可: C1729.MP4
[2025-09-21 20:46:58.433] [INFO ] [T031] [MainWindow] 同步完成，释放文件锁定: C1729.MP4
[2025-09-21 20:46:58.433] [INFO ] [T014] [FileSyncService] 获取FastCopy并发许可，开始复制: C1733.MP4
[2025-09-21 20:46:58.434] [INFO ] [T014] [FastCopyService] FastCopy服务初始化: C:\Program Files\FastCopy64\fcp.exe
[2025-09-21 20:46:58.434] [INFO ] [T012] [FileSyncService] 文件处理完成，清理锁: C1729.MP4
[2025-09-21 20:46:58.450] [INFO ] [T014] [FastCopyService] 检测到系统中有 2 个FastCopy进程正在运行
[2025-09-21 20:46:58.450] [DEBUG] [T014] [FastCopyService] FastCopy进程: PID=78332, 启动时间=2025-09-21 20:46:51
[2025-09-21 20:46:58.450] [DEBUG] [T014] [FastCopyService] FastCopy进程: PID=82468, 启动时间=2025-09-21 20:46:57
[2025-09-21 20:46:58.450] [INFO ] [T014] [FastCopyService] 开始FastCopy复制: S:\Cache\A\Test\Ibanez A\主机位\C1733.MP4 -> A:\Test.original\Ibanez A\主机位\C1733.MP4
[2025-09-21 20:46:58.450] [INFO ] [T012] [MainWindow] 正在复制: C1733.MP4
[2025-09-21 20:46:58.461] [INFO ] [T014] [FastCopyService] 启动FastCopy进程 (PID: 82132): C1733.MP4
[2025-09-21 20:46:58.619] [INFO ] [T029] [FastCopyService] FastCopy复制成功: S:\Cache\A\Test\Ibanez A\主机位\C1731.MP4 -> A:\Test.original\Ibanez A\主机位\C1731.MP4
[2025-09-21 20:46:58.620] [INFO ] [T012] [MainWindow] 复制完成: C1731.MP4
[2025-09-21 20:46:58.620] [INFO ] [T029] [FileSyncService] 释放FastCopy并发许可: C1731.MP4
[2025-09-21 20:46:58.620] [INFO ] [T013] [MainWindow] 同步完成，释放文件锁定: C1731.MP4
[2025-09-21 20:46:58.620] [INFO ] [T014] [FileSyncService] 获取FastCopy并发许可，开始复制: C0009.MP4
[2025-09-21 20:46:58.621] [INFO ] [T014] [FastCopyService] FastCopy服务初始化: C:\Program Files\FastCopy64\fcp.exe
[2025-09-21 20:46:58.621] [INFO ] [T029] [FileSyncService] 文件处理完成，清理锁: C1731.MP4
[2025-09-21 20:46:58.637] [INFO ] [T014] [FastCopyService] 检测到系统中有 2 个FastCopy进程正在运行
[2025-09-21 20:46:58.637] [DEBUG] [T014] [FastCopyService] FastCopy进程: PID=82468, 启动时间=2025-09-21 20:46:57
[2025-09-21 20:46:58.637] [DEBUG] [T014] [FastCopyService] FastCopy进程: PID=82132, 启动时间=2025-09-21 20:46:58
[2025-09-21 20:46:58.638] [INFO ] [T014] [FastCopyService] 开始FastCopy复制: S:\Cache\A\Test\Ibanez A\右边机位\C0009.MP4 -> A:\Test.original\Ibanez A\右边机位\C0009.MP4
[2025-09-21 20:46:58.638] [INFO ] [T029] [MainWindow] 正在复制: C0009.MP4
[2025-09-21 20:46:58.648] [INFO ] [T014] [FastCopyService] 启动FastCopy进程 (PID: 82252): C0009.MP4
[2025-09-21 20:46:58.990] [INFO ] [T029] [FileSyncService] 文件已在处理队列中，跳过重复事件: C0014.MP4
[2025-09-21 20:46:58.997] [INFO ] [T021] [FileSyncService] 文件已在处理队列中，跳过重复事件: 右边机位
[2025-09-21 20:46:59.000] [INFO ] [T021] [FileSyncService] 检测到文件变化，等待写入完成: C0015.MP4
[2025-09-21 20:46:59.000] [INFO ] [T029] [FileSyncService] 文件已在处理队列中，跳过重复事件: C0015.MP4
[2025-09-21 20:46:59.500] [INFO ] [T029] [FileSyncService] 文件写入已完成，准备同步: C0014.MP4
[2025-09-21 20:46:59.500] [INFO ] [T027] [MainWindow] 开始同步文件：C0014.MP4
[2025-09-21 20:46:59.500] [INFO ] [T026] [MainWindow] 成功获取文件锁定 (尝试 1/8): C0014.MP4
[2025-09-21 20:46:59.500] [INFO ] [T008] [MainWindow] 已获取文件锁定，开始同步: C0014.MP4
[2025-09-21 20:47:00.499] [INFO ] [T008] [FileSyncService] 文件已在处理队列中，跳过重复事件: 右边机位
[2025-09-21 20:47:03.199] [INFO ] [T008] [FileSyncService] 文件已在处理队列中，跳过重复事件: C0015.MP4
[2025-09-21 20:47:03.210] [INFO ] [T008] [FileSyncService] 检测到文件变化，等待写入完成: C0016.MP4
[2025-09-21 20:47:03.210] [INFO ] [T014] [FileSyncService] 文件已在处理队列中，跳过重复事件: C0016.MP4
[2025-09-21 20:47:04.002] [INFO ] [T028] [FileSyncService] 文件写入已完成，准备同步: C0015.MP4
[2025-09-21 20:47:04.002] [INFO ] [T014] [MainWindow] 开始同步文件：C0015.MP4
[2025-09-21 20:47:04.002] [INFO ] [T028] [MainWindow] 成功获取文件锁定 (尝试 1/8): C0015.MP4
[2025-09-21 20:47:04.002] [INFO ] [T008] [MainWindow] 已获取文件锁定，开始同步: C0015.MP4
[2025-09-21 20:47:04.681] [INFO ] [T013] [FastCopyService] FastCopy复制成功: S:\Cache\A\Test\Ibanez A\右边机位\C0009.MP4 -> A:\Test.original\Ibanez A\右边机位\C0009.MP4
[2025-09-21 20:47:04.681] [INFO ] [T008] [MainWindow] 复制完成: C0009.MP4
[2025-09-21 20:47:04.681] [INFO ] [T013] [FileSyncService] 释放FastCopy并发许可: C0009.MP4
[2025-09-21 20:47:04.682] [INFO ] [T028] [MainWindow] 同步完成，释放文件锁定: C0009.MP4
[2025-09-21 20:47:04.682] [INFO ] [T012] [FileSyncService] 获取FastCopy并发许可，开始复制: C0010.MP4
[2025-09-21 20:47:04.682] [INFO ] [T013] [FileSyncService] 文件处理完成，清理锁: C0009.MP4
[2025-09-21 20:47:04.682] [INFO ] [T012] [FastCopyService] FastCopy服务初始化: C:\Program Files\FastCopy64\fcp.exe
[2025-09-21 20:47:04.695] [INFO ] [T012] [FastCopyService] 检测到系统中有 2 个FastCopy进程正在运行
[2025-09-21 20:47:04.695] [DEBUG] [T012] [FastCopyService] FastCopy进程: PID=82468, 启动时间=2025-09-21 20:46:57
[2025-09-21 20:47:04.695] [DEBUG] [T012] [FastCopyService] FastCopy进程: PID=82132, 启动时间=2025-09-21 20:46:58
[2025-09-21 20:47:04.695] [INFO ] [T012] [FastCopyService] 开始FastCopy复制: S:\Cache\A\Test\Ibanez A\右边机位\C0010.MP4 -> A:\Test.original\Ibanez A\右边机位\C0010.MP4
[2025-09-21 20:47:04.695] [INFO ] [T028] [MainWindow] 正在复制: C0010.MP4
[2025-09-21 20:47:04.707] [INFO ] [T012] [FastCopyService] 启动FastCopy进程 (PID: 76160): C0010.MP4
[2025-09-21 20:47:04.727] [INFO ] [T031] [FastCopyService] FastCopy复制成功: S:\Cache\A\Test\Ibanez A\主机位\C1733.MP4 -> A:\Test.original\Ibanez A\主机位\C1733.MP4
[2025-09-21 20:47:04.727] [INFO ] [T007] [MainWindow] 复制完成: C1733.MP4
[2025-09-21 20:47:04.727] [INFO ] [T031] [FileSyncService] 释放FastCopy并发许可: C1733.MP4
[2025-09-21 20:47:04.727] [INFO ] [T013] [MainWindow] 同步完成，释放文件锁定: C1733.MP4
[2025-09-21 20:47:04.727] [INFO ] [T012] [FileSyncService] 获取FastCopy并发许可，开始复制: C0011.MP4
[2025-09-21 20:47:04.727] [INFO ] [T012] [FastCopyService] FastCopy服务初始化: C:\Program Files\FastCopy64\fcp.exe
[2025-09-21 20:47:04.728] [INFO ] [T031] [FileSyncService] 文件处理完成，清理锁: C1733.MP4
[2025-09-21 20:47:04.741] [INFO ] [T012] [FastCopyService] 检测到系统中有 2 个FastCopy进程正在运行
[2025-09-21 20:47:04.741] [DEBUG] [T012] [FastCopyService] FastCopy进程: PID=82468, 启动时间=2025-09-21 20:46:57
[2025-09-21 20:47:04.741] [DEBUG] [T012] [FastCopyService] FastCopy进程: PID=76160, 启动时间=2025-09-21 20:47:04
[2025-09-21 20:47:04.741] [INFO ] [T012] [FastCopyService] 开始FastCopy复制: S:\Cache\A\Test\Ibanez A\右边机位\C0011.MP4 -> A:\Test.original\Ibanez A\右边机位\C0011.MP4
[2025-09-21 20:47:04.741] [INFO ] [T007] [MainWindow] 正在复制: C0011.MP4
[2025-09-21 20:47:04.754] [INFO ] [T012] [FastCopyService] 启动FastCopy进程 (PID: 90620): C0011.MP4
[2025-09-21 20:47:04.801] [INFO ] [T023] [FastCopyService] FastCopy复制成功: S:\Cache\A\Test\Ibanez A\主机位\C1732.MP4 -> A:\Test.original\Ibanez A\主机位\C1732.MP4
[2025-09-21 20:47:04.801] [INFO ] [T023] [FileSyncService] 释放FastCopy并发许可: C1732.MP4
[2025-09-21 20:47:04.801] [INFO ] [T007] [MainWindow] 复制完成: C1732.MP4
[2025-09-21 20:47:04.801] [INFO ] [T021] [MainWindow] 同步完成，释放文件锁定: C1732.MP4
[2025-09-21 20:47:04.801] [INFO ] [T012] [FileSyncService] 获取FastCopy并发许可，开始复制: C0013.MP4
[2025-09-21 20:47:04.802] [INFO ] [T012] [FastCopyService] FastCopy服务初始化: C:\Program Files\FastCopy64\fcp.exe
[2025-09-21 20:47:04.815] [INFO ] [T012] [FastCopyService] 检测到系统中有 2 个FastCopy进程正在运行
[2025-09-21 20:47:04.815] [DEBUG] [T012] [FastCopyService] FastCopy进程: PID=76160, 启动时间=2025-09-21 20:47:04
[2025-09-21 20:47:04.815] [DEBUG] [T012] [FastCopyService] FastCopy进程: PID=90620, 启动时间=2025-09-21 20:47:04
[2025-09-21 20:47:04.815] [INFO ] [T012] [FastCopyService] 开始FastCopy复制: S:\Cache\A\Test\Ibanez A\右边机位\C0013.MP4 -> A:\Test.original\Ibanez A\右边机位\C0013.MP4
[2025-09-21 20:47:04.815] [INFO ] [T021] [MainWindow] 正在复制: C0013.MP4
[2025-09-21 20:47:04.827] [INFO ] [T012] [FastCopyService] 启动FastCopy进程 (PID: 62196): C0013.MP4
[2025-09-21 20:47:04.834] [INFO ] [T023] [FileSyncService] 文件处理完成，清理锁: C1732.MP4
[2025-09-21 20:47:05.215] [INFO ] [T012] [FileSyncService] 文件已在处理队列中，跳过重复事件: C0016.MP4
[2025-09-21 20:47:05.222] [INFO ] [T023] [FileSyncService] 文件已在处理队列中，跳过重复事件: 右边机位
[2025-09-21 20:47:05.225] [INFO ] [T007] [FileSyncService] 检测到文件变化，等待写入完成: C0017.MP4
[2025-09-21 20:47:05.225] [INFO ] [T012] [FileSyncService] 文件已在处理队列中，跳过重复事件: C0017.MP4
[2025-09-21 20:47:06.212] [INFO ] [T028] [FileSyncService] 文件写入已完成，准备同步: C0016.MP4
[2025-09-21 20:47:06.212] [INFO ] [T007] [MainWindow] 开始同步文件：C0016.MP4
[2025-09-21 20:47:06.212] [INFO ] [T015] [MainWindow] 已获取文件锁定，开始同步: C0016.MP4
[2025-09-21 20:47:06.212] [INFO ] [T014] [MainWindow] 成功获取文件锁定 (尝试 1/8): C0016.MP4
[2025-09-21 20:47:06.952] [INFO ] [T015] [FileSyncService] 文件已在处理队列中，跳过重复事件: 右边机位
[2025-09-21 20:47:08.355] [INFO ] [T007] [FileSyncService] 文件已在处理队列中，跳过重复事件: C0017.MP4
[2025-09-21 20:47:08.364] [INFO ] [T014] [FileSyncService] 检测到文件变化，等待写入完成: C0018.MP4
[2025-09-21 20:47:08.364] [INFO ] [T022] [FileSyncService] 文件已在处理队列中，跳过重复事件: C0018.MP4
[2025-09-21 20:47:09.225] [INFO ] [T022] [FileSyncService] 文件写入已完成，准备同步: C0017.MP4
[2025-09-21 20:47:09.225] [INFO ] [T007] [MainWindow] 开始同步文件：C0017.MP4
[2025-09-21 20:47:09.225] [INFO ] [T014] [MainWindow] 已获取文件锁定，开始同步: C0017.MP4
[2025-09-21 20:47:09.225] [INFO ] [T029] [MainWindow] 成功获取文件锁定 (尝试 1/8): C0017.MP4
[2025-09-21 20:47:10.053] [INFO ] [T013] [FastCopyService] FastCopy复制成功: S:\Cache\A\Test\Ibanez A\右边机位\C0011.MP4 -> A:\Test.original\Ibanez A\右边机位\C0011.MP4
[2025-09-21 20:47:10.053] [INFO ] [T013] [FileSyncService] 释放FastCopy并发许可: C0011.MP4
[2025-09-21 20:47:10.053] [INFO ] [T022] [MainWindow] 同步完成，释放文件锁定: C0011.MP4
[2025-09-21 20:47:10.053] [INFO ] [T015] [MainWindow] 复制完成: C0011.MP4
[2025-09-21 20:47:10.053] [INFO ] [T031] [FileSyncService] 获取FastCopy并发许可，开始复制: C0014.MP4
[2025-09-21 20:47:10.054] [INFO ] [T031] [FastCopyService] FastCopy服务初始化: C:\Program Files\FastCopy64\fcp.exe
[2025-09-21 20:47:10.056] [INFO ] [T013] [FileSyncService] 文件处理完成，清理锁: C0011.MP4
[2025-09-21 20:47:10.070] [INFO ] [T031] [FastCopyService] 检测到系统中有 2 个FastCopy进程正在运行
[2025-09-21 20:47:10.070] [DEBUG] [T031] [FastCopyService] FastCopy进程: PID=76160, 启动时间=2025-09-21 20:47:04
[2025-09-21 20:47:10.070] [DEBUG] [T031] [FastCopyService] FastCopy进程: PID=62196, 启动时间=2025-09-21 20:47:04
[2025-09-21 20:47:10.070] [INFO ] [T031] [FastCopyService] 开始FastCopy复制: S:\Cache\A\Test\Ibanez A\右边机位\C0014.MP4 -> A:\Test.original\Ibanez A\右边机位\C0014.MP4
[2025-09-21 20:47:10.070] [INFO ] [T013] [MainWindow] 正在复制: C0014.MP4
[2025-09-21 20:47:10.082] [INFO ] [T031] [FastCopyService] 启动FastCopy进程 (PID: 91884): C0014.MP4
[2025-09-21 20:47:10.344] [INFO ] [T008] [FastCopyService] FastCopy复制成功: S:\Cache\A\Test\Ibanez A\右边机位\C0010.MP4 -> A:\Test.original\Ibanez A\右边机位\C0010.MP4
[2025-09-21 20:47:10.344] [INFO ] [T008] [FileSyncService] 释放FastCopy并发许可: C0010.MP4
[2025-09-21 20:47:10.344] [INFO ] [T014] [MainWindow] 复制完成: C0010.MP4
[2025-09-21 20:47:10.344] [INFO ] [T014] [MainWindow] 同步完成，释放文件锁定: C0010.MP4
[2025-09-21 20:47:10.344] [INFO ] [T026] [FileSyncService] 获取FastCopy并发许可，开始复制: C0015.MP4
[2025-09-21 20:47:10.344] [INFO ] [T008] [FileSyncService] 文件处理完成，清理锁: C0010.MP4
[2025-09-21 20:47:10.344] [INFO ] [T026] [FastCopyService] FastCopy服务初始化: C:\Program Files\FastCopy64\fcp.exe
[2025-09-21 20:47:10.361] [INFO ] [T026] [FastCopyService] 检测到系统中有 2 个FastCopy进程正在运行
[2025-09-21 20:47:10.361] [DEBUG] [T026] [FastCopyService] FastCopy进程: PID=62196, 启动时间=2025-09-21 20:47:04
[2025-09-21 20:47:10.361] [DEBUG] [T026] [FastCopyService] FastCopy进程: PID=91884, 启动时间=2025-09-21 20:47:10
[2025-09-21 20:47:10.362] [INFO ] [T026] [FastCopyService] 开始FastCopy复制: S:\Cache\A\Test\Ibanez A\右边机位\C0015.MP4 -> A:\Test.original\Ibanez A\右边机位\C0015.MP4
[2025-09-21 20:47:10.362] [INFO ] [T022] [MainWindow] 正在复制: C0015.MP4
[2025-09-21 20:47:10.373] [INFO ] [T026] [FastCopyService] 启动FastCopy进程 (PID: 84932): C0015.MP4
[2025-09-21 20:47:11.315] [INFO ] [T021] [FastCopyService] FastCopy复制成功: S:\Cache\A\Test\Ibanez A\右边机位\C0013.MP4 -> A:\Test.original\Ibanez A\右边机位\C0013.MP4
[2025-09-21 20:47:11.315] [INFO ] [T021] [FileSyncService] 释放FastCopy并发许可: C0013.MP4
[2025-09-21 20:47:11.315] [INFO ] [T008] [MainWindow] 同步完成，释放文件锁定: C0013.MP4
[2025-09-21 20:47:11.315] [INFO ] [T014] [MainWindow] 复制完成: C0013.MP4
[2025-09-21 20:47:11.315] [INFO ] [T027] [FileSyncService] 获取FastCopy并发许可，开始复制: C0016.MP4
[2025-09-21 20:47:11.316] [INFO ] [T027] [FastCopyService] FastCopy服务初始化: C:\Program Files\FastCopy64\fcp.exe
[2025-09-21 20:47:11.319] [INFO ] [T021] [FileSyncService] 文件处理完成，清理锁: C0013.MP4
[2025-09-21 20:47:11.333] [INFO ] [T027] [FastCopyService] 检测到系统中有 2 个FastCopy进程正在运行
[2025-09-21 20:47:11.333] [DEBUG] [T027] [FastCopyService] FastCopy进程: PID=91884, 启动时间=2025-09-21 20:47:10
[2025-09-21 20:47:11.333] [DEBUG] [T027] [FastCopyService] FastCopy进程: PID=84932, 启动时间=2025-09-21 20:47:10
[2025-09-21 20:47:11.334] [INFO ] [T027] [FastCopyService] 开始FastCopy复制: S:\Cache\A\Test\Ibanez A\右边机位\C0016.MP4 -> A:\Test.original\Ibanez A\右边机位\C0016.MP4
[2025-09-21 20:47:11.334] [INFO ] [T014] [MainWindow] 正在复制: C0016.MP4
[2025-09-21 20:47:11.347] [INFO ] [T014] [FileSyncService] 文件已在处理队列中，跳过重复事件: C0018.MP4
[2025-09-21 20:47:11.347] [INFO ] [T027] [FastCopyService] 启动FastCopy进程 (PID: 89660): C0016.MP4
[2025-09-21 20:47:11.361] [INFO ] [T027] [FileSyncService] 文件已在处理队列中，跳过重复事件: Ibanez A
[2025-09-21 20:47:11.364] [INFO ] [T027] [FileSyncService] 检测到文件变化，等待写入完成: 左边机位
[2025-09-21 20:47:11.364] [INFO ] [T014] [FileSyncService] 文件已在处理队列中，跳过重复事件: 左边机位
[2025-09-21 20:47:11.364] [INFO ] [T027] [FileSyncService] 文件已被删除，跳过同步: 左边机位
[2025-09-21 20:47:11.365] [INFO ] [T021] [FileSyncService] 文件写入已完成，准备同步: C0018.MP4
[2025-09-21 20:47:11.366] [INFO ] [T029] [MainWindow] 开始同步文件：C0018.MP4
[2025-09-21 20:47:11.366] [INFO ] [T014] [MainWindow] 成功获取文件锁定 (尝试 1/8): C0018.MP4
[2025-09-21 20:47:11.366] [INFO ] [T028] [MainWindow] 已获取文件锁定，开始同步: C0018.MP4
[2025-09-21 20:47:11.378] [INFO ] [T028] [FileSyncService] 检测到文件变化，等待写入完成: C4539.MP4
[2025-09-21 20:47:11.378] [INFO ] [T012] [FileSyncService] 文件已在处理队列中，跳过重复事件: C4539.MP4
[2025-09-21 20:47:12.950] [INFO ] [T012] [FileSyncService] 文件已在处理队列中，跳过重复事件: 右边机位
[2025-09-21 20:47:14.922] [INFO ] [T028] [FileSyncService] 文件已在处理队列中，跳过重复事件: C4539.MP4
[2025-09-21 20:47:14.929] [INFO ] [T014] [FileSyncService] 文件已在处理队列中，跳过重复事件: 左边机位
[2025-09-21 20:47:14.932] [INFO ] [T029] [FileSyncService] 检测到文件变化，等待写入完成: C4540.MP4
[2025-09-21 20:47:14.932] [INFO ] [T012] [FileSyncService] 文件已在处理队列中，跳过重复事件: C4540.MP4
[2025-09-21 20:47:15.378] [INFO ] [T029] [FileSyncService] 文件写入已完成，准备同步: C4539.MP4
[2025-09-21 20:47:15.379] [INFO ] [T012] [MainWindow] 开始同步文件：C4539.MP4
[2025-09-21 20:47:15.379] [INFO ] [T027] [MainWindow] 已获取文件锁定，开始同步: C4539.MP4
[2025-09-21 20:47:15.379] [INFO ] [T023] [MainWindow] 成功获取文件锁定 (尝试 1/8): C4539.MP4
[2025-09-21 20:47:16.842] [INFO ] [T023] [FileSyncService] 文件已在处理队列中，跳过重复事件: C4540.MP4
[2025-09-21 20:47:16.862] [INFO ] [T027] [FileSyncService] 文件已在处理队列中，跳过重复事件: 左边机位
[2025-09-21 20:47:16.865] [INFO ] [T012] [FileSyncService] 检测到文件变化，等待写入完成: C4541.MP4
[2025-09-21 20:47:16.865] [INFO ] [T014] [FileSyncService] 文件已在处理队列中，跳过重复事件: C4541.MP4
[2025-09-21 20:47:16.932] [INFO ] [T007] [FileSyncService] 文件写入已完成，准备同步: C4540.MP4
[2025-09-21 20:47:16.933] [INFO ] [T012] [MainWindow] 开始同步文件：C4540.MP4
[2025-09-21 20:47:16.933] [INFO ] [T027] [MainWindow] 成功获取文件锁定 (尝试 1/8): C4540.MP4
[2025-09-21 20:47:16.933] [INFO ] [T028] [MainWindow] 已获取文件锁定，开始同步: C4540.MP4
[2025-09-21 20:47:17.487] [INFO ] [T008] [FastCopyService] FastCopy复制成功: S:\Cache\A\Test\Ibanez A\右边机位\C0016.MP4 -> A:\Test.original\Ibanez A\右边机位\C0016.MP4
[2025-09-21 20:47:17.487] [INFO ] [T008] [FileSyncService] 释放FastCopy并发许可: C0016.MP4
[2025-09-21 20:47:17.487] [INFO ] [T028] [MainWindow] 同步完成，释放文件锁定: C0016.MP4
[2025-09-21 20:47:17.487] [INFO ] [T027] [MainWindow] 复制完成: C0016.MP4
[2025-09-21 20:47:17.487] [INFO ] [T021] [FileSyncService] 获取FastCopy并发许可，开始复制: C0017.MP4
[2025-09-21 20:47:17.488] [INFO ] [T008] [FileSyncService] 文件处理完成，清理锁: C0016.MP4
[2025-09-21 20:47:17.488] [INFO ] [T021] [FastCopyService] FastCopy服务初始化: C:\Program Files\FastCopy64\fcp.exe
[2025-09-21 20:47:17.512] [INFO ] [T021] [FastCopyService] 检测到系统中有 2 个FastCopy进程正在运行
[2025-09-21 20:47:17.512] [DEBUG] [T021] [FastCopyService] FastCopy进程: PID=91884, 启动时间=2025-09-21 20:47:10
[2025-09-21 20:47:17.512] [DEBUG] [T021] [FastCopyService] FastCopy进程: PID=84932, 启动时间=2025-09-21 20:47:10
[2025-09-21 20:47:17.512] [INFO ] [T021] [FastCopyService] 开始FastCopy复制: S:\Cache\A\Test\Ibanez A\右边机位\C0017.MP4 -> A:\Test.original\Ibanez A\右边机位\C0017.MP4
[2025-09-21 20:47:17.512] [INFO ] [T027] [MainWindow] 正在复制: C0017.MP4
[2025-09-21 20:47:17.524] [INFO ] [T021] [FastCopyService] 启动FastCopy进程 (PID: 83096): C0017.MP4
[2025-09-21 20:47:18.814] [INFO ] [T015] [FastCopyService] FastCopy复制成功: S:\Cache\A\Test\Ibanez A\右边机位\C0014.MP4 -> A:\Test.original\Ibanez A\右边机位\C0014.MP4
[2025-09-21 20:47:18.814] [INFO ] [T013] [MainWindow] 复制完成: C0014.MP4
[2025-09-21 20:47:18.814] [INFO ] [T015] [FileSyncService] 释放FastCopy并发许可: C0014.MP4
[2025-09-21 20:47:18.814] [INFO ] [T021] [MainWindow] 同步完成，释放文件锁定: C0014.MP4
[2025-09-21 20:47:18.814] [INFO ] [T008] [FileSyncService] 获取FastCopy并发许可，开始复制: C0018.MP4
[2025-09-21 20:47:18.814] [INFO ] [T015] [FileSyncService] 文件处理完成，清理锁: C0014.MP4
[2025-09-21 20:47:18.815] [INFO ] [T008] [FastCopyService] FastCopy服务初始化: C:\Program Files\FastCopy64\fcp.exe
[2025-09-21 20:47:18.830] [INFO ] [T008] [FastCopyService] 检测到系统中有 2 个FastCopy进程正在运行
[2025-09-21 20:47:18.830] [DEBUG] [T008] [FastCopyService] FastCopy进程: PID=84932, 启动时间=2025-09-21 20:47:10
[2025-09-21 20:47:18.830] [DEBUG] [T008] [FastCopyService] FastCopy进程: PID=83096, 启动时间=2025-09-21 20:47:17
[2025-09-21 20:47:18.830] [INFO ] [T008] [FastCopyService] 开始FastCopy复制: S:\Cache\A\Test\Ibanez A\右边机位\C0018.MP4 -> A:\Test.original\Ibanez A\右边机位\C0018.MP4
[2025-09-21 20:47:18.830] [INFO ] [T021] [MainWindow] 正在复制: C0018.MP4
[2025-09-21 20:47:18.842] [INFO ] [T008] [FastCopyService] 启动FastCopy进程 (PID: 86604): C0018.MP4
[2025-09-21 20:47:18.865] [INFO ] [T008] [FileSyncService] 文件已在处理队列中，跳过重复事件: C4541.MP4
[2025-09-21 20:47:18.866] [INFO ] [T008] [FileSyncService] 文件写入已完成，准备同步: C4541.MP4
[2025-09-21 20:47:18.867] [INFO ] [T013] [MainWindow] 开始同步文件：C4541.MP4
[2025-09-21 20:47:18.867] [INFO ] [T028] [MainWindow] 成功获取文件锁定 (尝试 1/8): C4541.MP4
[2025-09-21 20:47:18.867] [INFO ] [T029] [MainWindow] 已获取文件锁定，开始同步: C4541.MP4
[2025-09-21 20:47:18.872] [INFO ] [T029] [FileSyncService] 文件已在处理队列中，跳过重复事件: 左边机位
[2025-09-21 20:47:18.875] [INFO ] [T012] [FileSyncService] 检测到文件变化，等待写入完成: C4542.MP4
[2025-09-21 20:47:18.875] [INFO ] [T007] [FileSyncService] 文件已在处理队列中，跳过重复事件: C4542.MP4
[2025-09-21 20:47:19.672] [INFO ] [T031] [FastCopyService] FastCopy复制成功: S:\Cache\A\Test\Ibanez A\右边机位\C0015.MP4 -> A:\Test.original\Ibanez A\右边机位\C0015.MP4
[2025-09-21 20:47:19.672] [INFO ] [T031] [FileSyncService] 释放FastCopy并发许可: C0015.MP4
[2025-09-21 20:47:19.672] [INFO ] [T022] [MainWindow] 复制完成: C0015.MP4
[2025-09-21 20:47:19.672] [INFO ] [T029] [MainWindow] 同步完成，释放文件锁定: C0015.MP4
[2025-09-21 20:47:19.672] [INFO ] [T028] [FileSyncService] 获取FastCopy并发许可，开始复制: C4539.MP4
[2025-09-21 20:47:19.673] [INFO ] [T028] [FastCopyService] FastCopy服务初始化: C:\Program Files\FastCopy64\fcp.exe
[2025-09-21 20:47:19.674] [INFO ] [T031] [FileSyncService] 文件处理完成，清理锁: C0015.MP4
[2025-09-21 20:47:19.691] [INFO ] [T028] [FastCopyService] 检测到系统中有 2 个FastCopy进程正在运行
[2025-09-21 20:47:19.691] [DEBUG] [T028] [FastCopyService] FastCopy进程: PID=83096, 启动时间=2025-09-21 20:47:17
[2025-09-21 20:47:19.691] [DEBUG] [T028] [FastCopyService] FastCopy进程: PID=86604, 启动时间=2025-09-21 20:47:18
[2025-09-21 20:47:19.691] [INFO ] [T028] [FastCopyService] 开始FastCopy复制: S:\Cache\A\Test\Ibanez A\左边机位\C4539.MP4 -> A:\Test.original\Ibanez A\左边机位\C4539.MP4
[2025-09-21 20:47:19.691] [INFO ] [T022] [MainWindow] 正在复制: C4539.MP4
[2025-09-21 20:47:19.703] [INFO ] [T028] [FastCopyService] 启动FastCopy进程 (PID: 71620): C4539.MP4
[2025-09-21 20:47:21.113] [INFO ] [T031] [FileSyncService] 文件已在处理队列中，跳过重复事件: 左边机位
[2025-09-21 20:47:21.825] [INFO ] [T031] [FileSyncService] 文件已在处理队列中，跳过重复事件: C4542.MP4
[2025-09-21 20:47:21.835] [INFO ] [T012] [FileSyncService] 检测到文件变化，等待写入完成: C4543.MP4
[2025-09-21 20:47:21.835] [INFO ] [T028] [FileSyncService] 文件已在处理队列中，跳过重复事件: C4543.MP4
[2025-09-21 20:47:21.875] [INFO ] [T012] [FileSyncService] 文件写入已完成，准备同步: C4542.MP4
[2025-09-21 20:47:21.875] [INFO ] [T021] [MainWindow] 开始同步文件：C4542.MP4
[2025-09-21 20:47:21.875] [INFO ] [T031] [MainWindow] 成功获取文件锁定 (尝试 1/8): C4542.MP4
[2025-09-21 20:47:21.875] [INFO ] [T012] [MainWindow] 已获取文件锁定，开始同步: C4542.MP4
[2025-09-21 20:47:22.200] [INFO ] [T023] [FastCopyService] FastCopy复制成功: S:\Cache\A\Test\Ibanez A\右边机位\C0017.MP4 -> A:\Test.original\Ibanez A\右边机位\C0017.MP4
[2025-09-21 20:47:22.200] [INFO ] [T027] [MainWindow] 复制完成: C0017.MP4
[2025-09-21 20:47:22.200] [INFO ] [T023] [FileSyncService] 释放FastCopy并发许可: C0017.MP4
[2025-09-21 20:47:22.200] [INFO ] [T028] [MainWindow] 同步完成，释放文件锁定: C0017.MP4
[2025-09-21 20:47:22.200] [INFO ] [T012] [FileSyncService] 获取FastCopy并发许可，开始复制: C4540.MP4
[2025-09-21 20:47:22.200] [INFO ] [T023] [FileSyncService] 文件处理完成，清理锁: C0017.MP4
[2025-09-21 20:47:22.201] [INFO ] [T012] [FastCopyService] FastCopy服务初始化: C:\Program Files\FastCopy64\fcp.exe
[2025-09-21 20:47:22.218] [INFO ] [T012] [FastCopyService] 检测到系统中有 2 个FastCopy进程正在运行
[2025-09-21 20:47:22.218] [DEBUG] [T012] [FastCopyService] FastCopy进程: PID=86604, 启动时间=2025-09-21 20:47:18
[2025-09-21 20:47:22.218] [DEBUG] [T012] [FastCopyService] FastCopy进程: PID=71620, 启动时间=2025-09-21 20:47:19
[2025-09-21 20:47:22.218] [INFO ] [T012] [FastCopyService] 开始FastCopy复制: S:\Cache\A\Test\Ibanez A\左边机位\C4540.MP4 -> A:\Test.original\Ibanez A\左边机位\C4540.MP4
[2025-09-21 20:47:22.218] [INFO ] [T028] [MainWindow] 正在复制: C4540.MP4
[2025-09-21 20:47:22.229] [INFO ] [T012] [FastCopyService] 启动FastCopy进程 (PID: 85980): C4540.MP4
[2025-09-21 20:47:23.301] [INFO ] [T012] [FileSyncService] 文件已在处理队列中，跳过重复事件: 左边机位
[2025-09-21 20:47:25.506] [INFO ] [T015] [FastCopyService] FastCopy复制成功: S:\Cache\A\Test\Ibanez A\右边机位\C0018.MP4 -> A:\Test.original\Ibanez A\右边机位\C0018.MP4
[2025-09-21 20:47:25.506] [INFO ] [T026] [MainWindow] 复制完成: C0018.MP4
[2025-09-21 20:47:25.506] [INFO ] [T015] [FileSyncService] 释放FastCopy并发许可: C0018.MP4
[2025-09-21 20:47:25.506] [INFO ] [T023] [FileSyncService] 获取FastCopy并发许可，开始复制: C4541.MP4
[2025-09-21 20:47:25.506] [INFO ] [T012] [MainWindow] 同步完成，释放文件锁定: C0018.MP4
[2025-09-21 20:47:25.506] [INFO ] [T015] [FileSyncService] 文件处理完成，清理锁: C0018.MP4
[2025-09-21 20:47:25.506] [INFO ] [T023] [FastCopyService] FastCopy服务初始化: C:\Program Files\FastCopy64\fcp.exe
[2025-09-21 20:47:25.525] [INFO ] [T023] [FastCopyService] 检测到系统中有 2 个FastCopy进程正在运行
[2025-09-21 20:47:25.525] [DEBUG] [T023] [FastCopyService] FastCopy进程: PID=71620, 启动时间=2025-09-21 20:47:19
[2025-09-21 20:47:25.525] [DEBUG] [T023] [FastCopyService] FastCopy进程: PID=85980, 启动时间=2025-09-21 20:47:22
[2025-09-21 20:47:25.525] [INFO ] [T023] [FastCopyService] 开始FastCopy复制: S:\Cache\A\Test\Ibanez A\左边机位\C4541.MP4 -> A:\Test.original\Ibanez A\左边机位\C4541.MP4
[2025-09-21 20:47:25.525] [INFO ] [T026] [MainWindow] 正在复制: C4541.MP4
[2025-09-21 20:47:25.537] [INFO ] [T023] [FastCopyService] 启动FastCopy进程 (PID: 73604): C4541.MP4
[2025-09-21 20:47:25.638] [INFO ] [T015] [FileSyncService] 文件已在处理队列中，跳过重复事件: C4543.MP4
[2025-09-21 20:47:25.648] [INFO ] [T025] [FileSyncService] 文件已在处理队列中，跳过重复事件: C4545.MP4
[2025-09-21 20:47:25.648] [INFO ] [T026] [FileSyncService] 检测到文件变化，等待写入完成: C4545.MP4
[2025-09-21 20:47:25.838] [INFO ] [T026] [FileSyncService] 文件写入已完成，准备同步: C4543.MP4
[2025-09-21 20:47:25.839] [INFO ] [T028] [MainWindow] 开始同步文件：C4543.MP4
[2025-09-21 20:47:25.839] [INFO ] [T021] [MainWindow] 已获取文件锁定，开始同步: C4543.MP4
[2025-09-21 20:47:25.839] [INFO ] [T013] [MainWindow] 成功获取文件锁定 (尝试 1/8): C4543.MP4
[2025-09-21 20:47:26.405] [INFO ] [T027] [FastCopyService] FastCopy复制成功: S:\Cache\A\Test\Ibanez A\左边机位\C4540.MP4 -> A:\Test.original\Ibanez A\左边机位\C4540.MP4
[2025-09-21 20:47:26.406] [INFO ] [T027] [FileSyncService] 释放FastCopy并发许可: C4540.MP4
[2025-09-21 20:47:26.406] [INFO ] [T031] [MainWindow] 复制完成: C4540.MP4
[2025-09-21 20:47:26.406] [INFO ] [T021] [MainWindow] 同步完成，释放文件锁定: C4540.MP4
[2025-09-21 20:47:26.406] [INFO ] [T007] [FileSyncService] 获取FastCopy并发许可，开始复制: C4542.MP4
[2025-09-21 20:47:26.406] [INFO ] [T027] [FileSyncService] 文件处理完成，清理锁: C4540.MP4
[2025-09-21 20:47:26.406] [INFO ] [T007] [FastCopyService] FastCopy服务初始化: C:\Program Files\FastCopy64\fcp.exe
[2025-09-21 20:47:26.422] [INFO ] [T007] [FastCopyService] 检测到系统中有 2 个FastCopy进程正在运行
[2025-09-21 20:47:26.423] [DEBUG] [T007] [FastCopyService] FastCopy进程: PID=71620, 启动时间=2025-09-21 20:47:19
[2025-09-21 20:47:26.423] [DEBUG] [T007] [FastCopyService] FastCopy进程: PID=73604, 启动时间=2025-09-21 20:47:25
[2025-09-21 20:47:26.423] [INFO ] [T007] [FastCopyService] 开始FastCopy复制: S:\Cache\A\Test\Ibanez A\左边机位\C4542.MP4 -> A:\Test.original\Ibanez A\左边机位\C4542.MP4
[2025-09-21 20:47:26.423] [INFO ] [T021] [MainWindow] 正在复制: C4542.MP4
[2025-09-21 20:47:26.434] [INFO ] [T007] [FastCopyService] 启动FastCopy进程 (PID: 85624): C4542.MP4
[2025-09-21 20:47:26.505] [INFO ] [T029] [FastCopyService] FastCopy复制成功: S:\Cache\A\Test\Ibanez A\左边机位\C4539.MP4 -> A:\Test.original\Ibanez A\左边机位\C4539.MP4
[2025-09-21 20:47:26.505] [INFO ] [T029] [FileSyncService] 释放FastCopy并发许可: C4539.MP4
[2025-09-21 20:47:26.505] [INFO ] [T027] [MainWindow] 复制完成: C4539.MP4
[2025-09-21 20:47:26.505] [INFO ] [T022] [MainWindow] 同步完成，释放文件锁定: C4539.MP4
[2025-09-21 20:47:26.505] [INFO ] [T007] [FileSyncService] 获取FastCopy并发许可，开始复制: C4543.MP4
[2025-09-21 20:47:26.506] [INFO ] [T007] [FastCopyService] FastCopy服务初始化: C:\Program Files\FastCopy64\fcp.exe
[2025-09-21 20:47:26.507] [INFO ] [T029] [FileSyncService] 文件处理完成，清理锁: C4539.MP4
[2025-09-21 20:47:26.522] [INFO ] [T007] [FastCopyService] 检测到系统中有 2 个FastCopy进程正在运行
[2025-09-21 20:47:26.522] [DEBUG] [T007] [FastCopyService] FastCopy进程: PID=73604, 启动时间=2025-09-21 20:47:25
[2025-09-21 20:47:26.522] [DEBUG] [T007] [FastCopyService] FastCopy进程: PID=85624, 启动时间=2025-09-21 20:47:26
[2025-09-21 20:47:26.522] [INFO ] [T007] [FastCopyService] 开始FastCopy复制: S:\Cache\A\Test\Ibanez A\左边机位\C4543.MP4 -> A:\Test.original\Ibanez A\左边机位\C4543.MP4
[2025-09-21 20:47:26.522] [INFO ] [T027] [MainWindow] 正在复制: C4543.MP4
[2025-09-21 20:47:26.533] [INFO ] [T007] [FastCopyService] 启动FastCopy进程 (PID: 88576): C4543.MP4
[2025-09-21 20:47:27.277] [INFO ] [T007] [FileSyncService] 文件已在处理队列中，跳过重复事件: C4545.MP4
[2025-09-21 20:47:27.284] [INFO ] [T015] [FileSyncService] 文件已在处理队列中，跳过重复事件: 左边机位
[2025-09-21 20:47:27.287] [INFO ] [T007] [FileSyncService] 检测到文件变化，等待写入完成: C4546.MP4
[2025-09-21 20:47:27.287] [INFO ] [T029] [FileSyncService] 文件已在处理队列中，跳过重复事件: C4546.MP4
[2025-09-21 20:47:27.648] [INFO ] [T025] [FileSyncService] 文件写入已完成，准备同步: C4545.MP4
[2025-09-21 20:47:27.648] [INFO ] [T015] [MainWindow] 开始同步文件：C4545.MP4
[2025-09-21 20:47:27.648] [INFO ] [T029] [MainWindow] 已获取文件锁定，开始同步: C4545.MP4
[2025-09-21 20:47:27.648] [INFO ] [T025] [MainWindow] 成功获取文件锁定 (尝试 1/8): C4545.MP4
[2025-09-21 20:47:28.338] [INFO ] [T025] [FileSyncService] 文件已在处理队列中，跳过重复事件: 左边机位
[2025-09-21 20:47:30.518] [INFO ] [T028] [FileSyncService] 文件已在处理队列中，跳过重复事件: C4546.MP4
[2025-09-21 20:47:30.529] [INFO ] [T025] [FileSyncService] 文件已在处理队列中，跳过重复事件: C4547.MP4
[2025-09-21 20:47:30.529] [INFO ] [T028] [FileSyncService] 检测到文件变化，等待写入完成: C4547.MP4
[2025-09-21 20:47:30.656] [INFO ] [T028] [FileSyncService] 文件已在处理队列中，跳过重复事件: C4547.MP4
[2025-09-21 20:47:30.662] [INFO ] [T028] [FileSyncService] 文件已在处理队列中，跳过重复事件: 左边机位
[2025-09-21 20:47:30.665] [INFO ] [T028] [FileSyncService] 文件已在处理队列中，跳过重复事件: C4548.MP4
[2025-09-21 20:47:30.665] [INFO ] [T025] [FileSyncService] 检测到文件变化，等待写入完成: C4548.MP4
[2025-09-21 20:47:31.289] [INFO ] [T015] [FileSyncService] 文件写入已完成，准备同步: C4546.MP4
[2025-09-21 20:47:31.290] [INFO ] [T031] [MainWindow] 开始同步文件：C4546.MP4
[2025-09-21 20:47:31.290] [INFO ] [T025] [MainWindow] 成功获取文件锁定 (尝试 1/8): C4546.MP4
[2025-09-21 20:47:31.290] [INFO ] [T026] [MainWindow] 已获取文件锁定，开始同步: C4546.MP4
[2025-09-21 20:47:31.531] [INFO ] [T025] [FileSyncService] 文件写入已完成，准备同步: C4547.MP4
[2025-09-21 20:47:31.531] [INFO ] [T007] [MainWindow] 开始同步文件：C4547.MP4
[2025-09-21 20:47:31.531] [INFO ] [T028] [MainWindow] 成功获取文件锁定 (尝试 1/8): C4547.MP4
[2025-09-21 20:47:31.531] [INFO ] [T028] [MainWindow] 已获取文件锁定，开始同步: C4547.MP4
[2025-09-21 20:47:33.332] [INFO ] [T023] [FastCopyService] FastCopy复制成功: S:\Cache\A\Test\Ibanez A\左边机位\C4541.MP4 -> A:\Test.original\Ibanez A\左边机位\C4541.MP4
[2025-09-21 20:47:33.332] [INFO ] [T023] [FileSyncService] 释放FastCopy并发许可: C4541.MP4
[2025-09-21 20:47:33.332] [INFO ] [T025] [MainWindow] 复制完成: C4541.MP4
[2025-09-21 20:47:33.332] [INFO ] [T026] [MainWindow] 同步完成，释放文件锁定: C4541.MP4
[2025-09-21 20:47:33.332] [INFO ] [T031] [FileSyncService] 获取FastCopy并发许可，开始复制: C4545.MP4
[2025-09-21 20:47:33.332] [INFO ] [T023] [FileSyncService] 文件处理完成，清理锁: C4541.MP4
[2025-09-21 20:47:33.332] [INFO ] [T031] [FastCopyService] FastCopy服务初始化: C:\Program Files\FastCopy64\fcp.exe
[2025-09-21 20:47:33.350] [INFO ] [T031] [FastCopyService] 检测到系统中有 2 个FastCopy进程正在运行
[2025-09-21 20:47:33.350] [DEBUG] [T031] [FastCopyService] FastCopy进程: PID=85624, 启动时间=2025-09-21 20:47:26
[2025-09-21 20:47:33.350] [DEBUG] [T031] [FastCopyService] FastCopy进程: PID=88576, 启动时间=2025-09-21 20:47:26
[2025-09-21 20:47:33.351] [INFO ] [T031] [FastCopyService] 开始FastCopy复制: S:\Cache\A\Test\Ibanez A\左边机位\C4545.MP4 -> A:\Test.original\Ibanez A\左边机位\C4545.MP4
[2025-09-21 20:47:33.351] [INFO ] [T025] [MainWindow] 正在复制: C4545.MP4
[2025-09-21 20:47:33.363] [INFO ] [T031] [FastCopyService] 启动FastCopy进程 (PID: 91256): C4545.MP4
[2025-09-21 20:47:33.379] [INFO ] [T021] [FastCopyService] FastCopy复制成功: S:\Cache\A\Test\Ibanez A\左边机位\C4542.MP4 -> A:\Test.original\Ibanez A\左边机位\C4542.MP4
[2025-09-21 20:47:33.379] [INFO ] [T021] [FileSyncService] 释放FastCopy并发许可: C4542.MP4
[2025-09-21 20:47:33.379] [INFO ] [T012] [MainWindow] 复制完成: C4542.MP4
[2025-09-21 20:47:33.379] [INFO ] [T026] [MainWindow] 同步完成，释放文件锁定: C4542.MP4
[2025-09-21 20:47:33.379] [INFO ] [T031] [FileSyncService] 获取FastCopy并发许可，开始复制: C4546.MP4
[2025-09-21 20:47:33.380] [INFO ] [T031] [FastCopyService] FastCopy服务初始化: C:\Program Files\FastCopy64\fcp.exe
[2025-09-21 20:47:33.382] [INFO ] [T021] [FileSyncService] 文件处理完成，清理锁: C4542.MP4
[2025-09-21 20:47:33.397] [INFO ] [T031] [FastCopyService] 检测到系统中有 2 个FastCopy进程正在运行
[2025-09-21 20:47:33.397] [DEBUG] [T031] [FastCopyService] FastCopy进程: PID=88576, 启动时间=2025-09-21 20:47:26
[2025-09-21 20:47:33.397] [DEBUG] [T031] [FastCopyService] FastCopy进程: PID=91256, 启动时间=2025-09-21 20:47:33
[2025-09-21 20:47:33.397] [INFO ] [T031] [FastCopyService] 开始FastCopy复制: S:\Cache\A\Test\Ibanez A\左边机位\C4546.MP4 -> A:\Test.original\Ibanez A\左边机位\C4546.MP4
[2025-09-21 20:47:33.397] [INFO ] [T012] [MainWindow] 正在复制: C4546.MP4
[2025-09-21 20:47:33.409] [INFO ] [T031] [FastCopyService] 启动FastCopy进程 (PID: 77656): C4546.MP4
[2025-09-21 20:47:33.483] [INFO ] [T026] [FileSyncService] 文件已在处理队列中，跳过重复事件: C4548.MP4
[2025-09-21 20:47:33.579] [INFO ] [T026] [FileSyncService] 文件已在处理队列中，跳过重复事件: 左边机位
[2025-09-21 20:47:33.582] [INFO ] [T031] [FileSyncService] 检测到文件变化，等待写入完成: C4549.MP4
[2025-09-21 20:47:33.582] [INFO ] [T026] [FileSyncService] 文件已在处理队列中，跳过重复事件: C4549.MP4
[2025-09-21 20:47:33.666] [INFO ] [T031] [FileSyncService] 文件写入已完成，准备同步: C4548.MP4
[2025-09-21 20:47:33.666] [INFO ] [T013] [MainWindow] 开始同步文件：C4548.MP4
[2025-09-21 20:47:33.666] [INFO ] [T008] [MainWindow] 成功获取文件锁定 (尝试 1/8): C4548.MP4
[2025-09-21 20:47:33.666] [INFO ] [T012] [MainWindow] 已获取文件锁定，开始同步: C4548.MP4
[2025-09-21 20:47:34.363] [INFO ] [T027] [FastCopyService] FastCopy复制成功: S:\Cache\A\Test\Ibanez A\左边机位\C4543.MP4 -> A:\Test.original\Ibanez A\左边机位\C4543.MP4
[2025-09-21 20:47:34.363] [INFO ] [T027] [FileSyncService] 释放FastCopy并发许可: C4543.MP4
[2025-09-21 20:47:34.363] [INFO ] [T012] [MainWindow] 同步完成，释放文件锁定: C4543.MP4
[2025-09-21 20:47:34.363] [INFO ] [T007] [MainWindow] 复制完成: C4543.MP4
[2025-09-21 20:47:34.363] [INFO ] [T008] [FileSyncService] 获取FastCopy并发许可，开始复制: C4547.MP4
[2025-09-21 20:47:34.363] [INFO ] [T008] [FastCopyService] FastCopy服务初始化: C:\Program Files\FastCopy64\fcp.exe
[2025-09-21 20:47:34.364] [INFO ] [T027] [FileSyncService] 文件处理完成，清理锁: C4543.MP4
[2025-09-21 20:47:34.379] [INFO ] [T008] [FastCopyService] 检测到系统中有 2 个FastCopy进程正在运行
[2025-09-21 20:47:34.379] [DEBUG] [T008] [FastCopyService] FastCopy进程: PID=91256, 启动时间=2025-09-21 20:47:33
[2025-09-21 20:47:34.379] [DEBUG] [T008] [FastCopyService] FastCopy进程: PID=77656, 启动时间=2025-09-21 20:47:33
[2025-09-21 20:47:34.380] [INFO ] [T008] [FastCopyService] 开始FastCopy复制: S:\Cache\A\Test\Ibanez A\左边机位\C4547.MP4 -> A:\Test.original\Ibanez A\左边机位\C4547.MP4
[2025-09-21 20:47:34.380] [INFO ] [T027] [MainWindow] 正在复制: C4547.MP4
[2025-09-21 20:47:34.391] [INFO ] [T008] [FastCopyService] 启动FastCopy进程 (PID: 59156): C4547.MP4
[2025-09-21 20:47:36.033] [INFO ] [T007] [FileSyncService] 文件已在处理队列中，跳过重复事件: 左边机位
[2025-09-21 20:47:36.630] [INFO ] [T027] [FastCopyService] FastCopy复制成功: S:\Cache\A\Test\Ibanez A\左边机位\C4547.MP4 -> A:\Test.original\Ibanez A\左边机位\C4547.MP4
[2025-09-21 20:47:36.630] [INFO ] [T027] [FileSyncService] 释放FastCopy并发许可: C4547.MP4
[2025-09-21 20:47:36.630] [INFO ] [T029] [MainWindow] 复制完成: C4547.MP4
[2025-09-21 20:47:36.630] [INFO ] [T007] [MainWindow] 同步完成，释放文件锁定: C4547.MP4
[2025-09-21 20:47:36.630] [INFO ] [T008] [FileSyncService] 获取FastCopy并发许可，开始复制: C4548.MP4
[2025-09-21 20:47:36.631] [INFO ] [T008] [FastCopyService] FastCopy服务初始化: C:\Program Files\FastCopy64\fcp.exe
[2025-09-21 20:47:36.632] [INFO ] [T027] [FileSyncService] 文件处理完成，清理锁: C4547.MP4
[2025-09-21 20:47:36.648] [INFO ] [T008] [FastCopyService] 检测到系统中有 2 个FastCopy进程正在运行
[2025-09-21 20:47:36.648] [DEBUG] [T008] [FastCopyService] FastCopy进程: PID=91256, 启动时间=2025-09-21 20:47:33
[2025-09-21 20:47:36.648] [DEBUG] [T008] [FastCopyService] FastCopy进程: PID=77656, 启动时间=2025-09-21 20:47:33
[2025-09-21 20:47:36.649] [INFO ] [T008] [FastCopyService] 开始FastCopy复制: S:\Cache\A\Test\Ibanez A\左边机位\C4548.MP4 -> A:\Test.original\Ibanez A\左边机位\C4548.MP4
[2025-09-21 20:47:36.649] [INFO ] [T007] [MainWindow] 正在复制: C4548.MP4
[2025-09-21 20:47:36.659] [INFO ] [T008] [FastCopyService] 启动FastCopy进程 (PID: 86212): C4548.MP4
[2025-09-21 20:47:37.735] [INFO ] [T008] [FileSyncService] 文件已在处理队列中，跳过重复事件: C4549.MP4
[2025-09-21 20:47:37.747] [INFO ] [T007] [FileSyncService] 检测到文件变化，等待写入完成: C4550.MP4
[2025-09-21 20:47:37.747] [INFO ] [T022] [FileSyncService] 文件已在处理队列中，跳过重复事件: C4550.MP4
[2025-09-21 20:47:37.751] [INFO ] [T008] [FileSyncService] 文件已在处理队列中，跳过重复事件: 左边机位
[2025-09-21 20:47:38.586] [INFO ] [T022] [FileSyncService] 文件写入已完成，准备同步: C4549.MP4
[2025-09-21 20:47:38.586] [INFO ] [T008] [MainWindow] 开始同步文件：C4549.MP4
[2025-09-21 20:47:38.586] [INFO ] [T007] [MainWindow] 成功获取文件锁定 (尝试 1/8): C4549.MP4
[2025-09-21 20:47:38.586] [INFO ] [T013] [MainWindow] 已获取文件锁定，开始同步: C4549.MP4
[2025-09-21 20:47:38.982] [INFO ] [T025] [FastCopyService] FastCopy复制成功: S:\Cache\A\Test\Ibanez A\左边机位\C4545.MP4 -> A:\Test.original\Ibanez A\左边机位\C4545.MP4
[2025-09-21 20:47:38.982] [INFO ] [T025] [FileSyncService] 释放FastCopy并发许可: C4545.MP4
[2025-09-21 20:47:38.982] [INFO ] [T013] [MainWindow] 同步完成，释放文件锁定: C4545.MP4
[2025-09-21 20:47:38.982] [INFO ] [T012] [MainWindow] 复制完成: C4545.MP4
[2025-09-21 20:47:38.982] [INFO ] [T022] [FileSyncService] 获取FastCopy并发许可，开始复制: C4549.MP4
[2025-09-21 20:47:38.982] [INFO ] [T025] [FileSyncService] 文件处理完成，清理锁: C4545.MP4
[2025-09-21 20:47:38.983] [INFO ] [T022] [FastCopyService] FastCopy服务初始化: C:\Program Files\FastCopy64\fcp.exe
[2025-09-21 20:47:38.999] [INFO ] [T022] [FastCopyService] 检测到系统中有 2 个FastCopy进程正在运行
[2025-09-21 20:47:38.999] [DEBUG] [T022] [FastCopyService] FastCopy进程: PID=77656, 启动时间=2025-09-21 20:47:33
[2025-09-21 20:47:38.999] [DEBUG] [T022] [FastCopyService] FastCopy进程: PID=86212, 启动时间=2025-09-21 20:47:36
[2025-09-21 20:47:38.999] [INFO ] [T022] [FastCopyService] 开始FastCopy复制: S:\Cache\A\Test\Ibanez A\左边机位\C4549.MP4 -> A:\Test.original\Ibanez A\左边机位\C4549.MP4
[2025-09-21 20:47:39.000] [INFO ] [T013] [MainWindow] 正在复制: C4549.MP4
[2025-09-21 20:47:39.011] [INFO ] [T022] [FastCopyService] 启动FastCopy进程 (PID: 72264): C4549.MP4
[2025-09-21 20:47:40.056] [INFO ] [T028] [FastCopyService] FastCopy复制成功: S:\Cache\A\Test\Ibanez A\左边机位\C4546.MP4 -> A:\Test.original\Ibanez A\左边机位\C4546.MP4
[2025-09-21 20:47:40.056] [INFO ] [T028] [FileSyncService] 释放FastCopy并发许可: C4546.MP4
[2025-09-21 20:47:40.056] [INFO ] [T022] [MainWindow] 同步完成，释放文件锁定: C4546.MP4
[2025-09-21 20:47:40.056] [INFO ] [T021] [MainWindow] 复制完成: C4546.MP4
[2025-09-21 20:47:40.057] [INFO ] [T028] [FileSyncService] 文件处理完成，清理锁: C4546.MP4
[2025-09-21 20:47:40.404] [INFO ] [T027] [FastCopyService] FastCopy复制成功: S:\Cache\A\Test\Ibanez A\左边机位\C4548.MP4 -> A:\Test.original\Ibanez A\左边机位\C4548.MP4
[2025-09-21 20:47:40.404] [INFO ] [T028] [MainWindow] 复制完成: C4548.MP4
[2025-09-21 20:47:40.404] [INFO ] [T027] [FileSyncService] 释放FastCopy并发许可: C4548.MP4
[2025-09-21 20:47:40.404] [INFO ] [T028] [MainWindow] 同步完成，释放文件锁定: C4548.MP4
[2025-09-21 20:47:40.404] [INFO ] [T027] [FileSyncService] 文件处理完成，清理锁: C4548.MP4
[2025-09-21 20:47:40.552] [INFO ] [T029] [FileSyncService] 文件已在处理队列中，跳过重复事件: C4550.MP4
[2025-09-21 20:47:40.560] [INFO ] [T027] [FileSyncService] 检测到文件变化，等待写入完成: C4551.MP4
[2025-09-21 20:47:40.560] [INFO ] [T028] [FileSyncService] 文件已在处理队列中，跳过重复事件: C4551.MP4
[2025-09-21 20:47:40.747] [INFO ] [T028] [FileSyncService] 文件写入已完成，准备同步: C4550.MP4
[2025-09-21 20:47:40.747] [INFO ] [T029] [MainWindow] 开始同步文件：C4550.MP4
[2025-09-21 20:47:40.747] [INFO ] [T028] [FileSyncService] 获取FastCopy并发许可，开始复制: C4550.MP4
[2025-09-21 20:47:40.747] [INFO ] [T008] [MainWindow] 成功获取文件锁定 (尝试 1/8): C4550.MP4
[2025-09-21 20:47:40.747] [INFO ] [T013] [MainWindow] 已获取文件锁定，开始同步: C4550.MP4
[2025-09-21 20:47:40.747] [INFO ] [T028] [FastCopyService] FastCopy服务初始化: C:\Program Files\FastCopy64\fcp.exe
[2025-09-21 20:47:40.763] [INFO ] [T028] [FastCopyService] 检测到系统中有 1 个FastCopy进程正在运行
[2025-09-21 20:47:40.763] [DEBUG] [T028] [FastCopyService] FastCopy进程: PID=72264, 启动时间=2025-09-21 20:47:39
[2025-09-21 20:47:40.763] [INFO ] [T028] [FastCopyService] 开始FastCopy复制: S:\Cache\A\Test\Ibanez A\左边机位\C4550.MP4 -> A:\Test.original\Ibanez A\左边机位\C4550.MP4
[2025-09-21 20:47:40.763] [INFO ] [T008] [MainWindow] 正在复制: C4550.MP4
[2025-09-21 20:47:40.779] [INFO ] [T028] [FastCopyService] 启动FastCopy进程 (PID: 86128): C4550.MP4
[2025-09-21 20:47:41.980] [INFO ] [T029] [FileSyncService] 文件已在处理队列中，跳过重复事件: 左边机位
[2025-09-21 20:47:42.749] [INFO ] [T028] [FileSyncService] 文件已在处理队列中，跳过重复事件: C4551.MP4
[2025-09-21 20:47:43.990] [INFO ] [T021] [FileSyncService] 文件已在处理队列中，跳过重复事件: Ibanez A
[2025-09-21 20:47:44.562] [INFO ] [T029] [FileSyncService] 文件写入已完成，准备同步: C4551.MP4
[2025-09-21 20:47:44.562] [INFO ] [T021] [MainWindow] 开始同步文件：C4551.MP4
[2025-09-21 20:47:44.562] [INFO ] [T007] [MainWindow] 成功获取文件锁定 (尝试 1/8): C4551.MP4
[2025-09-21 20:47:44.562] [INFO ] [T029] [FileSyncService] 获取FastCopy并发许可，开始复制: C4551.MP4
[2025-09-21 20:47:44.562] [INFO ] [T026] [MainWindow] 已获取文件锁定，开始同步: C4551.MP4
[2025-09-21 20:47:44.563] [INFO ] [T029] [FastCopyService] FastCopy服务初始化: C:\Program Files\FastCopy64\fcp.exe
[2025-09-21 20:47:44.580] [INFO ] [T029] [FastCopyService] 检测到系统中有 2 个FastCopy进程正在运行
[2025-09-21 20:47:44.580] [DEBUG] [T029] [FastCopyService] FastCopy进程: PID=72264, 启动时间=2025-09-21 20:47:39
[2025-09-21 20:47:44.580] [DEBUG] [T029] [FastCopyService] FastCopy进程: PID=86128, 启动时间=2025-09-21 20:47:40
[2025-09-21 20:47:44.580] [INFO ] [T029] [FastCopyService] 开始FastCopy复制: S:\Cache\A\Test\Ibanez A\左边机位\C4551.MP4 -> A:\Test.original\Ibanez A\左边机位\C4551.MP4
[2025-09-21 20:47:44.580] [INFO ] [T022] [MainWindow] 正在复制: C4551.MP4
[2025-09-21 20:47:44.592] [INFO ] [T029] [FastCopyService] 启动FastCopy进程 (PID: 76712): C4551.MP4
[2025-09-21 20:47:45.389] [INFO ] [T008] [FastCopyService] FastCopy复制成功: S:\Cache\A\Test\Ibanez A\左边机位\C4550.MP4 -> A:\Test.original\Ibanez A\左边机位\C4550.MP4
[2025-09-21 20:47:45.389] [INFO ] [T008] [FileSyncService] 释放FastCopy并发许可: C4550.MP4
[2025-09-21 20:47:45.389] [INFO ] [T029] [MainWindow] 复制完成: C4550.MP4
[2025-09-21 20:47:45.389] [INFO ] [T013] [MainWindow] 同步完成，释放文件锁定: C4550.MP4
[2025-09-21 20:47:45.390] [INFO ] [T008] [FileSyncService] 文件处理完成，清理锁: C4550.MP4
[2025-09-21 20:47:46.270] [INFO ] [T025] [FastCopyService] FastCopy复制成功: S:\Cache\A\Test\Ibanez A\左边机位\C4549.MP4 -> A:\Test.original\Ibanez A\左边机位\C4549.MP4
[2025-09-21 20:47:46.270] [INFO ] [T025] [FileSyncService] 释放FastCopy并发许可: C4549.MP4
[2025-09-21 20:47:46.270] [INFO ] [T008] [MainWindow] 复制完成: C4549.MP4
[2025-09-21 20:47:46.270] [INFO ] [T029] [MainWindow] 同步完成，释放文件锁定: C4549.MP4
[2025-09-21 20:47:46.271] [INFO ] [T025] [FileSyncService] 文件处理完成，清理锁: C4549.MP4
[2025-09-21 20:47:46.554] [ERROR] [T027] [FastCopyService] FastCopy复制失败: 退出码 -1, 错误: 未知错误
[2025-09-21 20:47:46.554] [INFO ] [T025] [MainWindow] 复制失败: C4551.MP4 - 未知错误
[2025-09-21 20:47:46.555] [INFO ] [T027] [FastCopyService] FastCopy服务初始化: C:\Program Files\FastCopy64\fcp.exe
[2025-09-21 20:47:46.567] [INFO ] [T027] [FastCopyService] 系统中没有发现FastCopy进程
[2025-09-21 20:47:46.567] [INFO ] [T027] [FastCopyService] 开始FastCopy复制: S:\Cache\A\Test\Ibanez A\左边机位\C4551.MP4 -> A:\Test.original\Ibanez A\左边机位\C4551.MP4
[2025-09-21 20:47:46.568] [INFO ] [T025] [MainWindow] 正在复制: C4551.MP4
[2025-09-21 20:47:46.580] [INFO ] [T027] [FastCopyService] 启动FastCopy进程 (PID: 85356): C4551.MP4
[2025-09-21 20:47:49.126] [ERROR] [T012] [FastCopyService] FastCopy复制失败: 退出码 -1, 错误: 未知错误
[2025-09-21 20:47:49.126] [INFO ] [T025] [MainWindow] 复制失败: C4551.MP4 - 未知错误
[2025-09-21 20:47:49.126] [INFO ] [T012] [FastCopyService] FastCopy服务初始化: C:\Program Files\FastCopy64\fcp.exe
[2025-09-21 20:47:49.140] [INFO ] [T012] [FastCopyService] 系统中没有发现FastCopy进程
[2025-09-21 20:47:49.140] [INFO ] [T012] [FastCopyService] 开始FastCopy复制: S:\Cache\A\Test\Ibanez A\左边机位\C4551.MP4 -> A:\Test.original\Ibanez A\左边机位\C4551.MP4
[2025-09-21 20:47:49.140] [INFO ] [T029] [MainWindow] 正在复制: C4551.MP4
[2025-09-21 20:47:49.151] [INFO ] [T012] [FastCopyService] 启动FastCopy进程 (PID: 89608): C4551.MP4
[2025-09-21 20:47:51.315] [ERROR] [T008] [FastCopyService] FastCopy复制失败: 退出码 -1, 错误: 未知错误
[2025-09-21 20:47:51.315] [INFO ] [T029] [MainWindow] 复制失败: C4551.MP4 - 未知错误
[2025-09-21 20:47:51.315] [INFO ] [T008] [FastCopyService] FastCopy服务初始化: C:\Program Files\FastCopy64\fcp.exe
[2025-09-21 20:47:51.326] [INFO ] [T008] [FastCopyService] 系统中没有发现FastCopy进程
[2025-09-21 20:47:51.327] [INFO ] [T008] [FastCopyService] 开始FastCopy复制: S:\Cache\A\Test\Ibanez A\左边机位\C4551.MP4 -> A:\Test.original\Ibanez A\左边机位\C4551.MP4
[2025-09-21 20:47:51.327] [INFO ] [T012] [MainWindow] 正在复制: C4551.MP4
[2025-09-21 20:47:51.338] [INFO ] [T008] [FastCopyService] 启动FastCopy进程 (PID: 28268): C4551.MP4
[2025-09-21 20:47:52.910] [ERROR] [T025] [FastCopyService] FastCopy复制失败: 退出码 -1, 错误: 未知错误
[2025-09-21 20:47:52.910] [INFO ] [T012] [MainWindow] 复制失败: C4551.MP4 - 未知错误
[2025-09-21 20:47:52.910] [INFO ] [T025] [FastCopyService] FastCopy服务初始化: C:\Program Files\FastCopy64\fcp.exe
[2025-09-21 20:47:52.925] [INFO ] [T025] [FastCopyService] 系统中没有发现FastCopy进程
[2025-09-21 20:47:52.925] [INFO ] [T025] [FastCopyService] 开始FastCopy复制: S:\Cache\A\Test\Ibanez A\左边机位\C4551.MP4 -> A:\Test.original\Ibanez A\左边机位\C4551.MP4
[2025-09-21 20:47:52.925] [INFO ] [T029] [MainWindow] 正在复制: C4551.MP4
[2025-09-21 20:47:52.935] [INFO ] [T025] [FastCopyService] 启动FastCopy进程 (PID: 86388): C4551.MP4
[2025-09-21 20:47:54.894] [ERROR] [T029] [FastCopyService] FastCopy复制失败: 退出码 -1, 错误: 未知错误
[2025-09-21 20:47:54.894] [INFO ] [T029] [FileSyncService] 释放FastCopy并发许可: C4551.MP4
[2025-09-21 20:47:54.894] [INFO ] [T012] [MainWindow] 同步完成，释放文件锁定: C4551.MP4
[2025-09-21 20:47:54.894] [INFO ] [T012] [MainWindow] 复制失败: C4551.MP4 - 未知错误
[2025-09-21 20:47:54.894] [INFO ] [T029] [FileSyncService] 文件处理完成，清理锁: C4551.MP4
[2025-09-21 20:47:54.896] [INFO ] [T001] [MainWindow] ❌ 同步失败: C4551.MP4 - FastCopy复制失败
[2025-09-21 20:49:03.174] [INFO ] [T001] [MainWindow] 正在停止加速：A:\Test
[2025-09-21 20:49:03.176] [INFO ] [T001] [MainWindow] 停止性能监控: A:\Test
[2025-09-21 20:49:03.249] [INFO ] [T001] [MainWindow] 缓存加速已停止：A:\Test
[2025-09-21 20:49:03.249] [INFO ] [T001] [MainWindow] ✅ 加速停止成功：A:\Test
[2025-09-21 20:49:03.251] [INFO ] [T001] [MainWindow] 已删除路径记录：A:\Test
[2025-09-21 20:49:03.252] [INFO ] [T001] [MainWindow] 开始停止缓存加速...
[2025-09-21 20:49:03.252] [INFO ] [T001] [MainWindow] 停止文件同步监控...
[2025-09-21 20:49:03.252] [INFO ] [T001] [MainWindow] 没有找到对应的监控器：
[2025-09-21 20:49:03.252] [INFO ] [T001] [MainWindow] 停止性能监控...
[2025-09-21 20:49:03.252] [INFO ] [T001] [MainWindow] 执行最后一次同步...
[2025-09-21 20:49:03.252] [INFO ] [T001] [MainWindow] 未找到同步配置：
[2025-09-21 20:49:03.252] [INFO ] [T001] [MainWindow] 删除Junction：A:\Test
[2025-09-21 20:49:03.252] [INFO ] [T001] [MainWindow] 删除Junction：A:\Test
[2025-09-21 20:49:03.252] [INFO ] [T001] [MainWindow] Junction删除成功
[2025-09-21 20:49:03.252] [INFO ] [T001] [MainWindow] 恢复原始目录：A:\Test -> A:\Test
[2025-09-21 20:49:03.252] [INFO ] [T001] [MainWindow] 缓存加速停止完成！
