[2025-09-22 09:37:41.397] [INFO ] [T001] [FastCopyService] FastCopy服务初始化: C:\Program Files\FastCopy64\fcp.exe
[2025-09-22 09:37:41.401] [INFO ] [T001] [FileSyncService] FastCopy最大并发数设置为: 3
[2025-09-22 09:37:41.402] [INFO ] [T001] [FileSyncService] FileSyncService 初始化完成
[2025-09-22 09:37:47.783] [INFO ] [T001] [MainWindow] 已添加路径：A:\Test
[2025-09-22 09:37:51.221] [INFO ] [T001] [MainWindow] 开始加速：A:\Test
[2025-09-22 09:37:51.244] [INFO ] [T001] [MainWindow] 使用目录连接点，无需管理员权限
[2025-09-22 09:37:51.244] [INFO ] [T001] [MainWindow] 开始缓存加速初始化...
[2025-09-22 09:37:51.244] [INFO ] [T001] [MainWindow] 检测到缓存目录已存在：S:\Cache\A\Test
[2025-09-22 09:37:51.244] [INFO ] [T001] [MainWindow] 缓存目录已存在，可选择：
[2025-09-22 09:37:51.244] [INFO ] [T001] [MainWindow] 1. 同步模式：保留现有缓存，仅同步差异文件（推荐）
[2025-09-22 09:37:51.244] [INFO ] [T001] [MainWindow] 2. 取消操作
[2025-09-22 09:37:51.244] [INFO ] [T001] [MainWindow] 当前默认使用同步模式
[2025-09-22 09:37:51.244] [INFO ] [T001] [MainWindow] 用户选择同步模式：与现有缓存同步
[2025-09-22 09:37:51.245] [INFO ] [T001] [MainWindow] 开始创建缓存目录和备份路径...
[2025-09-22 09:37:51.245] [INFO ] [T001] [MainWindow] 复制数据到缓存：A:\Test -> S:\Cache\A\Test
[2025-09-22 09:37:51.245] [INFO ] [T001] [MainWindow] 使用Robocopy同步模式：智能同步差异文件
[2025-09-22 09:37:51.245] [INFO ] [T001] [MainWindow] 执行Robocopy同步: robocopy "A:\Test" "S:\Cache\A\Test" /E /COPYALL /MT:64 /R:3600 /W:1 /IM /J /BYTES /FP /ETA /NFL /NDL
[2025-09-22 09:37:51.293] [INFO ] [T001] [MainWindow] Robocopy同步完成，退出码: 0
[2025-09-22 09:37:51.370] [INFO ] [T006] [MainWindow] 开始监控：S:\Cache\A\Test (模式：Immediate，延迟：3秒)
[2025-09-22 09:37:51.370] [INFO ] [T001] [MainWindow] 开始性能监控: A:\Test -> S:\Cache\A\Test
[2025-09-22 09:37:51.370] [INFO ] [T001] [MainWindow] 缓存加速已启用：A:\Test
[2025-09-22 09:37:51.371] [INFO ] [T001] [MainWindow] 记录加速状态：A:\Test -> 激活
[2025-09-22 09:37:51.371] [INFO ] [T001] [MainWindow] 备份原始目录：A:\Test -> A:\Test.original
[2025-09-22 09:37:51.371] [INFO ] [T001] [MainWindow] 目录重命名成功：A:\Test -> A:\Test.original
[2025-09-22 09:37:51.371] [INFO ] [T001] [MainWindow] 创建Junction：A:\Test -> S:\Cache\A\Test
[2025-09-22 09:37:51.371] [INFO ] [T001] [MainWindow] 创建Junction：A:\Test -> S:\Cache\A\Test
[2025-09-22 09:37:51.371] [INFO ] [T001] [MainWindow] Junction创建成功
[2025-09-22 09:37:51.371] [INFO ] [T001] [MainWindow] 启动文件同步监控...
[2025-09-22 09:37:51.371] [INFO ] [T001] [MainWindow] 开始监控：S:\Cache\A\Test -> A:\Test.original
[2025-09-22 09:37:51.372] [INFO ] [T001] [MainWindow] 文件监控启动成功
[2025-09-22 09:37:51.372] [INFO ] [T001] [MainWindow] 启动性能监控...
[2025-09-22 09:37:51.372] [INFO ] [T001] [MainWindow] 缓存加速初始化完成！
[2025-09-22 09:37:51.373] [INFO ] [T001] [MainWindow] ✅ 加速完成：A:\Test
[2025-09-22 09:37:56.365] [INFO ] [T009] [FileSyncService] 检测到文件变化，等待写入完成: FcHash.exe
[2025-09-22 09:37:56.373] [INFO ] [T009] [FileSyncService] 检测到文件变化，等待写入完成: fcp.exe
[2025-09-22 09:37:56.383] [INFO ] [T018] [FileSyncService] 检测到文件变化，等待写入完成: setup.exe
[2025-09-22 09:37:57.367] [INFO ] [T009] [FileSyncService] 文件写入已完成，准备同步: FcHash.exe
[2025-09-22 09:37:57.369] [INFO ] [T018] [MainWindow] 开始同步文件：FcHash.exe
[2025-09-22 09:37:57.373] [INFO ] [T011] [FileSyncService] 文件写入已完成，准备同步: fcp.exe
[2025-09-22 09:37:57.373] [INFO ] [T008] [MainWindow] 成功获取文件锁定 (尝试 1/8): FcHash.exe
[2025-09-22 09:37:57.373] [INFO ] [T018] [MainWindow] 成功获取文件锁定 (尝试 1/8): fcp.exe
[2025-09-22 09:37:57.373] [INFO ] [T009] [MainWindow] 已获取文件锁定，开始同步: FcHash.exe
[2025-09-22 09:37:57.373] [INFO ] [T006] [MainWindow] 开始同步文件：fcp.exe
[2025-09-22 09:37:57.374] [INFO ] [T021] [MainWindow] 已获取文件锁定，开始同步: fcp.exe
[2025-09-22 09:37:57.374] [INFO ] [T011] [FileSyncService] 获取FastCopy并发许可，开始复制: fcp.exe
[2025-09-22 09:37:57.374] [INFO ] [T004] [FileSyncService] 获取FastCopy并发许可，开始复制: FcHash.exe
[2025-09-22 09:37:57.379] [INFO ] [T004] [FastCopyService] 开始FastCopy复制: S:\Cache\A\Test\FcHash.exe -> A:\Test.original\FcHash.exe
[2025-09-22 09:37:57.379] [INFO ] [T011] [FastCopyService] 开始FastCopy复制: S:\Cache\A\Test\fcp.exe -> A:\Test.original\fcp.exe
[2025-09-22 09:37:57.379] [INFO ] [T022] [MainWindow] 正在复制: FcHash.exe
[2025-09-22 09:37:57.379] [INFO ] [T023] [MainWindow] 正在复制: fcp.exe
[2025-09-22 09:37:57.383] [INFO ] [T023] [FileSyncService] 文件写入已完成，准备同步: setup.exe
[2025-09-22 09:37:57.383] [INFO ] [T021] [MainWindow] 开始同步文件：setup.exe
[2025-09-22 09:37:57.383] [INFO ] [T018] [MainWindow] 成功获取文件锁定 (尝试 1/8): setup.exe
[2025-09-22 09:37:57.383] [INFO ] [T022] [MainWindow] 已获取文件锁定，开始同步: setup.exe
[2025-09-22 09:37:57.383] [INFO ] [T023] [FileSyncService] 获取FastCopy并发许可，开始复制: setup.exe
[2025-09-22 09:37:57.384] [INFO ] [T023] [FastCopyService] 开始FastCopy复制: S:\Cache\A\Test\setup.exe -> A:\Test.original\setup.exe
[2025-09-22 09:37:57.384] [INFO ] [T018] [MainWindow] 正在复制: setup.exe
[2025-09-22 09:37:57.389] [INFO ] [T011] [FastCopyService] 启动FastCopy进程 (PID: 82620): fcp.exe
[2025-09-22 09:37:57.401] [INFO ] [T004] [FastCopyService] 启动FastCopy进程 (PID: 91232): FcHash.exe
[2025-09-22 09:37:57.411] [INFO ] [T023] [FastCopyService] 启动FastCopy进程 (PID: 53108): setup.exe
[2025-09-22 09:38:00.542] [INFO ] [T006] [FastCopyService] FastCopy复制成功: S:\Cache\A\Test\setup.exe -> A:\Test.original\setup.exe
[2025-09-22 09:38:00.542] [INFO ] [T023] [MainWindow] 复制完成: setup.exe
[2025-09-22 09:38:00.543] [INFO ] [T006] [FileSyncService] 释放FastCopy并发许可: setup.exe
[2025-09-22 09:38:00.543] [INFO ] [T019] [MainWindow] 同步完成，释放文件锁定: setup.exe
[2025-09-22 09:38:00.545] [INFO ] [T006] [FileSyncService] 文件处理完成，清理锁: setup.exe
[2025-09-22 09:38:00.566] [INFO ] [T018] [FastCopyService] FastCopy复制成功: S:\Cache\A\Test\fcp.exe -> A:\Test.original\fcp.exe
[2025-09-22 09:38:00.566] [INFO ] [T006] [MainWindow] 复制完成: fcp.exe
[2025-09-22 09:38:00.566] [INFO ] [T018] [FileSyncService] 释放FastCopy并发许可: fcp.exe
[2025-09-22 09:38:00.567] [INFO ] [T023] [MainWindow] 同步完成，释放文件锁定: fcp.exe
[2025-09-22 09:38:00.567] [INFO ] [T018] [FileSyncService] 文件处理完成，清理锁: fcp.exe
[2025-09-22 09:38:00.981] [INFO ] [T022] [FastCopyService] FastCopy复制成功: S:\Cache\A\Test\FcHash.exe -> A:\Test.original\FcHash.exe
[2025-09-22 09:38:00.981] [INFO ] [T022] [FileSyncService] 释放FastCopy并发许可: FcHash.exe
[2025-09-22 09:38:00.981] [INFO ] [T009] [MainWindow] 复制完成: FcHash.exe
[2025-09-22 09:38:00.981] [INFO ] [T023] [MainWindow] 同步完成，释放文件锁定: FcHash.exe
[2025-09-22 09:38:00.981] [INFO ] [T022] [FileSyncService] 文件处理完成，清理锁: FcHash.exe
[2025-09-22 09:38:09.112] [INFO ] [T006] [FileSyncService] 检测到Deleted事件: FcHash.exe
[2025-09-22 09:38:09.113] [INFO ] [T006] [FileSyncService] 开始处理Deleted事件: FcHash.exe, 缓存根目录: S:\Cache\A\Test
[2025-09-22 09:38:09.113] [INFO ] [T006] [FileSyncService] 创建删除队列项: FcHash.exe
[2025-09-22 09:38:09.114] [INFO ] [T019] [MainWindow] 正在删除: FcHash.exe
[2025-09-22 09:38:09.114] [INFO ] [T021] [MainWindow] 开始同步文件：FcHash.exe
[2025-09-22 09:38:09.115] [INFO ] [T021] [FileSyncService] 检测到Deleted事件: fcp.exe
[2025-09-22 09:38:09.115] [INFO ] [T021] [FileSyncService] 开始处理Deleted事件: fcp.exe, 缓存根目录: S:\Cache\A\Test
[2025-09-22 09:38:09.115] [INFO ] [T021] [FileSyncService] 创建删除队列项: fcp.exe
[2025-09-22 09:38:09.115] [INFO ] [T022] [MainWindow] 正在删除: fcp.exe
[2025-09-22 09:38:09.115] [INFO ] [T022] [MainWindow] 开始同步文件：fcp.exe
[2025-09-22 09:38:09.117] [INFO ] [T023] [MainWindow] 删除完成: fcp.exe
[2025-09-22 09:38:09.117] [INFO ] [T004] [MainWindow] 删除完成: FcHash.exe
[2025-09-22 09:38:09.119] [INFO ] [T006] [FileSyncService] 检测到Deleted事件: setup.exe
[2025-09-22 09:38:09.119] [INFO ] [T023] [FileSyncService] 开始处理Deleted事件: setup.exe, 缓存根目录: S:\Cache\A\Test
[2025-09-22 09:38:09.119] [INFO ] [T023] [FileSyncService] 创建删除队列项: setup.exe
[2025-09-22 09:38:09.119] [INFO ] [T006] [MainWindow] 正在删除: setup.exe
[2025-09-22 09:38:09.119] [INFO ] [T019] [MainWindow] 开始同步文件：setup.exe
[2025-09-22 09:38:09.120] [INFO ] [T006] [MainWindow] 删除完成: setup.exe
[2025-09-22 09:38:56.846] [INFO ] [T025] [FileSyncService] 检测到文件变化，等待写入完成: fcp.exe
[2025-09-22 09:38:57.846] [INFO ] [T006] [FileSyncService] 文件写入已完成，准备同步: fcp.exe
[2025-09-22 09:38:57.846] [INFO ] [T026] [MainWindow] 开始同步文件：fcp.exe
[2025-09-22 09:38:57.846] [INFO ] [T006] [FileSyncService] 获取FastCopy并发许可，开始复制: fcp.exe
[2025-09-22 09:38:57.847] [INFO ] [T019] [MainWindow] 已获取文件锁定，开始同步: fcp.exe
[2025-09-22 09:38:57.847] [INFO ] [T023] [MainWindow] 成功获取文件锁定 (尝试 1/8): fcp.exe
[2025-09-22 09:38:57.847] [INFO ] [T006] [FastCopyService] 开始FastCopy复制: S:\Cache\A\Test\fcp.exe -> A:\Test.original\fcp.exe
[2025-09-22 09:38:57.847] [INFO ] [T028] [MainWindow] 正在复制: fcp.exe
[2025-09-22 09:38:57.856] [INFO ] [T006] [FastCopyService] 启动FastCopy进程 (PID: 73404): fcp.exe
[2025-09-22 09:38:59.753] [INFO ] [T019] [FastCopyService] FastCopy复制成功: S:\Cache\A\Test\fcp.exe -> A:\Test.original\fcp.exe
[2025-09-22 09:38:59.753] [INFO ] [T019] [FileSyncService] 释放FastCopy并发许可: fcp.exe
[2025-09-22 09:38:59.753] [INFO ] [T025] [MainWindow] 复制完成: fcp.exe
[2025-09-22 09:38:59.753] [INFO ] [T028] [MainWindow] 同步完成，释放文件锁定: fcp.exe
[2025-09-22 09:38:59.753] [INFO ] [T019] [FileSyncService] 文件处理完成，清理锁: fcp.exe
[2025-09-22 09:39:03.584] [INFO ] [T028] [FileSyncService] 检测到Deleted事件: fcp.exe
[2025-09-22 09:39:03.584] [INFO ] [T019] [FileSyncService] 开始处理Deleted事件: fcp.exe, 缓存根目录: S:\Cache\A\Test
[2025-09-22 09:39:03.584] [INFO ] [T028] [FileSyncService] 检测到文件变化，等待写入完成: 2.exe
[2025-09-22 09:39:03.584] [INFO ] [T019] [FileSyncService] 创建删除队列项: fcp.exe
[2025-09-22 09:39:03.584] [INFO ] [T025] [MainWindow] 开始同步文件：fcp.exe
[2025-09-22 09:39:03.584] [INFO ] [T026] [MainWindow] 正在删除: fcp.exe
[2025-09-22 09:39:03.586] [INFO ] [T025] [MainWindow] 删除完成: fcp.exe
[2025-09-22 09:39:04.585] [INFO ] [T019] [FileSyncService] 文件写入已完成，准备同步: 2.exe
[2025-09-22 09:39:04.585] [INFO ] [T027] [MainWindow] 开始同步文件：2.exe
[2025-09-22 09:39:04.585] [INFO ] [T006] [MainWindow] 成功获取文件锁定 (尝试 1/8): 2.exe
[2025-09-22 09:39:04.585] [INFO ] [T019] [MainWindow] 已获取文件锁定，开始同步: 2.exe
[2025-09-22 09:39:04.585] [INFO ] [T025] [FileSyncService] 获取FastCopy并发许可，开始复制: 2.exe
[2025-09-22 09:39:04.586] [INFO ] [T025] [FastCopyService] 开始FastCopy复制: S:\Cache\A\Test\2.exe -> A:\Test.original\2.exe
[2025-09-22 09:39:04.586] [INFO ] [T006] [MainWindow] 正在复制: 2.exe
[2025-09-22 09:39:04.595] [INFO ] [T025] [FastCopyService] 启动FastCopy进程 (PID: 76060): 2.exe
[2025-09-22 09:39:05.288] [INFO ] [T026] [FastCopyService] FastCopy复制成功: S:\Cache\A\Test\2.exe -> A:\Test.original\2.exe
[2025-09-22 09:39:05.288] [INFO ] [T028] [MainWindow] 复制完成: 2.exe
[2025-09-22 09:39:05.288] [INFO ] [T026] [FileSyncService] 释放FastCopy并发许可: 2.exe
[2025-09-22 09:39:05.288] [INFO ] [T006] [MainWindow] 同步完成，释放文件锁定: 2.exe
[2025-09-22 09:39:05.288] [INFO ] [T026] [FileSyncService] 文件处理完成，清理锁: 2.exe
