[2025-09-22 10:31:59.269] [INFO ] [T001] [FastCopyService] FastCopy服务初始化: C:\Program Files\FastCopy64\fcp.exe
[2025-09-22 10:31:59.273] [INFO ] [T001] [FileSyncService] FastCopy最大并发数设置为: 3
[2025-09-22 10:31:59.273] [INFO ] [T001] [FileSyncService] FileSyncService 初始化完成
[2025-09-22 10:31:59.350] [INFO ] [T001] [MainWindow] 开始恢复 0 个加速项目的状态...
[2025-09-22 10:31:59.350] [INFO ] [T001] [MainWindow] 加速状态恢复完成！
[2025-09-22 10:32:33.102] [INFO ] [T001] [MainWindow] 已添加路径：A:\Test
[2025-09-22 10:32:37.608] [INFO ] [T001] [MainWindow] 开始加速：A:\Test
[2025-09-22 10:32:37.632] [INFO ] [T001] [MainWindow] 使用目录连接点，无需管理员权限
[2025-09-22 10:32:37.632] [INFO ] [T001] [MainWindow] 开始缓存加速初始化...
[2025-09-22 10:32:37.632] [INFO ] [T001] [MainWindow] 检测到缓存目录已存在：S:\Cache\A\Test
[2025-09-22 10:32:37.632] [INFO ] [T001] [MainWindow] 缓存目录已存在，可选择：
[2025-09-22 10:32:37.632] [INFO ] [T001] [MainWindow] 1. 同步模式：保留现有缓存，仅同步差异文件（推荐）
[2025-09-22 10:32:37.632] [INFO ] [T001] [MainWindow] 2. 取消操作
[2025-09-22 10:32:37.632] [INFO ] [T001] [MainWindow] 当前默认使用同步模式
[2025-09-22 10:32:37.632] [INFO ] [T001] [MainWindow] 用户选择同步模式：与现有缓存同步
[2025-09-22 10:32:37.633] [INFO ] [T001] [MainWindow] 开始创建缓存目录和备份路径...
[2025-09-22 10:32:37.633] [INFO ] [T001] [MainWindow] 复制数据到缓存：A:\Test -> S:\Cache\A\Test
[2025-09-22 10:32:37.633] [INFO ] [T001] [MainWindow] 使用Robocopy同步模式：智能同步差异文件
[2025-09-22 10:32:37.633] [INFO ] [T001] [MainWindow] 执行Robocopy同步: robocopy "A:\Test" "S:\Cache\A\Test" /E /COPYALL /MT:64 /R:3600 /W:1 /IM /J /BYTES /FP /ETA /NFL /NDL
[2025-09-22 10:32:37.681] [INFO ] [T001] [MainWindow] Robocopy同步完成，退出码: 0
[2025-09-22 10:32:37.753] [INFO ] [T004] [MainWindow] StartMonitoring调用：S:\Cache\A\Test -> A:\Test.original, 模式:Immediate
[2025-09-22 10:32:37.753] [INFO ] [T006] [MainWindow] 开始监控：S:\Cache\A\Test -> A:\Test.original
[2025-09-22 10:32:37.757] [INFO ] [T001] [MainWindow] 缓存加速已启用：A:\Test
[2025-09-22 10:32:37.757] [INFO ] [T004] [MainWindow] 开始监控：S:\Cache\A\Test (模式：Immediate，延迟：3秒)
[2025-09-22 10:32:37.757] [INFO ] [T001] [MainWindow] 记录加速状态：A:\Test -> 激活
[2025-09-22 10:32:37.757] [INFO ] [T001] [MainWindow] 备份原始目录：A:\Test -> A:\Test.original
[2025-09-22 10:32:37.757] [INFO ] [T001] [MainWindow] 目录重命名成功：A:\Test -> A:\Test.original
[2025-09-22 10:32:37.757] [INFO ] [T001] [MainWindow] 创建Junction：A:\Test -> S:\Cache\A\Test
[2025-09-22 10:32:37.757] [INFO ] [T001] [MainWindow] 创建Junction：A:\Test -> S:\Cache\A\Test
[2025-09-22 10:32:37.757] [INFO ] [T001] [MainWindow] Junction创建成功
[2025-09-22 10:32:37.757] [INFO ] [T001] [MainWindow] 启动文件同步监控...
[2025-09-22 10:32:37.757] [INFO ] [T001] [MainWindow] 开始监控：S:\Cache\A\Test -> A:\Test.original
[2025-09-22 10:32:37.757] [INFO ] [T001] [MainWindow] 文件监控启动成功
[2025-09-22 10:32:37.758] [INFO ] [T001] [MainWindow] 缓存加速初始化完成！
[2025-09-22 10:32:37.761] [INFO ] [T001] [MainWindow] ✅ 加速完成：A:\Test
[2025-09-22 10:32:37.761] [INFO ] [T001] [MainWindow] 缓存路径：S:\Cache\A\Test
