[2025-09-21 17:00:51.997] [INFO ] [T001] [FastCopyService] FastCopy服务初始化: C:\Program Files\FastCopy64\fcp.exe
[2025-09-21 17:00:52.020] [INFO ] [T001] [FastCopyService] 系统中没有发现FastCopy进程
[2025-09-21 17:00:52.023] [INFO ] [T001] [FastCopyService] FastCopy服务初始化: C:\Program Files\FastCopy64\fcp.exe
[2025-09-21 17:00:52.036] [INFO ] [T001] [FastCopyService] 系统中没有发现FastCopy进程
[2025-09-21 17:00:52.036] [INFO ] [T001] [FileSyncService] FastCopy最大并发数设置为: 3
[2025-09-21 17:00:52.036] [INFO ] [T001] [FileSyncService] FileSyncService 初始化完成
[2025-09-21 17:00:52.037] [INFO ] [T001] [FastCopyService] FastCopy服务初始化: C:\Program Files\FastCopy64\fcp.exe
[2025-09-21 17:00:52.049] [INFO ] [T001] [FastCopyService] 系统中没有发现FastCopy进程
[2025-09-21 17:00:52.132] [INFO ] [T001] [MainWindow] 记录加速状态：A:\Test -> 激活
[2025-09-21 17:00:52.138] [INFO ] [T001] [MainWindow] 恢复文件同步监控：S:\Cache\Test -> A:\Test.original
[2025-09-21 17:00:52.138] [INFO ] [T006] [MainWindow] 开始监控：S:\Cache\Test (模式：Immediate，延迟：3秒)
[2025-09-21 17:00:52.139] [INFO ] [T001] [MainWindow] 开始性能监控: A:\Test -> S:\Cache\Test
[2025-09-21 17:00:52.139] [INFO ] [T001] [MainWindow] 恢复性能监控：A:\Test
[2025-09-21 17:00:52.139] [INFO ] [T001] [MainWindow] 恢复加速状态记录：A:\Test - 活跃
[2025-09-21 17:01:00.633] [INFO ] [T010] [FileSyncService] 检测到文件变化，等待写入完成: Ibanez A
[2025-09-21 17:01:00.633] [INFO ] [T009] [FileSyncService] 检测到文件变化，等待写入完成: Ibanez A
[2025-09-21 17:01:00.633] [INFO ] [T009] [FileSyncService] 文件已被删除，跳过同步: Ibanez A
[2025-09-21 17:01:00.633] [INFO ] [T010] [FileSyncService] 文件已被删除，跳过同步: Ibanez A
[2025-09-21 17:01:00.638] [INFO ] [T009] [FileSyncService] 检测到文件变化，等待写入完成: 主机位
[2025-09-21 17:01:00.638] [INFO ] [T009] [FileSyncService] 文件已被删除，跳过同步: 主机位
[2025-09-21 17:01:00.638] [INFO ] [T010] [FileSyncService] 检测到文件变化，等待写入完成: 主机位
[2025-09-21 17:01:00.638] [INFO ] [T010] [FileSyncService] 文件已被删除，跳过同步: 主机位
[2025-09-21 17:01:00.648] [INFO ] [T004] [FileSyncService] 检测到文件变化，等待写入完成: C1712.MP4
[2025-09-21 17:01:00.648] [INFO ] [T009] [FileSyncService] 文件已在处理队列中，跳过重复事件: C1712.MP4
[2025-09-21 17:01:02.033] [INFO ] [T004] [FileSyncService] 文件已在处理队列中，跳过重复事件: C1712.MP4
[2025-09-21 17:01:02.040] [INFO ] [T004] [FileSyncService] 检测到文件变化，等待写入完成: 主机位
[2025-09-21 17:01:02.040] [INFO ] [T004] [FileSyncService] 文件已被删除，跳过同步: 主机位
[2025-09-21 17:01:02.043] [INFO ] [T006] [FileSyncService] 检测到文件变化，等待写入完成: C1713.MP4
[2025-09-21 17:01:02.043] [INFO ] [T017] [FileSyncService] 文件已在处理队列中，跳过重复事件: C1713.MP4
[2025-09-21 17:01:02.888] [INFO ] [T009] [FileSyncService] 文件写入已完成，准备同步: C1712.MP4
[2025-09-21 17:01:02.890] [INFO ] [T010] [MainWindow] 开始同步文件：C1712.MP4
[2025-09-21 17:01:02.893] [INFO ] [T006] [MainWindow] 已获取文件锁定，开始同步: C1712.MP4
[2025-09-21 17:01:02.894] [INFO ] [T017] [FileSyncService] 获取FastCopy并发许可，开始复制: C1712.MP4
[2025-09-21 17:01:02.897] [INFO ] [T006] [MainWindow] 源文件被占用，等待释放：C1712.MP4 (尝试 1/5)
[2025-09-21 17:01:03.051] [INFO ] [T006] [FileSyncService] 文件已在处理队列中，跳过重复事件: C1713.MP4
[2025-09-21 17:01:03.058] [INFO ] [T006] [FileSyncService] 检测到文件变化，等待写入完成: 主机位
[2025-09-21 17:01:03.058] [INFO ] [T006] [FileSyncService] 文件已被删除，跳过同步: 主机位
[2025-09-21 17:01:03.061] [INFO ] [T006] [FileSyncService] 检测到文件变化，等待写入完成: C1714.MP4
[2025-09-21 17:01:03.061] [INFO ] [T006] [FileSyncService] 文件已在处理队列中，跳过重复事件: C1714.MP4
[2025-09-21 17:01:03.098] [INFO ] [T010] [MainWindow] 源文件被占用，等待释放：C1712.MP4 (尝试 2/5)
[2025-09-21 17:01:03.400] [INFO ] [T017] [MainWindow] 源文件被占用，等待释放：C1712.MP4 (尝试 3/5)
[2025-09-21 17:01:03.901] [INFO ] [T017] [MainWindow] 源文件被占用，等待释放：C1712.MP4 (尝试 4/5)
[2025-09-21 17:01:04.180] [INFO ] [T017] [FileSyncService] 文件写入已完成，准备同步: C1713.MP4
[2025-09-21 17:01:04.180] [INFO ] [T006] [MainWindow] 开始同步文件：C1713.MP4
[2025-09-21 17:01:04.180] [INFO ] [T017] [FileSyncService] 获取FastCopy并发许可，开始复制: C1713.MP4
[2025-09-21 17:01:04.180] [INFO ] [T018] [MainWindow] 已获取文件锁定，开始同步: C1713.MP4
[2025-09-21 17:01:04.180] [INFO ] [T009] [MainWindow] 源文件被占用，等待释放：C1713.MP4 (尝试 1/5)
[2025-09-21 17:01:04.278] [INFO ] [T019] [FileSyncService] 文件已在处理队列中，跳过重复事件: C1714.MP4
[2025-09-21 17:01:04.284] [INFO ] [T006] [FileSyncService] 检测到文件变化，等待写入完成: 主机位
[2025-09-21 17:01:04.284] [INFO ] [T006] [FileSyncService] 文件已被删除，跳过同步: 主机位
[2025-09-21 17:01:04.287] [INFO ] [T004] [FileSyncService] 检测到文件变化，等待写入完成: C1715.MP4
[2025-09-21 17:01:04.287] [INFO ] [T006] [FileSyncService] 文件已在处理队列中，跳过重复事件: C1715.MP4
[2025-09-21 17:01:04.381] [INFO ] [T004] [MainWindow] 源文件被占用，等待释放：C1713.MP4 (尝试 2/5)
[2025-09-21 17:01:04.605] [INFO ] [T004] [MainWindow] 源文件被占用，等待释放：C1712.MP4 (尝试 5/5)
[2025-09-21 17:01:04.683] [INFO ] [T006] [MainWindow] 源文件被占用，等待释放：C1713.MP4 (尝试 3/5)
[2025-09-21 17:01:05.186] [INFO ] [T006] [MainWindow] 源文件被占用，等待释放：C1713.MP4 (尝试 4/5)
[2025-09-21 17:01:05.590] [INFO ] [T004] [FileSyncService] 文件写入已完成，准备同步: C1714.MP4
[2025-09-21 17:01:05.590] [INFO ] [T018] [MainWindow] 开始同步文件：C1714.MP4
[2025-09-21 17:01:05.590] [INFO ] [T019] [FileSyncService] 获取FastCopy并发许可，开始复制: C1714.MP4
[2025-09-21 17:01:05.590] [INFO ] [T006] [MainWindow] 源文件被占用，等待释放：C1714.MP4 (尝试 1/5)
[2025-09-21 17:01:05.591] [INFO ] [T009] [MainWindow] 已获取文件锁定，开始同步: C1714.MP4
[2025-09-21 17:01:05.708] [INFO ] [T009] [FileSyncService] 释放FastCopy并发许可: C1712.MP4
[2025-09-21 17:01:05.708] [INFO ] [T020] [MainWindow] 同步完成，释放文件锁定: C1712.MP4
[2025-09-21 17:01:05.709] [INFO ] [T009] [FileSyncService] 文件处理完成，清理锁: C1712.MP4
[2025-09-21 17:01:05.712] [INFO ] [T001] [MainWindow] ❌ 同步失败: C1712.MP4 - 源文件持续被占用：C1712.MP4
[2025-09-21 17:01:05.791] [INFO ] [T006] [MainWindow] 源文件被占用，等待释放：C1714.MP4 (尝试 2/5)
[2025-09-21 17:01:05.891] [INFO ] [T020] [MainWindow] 源文件被占用，等待释放：C1713.MP4 (尝试 5/5)
[2025-09-21 17:01:05.924] [INFO ] [T020] [FileSyncService] 文件已在处理队列中，跳过重复事件: C1715.MP4
[2025-09-21 17:01:05.930] [INFO ] [T020] [FileSyncService] 检测到文件变化，等待写入完成: 主机位
[2025-09-21 17:01:05.930] [INFO ] [T020] [FileSyncService] 文件已被删除，跳过同步: 主机位
[2025-09-21 17:01:05.933] [INFO ] [T020] [FileSyncService] 检测到文件变化，等待写入完成: C1716.MP4
[2025-09-21 17:01:05.933] [INFO ] [T006] [FileSyncService] 文件已在处理队列中，跳过重复事件: C1716.MP4
[2025-09-21 17:01:06.091] [INFO ] [T009] [MainWindow] 源文件被占用，等待释放：C1714.MP4 (尝试 3/5)
[2025-09-21 17:01:06.288] [INFO ] [T010] [FileSyncService] 文件写入已完成，准备同步: C1715.MP4
[2025-09-21 17:01:06.288] [INFO ] [T010] [FileSyncService] 获取FastCopy并发许可，开始复制: C1715.MP4
[2025-09-21 17:01:06.288] [INFO ] [T006] [MainWindow] 已获取文件锁定，开始同步: C1715.MP4
[2025-09-21 17:01:06.288] [INFO ] [T009] [MainWindow] 开始同步文件：C1715.MP4
[2025-09-21 17:01:06.288] [INFO ] [T020] [MainWindow] 源文件被占用，等待释放：C1715.MP4 (尝试 1/5)
[2025-09-21 17:01:06.488] [INFO ] [T018] [MainWindow] 源文件被占用，等待释放：C1715.MP4 (尝试 2/5)
[2025-09-21 17:01:06.593] [INFO ] [T010] [MainWindow] 源文件被占用，等待释放：C1714.MP4 (尝试 4/5)
[2025-09-21 17:01:06.995] [INFO ] [T020] [FileSyncService] 释放FastCopy并发许可: C1713.MP4
[2025-09-21 17:01:06.995] [INFO ] [T006] [MainWindow] 同步完成，释放文件锁定: C1713.MP4
[2025-09-21 17:01:06.996] [INFO ] [T020] [FileSyncService] 文件处理完成，清理锁: C1713.MP4
[2025-09-21 17:01:06.997] [INFO ] [T001] [MainWindow] ❌ 同步失败: C1713.MP4 - 源文件持续被占用：C1713.MP4
[2025-09-21 17:01:07.297] [INFO ] [T018] [MainWindow] 源文件被占用，等待释放：C1714.MP4 (尝试 5/5)
[2025-09-21 17:01:07.409] [INFO ] [T018] [MainWindow] 源文件被占用，等待释放：C1715.MP4 (尝试 3/5)
[2025-09-21 17:01:07.910] [INFO ] [T010] [MainWindow] 源文件被占用，等待释放：C1715.MP4 (尝试 4/5)
[2025-09-21 17:01:08.183] [INFO ] [T010] [FileSyncService] 文件已在处理队列中，跳过重复事件: C1716.MP4
[2025-09-21 17:01:08.308] [INFO ] [T010] [FileSyncService] 检测到文件变化，等待写入完成: 主机位
[2025-09-21 17:01:08.308] [INFO ] [T010] [FileSyncService] 文件已被删除，跳过同步: 主机位
[2025-09-21 17:01:08.311] [INFO ] [T018] [FileSyncService] 检测到文件变化，等待写入完成: C1717.MP4
[2025-09-21 17:01:08.311] [INFO ] [T020] [FileSyncService] 文件已在处理队列中，跳过重复事件: C1717.MP4
[2025-09-21 17:01:08.400] [INFO ] [T006] [FileSyncService] 释放FastCopy并发许可: C1714.MP4
[2025-09-21 17:01:08.400] [INFO ] [T020] [MainWindow] 同步完成，释放文件锁定: C1714.MP4
[2025-09-21 17:01:08.401] [INFO ] [T006] [FileSyncService] 文件处理完成，清理锁: C1714.MP4
[2025-09-21 17:01:08.401] [INFO ] [T001] [MainWindow] ❌ 同步失败: C1714.MP4 - 源文件持续被占用：C1714.MP4
[2025-09-21 17:01:08.613] [INFO ] [T020] [MainWindow] 源文件被占用，等待释放：C1715.MP4 (尝试 5/5)
[2025-09-21 17:01:08.934] [INFO ] [T020] [FileSyncService] 文件写入已完成，准备同步: C1716.MP4
[2025-09-21 17:01:08.934] [INFO ] [T006] [FileSyncService] 获取FastCopy并发许可，开始复制: C1716.MP4
[2025-09-21 17:01:08.934] [INFO ] [T007] [MainWindow] 已获取文件锁定，开始同步: C1716.MP4
[2025-09-21 17:01:08.934] [INFO ] [T019] [MainWindow] 开始同步文件：C1716.MP4
[2025-09-21 17:01:08.934] [INFO ] [T009] [MainWindow] 源文件被占用，等待释放：C1716.MP4 (尝试 1/5)
[2025-09-21 17:01:09.136] [INFO ] [T020] [MainWindow] 源文件被占用，等待释放：C1716.MP4 (尝试 2/5)
[2025-09-21 17:01:09.443] [INFO ] [T004] [MainWindow] 源文件被占用，等待释放：C1716.MP4 (尝试 3/5)
[2025-09-21 17:01:09.718] [INFO ] [T006] [FileSyncService] 释放FastCopy并发许可: C1715.MP4
[2025-09-21 17:01:09.718] [INFO ] [T004] [MainWindow] 同步完成，释放文件锁定: C1715.MP4
[2025-09-21 17:01:09.718] [INFO ] [T006] [FileSyncService] 文件处理完成，清理锁: C1715.MP4
[2025-09-21 17:01:09.719] [INFO ] [T001] [MainWindow] ❌ 同步失败: C1715.MP4 - 源文件持续被占用：C1715.MP4
[2025-09-21 17:01:09.944] [INFO ] [T019] [MainWindow] 源文件被占用，等待释放：C1716.MP4 (尝试 4/5)
[2025-09-21 17:01:10.649] [INFO ] [T019] [MainWindow] 源文件被占用，等待释放：C1716.MP4 (尝试 5/5)
[2025-09-21 17:01:10.816] [INFO ] [T019] [FileSyncService] 文件已在处理队列中，跳过重复事件: C1717.MP4
[2025-09-21 17:01:11.038] [INFO ] [T019] [FileSyncService] 检测到文件变化，等待写入完成: 主机位
[2025-09-21 17:01:11.038] [INFO ] [T019] [FileSyncService] 文件已被删除，跳过同步: 主机位
[2025-09-21 17:01:11.041] [INFO ] [T009] [FileSyncService] 检测到文件变化，等待写入完成: C1718.MP4
[2025-09-21 17:01:11.041] [INFO ] [T019] [FileSyncService] 文件已在处理队列中，跳过重复事件: C1718.MP4
[2025-09-21 17:01:11.312] [INFO ] [T019] [FileSyncService] 文件写入已完成，准备同步: C1717.MP4
[2025-09-21 17:01:11.312] [INFO ] [T009] [MainWindow] 开始同步文件：C1717.MP4
[2025-09-21 17:01:11.312] [INFO ] [T019] [FileSyncService] 获取FastCopy并发许可，开始复制: C1717.MP4
[2025-09-21 17:01:11.312] [INFO ] [T018] [MainWindow] 已获取文件锁定，开始同步: C1717.MP4
[2025-09-21 17:01:11.313] [INFO ] [T007] [MainWindow] 源文件被占用，等待释放：C1717.MP4 (尝试 1/5)
[2025-09-21 17:01:11.513] [INFO ] [T019] [MainWindow] 源文件被占用，等待释放：C1717.MP4 (尝试 2/5)
[2025-09-21 17:01:11.754] [INFO ] [T019] [FileSyncService] 释放FastCopy并发许可: C1716.MP4
[2025-09-21 17:01:11.754] [INFO ] [T007] [MainWindow] 同步完成，释放文件锁定: C1716.MP4
[2025-09-21 17:01:11.755] [INFO ] [T019] [FileSyncService] 文件处理完成，清理锁: C1716.MP4
[2025-09-21 17:01:11.763] [INFO ] [T001] [MainWindow] ❌ 同步失败: C1716.MP4 - 源文件持续被占用：C1716.MP4
[2025-09-21 17:01:11.815] [INFO ] [T007] [MainWindow] 源文件被占用，等待释放：C1717.MP4 (尝试 3/5)
[2025-09-21 17:01:12.318] [INFO ] [T019] [MainWindow] 源文件被占用，等待释放：C1717.MP4 (尝试 4/5)
[2025-09-21 17:01:12.321] [INFO ] [T019] [FileSyncService] 文件已在处理队列中，跳过重复事件: C1718.MP4
[2025-09-21 17:01:12.347] [INFO ] [T019] [FileSyncService] 检测到文件变化，等待写入完成: 主机位
[2025-09-21 17:01:12.347] [INFO ] [T019] [FileSyncService] 文件已被删除，跳过同步: 主机位
[2025-09-21 17:01:12.350] [INFO ] [T019] [FileSyncService] 检测到文件变化，等待写入完成: C1719.MP4
[2025-09-21 17:01:12.350] [INFO ] [T018] [FileSyncService] 文件已在处理队列中，跳过重复事件: C1719.MP4
[2025-09-21 17:01:13.021] [INFO ] [T007] [MainWindow] 源文件被占用，等待释放：C1717.MP4 (尝试 5/5)
[2025-09-21 17:01:13.043] [INFO ] [T019] [FileSyncService] 文件写入已完成，准备同步: C1718.MP4
[2025-09-21 17:01:13.043] [INFO ] [T007] [MainWindow] 开始同步文件：C1718.MP4
[2025-09-21 17:01:13.043] [INFO ] [T020] [FileSyncService] 获取FastCopy并发许可，开始复制: C1718.MP4
[2025-09-21 17:01:13.043] [INFO ] [T018] [MainWindow] 已获取文件锁定，开始同步: C1718.MP4
[2025-09-21 17:01:13.043] [INFO ] [T010] [MainWindow] 源文件被占用，等待释放：C1718.MP4 (尝试 1/5)
[2025-09-21 17:01:13.244] [INFO ] [T018] [MainWindow] 源文件被占用，等待释放：C1718.MP4 (尝试 2/5)
[2025-09-21 17:01:13.322] [INFO ] [T006] [FileSyncService] 文件已在处理队列中，跳过重复事件: C1719.MP4
[2025-09-21 17:01:13.329] [INFO ] [T009] [FileSyncService] 检测到文件变化，等待写入完成: 主机位
[2025-09-21 17:01:13.329] [INFO ] [T009] [FileSyncService] 文件已被删除，跳过同步: 主机位
[2025-09-21 17:01:13.332] [INFO ] [T018] [FileSyncService] 检测到文件变化，等待写入完成: C1720.MP4
[2025-09-21 17:01:13.332] [INFO ] [T009] [FileSyncService] 文件已在处理队列中，跳过重复事件: C1720.MP4
[2025-09-21 17:01:13.351] [INFO ] [T018] [FileSyncService] 文件写入已完成，准备同步: C1719.MP4
[2025-09-21 17:01:13.351] [INFO ] [T010] [MainWindow] 开始同步文件：C1719.MP4
[2025-09-21 17:01:13.351] [INFO ] [T009] [FileSyncService] 获取FastCopy并发许可，开始复制: C1719.MP4
[2025-09-21 17:01:13.351] [INFO ] [T019] [MainWindow] 已获取文件锁定，开始同步: C1719.MP4
[2025-09-21 17:01:13.351] [INFO ] [T007] [MainWindow] 源文件被占用，等待释放：C1719.MP4 (尝试 1/5)
[2025-09-21 17:01:13.664] [INFO ] [T006] [MainWindow] 源文件被占用，等待释放：C1718.MP4 (尝试 3/5)
[2025-09-21 17:01:13.870] [INFO ] [T006] [MainWindow] 源文件被占用，等待释放：C1719.MP4 (尝试 2/5)
[2025-09-21 17:01:14.128] [INFO ] [T006] [FileSyncService] 释放FastCopy并发许可: C1717.MP4
[2025-09-21 17:01:14.128] [INFO ] [T007] [MainWindow] 同步完成，释放文件锁定: C1717.MP4
[2025-09-21 17:01:14.128] [INFO ] [T006] [FileSyncService] 文件处理完成，清理锁: C1717.MP4
[2025-09-21 17:01:14.128] [INFO ] [T001] [MainWindow] ❌ 同步失败: C1717.MP4 - 源文件持续被占用：C1717.MP4
[2025-09-21 17:01:14.164] [INFO ] [T006] [MainWindow] 源文件被占用，等待释放：C1718.MP4 (尝试 4/5)
[2025-09-21 17:01:14.171] [INFO ] [T006] [MainWindow] 源文件被占用，等待释放：C1719.MP4 (尝试 3/5)
[2025-09-21 17:01:14.241] [INFO ] [T009] [FileSyncService] 文件已在处理队列中，跳过重复事件: C1720.MP4
[2025-09-21 17:01:14.247] [INFO ] [T006] [FileSyncService] 检测到文件变化，等待写入完成: 主机位
[2025-09-21 17:01:14.247] [INFO ] [T006] [FileSyncService] 文件已被删除，跳过同步: 主机位
[2025-09-21 17:01:14.250] [INFO ] [T006] [FileSyncService] 检测到文件变化，等待写入完成: C1721.MP4
[2025-09-21 17:01:14.250] [INFO ] [T018] [FileSyncService] 文件已在处理队列中，跳过重复事件: C1721.MP4
[2025-09-21 17:01:14.332] [INFO ] [T009] [FileSyncService] 文件写入已完成，准备同步: C1720.MP4
[2025-09-21 17:01:14.332] [INFO ] [T006] [MainWindow] 开始同步文件：C1720.MP4
[2025-09-21 17:01:14.332] [INFO ] [T007] [FileSyncService] 获取FastCopy并发许可，开始复制: C1720.MP4
[2025-09-21 17:01:14.332] [INFO ] [T020] [MainWindow] 已获取文件锁定，开始同步: C1720.MP4
[2025-09-21 17:01:14.332] [INFO ] [T021] [MainWindow] 源文件被占用，等待释放：C1720.MP4 (尝试 1/5)
[2025-09-21 17:01:14.533] [INFO ] [T020] [MainWindow] 源文件被占用，等待释放：C1720.MP4 (尝试 2/5)
[2025-09-21 17:01:14.675] [INFO ] [T021] [MainWindow] 源文件被占用，等待释放：C1719.MP4 (尝试 4/5)
[2025-09-21 17:01:14.866] [INFO ] [T006] [MainWindow] 源文件被占用，等待释放：C1718.MP4 (尝试 5/5)
[2025-09-21 17:01:15.019] [INFO ] [T018] [MainWindow] 源文件被占用，等待释放：C1720.MP4 (尝试 3/5)
[2025-09-21 17:01:15.146] [INFO ] [T006] [FileSyncService] 文件已在处理队列中，跳过重复事件: C1721.MP4
[2025-09-21 17:01:15.152] [INFO ] [T006] [FileSyncService] 检测到文件变化，等待写入完成: 主机位
[2025-09-21 17:01:15.152] [INFO ] [T006] [FileSyncService] 文件已被删除，跳过同步: 主机位
[2025-09-21 17:01:15.154] [INFO ] [T018] [FileSyncService] 检测到文件变化，等待写入完成: C1724.MP4
[2025-09-21 17:01:15.154] [INFO ] [T021] [FileSyncService] 文件已在处理队列中，跳过重复事件: C1724.MP4
[2025-09-21 17:01:15.250] [INFO ] [T019] [FileSyncService] 文件写入已完成，准备同步: C1721.MP4
[2025-09-21 17:01:15.250] [INFO ] [T006] [MainWindow] 开始同步文件：C1721.MP4
[2025-09-21 17:01:15.250] [INFO ] [T019] [MainWindow] 已获取文件锁定，开始同步: C1721.MP4
[2025-09-21 17:01:15.379] [INFO ] [T009] [MainWindow] 源文件被占用，等待释放：C1719.MP4 (尝试 5/5)
[2025-09-21 17:01:15.521] [INFO ] [T021] [MainWindow] 源文件被占用，等待释放：C1720.MP4 (尝试 4/5)
[2025-09-21 17:01:15.971] [INFO ] [T019] [FileSyncService] 释放FastCopy并发许可: C1718.MP4
[2025-09-21 17:01:15.971] [INFO ] [T018] [MainWindow] 同步完成，释放文件锁定: C1718.MP4
[2025-09-21 17:01:15.971] [INFO ] [T021] [FileSyncService] 获取FastCopy并发许可，开始复制: C1721.MP4
[2025-09-21 17:01:15.972] [INFO ] [T020] [MainWindow] 源文件被占用，等待释放：C1721.MP4 (尝试 1/5)
[2025-09-21 17:01:15.972] [INFO ] [T019] [FileSyncService] 文件处理完成，清理锁: C1718.MP4
[2025-09-21 17:01:15.974] [INFO ] [T001] [MainWindow] ❌ 同步失败: C1718.MP4 - 源文件持续被占用：C1718.MP4
[2025-09-21 17:01:16.011] [INFO ] [T006] [FileSyncService] 文件已在处理队列中，跳过重复事件: C1724.MP4
[2025-09-21 17:01:16.017] [INFO ] [T006] [FileSyncService] 检测到文件变化，等待写入完成: 主机位
[2025-09-21 17:01:16.017] [INFO ] [T006] [FileSyncService] 文件已被删除，跳过同步: 主机位
[2025-09-21 17:01:16.020] [INFO ] [T019] [FileSyncService] 检测到文件变化，等待写入完成: C1725.MP4
[2025-09-21 17:01:16.020] [INFO ] [T006] [FileSyncService] 文件已在处理队列中，跳过重复事件: C1725.MP4
[2025-09-21 17:01:16.155] [INFO ] [T019] [FileSyncService] 文件写入已完成，准备同步: C1724.MP4
[2025-09-21 17:01:16.155] [INFO ] [T006] [MainWindow] 开始同步文件：C1724.MP4
[2025-09-21 17:01:16.155] [INFO ] [T018] [MainWindow] 已获取文件锁定，开始同步: C1724.MP4
[2025-09-21 17:01:16.224] [INFO ] [T017] [MainWindow] 源文件被占用，等待释放：C1720.MP4 (尝试 5/5)
[2025-09-21 17:01:16.486] [INFO ] [T020] [FileSyncService] 释放FastCopy并发许可: C1719.MP4
[2025-09-21 17:01:16.486] [INFO ] [T017] [FileSyncService] 获取FastCopy并发许可，开始复制: C1724.MP4
[2025-09-21 17:01:16.486] [INFO ] [T006] [MainWindow] 同步完成，释放文件锁定: C1719.MP4
[2025-09-21 17:01:16.486] [INFO ] [T020] [FileSyncService] 文件处理完成，清理锁: C1719.MP4
[2025-09-21 17:01:16.487] [INFO ] [T001] [MainWindow] ❌ 同步失败: C1719.MP4 - 源文件持续被占用：C1719.MP4
[2025-09-21 17:01:16.773] [INFO ] [T009] [MainWindow] 源文件被占用，等待释放：C1724.MP4 (尝试 1/5)
[2025-09-21 17:01:16.833] [INFO ] [T018] [FileSyncService] 文件已在处理队列中，跳过重复事件: C1725.MP4
[2025-09-21 17:01:16.839] [INFO ] [T018] [FileSyncService] 检测到文件变化，等待写入完成: 主机位
[2025-09-21 17:01:16.839] [INFO ] [T018] [FileSyncService] 文件已被删除，跳过同步: 主机位
[2025-09-21 17:01:16.841] [INFO ] [T009] [FileSyncService] 检测到文件变化，等待写入完成: C1726.MP4
[2025-09-21 17:01:16.842] [INFO ] [T017] [FileSyncService] 文件已在处理队列中，跳过重复事件: C1726.MP4
[2025-09-21 17:01:16.884] [INFO ] [T017] [MainWindow] 源文件被占用，等待释放：C1721.MP4 (尝试 2/5)
[2025-09-21 17:01:16.974] [INFO ] [T009] [MainWindow] 源文件被占用，等待释放：C1724.MP4 (尝试 2/5)
[2025-09-21 17:01:17.020] [INFO ] [T009] [FileSyncService] 文件写入已完成，准备同步: C1725.MP4
[2025-09-21 17:01:17.020] [INFO ] [T019] [MainWindow] 开始同步文件：C1725.MP4
[2025-09-21 17:01:17.020] [INFO ] [T018] [MainWindow] 已获取文件锁定，开始同步: C1725.MP4
[2025-09-21 17:01:17.276] [INFO ] [T020] [MainWindow] 源文件被占用，等待释放：C1724.MP4 (尝试 3/5)
[2025-09-21 17:01:17.285] [INFO ] [T019] [MainWindow] 源文件被占用，等待释放：C1721.MP4 (尝试 3/5)
[2025-09-21 17:01:17.331] [INFO ] [T006] [FileSyncService] 获取FastCopy并发许可，开始复制: C1725.MP4
[2025-09-21 17:01:17.331] [INFO ] [T019] [FileSyncService] 释放FastCopy并发许可: C1720.MP4
[2025-09-21 17:01:17.331] [INFO ] [T018] [MainWindow] 同步完成，释放文件锁定: C1720.MP4
[2025-09-21 17:01:17.331] [INFO ] [T017] [MainWindow] 源文件被占用，等待释放：C1725.MP4 (尝试 1/5)
[2025-09-21 17:01:17.332] [INFO ] [T019] [FileSyncService] 文件处理完成，清理锁: C1720.MP4
[2025-09-21 17:01:17.334] [INFO ] [T001] [MainWindow] ❌ 同步失败: C1720.MP4 - 源文件持续被占用：C1720.MP4
[2025-09-21 17:01:17.780] [INFO ] [T018] [MainWindow] 源文件被占用，等待释放：C1724.MP4 (尝试 4/5)
[2025-09-21 17:01:17.786] [INFO ] [T006] [MainWindow] 源文件被占用，等待释放：C1721.MP4 (尝试 4/5)
[2025-09-21 17:01:17.900] [INFO ] [T009] [MainWindow] 源文件被占用，等待释放：C1725.MP4 (尝试 2/5)
[2025-09-21 17:01:17.927] [INFO ] [T009] [FileSyncService] 文件已在处理队列中，跳过重复事件: C1726.MP4
[2025-09-21 17:01:17.932] [INFO ] [T009] [FileSyncService] 检测到文件变化，等待写入完成: 主机位
[2025-09-21 17:01:17.932] [INFO ] [T009] [FileSyncService] 文件已被删除，跳过同步: 主机位
[2025-09-21 17:01:17.935] [INFO ] [T009] [FileSyncService] 检测到文件变化，等待写入完成: C1727.MP4
[2025-09-21 17:01:17.935] [INFO ] [T020] [FileSyncService] 文件已在处理队列中，跳过重复事件: C1727.MP4
[2025-09-21 17:01:18.201] [INFO ] [T020] [MainWindow] 源文件被占用，等待释放：C1725.MP4 (尝试 3/5)
[2025-09-21 17:01:18.481] [INFO ] [T009] [MainWindow] 源文件被占用，等待释放：C1724.MP4 (尝试 5/5)
[2025-09-21 17:01:18.487] [INFO ] [T018] [MainWindow] 源文件被占用，等待释放：C1721.MP4 (尝试 5/5)
[2025-09-21 17:01:18.704] [INFO ] [T009] [MainWindow] 源文件被占用，等待释放：C1725.MP4 (尝试 4/5)
[2025-09-21 17:01:18.781] [INFO ] [T018] [FileSyncService] 文件已在处理队列中，跳过重复事件: C1727.MP4
[2025-09-21 17:01:18.786] [INFO ] [T019] [FileSyncService] 检测到文件变化，等待写入完成: 主机位
[2025-09-21 17:01:18.786] [INFO ] [T019] [FileSyncService] 文件已被删除，跳过同步: 主机位
[2025-09-21 17:01:18.789] [INFO ] [T019] [FileSyncService] 检测到文件变化，等待写入完成: C1728.MP4
[2025-09-21 17:01:18.789] [INFO ] [T009] [FileSyncService] 文件已在处理队列中，跳过重复事件: C1728.MP4
[2025-09-21 17:01:18.842] [INFO ] [T018] [FileSyncService] 文件写入已完成，准备同步: C1726.MP4
[2025-09-21 17:01:18.842] [INFO ] [T019] [MainWindow] 开始同步文件：C1726.MP4
[2025-09-21 17:01:18.842] [INFO ] [T019] [MainWindow] 已获取文件锁定，开始同步: C1726.MP4
[2025-09-21 17:01:19.267] [INFO ] [T018] [FileSyncService] 文件写入已完成，准备同步: C1727.MP4
[2025-09-21 17:01:19.267] [INFO ] [T019] [MainWindow] 开始同步文件：C1727.MP4
[2025-09-21 17:01:19.267] [INFO ] [T018] [MainWindow] 已获取文件锁定，开始同步: C1727.MP4
[2025-09-21 17:01:19.408] [INFO ] [T017] [MainWindow] 源文件被占用，等待释放：C1725.MP4 (尝试 5/5)
[2025-09-21 17:01:19.588] [INFO ] [T017] [FileSyncService] 释放FastCopy并发许可: C1724.MP4
[2025-09-21 17:01:19.588] [INFO ] [T018] [FileSyncService] 获取FastCopy并发许可，开始复制: C1726.MP4
[2025-09-21 17:01:19.588] [INFO ] [T019] [MainWindow] 同步完成，释放文件锁定: C1724.MP4
[2025-09-21 17:01:19.589] [INFO ] [T019] [MainWindow] 源文件被占用，等待释放：C1726.MP4 (尝试 1/5)
[2025-09-21 17:01:19.589] [INFO ] [T017] [FileSyncService] 文件处理完成，清理锁: C1724.MP4
[2025-09-21 17:01:19.590] [INFO ] [T001] [MainWindow] ❌ 同步失败: C1724.MP4 - 源文件持续被占用：C1724.MP4
[2025-09-21 17:01:19.592] [INFO ] [T017] [FileSyncService] 释放FastCopy并发许可: C1721.MP4
[2025-09-21 17:01:19.592] [INFO ] [T006] [FileSyncService] 获取FastCopy并发许可，开始复制: C1727.MP4
[2025-09-21 17:01:19.592] [INFO ] [T009] [MainWindow] 同步完成，释放文件锁定: C1721.MP4
[2025-09-21 17:01:19.592] [INFO ] [T017] [FileSyncService] 文件处理完成，清理锁: C1721.MP4
[2025-09-21 17:01:19.592] [INFO ] [T009] [MainWindow] 源文件被占用，等待释放：C1727.MP4 (尝试 1/5)
[2025-09-21 17:01:19.598] [INFO ] [T001] [MainWindow] ❌ 同步失败: C1721.MP4 - 源文件持续被占用：C1721.MP4
[2025-09-21 17:01:19.685] [INFO ] [T006] [FileSyncService] 文件已在处理队列中，跳过重复事件: C1728.MP4
[2025-09-21 17:01:19.691] [INFO ] [T006] [FileSyncService] 检测到文件变化，等待写入完成: 主机位
[2025-09-21 17:01:19.691] [INFO ] [T006] [FileSyncService] 文件已被删除，跳过同步: 主机位
[2025-09-21 17:01:19.694] [INFO ] [T019] [FileSyncService] 检测到文件变化，等待写入完成: C1729.MP4
[2025-09-21 17:01:19.694] [INFO ] [T009] [FileSyncService] 文件已在处理队列中，跳过重复事件: C1729.MP4
[2025-09-21 17:01:19.789] [INFO ] [T006] [FileSyncService] 文件写入已完成，准备同步: C1728.MP4
[2025-09-21 17:01:19.789] [INFO ] [T009] [MainWindow] 开始同步文件：C1728.MP4
[2025-09-21 17:01:19.789] [INFO ] [T018] [MainWindow] 已获取文件锁定，开始同步: C1728.MP4
[2025-09-21 17:01:19.792] [INFO ] [T019] [MainWindow] 源文件被占用，等待释放：C1727.MP4 (尝试 2/5)
[2025-09-21 17:01:19.889] [INFO ] [T009] [MainWindow] 源文件被占用，等待释放：C1726.MP4 (尝试 2/5)
[2025-09-21 17:01:20.094] [INFO ] [T009] [MainWindow] 源文件被占用，等待释放：C1727.MP4 (尝试 3/5)
[2025-09-21 17:01:20.190] [INFO ] [T006] [MainWindow] 源文件被占用，等待释放：C1726.MP4 (尝试 3/5)
[2025-09-21 17:01:20.511] [INFO ] [T006] [FileSyncService] 释放FastCopy并发许可: C1725.MP4
[2025-09-21 17:01:20.511] [INFO ] [T019] [FileSyncService] 获取FastCopy并发许可，开始复制: C1728.MP4
[2025-09-21 17:01:20.511] [INFO ] [T017] [MainWindow] 同步完成，释放文件锁定: C1725.MP4
[2025-09-21 17:01:20.511] [INFO ] [T018] [MainWindow] 源文件被占用，等待释放：C1728.MP4 (尝试 1/5)
[2025-09-21 17:01:20.511] [INFO ] [T006] [FileSyncService] 文件处理完成，清理锁: C1725.MP4
[2025-09-21 17:01:20.513] [INFO ] [T001] [MainWindow] ❌ 同步失败: C1725.MP4 - 源文件持续被占用：C1725.MP4
[2025-09-21 17:01:20.594] [INFO ] [T017] [MainWindow] 源文件被占用，等待释放：C1727.MP4 (尝试 4/5)
[2025-09-21 17:01:20.648] [INFO ] [T018] [FileSyncService] 文件已在处理队列中，跳过重复事件: C1729.MP4
[2025-09-21 17:01:20.654] [INFO ] [T018] [FileSyncService] 检测到文件变化，等待写入完成: 主机位
[2025-09-21 17:01:20.654] [INFO ] [T018] [FileSyncService] 文件已被删除，跳过同步: 主机位
[2025-09-21 17:01:20.657] [INFO ] [T021] [FileSyncService] 检测到文件变化，等待写入完成: C1730.MP4
[2025-09-21 17:01:20.657] [INFO ] [T017] [FileSyncService] 文件已在处理队列中，跳过重复事件: C1730.MP4
[2025-09-21 17:01:20.693] [INFO ] [T006] [MainWindow] 源文件被占用，等待释放：C1726.MP4 (尝试 4/5)
[2025-09-21 17:01:20.694] [INFO ] [T021] [FileSyncService] 文件写入已完成，准备同步: C1729.MP4
[2025-09-21 17:01:20.694] [INFO ] [T018] [MainWindow] 开始同步文件：C1729.MP4
[2025-09-21 17:01:20.694] [INFO ] [T017] [MainWindow] 已获取文件锁定，开始同步: C1729.MP4
[2025-09-21 17:01:20.711] [INFO ] [T006] [MainWindow] 源文件被占用，等待释放：C1728.MP4 (尝试 2/5)
[2025-09-21 17:01:21.012] [INFO ] [T021] [MainWindow] 源文件被占用，等待释放：C1728.MP4 (尝试 3/5)
[2025-09-21 17:01:21.296] [INFO ] [T006] [MainWindow] 源文件被占用，等待释放：C1727.MP4 (尝试 5/5)
[2025-09-21 17:01:21.396] [INFO ] [T019] [MainWindow] 源文件被占用，等待释放：C1726.MP4 (尝试 5/5)
[2025-09-21 17:01:21.513] [INFO ] [T019] [MainWindow] 源文件被占用，等待释放：C1728.MP4 (尝试 4/5)
[2025-09-21 17:01:21.567] [INFO ] [T006] [FileSyncService] 文件已在处理队列中，跳过重复事件: C1730.MP4
[2025-09-21 17:01:21.574] [INFO ] [T019] [FileSyncService] 检测到文件变化，等待写入完成: 主机位
[2025-09-21 17:01:21.574] [INFO ] [T019] [FileSyncService] 文件已被删除，跳过同步: 主机位
[2025-09-21 17:01:21.577] [INFO ] [T019] [FileSyncService] 检测到文件变化，等待写入完成: C1731.MP4
[2025-09-21 17:01:21.578] [INFO ] [T021] [FileSyncService] 文件已在处理队列中，跳过重复事件: C1731.MP4
[2025-09-21 17:01:22.217] [INFO ] [T017] [MainWindow] 源文件被占用，等待释放：C1728.MP4 (尝试 5/5)
[2025-09-21 17:01:22.271] [INFO ] [T006] [FileSyncService] 文件写入已完成，准备同步: C1730.MP4
[2025-09-21 17:01:22.271] [INFO ] [T017] [MainWindow] 开始同步文件：C1730.MP4
[2025-09-21 17:01:22.271] [INFO ] [T021] [MainWindow] 已获取文件锁定，开始同步: C1730.MP4
[2025-09-21 17:01:22.401] [INFO ] [T006] [FileSyncService] 释放FastCopy并发许可: C1727.MP4
[2025-09-21 17:01:22.401] [INFO ] [T021] [MainWindow] 同步完成，释放文件锁定: C1727.MP4
[2025-09-21 17:01:22.401] [INFO ] [T018] [FileSyncService] 获取FastCopy并发许可，开始复制: C1729.MP4
[2025-09-21 17:01:22.401] [INFO ] [T006] [FileSyncService] 文件处理完成，清理锁: C1727.MP4
[2025-09-21 17:01:22.401] [INFO ] [T019] [MainWindow] 源文件被占用，等待释放：C1729.MP4 (尝试 1/5)
[2025-09-21 17:01:22.402] [INFO ] [T001] [MainWindow] ❌ 同步失败: C1727.MP4 - 源文件持续被占用：C1727.MP4
[2025-09-21 17:01:22.501] [INFO ] [T006] [FileSyncService] 释放FastCopy并发许可: C1726.MP4
[2025-09-21 17:01:22.501] [INFO ] [T006] [FileSyncService] 文件处理完成，清理锁: C1726.MP4
[2025-09-21 17:01:22.501] [INFO ] [T021] [FileSyncService] 获取FastCopy并发许可，开始复制: C1730.MP4
[2025-09-21 17:01:22.501] [INFO ] [T019] [MainWindow] 同步完成，释放文件锁定: C1726.MP4
[2025-09-21 17:01:22.501] [INFO ] [T017] [MainWindow] 源文件被占用，等待释放：C1730.MP4 (尝试 1/5)
[2025-09-21 17:01:22.504] [INFO ] [T001] [MainWindow] ❌ 同步失败: C1726.MP4 - 源文件持续被占用：C1726.MP4
[2025-09-21 17:01:22.635] [INFO ] [T021] [FileSyncService] 文件已在处理队列中，跳过重复事件: C1731.MP4
[2025-09-21 17:01:22.641] [INFO ] [T021] [FileSyncService] 检测到文件变化，等待写入完成: 主机位
[2025-09-21 17:01:22.641] [INFO ] [T021] [FileSyncService] 文件已被删除，跳过同步: 主机位
[2025-09-21 17:01:22.643] [INFO ] [T021] [FileSyncService] 检测到文件变化，等待写入完成: C1732.MP4
[2025-09-21 17:01:22.643] [INFO ] [T006] [FileSyncService] 文件已在处理队列中，跳过重复事件: C1732.MP4
[2025-09-21 17:01:22.702] [INFO ] [T017] [MainWindow] 源文件被占用，等待释放：C1730.MP4 (尝试 2/5)
[2025-09-21 17:01:22.702] [INFO ] [T017] [MainWindow] 源文件被占用，等待释放：C1729.MP4 (尝试 2/5)
[2025-09-21 17:01:23.005] [INFO ] [T006] [MainWindow] 源文件被占用，等待释放：C1729.MP4 (尝试 3/5)
[2025-09-21 17:01:23.005] [INFO ] [T021] [MainWindow] 源文件被占用，等待释放：C1730.MP4 (尝试 3/5)
[2025-09-21 17:01:23.320] [INFO ] [T021] [FileSyncService] 释放FastCopy并发许可: C1728.MP4
[2025-09-21 17:01:23.320] [INFO ] [T006] [MainWindow] 同步完成，释放文件锁定: C1728.MP4
[2025-09-21 17:01:23.320] [INFO ] [T021] [FileSyncService] 文件处理完成，清理锁: C1728.MP4
[2025-09-21 17:01:23.321] [INFO ] [T001] [MainWindow] ❌ 同步失败: C1728.MP4 - 源文件持续被占用：C1728.MP4
[2025-09-21 17:01:23.508] [INFO ] [T017] [MainWindow] 源文件被占用，等待释放：C1730.MP4 (尝试 4/5)
[2025-09-21 17:01:23.508] [INFO ] [T019] [MainWindow] 源文件被占用，等待释放：C1729.MP4 (尝试 4/5)
[2025-09-21 17:01:23.528] [INFO ] [T017] [FileSyncService] 文件已在处理队列中，跳过重复事件: C1732.MP4
[2025-09-21 17:01:23.534] [INFO ] [T021] [FileSyncService] 检测到文件变化，等待写入完成: 主机位
[2025-09-21 17:01:23.534] [INFO ] [T021] [FileSyncService] 文件已被删除，跳过同步: 主机位
[2025-09-21 17:01:23.537] [INFO ] [T021] [FileSyncService] 检测到文件变化，等待写入完成: C1733.MP4
[2025-09-21 17:01:23.537] [INFO ] [T009] [FileSyncService] 文件已在处理队列中，跳过重复事件: C1733.MP4
[2025-09-21 17:01:23.579] [INFO ] [T006] [FileSyncService] 文件写入已完成，准备同步: C1731.MP4
[2025-09-21 17:01:23.579] [INFO ] [T017] [MainWindow] 开始同步文件：C1731.MP4
[2025-09-21 17:01:23.579] [INFO ] [T021] [FileSyncService] 获取FastCopy并发许可，开始复制: C1731.MP4
[2025-09-21 17:01:23.579] [INFO ] [T019] [MainWindow] 已获取文件锁定，开始同步: C1731.MP4
[2025-09-21 17:01:23.579] [INFO ] [T009] [MainWindow] 源文件被占用，等待释放：C1731.MP4 (尝试 1/5)
[2025-09-21 17:01:23.643] [INFO ] [T009] [FileSyncService] 文件写入已完成，准备同步: C1732.MP4
[2025-09-21 17:01:23.643] [INFO ] [T017] [MainWindow] 开始同步文件：C1732.MP4
[2025-09-21 17:01:23.643] [INFO ] [T018] [MainWindow] 已获取文件锁定，开始同步: C1732.MP4
[2025-09-21 17:01:23.779] [INFO ] [T019] [MainWindow] 源文件被占用，等待释放：C1731.MP4 (尝试 2/5)
[2025-09-21 17:01:24.080] [INFO ] [T017] [MainWindow] 源文件被占用，等待释放：C1731.MP4 (尝试 3/5)
[2025-09-21 17:01:24.212] [INFO ] [T018] [MainWindow] 源文件被占用，等待释放：C1729.MP4 (尝试 5/5)
[2025-09-21 17:01:24.212] [INFO ] [T019] [MainWindow] 源文件被占用，等待释放：C1730.MP4 (尝试 5/5)
[2025-09-21 17:01:24.583] [INFO ] [T020] [MainWindow] 源文件被占用，等待释放：C1731.MP4 (尝试 4/5)
[2025-09-21 17:01:24.628] [INFO ] [T018] [FileSyncService] 文件已在处理队列中，跳过重复事件: C1733.MP4
[2025-09-21 17:01:24.821] [INFO ] [T020] [FileSyncService] 检测到文件变化，等待写入完成: Ibanez A
[2025-09-21 17:01:24.821] [INFO ] [T020] [FileSyncService] 文件已被删除，跳过同步: Ibanez A
[2025-09-21 17:01:24.822] [INFO ] [T006] [FileSyncService] 检测到文件变化，等待写入完成: 右边机位
[2025-09-21 17:01:24.822] [INFO ] [T006] [FileSyncService] 文件已被删除，跳过同步: 右边机位
[2025-09-21 17:01:24.822] [INFO ] [T021] [FileSyncService] 检测到文件变化，等待写入完成: 右边机位
[2025-09-21 17:01:24.822] [INFO ] [T021] [FileSyncService] 文件已被删除，跳过同步: 右边机位
[2025-09-21 17:01:24.830] [INFO ] [T021] [FileSyncService] 检测到文件变化，等待写入完成: C0009.MP4
[2025-09-21 17:01:24.830] [INFO ] [T006] [FileSyncService] 文件已在处理队列中，跳过重复事件: C0009.MP4
[2025-09-21 17:01:25.287] [INFO ] [T006] [MainWindow] 源文件被占用，等待释放：C1731.MP4 (尝试 5/5)
[2025-09-21 17:01:25.323] [INFO ] [T019] [FileSyncService] 释放FastCopy并发许可: C1729.MP4
[2025-09-21 17:01:25.323] [INFO ] [T021] [FileSyncService] 释放FastCopy并发许可: C1730.MP4
[2025-09-21 17:01:25.323] [INFO ] [T006] [MainWindow] 同步完成，释放文件锁定: C1730.MP4
[2025-09-21 17:01:25.323] [INFO ] [T018] [FileSyncService] 获取FastCopy并发许可，开始复制: C1732.MP4
[2025-09-21 17:01:25.323] [INFO ] [T017] [MainWindow] 同步完成，释放文件锁定: C1729.MP4
[2025-09-21 17:01:25.323] [INFO ] [T019] [FileSyncService] 文件处理完成，清理锁: C1729.MP4
[2025-09-21 17:01:25.323] [INFO ] [T021] [FileSyncService] 文件处理完成，清理锁: C1730.MP4
[2025-09-21 17:01:25.324] [INFO ] [T010] [MainWindow] 源文件被占用，等待释放：C1732.MP4 (尝试 1/5)
[2025-09-21 17:01:25.325] [INFO ] [T001] [MainWindow] ❌ 同步失败: C1730.MP4 - 源文件持续被占用：C1730.MP4
[2025-09-21 17:01:25.325] [INFO ] [T001] [MainWindow] ❌ 同步失败: C1729.MP4 - 源文件持续被占用：C1729.MP4
[2025-09-21 17:01:25.538] [INFO ] [T006] [FileSyncService] 文件写入已完成，准备同步: C1733.MP4
[2025-09-21 17:01:25.538] [INFO ] [T021] [MainWindow] 开始同步文件：C1733.MP4
[2025-09-21 17:01:25.538] [INFO ] [T010] [FileSyncService] 获取FastCopy并发许可，开始复制: C1733.MP4
[2025-09-21 17:01:25.538] [INFO ] [T019] [MainWindow] 已获取文件锁定，开始同步: C1733.MP4
[2025-09-21 17:01:25.538] [INFO ] [T018] [MainWindow] 源文件被占用，等待释放：C1733.MP4 (尝试 1/5)
[2025-09-21 17:01:25.624] [INFO ] [T019] [MainWindow] 源文件被占用，等待释放：C1732.MP4 (尝试 2/5)
[2025-09-21 17:01:25.681] [INFO ] [T019] [FileSyncService] 文件已在处理队列中，跳过重复事件: C0009.MP4
[2025-09-21 17:01:25.686] [INFO ] [T017] [FileSyncService] 检测到文件变化，等待写入完成: 右边机位
[2025-09-21 17:01:25.686] [INFO ] [T017] [FileSyncService] 文件已被删除，跳过同步: 右边机位
[2025-09-21 17:01:25.689] [INFO ] [T019] [FileSyncService] 检测到文件变化，等待写入完成: C0010.MP4
[2025-09-21 17:01:25.689] [INFO ] [T018] [FileSyncService] 文件已在处理队列中，跳过重复事件: C0010.MP4
[2025-09-21 17:01:25.784] [INFO ] [T018] [MainWindow] 源文件被占用，等待释放：C1733.MP4 (尝试 2/5)
[2025-09-21 17:01:25.926] [INFO ] [T018] [MainWindow] 源文件被占用，等待释放：C1732.MP4 (尝试 3/5)
[2025-09-21 17:01:25.972] [INFO ] [T017] [FileSyncService] 文件写入已完成，准备同步: C0009.MP4
[2025-09-21 17:01:25.972] [INFO ] [T019] [MainWindow] 已获取文件锁定，开始同步: C0009.MP4
[2025-09-21 17:01:25.972] [INFO ] [T021] [MainWindow] 开始同步文件：C0009.MP4
[2025-09-21 17:01:26.085] [INFO ] [T018] [MainWindow] 源文件被占用，等待释放：C1733.MP4 (尝试 3/5)
[2025-09-21 17:01:26.354] [INFO ] [T018] [FileSyncService] 文件已在处理队列中，跳过重复事件: C0010.MP4
[2025-09-21 17:01:26.360] [INFO ] [T018] [FileSyncService] 检测到文件变化，等待写入完成: 右边机位
[2025-09-21 17:01:26.360] [INFO ] [T018] [FileSyncService] 文件已被删除，跳过同步: 右边机位
[2025-09-21 17:01:26.363] [INFO ] [T019] [FileSyncService] 检测到文件变化，等待写入完成: C0011.MP4
[2025-09-21 17:01:26.363] [INFO ] [T018] [FileSyncService] 文件已在处理队列中，跳过重复事件: C0011.MP4
[2025-09-21 17:01:26.390] [INFO ] [T010] [FileSyncService] 释放FastCopy并发许可: C1731.MP4
[2025-09-21 17:01:26.390] [INFO ] [T019] [FileSyncService] 获取FastCopy并发许可，开始复制: C0009.MP4
[2025-09-21 17:01:26.390] [INFO ] [T021] [MainWindow] 同步完成，释放文件锁定: C1731.MP4
[2025-09-21 17:01:26.390] [INFO ] [T010] [FileSyncService] 文件处理完成，清理锁: C1731.MP4
[2025-09-21 17:01:26.390] [INFO ] [T006] [MainWindow] 源文件被占用，等待释放：C0009.MP4 (尝试 1/5)
[2025-09-21 17:01:26.391] [INFO ] [T001] [MainWindow] ❌ 同步失败: C1731.MP4 - 源文件持续被占用：C1731.MP4
[2025-09-21 17:01:26.429] [INFO ] [T021] [MainWindow] 源文件被占用，等待释放：C1732.MP4 (尝试 4/5)
[2025-09-21 17:01:26.585] [INFO ] [T018] [MainWindow] 源文件被占用，等待释放：C1733.MP4 (尝试 4/5)
[2025-09-21 17:01:26.592] [INFO ] [T021] [MainWindow] 源文件被占用，等待释放：C0009.MP4 (尝试 2/5)
[2025-09-21 17:01:26.689] [INFO ] [T019] [FileSyncService] 文件写入已完成，准备同步: C0010.MP4
[2025-09-21 17:01:26.689] [INFO ] [T006] [MainWindow] 开始同步文件：C0010.MP4
[2025-09-21 17:01:26.689] [INFO ] [T019] [MainWindow] 已获取文件锁定，开始同步: C0010.MP4
[2025-09-21 17:01:26.893] [INFO ] [T019] [MainWindow] 源文件被占用，等待释放：C0009.MP4 (尝试 3/5)
[2025-09-21 17:01:26.997] [INFO ] [T019] [FileSyncService] 文件已在处理队列中，跳过重复事件: C0011.MP4
[2025-09-21 17:01:27.003] [INFO ] [T018] [FileSyncService] 检测到文件变化，等待写入完成: 右边机位
[2025-09-21 17:01:27.003] [INFO ] [T018] [FileSyncService] 文件已被删除，跳过同步: 右边机位
[2025-09-21 17:01:27.006] [INFO ] [T018] [FileSyncService] 检测到文件变化，等待写入完成: C0013.MP4
[2025-09-21 17:01:27.006] [INFO ] [T006] [FileSyncService] 文件已在处理队列中，跳过重复事件: C0013.MP4
[2025-09-21 17:01:27.132] [INFO ] [T019] [MainWindow] 源文件被占用，等待释放：C1732.MP4 (尝试 5/5)
[2025-09-21 17:01:27.288] [INFO ] [T019] [MainWindow] 源文件被占用，等待释放：C1733.MP4 (尝试 5/5)
[2025-09-21 17:01:27.396] [INFO ] [T006] [MainWindow] 源文件被占用，等待释放：C0009.MP4 (尝试 4/5)
[2025-09-21 17:01:27.467] [INFO ] [T019] [FileSyncService] 文件写入已完成，准备同步: C0011.MP4
[2025-09-21 17:01:27.467] [INFO ] [T006] [MainWindow] 开始同步文件：C0011.MP4
[2025-09-21 17:01:27.467] [INFO ] [T006] [MainWindow] 已获取文件锁定，开始同步: C0011.MP4
[2025-09-21 17:01:27.969] [INFO ] [T006] [FileSyncService] 文件已在处理队列中，跳过重复事件: C0013.MP4
[2025-09-21 17:01:27.975] [INFO ] [T019] [FileSyncService] 检测到文件变化，等待写入完成: 右边机位
[2025-09-21 17:01:27.975] [INFO ] [T019] [FileSyncService] 文件已被删除，跳过同步: 右边机位
[2025-09-21 17:01:27.978] [INFO ] [T019] [FileSyncService] 检测到文件变化，等待写入完成: C0014.MP4
[2025-09-21 17:01:27.978] [INFO ] [T010] [FileSyncService] 文件已在处理队列中，跳过重复事件: C0014.MP4
[2025-09-21 17:01:28.005] [INFO ] [T021] [FileSyncService] 文件写入已完成，准备同步: C0013.MP4
[2025-09-21 17:01:28.005] [INFO ] [T006] [MainWindow] 开始同步文件：C0013.MP4
[2025-09-21 17:01:28.005] [INFO ] [T021] [MainWindow] 已获取文件锁定，开始同步: C0013.MP4
[2025-09-21 17:01:28.099] [INFO ] [T018] [MainWindow] 源文件被占用，等待释放：C0009.MP4 (尝试 5/5)
[2025-09-21 17:01:28.235] [INFO ] [T018] [FileSyncService] 释放FastCopy并发许可: C1732.MP4
[2025-09-21 17:01:28.235] [INFO ] [T019] [FileSyncService] 获取FastCopy并发许可，开始复制: C0010.MP4
[2025-09-21 17:01:28.235] [INFO ] [T006] [MainWindow] 同步完成，释放文件锁定: C1732.MP4
[2025-09-21 17:01:28.235] [INFO ] [T009] [MainWindow] 源文件被占用，等待释放：C0010.MP4 (尝试 1/5)
[2025-09-21 17:01:28.235] [INFO ] [T018] [FileSyncService] 文件处理完成，清理锁: C1732.MP4
[2025-09-21 17:01:28.238] [INFO ] [T001] [MainWindow] ❌ 同步失败: C1732.MP4 - 源文件持续被占用：C1732.MP4
[2025-09-21 17:01:28.394] [INFO ] [T009] [FileSyncService] 释放FastCopy并发许可: C1733.MP4
[2025-09-21 17:01:28.394] [INFO ] [T006] [FileSyncService] 获取FastCopy并发许可，开始复制: C0011.MP4
[2025-09-21 17:01:28.394] [INFO ] [T019] [MainWindow] 同步完成，释放文件锁定: C1733.MP4
[2025-09-21 17:01:28.394] [INFO ] [T010] [MainWindow] 源文件被占用，等待释放：C0011.MP4 (尝试 1/5)
[2025-09-21 17:01:28.395] [INFO ] [T009] [FileSyncService] 文件处理完成，清理锁: C1733.MP4
[2025-09-21 17:01:28.397] [INFO ] [T001] [MainWindow] ❌ 同步失败: C1733.MP4 - 源文件持续被占用：C1733.MP4
[2025-09-21 17:01:28.435] [INFO ] [T019] [MainWindow] 源文件被占用，等待释放：C0010.MP4 (尝试 2/5)
[2025-09-21 17:01:28.595] [INFO ] [T009] [MainWindow] 源文件被占用，等待释放：C0011.MP4 (尝试 2/5)
[2025-09-21 17:01:28.736] [INFO ] [T017] [MainWindow] 源文件被占用，等待释放：C0010.MP4 (尝试 3/5)
[2025-09-21 17:01:28.897] [INFO ] [T009] [MainWindow] 源文件被占用，等待释放：C0011.MP4 (尝试 3/5)
[2025-09-21 17:01:29.203] [INFO ] [T009] [FileSyncService] 释放FastCopy并发许可: C0009.MP4
[2025-09-21 17:01:29.203] [INFO ] [T017] [FileSyncService] 获取FastCopy并发许可，开始复制: C0013.MP4
[2025-09-21 17:01:29.203] [INFO ] [T009] [FileSyncService] 文件处理完成，清理锁: C0009.MP4
[2025-09-21 17:01:29.203] [INFO ] [T006] [MainWindow] 同步完成，释放文件锁定: C0009.MP4
[2025-09-21 17:01:29.203] [INFO ] [T019] [MainWindow] 源文件被占用，等待释放：C0013.MP4 (尝试 1/5)
[2025-09-21 17:01:29.204] [INFO ] [T001] [MainWindow] ❌ 同步失败: C0009.MP4 - 源文件持续被占用：C0009.MP4
[2025-09-21 17:01:29.238] [INFO ] [T009] [MainWindow] 源文件被占用，等待释放：C0010.MP4 (尝试 4/5)
[2025-09-21 17:01:29.340] [INFO ] [T009] [FileSyncService] 文件已在处理队列中，跳过重复事件: C0014.MP4
[2025-09-21 17:01:29.346] [INFO ] [T019] [FileSyncService] 检测到文件变化，等待写入完成: 右边机位
[2025-09-21 17:01:29.346] [INFO ] [T019] [FileSyncService] 文件已被删除，跳过同步: 右边机位
[2025-09-21 17:01:29.349] [INFO ] [T019] [FileSyncService] 检测到文件变化，等待写入完成: C0015.MP4
[2025-09-21 17:01:29.349] [INFO ] [T006] [FileSyncService] 文件已在处理队列中，跳过重复事件: C0015.MP4
[2025-09-21 17:01:29.397] [INFO ] [T006] [MainWindow] 源文件被占用，等待释放：C0011.MP4 (尝试 4/5)
[2025-09-21 17:01:29.404] [INFO ] [T019] [MainWindow] 源文件被占用，等待释放：C0013.MP4 (尝试 2/5)
[2025-09-21 17:01:29.705] [INFO ] [T006] [MainWindow] 源文件被占用，等待释放：C0013.MP4 (尝试 3/5)
[2025-09-21 17:01:29.941] [INFO ] [T019] [MainWindow] 源文件被占用，等待释放：C0010.MP4 (尝试 5/5)
[2025-09-21 17:01:30.098] [INFO ] [T006] [MainWindow] 源文件被占用，等待释放：C0011.MP4 (尝试 5/5)
[2025-09-21 17:01:30.175] [INFO ] [T019] [FileSyncService] 文件写入已完成，准备同步: C0014.MP4
[2025-09-21 17:01:30.175] [INFO ] [T009] [MainWindow] 开始同步文件：C0014.MP4
[2025-09-21 17:01:30.175] [INFO ] [T020] [MainWindow] 已获取文件锁定，开始同步: C0014.MP4
[2025-09-21 17:01:30.209] [INFO ] [T019] [MainWindow] 源文件被占用，等待释放：C0013.MP4 (尝试 4/5)
[2025-09-21 17:01:30.912] [INFO ] [T020] [MainWindow] 源文件被占用，等待释放：C0013.MP4 (尝试 5/5)
[2025-09-21 17:01:31.042] [INFO ] [T017] [FileSyncService] 释放FastCopy并发许可: C0010.MP4
[2025-09-21 17:01:31.042] [INFO ] [T019] [FileSyncService] 获取FastCopy并发许可，开始复制: C0014.MP4
[2025-09-21 17:01:31.042] [INFO ] [T009] [MainWindow] 同步完成，释放文件锁定: C0010.MP4
[2025-09-21 17:01:31.042] [INFO ] [T020] [MainWindow] 源文件被占用，等待释放：C0014.MP4 (尝试 1/5)
[2025-09-21 17:01:31.042] [INFO ] [T017] [FileSyncService] 文件处理完成，清理锁: C0010.MP4
[2025-09-21 17:01:31.043] [INFO ] [T001] [MainWindow] ❌ 同步失败: C0010.MP4 - 源文件持续被占用：C0010.MP4
[2025-09-21 17:01:31.075] [INFO ] [T020] [FileSyncService] 文件已在处理队列中，跳过重复事件: C0015.MP4
[2025-09-21 17:01:31.081] [INFO ] [T010] [FileSyncService] 检测到文件变化，等待写入完成: 右边机位
[2025-09-21 17:01:31.081] [INFO ] [T010] [FileSyncService] 文件已被删除，跳过同步: 右边机位
[2025-09-21 17:01:31.084] [INFO ] [T010] [FileSyncService] 检测到文件变化，等待写入完成: C0016.MP4
[2025-09-21 17:01:31.084] [INFO ] [T009] [FileSyncService] 文件已在处理队列中，跳过重复事件: C0016.MP4
[2025-09-21 17:01:31.207] [INFO ] [T019] [FileSyncService] 释放FastCopy并发许可: C0011.MP4
[2025-09-21 17:01:31.207] [INFO ] [T009] [MainWindow] 同步完成，释放文件锁定: C0011.MP4
[2025-09-21 17:01:31.207] [INFO ] [T019] [FileSyncService] 文件处理完成，清理锁: C0011.MP4
[2025-09-21 17:01:31.209] [INFO ] [T001] [MainWindow] ❌ 同步失败: C0011.MP4 - 源文件持续被占用：C0011.MP4
[2025-09-21 17:01:31.242] [INFO ] [T009] [MainWindow] 源文件被占用，等待释放：C0014.MP4 (尝试 2/5)
[2025-09-21 17:01:31.629] [INFO ] [T009] [FileSyncService] 文件写入已完成，准备同步: C0015.MP4
[2025-09-21 17:01:31.629] [INFO ] [T020] [MainWindow] 开始同步文件：C0015.MP4
[2025-09-21 17:01:31.629] [INFO ] [T009] [FileSyncService] 获取FastCopy并发许可，开始复制: C0015.MP4
[2025-09-21 17:01:31.629] [INFO ] [T010] [MainWindow] 已获取文件锁定，开始同步: C0015.MP4
[2025-09-21 17:01:31.629] [INFO ] [T006] [MainWindow] 源文件被占用，等待释放：C0015.MP4 (尝试 1/5)
[2025-09-21 17:01:31.642] [INFO ] [T017] [MainWindow] 源文件被占用，等待释放：C0014.MP4 (尝试 3/5)
[2025-09-21 17:01:31.830] [INFO ] [T009] [MainWindow] 源文件被占用，等待释放：C0015.MP4 (尝试 2/5)
[2025-09-21 17:01:32.018] [INFO ] [T009] [FileSyncService] 释放FastCopy并发许可: C0013.MP4
[2025-09-21 17:01:32.018] [INFO ] [T017] [MainWindow] 同步完成，释放文件锁定: C0013.MP4
[2025-09-21 17:01:32.018] [INFO ] [T009] [FileSyncService] 文件处理完成，清理锁: C0013.MP4
[2025-09-21 17:01:32.018] [INFO ] [T001] [MainWindow] ❌ 同步失败: C0013.MP4 - 源文件持续被占用：C0013.MP4
[2025-09-21 17:01:32.072] [INFO ] [T020] [FileSyncService] 文件已在处理队列中，跳过重复事件: C0016.MP4
[2025-09-21 17:01:32.078] [INFO ] [T020] [FileSyncService] 检测到文件变化，等待写入完成: 右边机位
[2025-09-21 17:01:32.078] [INFO ] [T020] [FileSyncService] 文件已被删除，跳过同步: 右边机位
[2025-09-21 17:01:32.081] [INFO ] [T006] [FileSyncService] 检测到文件变化，等待写入完成: C0017.MP4
[2025-09-21 17:01:32.081] [INFO ] [T017] [FileSyncService] 文件已在处理队列中，跳过重复事件: C0017.MP4
[2025-09-21 17:01:32.083] [INFO ] [T006] [FileSyncService] 文件写入已完成，准备同步: C0016.MP4
[2025-09-21 17:01:32.083] [INFO ] [T020] [MainWindow] 开始同步文件：C0016.MP4
[2025-09-21 17:01:32.083] [INFO ] [T006] [FileSyncService] 获取FastCopy并发许可，开始复制: C0016.MP4
[2025-09-21 17:01:32.083] [INFO ] [T019] [MainWindow] 已获取文件锁定，开始同步: C0016.MP4
[2025-09-21 17:01:32.084] [INFO ] [T010] [MainWindow] 源文件被占用，等待释放：C0016.MP4 (尝试 1/5)
[2025-09-21 17:01:32.131] [INFO ] [T010] [MainWindow] 源文件被占用，等待释放：C0015.MP4 (尝试 3/5)
[2025-09-21 17:01:32.145] [INFO ] [T020] [MainWindow] 源文件被占用，等待释放：C0014.MP4 (尝试 4/5)
[2025-09-21 17:01:32.383] [INFO ] [T010] [MainWindow] 源文件被占用，等待释放：C0016.MP4 (尝试 2/5)
[2025-09-21 17:01:32.635] [INFO ] [T010] [MainWindow] 源文件被占用，等待释放：C0015.MP4 (尝试 4/5)
[2025-09-21 17:01:32.845] [INFO ] [T020] [MainWindow] 源文件被占用，等待释放：C0014.MP4 (尝试 5/5)
[2025-09-21 17:01:32.908] [INFO ] [T010] [MainWindow] 源文件被占用，等待释放：C0016.MP4 (尝试 3/5)
[2025-09-21 17:01:33.339] [INFO ] [T019] [MainWindow] 源文件被占用，等待释放：C0015.MP4 (尝试 5/5)
[2025-09-21 17:01:33.411] [INFO ] [T010] [MainWindow] 源文件被占用，等待释放：C0016.MP4 (尝试 4/5)
[2025-09-21 17:01:33.438] [INFO ] [T010] [FileSyncService] 文件已在处理队列中，跳过重复事件: C0017.MP4
[2025-09-21 17:01:33.444] [INFO ] [T010] [FileSyncService] 检测到文件变化，等待写入完成: 右边机位
[2025-09-21 17:01:33.444] [INFO ] [T010] [FileSyncService] 文件已被删除，跳过同步: 右边机位
[2025-09-21 17:01:33.447] [INFO ] [T020] [FileSyncService] 检测到文件变化，等待写入完成: C0018.MP4
[2025-09-21 17:01:33.447] [INFO ] [T010] [FileSyncService] 文件已在处理队列中，跳过重复事件: C0018.MP4
[2025-09-21 17:01:33.949] [INFO ] [T010] [FileSyncService] 释放FastCopy并发许可: C0014.MP4
[2025-09-21 17:01:33.949] [INFO ] [T010] [FileSyncService] 文件处理完成，清理锁: C0014.MP4
[2025-09-21 17:01:33.949] [INFO ] [T006] [MainWindow] 同步完成，释放文件锁定: C0014.MP4
[2025-09-21 17:01:33.951] [INFO ] [T001] [MainWindow] ❌ 同步失败: C0014.MP4 - 源文件持续被占用：C0014.MP4
[2025-09-21 17:01:34.113] [INFO ] [T020] [MainWindow] 源文件被占用，等待释放：C0016.MP4 (尝试 5/5)
[2025-09-21 17:01:34.257] [INFO ] [T009] [FileSyncService] 文件写入已完成，准备同步: C0017.MP4
[2025-09-21 17:01:34.257] [INFO ] [T019] [MainWindow] 开始同步文件：C0017.MP4
[2025-09-21 17:01:34.257] [INFO ] [T009] [FileSyncService] 获取FastCopy并发许可，开始复制: C0017.MP4
[2025-09-21 17:01:34.257] [INFO ] [T006] [MainWindow] 已获取文件锁定，开始同步: C0017.MP4
[2025-09-21 17:01:34.257] [INFO ] [T010] [MainWindow] 源文件被占用，等待释放：C0017.MP4 (尝试 1/5)
[2025-09-21 17:01:34.443] [INFO ] [T010] [FileSyncService] 释放FastCopy并发许可: C0015.MP4
[2025-09-21 17:01:34.443] [INFO ] [T017] [MainWindow] 同步完成，释放文件锁定: C0015.MP4
[2025-09-21 17:01:34.443] [INFO ] [T010] [FileSyncService] 文件处理完成，清理锁: C0015.MP4
[2025-09-21 17:01:34.444] [INFO ] [T001] [MainWindow] ❌ 同步失败: C0015.MP4 - 源文件持续被占用：C0015.MP4
[2025-09-21 17:01:34.458] [INFO ] [T017] [MainWindow] 源文件被占用，等待释放：C0017.MP4 (尝试 2/5)
[2025-09-21 17:01:34.759] [INFO ] [T020] [MainWindow] 源文件被占用，等待释放：C0017.MP4 (尝试 3/5)
[2025-09-21 17:01:35.065] [INFO ] [T020] [FileSyncService] 文件已在处理队列中，跳过重复事件: C0018.MP4
[2025-09-21 17:01:35.072] [INFO ] [T010] [FileSyncService] 检测到文件变化，等待写入完成: Ibanez A
[2025-09-21 17:01:35.072] [INFO ] [T010] [FileSyncService] 文件已被删除，跳过同步: Ibanez A
[2025-09-21 17:01:35.074] [INFO ] [T017] [FileSyncService] 检测到文件变化，等待写入完成: 左边机位
[2025-09-21 17:01:35.074] [INFO ] [T020] [FileSyncService] 文件已在处理队列中，跳过重复事件: 左边机位
[2025-09-21 17:01:35.074] [INFO ] [T017] [FileSyncService] 文件已被删除，跳过同步: 左边机位
[2025-09-21 17:01:35.083] [INFO ] [T010] [FileSyncService] 检测到文件变化，等待写入完成: C4539.MP4
[2025-09-21 17:01:35.083] [INFO ] [T020] [FileSyncService] 文件已在处理队列中，跳过重复事件: C4539.MP4
[2025-09-21 17:01:35.215] [INFO ] [T006] [FileSyncService] 释放FastCopy并发许可: C0016.MP4
[2025-09-21 17:01:35.215] [INFO ] [T010] [MainWindow] 同步完成，释放文件锁定: C0016.MP4
[2025-09-21 17:01:35.215] [INFO ] [T006] [FileSyncService] 文件处理完成，清理锁: C0016.MP4
[2025-09-21 17:01:35.216] [INFO ] [T001] [MainWindow] ❌ 同步失败: C0016.MP4 - 源文件持续被占用：C0016.MP4
[2025-09-21 17:01:35.263] [INFO ] [T006] [MainWindow] 源文件被占用，等待释放：C0017.MP4 (尝试 4/5)
[2025-09-21 17:01:35.696] [INFO ] [T006] [FileSyncService] 文件写入已完成，准备同步: C0018.MP4
[2025-09-21 17:01:35.696] [INFO ] [T010] [MainWindow] 开始同步文件：C0018.MP4
[2025-09-21 17:01:35.696] [INFO ] [T006] [FileSyncService] 获取FastCopy并发许可，开始复制: C0018.MP4
[2025-09-21 17:01:35.696] [INFO ] [T010] [MainWindow] 已获取文件锁定，开始同步: C0018.MP4
[2025-09-21 17:01:35.696] [INFO ] [T018] [MainWindow] 源文件被占用，等待释放：C0018.MP4 (尝试 1/5)
[2025-09-21 17:01:35.897] [INFO ] [T006] [MainWindow] 源文件被占用，等待释放：C0018.MP4 (尝试 2/5)
[2025-09-21 17:01:35.967] [INFO ] [T020] [MainWindow] 源文件被占用，等待释放：C0017.MP4 (尝试 5/5)
[2025-09-21 17:01:36.198] [INFO ] [T020] [MainWindow] 源文件被占用，等待释放：C0018.MP4 (尝试 3/5)
[2025-09-21 17:01:36.701] [INFO ] [T018] [MainWindow] 源文件被占用，等待释放：C0018.MP4 (尝试 4/5)
[2025-09-21 17:01:36.743] [INFO ] [T020] [FileSyncService] 文件已在处理队列中，跳过重复事件: C4539.MP4
[2025-09-21 17:01:36.982] [INFO ] [T020] [FileSyncService] 检测到文件变化，等待写入完成: 左边机位
[2025-09-21 17:01:36.982] [INFO ] [T020] [FileSyncService] 文件已被删除，跳过同步: 左边机位
[2025-09-21 17:01:36.984] [INFO ] [T018] [FileSyncService] 检测到文件变化，等待写入完成: C4540.MP4
[2025-09-21 17:01:36.984] [INFO ] [T020] [FileSyncService] 文件已在处理队列中，跳过重复事件: C4540.MP4
[2025-09-21 17:01:37.069] [INFO ] [T006] [FileSyncService] 释放FastCopy并发许可: C0017.MP4
[2025-09-21 17:01:37.069] [INFO ] [T020] [MainWindow] 同步完成，释放文件锁定: C0017.MP4
[2025-09-21 17:01:37.069] [INFO ] [T006] [FileSyncService] 文件处理完成，清理锁: C0017.MP4
[2025-09-21 17:01:37.070] [INFO ] [T001] [MainWindow] ❌ 同步失败: C0017.MP4 - 源文件持续被占用：C0017.MP4
[2025-09-21 17:01:37.083] [INFO ] [T020] [FileSyncService] 文件写入已完成，准备同步: C4539.MP4
[2025-09-21 17:01:37.084] [INFO ] [T010] [MainWindow] 开始同步文件：C4539.MP4
[2025-09-21 17:01:37.084] [INFO ] [T020] [FileSyncService] 获取FastCopy并发许可，开始复制: C4539.MP4
[2025-09-21 17:01:37.084] [INFO ] [T017] [MainWindow] 已获取文件锁定，开始同步: C4539.MP4
[2025-09-21 17:01:37.084] [INFO ] [T009] [MainWindow] 源文件被占用，等待释放：C4539.MP4 (尝试 1/5)
[2025-09-21 17:01:37.285] [INFO ] [T017] [MainWindow] 源文件被占用，等待释放：C4539.MP4 (尝试 2/5)
[2025-09-21 17:01:37.404] [INFO ] [T021] [MainWindow] 源文件被占用，等待释放：C0018.MP4 (尝试 5/5)
[2025-09-21 17:01:37.587] [INFO ] [T009] [MainWindow] 源文件被占用，等待释放：C4539.MP4 (尝试 3/5)
[2025-09-21 17:01:38.048] [INFO ] [T009] [FileSyncService] 文件已在处理队列中，跳过重复事件: C4540.MP4
[2025-09-21 17:01:38.097] [INFO ] [T009] [MainWindow] 源文件被占用，等待释放：C4539.MP4 (尝试 4/5)
[2025-09-21 17:01:38.220] [INFO ] [T009] [FileSyncService] 检测到文件变化，等待写入完成: 左边机位
[2025-09-21 17:01:38.220] [INFO ] [T009] [FileSyncService] 文件已被删除，跳过同步: 左边机位
[2025-09-21 17:01:38.223] [INFO ] [T017] [FileSyncService] 检测到文件变化，等待写入完成: C4541.MP4
[2025-09-21 17:01:38.223] [INFO ] [T021] [FileSyncService] 文件已在处理队列中，跳过重复事件: C4541.MP4
[2025-09-21 17:01:38.507] [INFO ] [T009] [FileSyncService] 释放FastCopy并发许可: C0018.MP4
[2025-09-21 17:01:38.507] [INFO ] [T009] [FileSyncService] 文件处理完成，清理锁: C0018.MP4
[2025-09-21 17:01:38.507] [INFO ] [T019] [MainWindow] 同步完成，释放文件锁定: C0018.MP4
[2025-09-21 17:01:38.510] [INFO ] [T001] [MainWindow] ❌ 同步失败: C0018.MP4 - 源文件持续被占用：C0018.MP4
[2025-09-21 17:01:38.798] [INFO ] [T009] [MainWindow] 源文件被占用，等待释放：C4539.MP4 (尝试 5/5)
[2025-09-21 17:01:38.984] [INFO ] [T021] [FileSyncService] 文件写入已完成，准备同步: C4540.MP4
[2025-09-21 17:01:38.984] [INFO ] [T019] [MainWindow] 开始同步文件：C4540.MP4
[2025-09-21 17:01:38.985] [INFO ] [T018] [FileSyncService] 获取FastCopy并发许可，开始复制: C4540.MP4
[2025-09-21 17:01:38.985] [INFO ] [T009] [MainWindow] 已获取文件锁定，开始同步: C4540.MP4
[2025-09-21 17:01:38.985] [INFO ] [T017] [MainWindow] 源文件被占用，等待释放：C4540.MP4 (尝试 1/5)
[2025-09-21 17:01:39.185] [INFO ] [T009] [MainWindow] 源文件被占用，等待释放：C4540.MP4 (尝试 2/5)
[2025-09-21 17:01:39.230] [INFO ] [T017] [FileSyncService] 文件已在处理队列中，跳过重复事件: C4541.MP4
[2025-09-21 17:01:39.236] [INFO ] [T019] [FileSyncService] 检测到文件变化，等待写入完成: 左边机位
[2025-09-21 17:01:39.236] [INFO ] [T019] [FileSyncService] 文件已被删除，跳过同步: 左边机位
[2025-09-21 17:01:39.239] [INFO ] [T019] [FileSyncService] 检测到文件变化，等待写入完成: C4542.MP4
[2025-09-21 17:01:39.239] [INFO ] [T019] [FileSyncService] 文件已在处理队列中，跳过重复事件: C4542.MP4
[2025-09-21 17:01:39.487] [INFO ] [T009] [MainWindow] 源文件被占用，等待释放：C4540.MP4 (尝试 3/5)
[2025-09-21 17:01:39.904] [INFO ] [T009] [FileSyncService] 释放FastCopy并发许可: C4539.MP4
[2025-09-21 17:01:39.904] [INFO ] [T009] [FileSyncService] 文件处理完成，清理锁: C4539.MP4
[2025-09-21 17:01:39.904] [INFO ] [T019] [MainWindow] 同步完成，释放文件锁定: C4539.MP4
[2025-09-21 17:01:39.905] [INFO ] [T001] [MainWindow] ❌ 同步失败: C4539.MP4 - 源文件持续被占用：C4539.MP4
[2025-09-21 17:01:39.987] [INFO ] [T017] [MainWindow] 源文件被占用，等待释放：C4540.MP4 (尝试 4/5)
[2025-09-21 17:01:40.223] [INFO ] [T017] [FileSyncService] 文件写入已完成，准备同步: C4541.MP4
[2025-09-21 17:01:40.223] [INFO ] [T021] [MainWindow] 开始同步文件：C4541.MP4
[2025-09-21 17:01:40.223] [INFO ] [T017] [FileSyncService] 获取FastCopy并发许可，开始复制: C4541.MP4
[2025-09-21 17:01:40.223] [INFO ] [T010] [MainWindow] 已获取文件锁定，开始同步: C4541.MP4
[2025-09-21 17:01:40.223] [INFO ] [T007] [MainWindow] 源文件被占用，等待释放：C4541.MP4 (尝试 1/5)
[2025-09-21 17:01:40.424] [INFO ] [T010] [MainWindow] 源文件被占用，等待释放：C4541.MP4 (尝试 2/5)
[2025-09-21 17:01:40.509] [INFO ] [T018] [FileSyncService] 文件已在处理队列中，跳过重复事件: C4542.MP4
[2025-09-21 17:01:40.514] [INFO ] [T007] [FileSyncService] 检测到文件变化，等待写入完成: 左边机位
[2025-09-21 17:01:40.514] [INFO ] [T007] [FileSyncService] 文件已被删除，跳过同步: 左边机位
[2025-09-21 17:01:40.517] [INFO ] [T018] [FileSyncService] 检测到文件变化，等待写入完成: C4543.MP4
[2025-09-21 17:01:40.517] [INFO ] [T007] [FileSyncService] 文件已在处理队列中，跳过重复事件: C4543.MP4
[2025-09-21 17:01:40.689] [INFO ] [T019] [MainWindow] 源文件被占用，等待释放：C4540.MP4 (尝试 5/5)
[2025-09-21 17:01:40.726] [INFO ] [T010] [MainWindow] 源文件被占用，等待释放：C4541.MP4 (尝试 3/5)
[2025-09-21 17:01:41.230] [INFO ] [T007] [MainWindow] 源文件被占用，等待释放：C4541.MP4 (尝试 4/5)
[2025-09-21 17:01:41.739] [INFO ] [T007] [FileSyncService] 文件写入已完成，准备同步: C4542.MP4
[2025-09-21 17:01:41.739] [INFO ] [T010] [MainWindow] 开始同步文件：C4542.MP4
[2025-09-21 17:01:41.739] [INFO ] [T018] [FileSyncService] 获取FastCopy并发许可，开始复制: C4542.MP4
[2025-09-21 17:01:41.739] [INFO ] [T021] [MainWindow] 已获取文件锁定，开始同步: C4542.MP4
[2025-09-21 17:01:41.740] [INFO ] [T010] [MainWindow] 源文件被占用，等待释放：C4542.MP4 (尝试 1/5)
[2025-09-21 17:01:41.795] [INFO ] [T018] [FileSyncService] 释放FastCopy并发许可: C4540.MP4
[2025-09-21 17:01:41.795] [INFO ] [T021] [MainWindow] 同步完成，释放文件锁定: C4540.MP4
[2025-09-21 17:01:41.795] [INFO ] [T018] [FileSyncService] 文件处理完成，清理锁: C4540.MP4
[2025-09-21 17:01:41.796] [INFO ] [T001] [MainWindow] ❌ 同步失败: C4540.MP4 - 源文件持续被占用：C4540.MP4
[2025-09-21 17:01:41.930] [INFO ] [T009] [MainWindow] 源文件被占用，等待释放：C4541.MP4 (尝试 5/5)
[2025-09-21 17:01:41.940] [INFO ] [T019] [MainWindow] 源文件被占用，等待释放：C4542.MP4 (尝试 2/5)
[2025-09-21 17:01:42.242] [INFO ] [T010] [MainWindow] 源文件被占用，等待释放：C4542.MP4 (尝试 3/5)
[2025-09-21 17:01:42.473] [INFO ] [T021] [FileSyncService] 文件已在处理队列中，跳过重复事件: C4543.MP4
[2025-09-21 17:01:42.479] [INFO ] [T021] [FileSyncService] 检测到文件变化，等待写入完成: 左边机位
[2025-09-21 17:01:42.479] [INFO ] [T021] [FileSyncService] 文件已被删除，跳过同步: 左边机位
[2025-09-21 17:01:42.482] [INFO ] [T019] [FileSyncService] 检测到文件变化，等待写入完成: C4545.MP4
[2025-09-21 17:01:42.482] [INFO ] [T010] [FileSyncService] 文件已在处理队列中，跳过重复事件: C4545.MP4
[2025-09-21 17:01:42.518] [INFO ] [T019] [FileSyncService] 文件写入已完成，准备同步: C4543.MP4
[2025-09-21 17:01:42.518] [INFO ] [T010] [MainWindow] 开始同步文件：C4543.MP4
[2025-09-21 17:01:42.518] [INFO ] [T019] [FileSyncService] 获取FastCopy并发许可，开始复制: C4543.MP4
[2025-09-21 17:01:42.518] [INFO ] [T006] [MainWindow] 已获取文件锁定，开始同步: C4543.MP4
[2025-09-21 17:01:42.519] [INFO ] [T009] [MainWindow] 源文件被占用，等待释放：C4543.MP4 (尝试 1/5)
[2025-09-21 17:01:42.719] [INFO ] [T018] [MainWindow] 源文件被占用，等待释放：C4543.MP4 (尝试 2/5)
[2025-09-21 17:01:42.741] [INFO ] [T007] [MainWindow] 源文件被占用，等待释放：C4542.MP4 (尝试 4/5)
[2025-09-21 17:01:43.022] [INFO ] [T006] [MainWindow] 源文件被占用，等待释放：C4543.MP4 (尝试 3/5)
[2025-09-21 17:01:43.035] [INFO ] [T019] [FileSyncService] 释放FastCopy并发许可: C4541.MP4
[2025-09-21 17:01:43.035] [INFO ] [T007] [MainWindow] 同步完成，释放文件锁定: C4541.MP4
[2025-09-21 17:01:43.035] [INFO ] [T019] [FileSyncService] 文件处理完成，清理锁: C4541.MP4
[2025-09-21 17:01:43.036] [INFO ] [T001] [MainWindow] ❌ 同步失败: C4541.MP4 - 源文件持续被占用：C4541.MP4
[2025-09-21 17:01:43.410] [INFO ] [T019] [FileSyncService] 文件已在处理队列中，跳过重复事件: C4545.MP4
[2025-09-21 17:01:43.415] [INFO ] [T007] [FileSyncService] 检测到文件变化，等待写入完成: 左边机位
[2025-09-21 17:01:43.415] [INFO ] [T007] [FileSyncService] 文件已被删除，跳过同步: 左边机位
[2025-09-21 17:01:43.418] [INFO ] [T019] [FileSyncService] 检测到文件变化，等待写入完成: C4546.MP4
[2025-09-21 17:01:43.418] [INFO ] [T019] [FileSyncService] 文件已在处理队列中，跳过重复事件: C4546.MP4
[2025-09-21 17:01:43.442] [INFO ] [T010] [MainWindow] 源文件被占用，等待释放：C4542.MP4 (尝试 5/5)
[2025-09-21 17:01:43.727] [INFO ] [T007] [MainWindow] 源文件被占用，等待释放：C4543.MP4 (尝试 4/5)
[2025-09-21 17:01:43.784] [INFO ] [T010] [FileSyncService] 文件写入已完成，准备同步: C4545.MP4
[2025-09-21 17:01:43.784] [INFO ] [T018] [MainWindow] 开始同步文件：C4545.MP4
[2025-09-21 17:01:43.784] [INFO ] [T010] [FileSyncService] 获取FastCopy并发许可，开始复制: C4545.MP4
[2025-09-21 17:01:43.784] [INFO ] [T019] [MainWindow] 已获取文件锁定，开始同步: C4545.MP4
[2025-09-21 17:01:43.784] [INFO ] [T019] [MainWindow] 源文件被占用，等待释放：C4545.MP4 (尝试 1/5)
[2025-09-21 17:01:43.986] [INFO ] [T019] [MainWindow] 源文件被占用，等待释放：C4545.MP4 (尝试 2/5)
[2025-09-21 17:01:44.385] [INFO ] [T010] [MainWindow] 源文件被占用，等待释放：C4545.MP4 (尝试 3/5)
[2025-09-21 17:01:44.430] [INFO ] [T006] [MainWindow] 源文件被占用，等待释放：C4543.MP4 (尝试 5/5)
[2025-09-21 17:01:44.547] [INFO ] [T006] [FileSyncService] 释放FastCopy并发许可: C4542.MP4
[2025-09-21 17:01:44.547] [INFO ] [T006] [FileSyncService] 文件处理完成，清理锁: C4542.MP4
[2025-09-21 17:01:44.547] [INFO ] [T018] [MainWindow] 同步完成，释放文件锁定: C4542.MP4
[2025-09-21 17:01:44.548] [INFO ] [T001] [MainWindow] ❌ 同步失败: C4542.MP4 - 源文件持续被占用：C4542.MP4
[2025-09-21 17:01:44.738] [INFO ] [T010] [FileSyncService] 文件已在处理队列中，跳过重复事件: C4546.MP4
[2025-09-21 17:01:44.744] [INFO ] [T018] [FileSyncService] 检测到文件变化，等待写入完成: 左边机位
[2025-09-21 17:01:44.744] [INFO ] [T018] [FileSyncService] 文件已被删除，跳过同步: 左边机位
[2025-09-21 17:01:44.747] [INFO ] [T018] [FileSyncService] 检测到文件变化，等待写入完成: C4547.MP4
[2025-09-21 17:01:44.748] [INFO ] [T019] [FileSyncService] 文件已在处理队列中，跳过重复事件: C4547.MP4
[2025-09-21 17:01:44.820] [INFO ] [T006] [FileSyncService] 文件已在处理队列中，跳过重复事件: C4547.MP4
[2025-09-21 17:01:44.826] [INFO ] [T006] [FileSyncService] 检测到文件变化，等待写入完成: 左边机位
[2025-09-21 17:01:44.826] [INFO ] [T006] [FileSyncService] 文件已被删除，跳过同步: 左边机位
[2025-09-21 17:01:44.829] [INFO ] [T019] [FileSyncService] 检测到文件变化，等待写入完成: C4548.MP4
[2025-09-21 17:01:44.829] [INFO ] [T006] [FileSyncService] 文件已在处理队列中，跳过重复事件: C4548.MP4
[2025-09-21 17:01:44.887] [INFO ] [T018] [MainWindow] 源文件被占用，等待释放：C4545.MP4 (尝试 4/5)
[2025-09-21 17:01:45.420] [INFO ] [T018] [FileSyncService] 文件写入已完成，准备同步: C4546.MP4
[2025-09-21 17:01:45.420] [INFO ] [T017] [MainWindow] 开始同步文件：C4546.MP4
[2025-09-21 17:01:45.420] [INFO ] [T018] [FileSyncService] 获取FastCopy并发许可，开始复制: C4546.MP4
[2025-09-21 17:01:45.420] [INFO ] [T010] [MainWindow] 已获取文件锁定，开始同步: C4546.MP4
[2025-09-21 17:01:45.420] [INFO ] [T007] [MainWindow] 源文件被占用，等待释放：C4546.MP4 (尝试 1/5)
[2025-09-21 17:01:45.535] [INFO ] [T018] [FileSyncService] 释放FastCopy并发许可: C4543.MP4
[2025-09-21 17:01:45.535] [INFO ] [T018] [FileSyncService] 文件处理完成，清理锁: C4543.MP4
[2025-09-21 17:01:45.535] [INFO ] [T010] [MainWindow] 同步完成，释放文件锁定: C4543.MP4
[2025-09-21 17:01:45.537] [INFO ] [T001] [MainWindow] ❌ 同步失败: C4543.MP4 - 源文件持续被占用：C4543.MP4
[2025-09-21 17:01:45.589] [INFO ] [T010] [MainWindow] 源文件被占用，等待释放：C4545.MP4 (尝试 5/5)
[2025-09-21 17:01:45.622] [INFO ] [T019] [MainWindow] 源文件被占用，等待释放：C4546.MP4 (尝试 2/5)
[2025-09-21 17:01:45.747] [INFO ] [T019] [FileSyncService] 文件写入已完成，准备同步: C4547.MP4
[2025-09-21 17:01:45.747] [INFO ] [T007] [MainWindow] 开始同步文件：C4547.MP4
[2025-09-21 17:01:45.747] [INFO ] [T007] [MainWindow] 已获取文件锁定，开始同步: C4547.MP4
[2025-09-21 17:01:45.747] [INFO ] [T018] [FileSyncService] 获取FastCopy并发许可，开始复制: C4547.MP4
[2025-09-21 17:01:45.748] [INFO ] [T019] [MainWindow] 源文件被占用，等待释放：C4547.MP4 (尝试 1/5)
[2025-09-21 17:01:45.923] [INFO ] [T007] [MainWindow] 源文件被占用，等待释放：C4546.MP4 (尝试 3/5)
[2025-09-21 17:01:45.948] [INFO ] [T007] [MainWindow] 源文件被占用，等待释放：C4547.MP4 (尝试 2/5)
[2025-09-21 17:01:46.126] [INFO ] [T007] [FileSyncService] 文件已在处理队列中，跳过重复事件: C4548.MP4
[2025-09-21 17:01:46.132] [INFO ] [T007] [FileSyncService] 检测到文件变化，等待写入完成: 左边机位
[2025-09-21 17:01:46.132] [INFO ] [T007] [FileSyncService] 文件已被删除，跳过同步: 左边机位
[2025-09-21 17:01:46.134] [INFO ] [T007] [FileSyncService] 检测到文件变化，等待写入完成: C4549.MP4
[2025-09-21 17:01:46.134] [INFO ] [T006] [FileSyncService] 文件已在处理队列中，跳过重复事件: C4549.MP4
[2025-09-21 17:01:46.266] [INFO ] [T006] [MainWindow] 源文件被占用，等待释放：C4547.MP4 (尝试 3/5)
[2025-09-21 17:01:46.423] [INFO ] [T019] [MainWindow] 源文件被占用，等待释放：C4546.MP4 (尝试 4/5)
[2025-09-21 17:01:46.694] [INFO ] [T019] [FileSyncService] 释放FastCopy并发许可: C4545.MP4
[2025-09-21 17:01:46.694] [INFO ] [T019] [FileSyncService] 文件处理完成，清理锁: C4545.MP4
[2025-09-21 17:01:46.694] [INFO ] [T007] [MainWindow] 同步完成，释放文件锁定: C4545.MP4
[2025-09-21 17:01:46.695] [INFO ] [T001] [MainWindow] ❌ 同步失败: C4545.MP4 - 源文件持续被占用：C4545.MP4
[2025-09-21 17:01:46.768] [INFO ] [T007] [MainWindow] 源文件被占用，等待释放：C4547.MP4 (尝试 4/5)
[2025-09-21 17:01:46.830] [INFO ] [T018] [FileSyncService] 文件写入已完成，准备同步: C4548.MP4
[2025-09-21 17:01:46.830] [INFO ] [T007] [MainWindow] 开始同步文件：C4548.MP4
[2025-09-21 17:01:46.830] [INFO ] [T018] [FileSyncService] 获取FastCopy并发许可，开始复制: C4548.MP4
[2025-09-21 17:01:46.830] [INFO ] [T006] [MainWindow] 已获取文件锁定，开始同步: C4548.MP4
[2025-09-21 17:01:46.830] [INFO ] [T009] [MainWindow] 源文件被占用，等待释放：C4548.MP4 (尝试 1/5)
[2025-09-21 17:01:47.030] [INFO ] [T010] [MainWindow] 源文件被占用，等待释放：C4548.MP4 (尝试 2/5)
[2025-09-21 17:01:47.124] [INFO ] [T021] [MainWindow] 源文件被占用，等待释放：C4546.MP4 (尝试 5/5)
[2025-09-21 17:01:47.430] [INFO ] [T009] [MainWindow] 源文件被占用，等待释放：C4548.MP4 (尝试 3/5)
[2025-09-21 17:01:47.471] [INFO ] [T010] [MainWindow] 源文件被占用，等待释放：C4547.MP4 (尝试 5/5)
[2025-09-21 17:01:47.932] [INFO ] [T009] [MainWindow] 源文件被占用，等待释放：C4548.MP4 (尝试 4/5)
[2025-09-21 17:01:48.205] [INFO ] [T010] [FileSyncService] 文件已在处理队列中，跳过重复事件: C4549.MP4
[2025-09-21 17:01:48.211] [INFO ] [T021] [FileSyncService] 检测到文件变化，等待写入完成: 左边机位
[2025-09-21 17:01:48.211] [INFO ] [T021] [FileSyncService] 文件已被删除，跳过同步: 左边机位
[2025-09-21 17:01:48.214] [INFO ] [T021] [FileSyncService] 检测到文件变化，等待写入完成: C4550.MP4
[2025-09-21 17:01:48.214] [INFO ] [T006] [FileSyncService] 文件已在处理队列中，跳过重复事件: C4550.MP4
[2025-09-21 17:01:48.230] [INFO ] [T010] [FileSyncService] 释放FastCopy并发许可: C4546.MP4
[2025-09-21 17:01:48.230] [INFO ] [T010] [FileSyncService] 文件处理完成，清理锁: C4546.MP4
[2025-09-21 17:01:48.230] [INFO ] [T021] [MainWindow] 同步完成，释放文件锁定: C4546.MP4
[2025-09-21 17:01:48.231] [INFO ] [T001] [MainWindow] ❌ 同步失败: C4546.MP4 - 源文件持续被占用：C4546.MP4
[2025-09-21 17:01:48.574] [INFO ] [T007] [FileSyncService] 释放FastCopy并发许可: C4547.MP4
[2025-09-21 17:01:48.574] [INFO ] [T007] [FileSyncService] 文件处理完成，清理锁: C4547.MP4
[2025-09-21 17:01:48.574] [INFO ] [T021] [MainWindow] 同步完成，释放文件锁定: C4547.MP4
[2025-09-21 17:01:48.575] [INFO ] [T001] [MainWindow] ❌ 同步失败: C4547.MP4 - 源文件持续被占用：C4547.MP4
[2025-09-21 17:01:48.664] [INFO ] [T007] [MainWindow] 源文件被占用，等待释放：C4548.MP4 (尝试 5/5)
[2025-09-21 17:01:49.227] [INFO ] [T007] [FileSyncService] 文件写入已完成，准备同步: C4549.MP4
[2025-09-21 17:01:49.227] [INFO ] [T006] [MainWindow] 开始同步文件：C4549.MP4
[2025-09-21 17:01:49.227] [INFO ] [T007] [FileSyncService] 获取FastCopy并发许可，开始复制: C4549.MP4
[2025-09-21 17:01:49.227] [INFO ] [T017] [MainWindow] 已获取文件锁定，开始同步: C4549.MP4
[2025-09-21 17:01:49.227] [INFO ] [T020] [MainWindow] 源文件被占用，等待释放：C4549.MP4 (尝试 1/5)
[2025-09-21 17:01:49.428] [INFO ] [T007] [MainWindow] 源文件被占用，等待释放：C4549.MP4 (尝试 2/5)
[2025-09-21 17:01:49.729] [INFO ] [T010] [MainWindow] 源文件被占用，等待释放：C4549.MP4 (尝试 3/5)
[2025-09-21 17:01:49.758] [INFO ] [T007] [FileSyncService] 文件已在处理队列中，跳过重复事件: C4550.MP4
[2025-09-21 17:01:49.764] [INFO ] [T018] [FileSyncService] 检测到文件变化，等待写入完成: 左边机位
[2025-09-21 17:01:49.764] [INFO ] [T018] [FileSyncService] 文件已被删除，跳过同步: 左边机位
[2025-09-21 17:01:49.766] [INFO ] [T018] [FileSyncService] 检测到文件变化，等待写入完成: C4551.MP4
[2025-09-21 17:01:49.766] [INFO ] [T010] [FileSyncService] 文件已在处理队列中，跳过重复事件: C4551.MP4
[2025-09-21 17:01:49.770] [INFO ] [T007] [FileSyncService] 释放FastCopy并发许可: C4548.MP4
[2025-09-21 17:01:49.770] [INFO ] [T010] [MainWindow] 同步完成，释放文件锁定: C4548.MP4
[2025-09-21 17:01:49.770] [INFO ] [T007] [FileSyncService] 文件处理完成，清理锁: C4548.MP4
[2025-09-21 17:01:49.771] [INFO ] [T001] [MainWindow] ❌ 同步失败: C4548.MP4 - 源文件持续被占用：C4548.MP4
[2025-09-21 17:01:50.216] [INFO ] [T020] [FileSyncService] 文件写入已完成，准备同步: C4550.MP4
[2025-09-21 17:01:50.216] [INFO ] [T007] [MainWindow] 开始同步文件：C4550.MP4
[2025-09-21 17:01:50.216] [INFO ] [T010] [FileSyncService] 获取FastCopy并发许可，开始复制: C4550.MP4
[2025-09-21 17:01:50.216] [INFO ] [T009] [MainWindow] 已获取文件锁定，开始同步: C4550.MP4
[2025-09-21 17:01:50.216] [INFO ] [T007] [MainWindow] 源文件被占用，等待释放：C4550.MP4 (尝试 1/5)
[2025-09-21 17:01:50.230] [INFO ] [T007] [MainWindow] 源文件被占用，等待释放：C4549.MP4 (尝试 4/5)
[2025-09-21 17:01:50.593] [INFO ] [T010] [MainWindow] 源文件被占用，等待释放：C4550.MP4 (尝试 2/5)
[2025-09-21 17:01:50.798] [INFO ] [T010] [FileSyncService] 文件已在处理队列中，跳过重复事件: C4551.MP4
[2025-09-21 17:01:50.835] [INFO ] [T007] [FileSyncService] 检测到文件变化，等待写入完成: Ibanez A
[2025-09-21 17:01:50.835] [INFO ] [T007] [FileSyncService] 文件已被删除，跳过同步: Ibanez A
[2025-09-21 17:01:50.934] [INFO ] [T007] [MainWindow] 源文件被占用，等待释放：C4549.MP4 (尝试 5/5)
[2025-09-21 17:01:50.993] [INFO ] [T007] [MainWindow] 源文件被占用，等待释放：C4550.MP4 (尝试 3/5)
[2025-09-21 17:01:51.495] [INFO ] [T009] [MainWindow] 源文件被占用，等待释放：C4550.MP4 (尝试 4/5)
[2025-09-21 17:01:51.855] [INFO ] [T010] [FileSyncService] 文件写入已完成，准备同步: C4551.MP4
[2025-09-21 17:01:51.855] [INFO ] [T009] [MainWindow] 开始同步文件：C4551.MP4
[2025-09-21 17:01:51.855] [INFO ] [T007] [MainWindow] 已获取文件锁定，开始同步: C4551.MP4
[2025-09-21 17:01:51.855] [INFO ] [T017] [FileSyncService] 获取FastCopy并发许可，开始复制: C4551.MP4
[2025-09-21 17:01:51.855] [INFO ] [T020] [MainWindow] 源文件被占用，等待释放：C4551.MP4 (尝试 1/5)
[2025-09-21 17:01:52.037] [INFO ] [T018] [FileSyncService] 释放FastCopy并发许可: C4549.MP4
[2025-09-21 17:01:52.037] [INFO ] [T009] [MainWindow] 同步完成，释放文件锁定: C4549.MP4
[2025-09-21 17:01:52.037] [INFO ] [T018] [FileSyncService] 文件处理完成，清理锁: C4549.MP4
[2025-09-21 17:01:52.039] [INFO ] [T001] [MainWindow] ❌ 同步失败: C4549.MP4 - 源文件持续被占用：C4549.MP4
[2025-09-21 17:01:52.055] [INFO ] [T017] [MainWindow] 源文件被占用，等待释放：C4551.MP4 (尝试 2/5)
[2025-09-21 17:01:52.194] [INFO ] [T017] [MainWindow] 源文件被占用，等待释放：C4550.MP4 (尝试 5/5)
[2025-09-21 17:01:52.356] [INFO ] [T009] [MainWindow] 源文件被占用，等待释放：C4551.MP4 (尝试 3/5)
[2025-09-21 17:01:52.860] [INFO ] [T017] [MainWindow] 源文件被占用，等待释放：C4551.MP4 (尝试 4/5)
[2025-09-21 17:01:53.298] [INFO ] [T017] [FileSyncService] 释放FastCopy并发许可: C4550.MP4
[2025-09-21 17:01:53.298] [INFO ] [T017] [FileSyncService] 文件处理完成，清理锁: C4550.MP4
[2025-09-21 17:01:53.298] [INFO ] [T018] [MainWindow] 同步完成，释放文件锁定: C4550.MP4
[2025-09-21 17:01:53.302] [INFO ] [T001] [MainWindow] ❌ 同步失败: C4550.MP4 - 源文件持续被占用：C4550.MP4
[2025-09-21 17:01:53.562] [INFO ] [T018] [MainWindow] 源文件被占用，等待释放：C4551.MP4 (尝试 5/5)
[2025-09-21 17:01:54.666] [INFO ] [T018] [FileSyncService] 释放FastCopy并发许可: C4551.MP4
[2025-09-21 17:01:54.666] [INFO ] [T018] [FileSyncService] 文件处理完成，清理锁: C4551.MP4
[2025-09-21 17:01:54.666] [INFO ] [T020] [MainWindow] 同步完成，释放文件锁定: C4551.MP4
[2025-09-21 17:01:54.670] [INFO ] [T001] [MainWindow] ❌ 同步失败: C4551.MP4 - 源文件持续被占用：C4551.MP4
