[2025-09-21 17:37:07.039] [INFO ] [T001] [FastCopyService] FastCopy服务初始化: C:\Program Files\FastCopy64\fcp.exe
[2025-09-21 17:37:07.064] [INFO ] [T001] [FastCopyService] 系统中没有发现FastCopy进程
[2025-09-21 17:37:07.067] [INFO ] [T001] [FastCopyService] FastCopy服务初始化: C:\Program Files\FastCopy64\fcp.exe
[2025-09-21 17:37:07.080] [INFO ] [T001] [FastCopyService] 系统中没有发现FastCopy进程
[2025-09-21 17:37:07.081] [INFO ] [T001] [FileSyncService] FastCopy最大并发数设置为: 3
[2025-09-21 17:37:07.081] [INFO ] [T001] [FileSyncService] FileSyncService 初始化完成
[2025-09-21 17:37:07.081] [INFO ] [T001] [FastCopyService] FastCopy服务初始化: C:\Program Files\FastCopy64\fcp.exe
[2025-09-21 17:37:07.094] [INFO ] [T001] [FastCopyService] 系统中没有发现FastCopy进程
[2025-09-21 17:37:07.176] [INFO ] [T001] [MainWindow] 记录加速状态：A:\Test -> 激活
[2025-09-21 17:37:07.181] [INFO ] [T001] [MainWindow] 恢复文件同步监控：S:\Cache\Test -> A:\Test.original
[2025-09-21 17:37:07.182] [INFO ] [T009] [MainWindow] 开始监控：S:\Cache\Test (模式：Immediate，延迟：3秒)
[2025-09-21 17:37:07.182] [INFO ] [T001] [MainWindow] 开始性能监控: A:\Test -> S:\Cache\Test
[2025-09-21 17:37:07.182] [INFO ] [T001] [MainWindow] 恢复性能监控：A:\Test
[2025-09-21 17:37:07.182] [INFO ] [T001] [MainWindow] 恢复加速状态记录：A:\Test - 活跃
[2025-09-21 17:37:18.796] [INFO ] [T010] [FileSyncService] 文件已在处理队列中，跳过重复事件: Ibanez A.7z
[2025-09-21 17:37:18.798] [INFO ] [T004] [FileSyncService] 检测到文件变化，等待写入完成: Ibanez A.7z
[2025-09-21 17:37:24.802] [INFO ] [T009] [FileSyncService] 文件写入已完成，准备同步: Ibanez A.7z
[2025-09-21 17:37:24.805] [INFO ] [T007] [MainWindow] 开始同步文件：Ibanez A.7z
[2025-09-21 17:37:24.808] [INFO ] [T010] [MainWindow] 文件被占用，等待 1 秒后重试 (尝试 1/8): Ibanez A.7z
[2025-09-21 17:37:25.809] [INFO ] [T007] [MainWindow] 文件被占用，等待 2 秒后重试 (尝试 2/8): Ibanez A.7z
[2025-09-21 17:37:27.810] [INFO ] [T007] [MainWindow] 文件被占用，等待 4 秒后重试 (尝试 3/8): Ibanez A.7z
[2025-09-21 17:37:31.810] [INFO ] [T018] [MainWindow] 文件被占用，等待 8 秒后重试 (尝试 4/8): Ibanez A.7z
[2025-09-21 17:37:39.811] [INFO ] [T004] [MainWindow] 文件被占用，等待 16 秒后重试 (尝试 5/8): Ibanez A.7z
[2025-09-21 17:37:55.812] [INFO ] [T004] [MainWindow] 文件被占用，等待 32 秒后重试 (尝试 6/8): Ibanez A.7z
[2025-09-21 17:38:09.085] [DEBUG] [T004] [FileSyncService] SemaphoreSlim计数正常: 可用=3, 运行中的进程=0
[2025-09-21 17:38:23.826] [INFO ] [T007] [FileSyncService] 检测到文件变化，等待写入完成: Ibanez A.7z
[2025-09-21 17:38:24.868] [INFO ] [T004] [FileSyncService] 文件写入已完成，准备同步: Ibanez A.7z
[2025-09-21 17:38:24.868] [INFO ] [T010] [MainWindow] 开始同步文件：Ibanez A.7z
[2025-09-21 17:38:24.868] [INFO ] [T010] [MainWindow] 成功获取文件锁定 (尝试 1/8): Ibanez A.7z
[2025-09-21 17:38:24.868] [INFO ] [T010] [MainWindow] 已获取文件锁定，开始同步: Ibanez A.7z
[2025-09-21 17:38:24.870] [INFO ] [T007] [FileSyncService] 获取FastCopy并发许可，开始复制: Ibanez A.7z
[2025-09-21 17:38:24.873] [INFO ] [T007] [FastCopyService] FastCopy服务初始化: C:\Program Files\FastCopy64\fcp.exe
[2025-09-21 17:38:24.903] [INFO ] [T007] [FastCopyService] 系统中没有发现FastCopy进程
[2025-09-21 17:38:24.905] [INFO ] [T007] [FastCopyService] 开始FastCopy复制: S:\Cache\Test\Ibanez A.7z -> A:\Test.original\Ibanez A.7z
[2025-09-21 17:38:24.905] [INFO ] [T019] [MainWindow] 正在复制: Ibanez A.7z
[2025-09-21 17:38:24.917] [INFO ] [T007] [FastCopyService] 启动FastCopy进程 (PID: 80668): Ibanez A.7z
[2025-09-21 17:38:27.812] [INFO ] [T018] [MainWindow] 成功获取文件锁定 (尝试 7/8): Ibanez A.7z
[2025-09-21 17:38:27.813] [INFO ] [T007] [MainWindow] 已获取文件锁定，开始同步: Ibanez A.7z
[2025-09-21 17:38:27.813] [INFO ] [T019] [FileSyncService] 获取FastCopy并发许可，开始复制: Ibanez A.7z
[2025-09-21 17:38:27.814] [INFO ] [T019] [FastCopyService] FastCopy服务初始化: C:\Program Files\FastCopy64\fcp.exe
[2025-09-21 17:38:27.831] [INFO ] [T019] [FastCopyService] 检测到系统中有 1 个FastCopy进程正在运行
[2025-09-21 17:38:27.832] [DEBUG] [T019] [FastCopyService] FastCopy进程: PID=80668, 启动时间=2025-09-21 17:38:24
[2025-09-21 17:38:27.832] [INFO ] [T019] [FastCopyService] 开始FastCopy复制: S:\Cache\Test\Ibanez A.7z -> A:\Test.original\Ibanez A.7z
[2025-09-21 17:38:27.832] [INFO ] [T007] [MainWindow] 正在复制: Ibanez A.7z
[2025-09-21 17:38:27.841] [INFO ] [T019] [FastCopyService] 启动FastCopy进程 (PID: 75968): Ibanez A.7z
[2025-09-21 17:38:54.920] [DEBUG] [T024] [FastCopyService] FastCopy进程监控 (PID: 80668): 运行时间 0.5分钟, 内存: 543MB
[2025-09-21 17:38:57.850] [DEBUG] [T019] [FastCopyService] FastCopy进程监控 (PID: 75968): 运行时间 0.5分钟, 内存: 540MB
[2025-09-21 17:39:24.905] [DEBUG] [T019] [FastCopyService] FastCopy进程监控 (PID: 80668): 运行时间 1.0分钟, 内存: 543MB
[2025-09-21 17:39:27.832] [DEBUG] [T019] [FastCopyService] FastCopy进程监控 (PID: 75968): 运行时间 1.0分钟, 内存: 540MB
[2025-09-21 17:39:44.151] [INFO ] [T010] [FastCopyService] FastCopy复制成功: S:\Cache\Test\Ibanez A.7z -> A:\Test.original\Ibanez A.7z
[2025-09-21 17:39:44.151] [INFO ] [T024] [MainWindow] 复制完成: Ibanez A.7z
[2025-09-21 17:39:44.152] [INFO ] [T010] [FileSyncService] 释放FastCopy并发许可: Ibanez A.7z
[2025-09-21 17:39:44.152] [INFO ] [T023] [MainWindow] 同步完成，释放文件锁定: Ibanez A.7z
[2025-09-21 17:39:46.874] [INFO ] [T004] [FastCopyService] FastCopy复制成功: S:\Cache\Test\Ibanez A.7z -> A:\Test.original\Ibanez A.7z
[2025-09-21 17:39:46.874] [INFO ] [T004] [FileSyncService] 释放FastCopy并发许可: Ibanez A.7z
[2025-09-21 17:39:46.874] [INFO ] [T010] [MainWindow] 复制完成: Ibanez A.7z
[2025-09-21 17:39:46.874] [INFO ] [T024] [MainWindow] 同步完成，释放文件锁定: Ibanez A.7z
[2025-09-21 17:41:02.093] [INFO ] [T001] [MainWindow] 已清理 2 个已完成文件记录
