[2025-09-22 10:52:10.746] [INFO ] [T001] [FastCopyService] FastCopy服务初始化: C:\Program Files\FastCopy64\fcp.exe
[2025-09-22 10:52:10.750] [INFO ] [T001] [FileSyncService] FastCopy最大并发数设置为: 3
[2025-09-22 10:52:10.750] [INFO ] [T001] [FileSyncService] FileSyncService 初始化完成
[2025-09-22 10:52:10.831] [INFO ] [T001] [MainWindow] 开始恢复 0 个加速项目的状态...
[2025-09-22 10:52:10.831] [INFO ] [T001] [MainWindow] 加速状态恢复完成！
[2025-09-22 10:52:17.600] [INFO ] [T001] [MainWindow] 已添加路径：A:\Test
[2025-09-22 10:52:20.858] [INFO ] [T001] [MainWindow] 开始加速：A:\Test
[2025-09-22 10:52:20.880] [INFO ] [T001] [MainWindow] 使用目录连接点，无需管理员权限
[2025-09-22 10:52:20.881] [INFO ] [T001] [MainWindow] 开始缓存加速初始化...
[2025-09-22 10:52:20.881] [INFO ] [T001] [MainWindow] 缓存目录不存在，将创建新的缓存
[2025-09-22 10:52:20.881] [INFO ] [T001] [MainWindow] 开始创建缓存目录和备份路径...
[2025-09-22 10:52:20.881] [INFO ] [T001] [MainWindow] 复制数据到缓存：A:\Test -> S:\Cache\A\Test
[2025-09-22 10:52:20.881] [INFO ] [T001] [MainWindow] 使用Robocopy高速多线程复制 + FastCopy完整性校验
[2025-09-22 10:52:20.881] [INFO ] [T001] [MainWindow] 阶段1/2：Robocopy多线程复制中...
[2025-09-22 10:52:20.881] [INFO ] [T001] [MainWindow] 执行Robocopy: robocopy "A:\Test" "S:\Cache\A\Test" /E /COPYALL /MT:64 /R:3600 /W:1 /J /BYTES /FP /ETA /NFL /NDL
[2025-09-22 10:52:20.929] [INFO ] [T001] [MainWindow] Robocopy完成，退出码: 0
[2025-09-22 10:52:20.930] [INFO ] [T001] [FastCopyService] 开始FastCopy目录复制: A:\Test -> S:\Cache\A\Test
[2025-09-22 10:52:20.931] [DEBUG] [T001] [FastCopyService] FastCopy参数: /cmd=diff_only /verify /auto_close /log /log "A:\Test" /to="S:\Cache\A\Test"
[2025-09-22 10:52:20.941] [INFO ] [T001] [FastCopyService] 启动FastCopy进程 (PID: 84124): Test
[2025-09-22 10:52:20.949] [INFO ] [T001] [MainWindow] 阶段1/2：Robocopy复制完成
[2025-09-22 10:52:20.949] [INFO ] [T001] [MainWindow] 阶段2/2：FastCopy完整性校验中...
[2025-09-22 10:52:20.949] [INFO ] [T001] [MainWindow] FastCopy校验：检查复制完整性...
[2025-09-22 10:52:21.627] [DEBUG] [T009] [FastCopyService] FastCopy输出: =================================================
[2025-09-22 10:52:21.627] [DEBUG] [T009] [FastCopyService] FastCopy输出: fcp pro(ver5.10.0 (Admin)) start at 2025/09/22 10:52:21
[2025-09-22 10:52:21.700] [INFO ] [T001] [FastCopyService] FastCopy复制成功: A:\Test -> S:\Cache\A\Test
[2025-09-22 10:52:21.701] [INFO ] [T001] [FastCopyService] FastCopy目录复制成功: A:\Test -> S:\Cache\A\Test
[2025-09-22 10:52:21.701] [INFO ] [T001] [MainWindow] ✅ FastCopy校验通过：文件完整性确认
[2025-09-22 10:52:21.701] [INFO ] [T001] [MainWindow] ✅ Robocopy+FastCopy组合复制和校验完成
[2025-09-22 10:52:21.773] [INFO ] [T011] [MainWindow] StartMonitoring调用：S:\Cache\A\Test -> A:\Test.original, 模式:Immediate
[2025-09-22 10:52:21.773] [INFO ] [T006] [MainWindow] 开始监控：S:\Cache\A\Test -> A:\Test.original
[2025-09-22 10:52:21.777] [INFO ] [T001] [MainWindow] 缓存加速已启用：A:\Test
[2025-09-22 10:52:21.777] [INFO ] [T011] [MainWindow] 开始监控：S:\Cache\A\Test (模式：Immediate，延迟：3秒)
[2025-09-22 10:52:21.777] [INFO ] [T001] [MainWindow] 记录加速状态：A:\Test -> 激活
[2025-09-22 10:52:21.777] [INFO ] [T001] [MainWindow] 备份原始目录：A:\Test -> A:\Test.original
[2025-09-22 10:52:21.777] [INFO ] [T001] [MainWindow] 目录重命名成功：A:\Test -> A:\Test.original
[2025-09-22 10:52:21.777] [INFO ] [T001] [MainWindow] 创建Junction：A:\Test -> S:\Cache\A\Test
[2025-09-22 10:52:21.777] [INFO ] [T001] [MainWindow] 创建Junction：A:\Test -> S:\Cache\A\Test
[2025-09-22 10:52:21.777] [INFO ] [T001] [MainWindow] Junction创建成功
[2025-09-22 10:52:21.777] [INFO ] [T001] [MainWindow] 启动文件同步监控...
[2025-09-22 10:52:21.777] [INFO ] [T001] [MainWindow] 开始监控：S:\Cache\A\Test -> A:\Test.original
[2025-09-22 10:52:21.777] [INFO ] [T001] [MainWindow] 文件监控启动成功
[2025-09-22 10:52:21.777] [INFO ] [T001] [MainWindow] 缓存加速初始化完成！
[2025-09-22 10:52:21.781] [INFO ] [T001] [MainWindow] ✅ 加速完成：A:\Test
[2025-09-22 10:52:21.781] [INFO ] [T001] [MainWindow] 缓存路径：S:\Cache\A\Test
